2025-12-05 22:28:13,363 [INFO] 로그 파일 경로: logs/fashionmnist/DQN_100step_20251205_222813.log
2025-12-05 22:28:13,527 [INFO] Using device: cuda:2
2025-12-05 22:28:17,527 [INFO] Cycle 1/10
2025-12-05 22:28:17,527 [INFO] Labeled set size: 1000, Unlabeled set size: 49000
2025-12-05 22:28:19,130 [INFO]   Epoch   1/200 | loss 6.8469 | acc 15.00%
2025-12-05 22:28:26,628 [INFO]   Epoch  10/200 | loss 1.0099 | acc 63.90%
2025-12-05 22:28:37,506 [INFO]   Epoch  20/200 | loss 0.6765 | acc 73.70%
2025-12-05 22:28:49,160 [INFO]   Epoch  30/200 | loss 0.6313 | acc 74.60%
2025-12-05 22:29:02,024 [INFO]   Epoch  40/200 | loss 0.4980 | acc 80.10%
2025-12-05 22:29:15,571 [INFO]   Epoch  50/200 | loss 0.5121 | acc 80.40%
2025-12-05 22:29:28,936 [INFO]   Epoch  60/200 | loss 0.4351 | acc 83.40%
2025-12-05 22:29:44,096 [INFO]   Epoch  70/200 | loss 0.3918 | acc 84.70%
2025-12-05 22:29:59,566 [INFO]   Epoch  80/200 | loss 0.3587 | acc 85.80%
2025-12-05 22:30:12,280 [INFO]   Epoch  90/200 | loss 0.3266 | acc 87.40%
2025-12-05 22:30:25,993 [INFO]   Epoch 100/200 | loss 0.2852 | acc 89.00%
2025-12-05 22:30:38,482 [INFO]   Epoch 110/200 | loss 0.2670 | acc 89.60%
2025-12-05 22:30:52,458 [INFO]   Epoch 120/200 | loss 0.2527 | acc 90.30%
2025-12-05 22:31:05,130 [INFO]   Epoch 130/200 | loss 0.1894 | acc 92.40%
2025-12-05 22:31:20,052 [INFO]   Epoch 140/200 | loss 0.1797 | acc 92.60%
2025-12-05 22:31:33,732 [INFO]   Epoch 150/200 | loss 0.2193 | acc 90.70%
2025-12-05 22:31:47,261 [INFO]   Epoch 160/200 | loss 0.1651 | acc 93.30%
2025-12-05 22:31:59,513 [INFO]   Epoch 170/200 | loss 0.0894 | acc 96.60%
2025-12-05 22:32:11,545 [INFO]   Epoch 180/200 | loss 0.0639 | acc 98.40%
2025-12-05 22:32:24,317 [INFO]   Epoch 190/200 | loss 0.0539 | acc 98.50%
2025-12-05 22:32:37,987 [INFO]   Epoch 200/200 | loss 0.0600 | acc 97.40%
2025-12-05 22:32:40,333 [INFO]   >> Test: loss 0.8913 | acc 80.75%
2025-12-05 22:37:58,950 [INFO] Cycle 2/10
2025-12-05 22:37:58,950 [INFO] Labeled set size: 2000, Unlabeled set size: 48000
2025-12-05 22:38:00,970 [INFO]   Epoch   1/200 | loss 0.3181 | acc 89.85%
2025-12-05 22:38:18,996 [INFO]   Epoch  10/200 | loss 0.1205 | acc 95.55%
2025-12-05 22:38:42,310 [INFO]   Epoch  20/200 | loss 0.0985 | acc 96.90%
2025-12-05 22:39:05,065 [INFO]   Epoch  30/200 | loss 0.0824 | acc 97.10%
2025-12-05 22:39:28,603 [INFO]   Epoch  40/200 | loss 0.0820 | acc 96.80%
2025-12-05 22:39:52,248 [INFO]   Epoch  50/200 | loss 0.0519 | acc 98.60%
2025-12-05 22:40:15,416 [INFO]   Epoch  60/200 | loss 0.0818 | acc 97.00%
2025-12-05 22:40:38,632 [INFO]   Epoch  70/200 | loss 0.0555 | acc 98.15%
2025-12-05 22:41:05,274 [INFO]   Epoch  80/200 | loss 0.0810 | acc 97.15%
2025-12-05 22:41:30,161 [INFO]   Epoch  90/200 | loss 0.0595 | acc 98.00%
2025-12-05 22:41:54,999 [INFO]   Epoch 100/200 | loss 0.0775 | acc 97.65%
2025-12-05 22:42:17,824 [INFO]   Epoch 110/200 | loss 0.0676 | acc 97.60%
2025-12-05 22:42:39,756 [INFO]   Epoch 120/200 | loss 0.0699 | acc 97.70%
2025-12-05 22:43:03,765 [INFO]   Epoch 130/200 | loss 0.0349 | acc 98.85%
2025-12-05 22:43:27,836 [INFO]   Epoch 140/200 | loss 0.0417 | acc 98.70%
2025-12-05 22:43:50,630 [INFO]   Epoch 150/200 | loss 0.0428 | acc 98.65%
2025-12-05 22:44:13,851 [INFO]   Epoch 160/200 | loss 0.0471 | acc 98.65%
2025-12-05 22:44:37,358 [INFO]   Epoch 170/200 | loss 0.0092 | acc 99.95%
2025-12-05 22:45:00,880 [INFO]   Epoch 180/200 | loss 0.0070 | acc 100.00%
2025-12-05 22:45:22,223 [INFO]   Epoch 190/200 | loss 0.0060 | acc 99.95%
2025-12-05 22:45:41,540 [INFO]   Epoch 200/200 | loss 0.0043 | acc 99.95%
2025-12-05 22:45:43,846 [INFO]   >> Test: loss 0.6804 | acc 84.33%
2025-12-05 22:51:06,292 [INFO] Cycle 3/10
2025-12-05 22:51:06,292 [INFO] Labeled set size: 3000, Unlabeled set size: 47000
2025-12-05 22:51:08,555 [INFO]   Epoch   1/200 | loss 0.6598 | acc 77.57%
2025-12-05 22:51:31,681 [INFO]   Epoch  10/200 | loss 0.3219 | acc 88.10%
2025-12-05 22:52:03,369 [INFO]   Epoch  20/200 | loss 0.2595 | acc 90.90%
2025-12-05 22:52:37,523 [INFO]   Epoch  30/200 | loss 0.2173 | acc 92.00%
2025-12-05 22:53:11,182 [INFO]   Epoch  40/200 | loss 0.1740 | acc 93.87%
2025-12-05 22:53:44,693 [INFO]   Epoch  50/200 | loss 0.1654 | acc 93.93%
2025-12-05 22:54:18,480 [INFO]   Epoch  60/200 | loss 0.1221 | acc 95.70%
2025-12-05 22:54:52,472 [INFO]   Epoch  70/200 | loss 0.0971 | acc 96.70%
2025-12-05 22:55:28,244 [INFO]   Epoch  80/200 | loss 0.0818 | acc 97.20%
2025-12-05 22:56:02,583 [INFO]   Epoch  90/200 | loss 0.0960 | acc 96.83%
2025-12-05 22:56:37,311 [INFO]   Epoch 100/200 | loss 0.1070 | acc 96.40%
2025-12-05 22:57:11,327 [INFO]   Epoch 110/200 | loss 0.0809 | acc 97.13%
2025-12-05 22:57:46,376 [INFO]   Epoch 120/200 | loss 0.0965 | acc 96.83%
2025-12-05 22:58:20,097 [INFO]   Epoch 130/200 | loss 0.0781 | acc 97.20%
2025-12-05 22:58:53,626 [INFO]   Epoch 140/200 | loss 0.0743 | acc 97.33%
2025-12-05 22:59:29,120 [INFO]   Epoch 150/200 | loss 0.0771 | acc 97.53%
2025-12-05 23:00:02,775 [INFO]   Epoch 160/200 | loss 0.0885 | acc 97.13%
2025-12-05 23:00:36,649 [INFO]   Epoch 170/200 | loss 0.0099 | acc 99.83%
2025-12-05 23:01:10,764 [INFO]   Epoch 180/200 | loss 0.0059 | acc 99.93%
2025-12-05 23:01:42,350 [INFO]   Epoch 190/200 | loss 0.0044 | acc 100.00%
2025-12-05 23:02:12,339 [INFO]   Epoch 200/200 | loss 0.0039 | acc 99.97%
2025-12-05 23:02:15,112 [INFO]   >> Test: loss 0.4643 | acc 88.72%
2025-12-05 23:07:41,452 [INFO] Cycle 4/10
2025-12-05 23:07:41,452 [INFO] Labeled set size: 4000, Unlabeled set size: 46000
2025-12-05 23:07:44,952 [INFO]   Epoch   1/200 | loss 0.5524 | acc 80.42%
2025-12-05 23:08:16,176 [INFO]   Epoch  10/200 | loss 0.2888 | acc 89.45%
2025-12-05 23:08:58,635 [INFO]   Epoch  20/200 | loss 0.2089 | acc 91.88%
2025-12-05 23:09:43,979 [INFO]   Epoch  30/200 | loss 0.2010 | acc 92.55%
2025-12-05 23:10:28,214 [INFO]   Epoch  40/200 | loss 0.1889 | acc 92.85%
2025-12-05 23:11:14,838 [INFO]   Epoch  50/200 | loss 0.1555 | acc 94.38%
2025-12-05 23:11:59,401 [INFO]   Epoch  60/200 | loss 0.1258 | acc 95.50%
2025-12-05 23:12:46,278 [INFO]   Epoch  70/200 | loss 0.1239 | acc 95.85%
2025-12-05 23:13:30,450 [INFO]   Epoch  80/200 | loss 0.1453 | acc 94.85%
2025-12-05 23:14:16,685 [INFO]   Epoch  90/200 | loss 0.1154 | acc 96.12%
2025-12-05 23:15:02,094 [INFO]   Epoch 100/200 | loss 0.1210 | acc 95.65%
2025-12-05 23:15:49,141 [INFO]   Epoch 110/200 | loss 0.1438 | acc 95.50%
2025-12-05 23:16:33,197 [INFO]   Epoch 120/200 | loss 0.1334 | acc 95.38%
2025-12-05 23:17:17,599 [INFO]   Epoch 130/200 | loss 0.0964 | acc 96.85%
2025-12-05 23:18:02,215 [INFO]   Epoch 140/200 | loss 0.1001 | acc 96.75%
2025-12-05 23:18:49,921 [INFO]   Epoch 150/200 | loss 0.1583 | acc 94.33%
2025-12-05 23:19:34,065 [INFO]   Epoch 160/200 | loss 0.0725 | acc 97.42%
2025-12-05 23:20:22,003 [INFO]   Epoch 170/200 | loss 0.0105 | acc 99.83%
2025-12-05 23:21:08,652 [INFO]   Epoch 180/200 | loss 0.0075 | acc 99.83%
2025-12-05 23:21:49,947 [INFO]   Epoch 190/200 | loss 0.0035 | acc 100.00%
2025-12-05 23:22:26,147 [INFO]   Epoch 200/200 | loss 0.0033 | acc 100.00%
2025-12-05 23:22:29,283 [INFO]   >> Test: loss 0.4022 | acc 90.92%
2025-12-05 23:27:56,261 [INFO] Cycle 5/10
2025-12-05 23:27:56,261 [INFO] Labeled set size: 5000, Unlabeled set size: 45000
2025-12-05 23:28:00,574 [INFO]   Epoch   1/200 | loss 0.4314 | acc 84.94%
2025-12-05 23:28:39,499 [INFO]   Epoch  10/200 | loss 0.3162 | acc 88.16%
2025-12-05 23:29:31,403 [INFO]   Epoch  20/200 | loss 0.6006 | acc 77.30%
2025-12-05 23:30:30,038 [INFO]   Epoch  30/200 | loss 0.2868 | acc 89.22%
2025-12-05 23:31:25,153 [INFO]   Epoch  40/200 | loss 0.1738 | acc 93.72%
2025-12-05 23:32:26,518 [INFO]   Epoch  50/200 | loss 0.4032 | acc 85.02%
2025-12-05 23:33:21,155 [INFO]   Epoch  60/200 | loss 0.2623 | acc 90.32%
2025-12-05 23:34:17,375 [INFO]   Epoch  70/200 | loss 0.3308 | acc 87.74%
2025-12-05 23:35:15,324 [INFO]   Epoch  80/200 | loss 0.1882 | acc 93.26%
2025-12-05 23:36:10,276 [INFO]   Epoch  90/200 | loss 0.1840 | acc 93.44%
2025-12-05 23:37:09,394 [INFO]   Epoch 100/200 | loss 0.3159 | acc 88.38%
2025-12-05 23:38:04,922 [INFO]   Epoch 110/200 | loss 0.2048 | acc 92.82%
2025-12-05 23:39:04,731 [INFO]   Epoch 120/200 | loss 0.1915 | acc 93.08%
2025-12-05 23:40:01,547 [INFO]   Epoch 130/200 | loss 0.3116 | acc 88.58%
2025-12-05 23:40:58,184 [INFO]   Epoch 140/200 | loss 0.2316 | acc 91.16%
2025-12-05 23:41:56,455 [INFO]   Epoch 150/200 | loss 0.2329 | acc 92.26%
2025-12-05 23:42:51,694 [INFO]   Epoch 160/200 | loss 0.2540 | acc 90.70%
2025-12-05 23:43:52,276 [INFO]   Epoch 170/200 | loss 0.0514 | acc 98.74%
2025-12-05 23:44:53,383 [INFO]   Epoch 180/200 | loss 0.0193 | acc 99.62%
2025-12-05 23:45:44,209 [INFO]   Epoch 190/200 | loss 0.0146 | acc 99.70%
2025-12-05 23:46:23,803 [INFO]   Epoch 200/200 | loss 0.0123 | acc 99.86%
2025-12-05 23:46:27,170 [INFO]   >> Test: loss 0.3539 | acc 91.77%
2025-12-05 23:52:04,672 [INFO] Cycle 6/10
2025-12-05 23:52:04,672 [INFO] Labeled set size: 6000, Unlabeled set size: 44000
2025-12-05 23:52:09,594 [INFO]   Epoch   1/200 | loss 0.4220 | acc 85.68%
2025-12-05 23:52:54,594 [INFO]   Epoch  10/200 | loss 0.2190 | acc 92.07%
2025-12-05 23:53:52,377 [INFO]   Epoch  20/200 | loss 0.2059 | acc 92.73%
2025-12-05 23:54:57,283 [INFO]   Epoch  30/200 | loss 0.1791 | acc 93.50%
2025-12-05 23:56:05,191 [INFO]   Epoch  40/200 | loss 0.1497 | acc 94.65%
2025-12-05 23:57:14,791 [INFO]   Epoch  50/200 | loss 0.1808 | acc 93.43%
2025-12-05 23:58:23,253 [INFO]   Epoch  60/200 | loss 0.1670 | acc 93.98%
2025-12-05 23:59:29,854 [INFO]   Epoch  70/200 | loss 0.1594 | acc 94.43%
2025-12-06 00:00:38,093 [INFO]   Epoch  80/200 | loss 0.1530 | acc 94.62%
2025-12-06 00:01:48,032 [INFO]   Epoch  90/200 | loss 0.1425 | acc 95.15%
2025-12-06 00:02:58,024 [INFO]   Epoch 100/200 | loss 0.1493 | acc 94.73%
2025-12-06 00:04:06,020 [INFO]   Epoch 110/200 | loss 0.1416 | acc 95.00%
2025-12-06 00:05:12,653 [INFO]   Epoch 120/200 | loss 0.1483 | acc 94.67%
2025-12-06 00:06:22,697 [INFO]   Epoch 130/200 | loss 0.1584 | acc 94.52%
2025-12-06 00:07:33,340 [INFO]   Epoch 140/200 | loss 0.1336 | acc 95.32%
2025-12-06 00:08:38,315 [INFO]   Epoch 150/200 | loss 0.1446 | acc 94.88%
2025-12-06 00:09:47,838 [INFO]   Epoch 160/200 | loss 0.1270 | acc 95.63%
2025-12-06 00:10:54,668 [INFO]   Epoch 170/200 | loss 0.0112 | acc 99.80%
2025-12-06 00:12:02,689 [INFO]   Epoch 180/200 | loss 0.0052 | acc 99.97%
2025-12-06 00:13:02,301 [INFO]   Epoch 190/200 | loss 0.0039 | acc 99.98%
2025-12-06 00:13:51,214 [INFO]   Epoch 200/200 | loss 0.0039 | acc 99.98%
2025-12-06 00:13:54,279 [INFO]   >> Test: loss 0.3372 | acc 92.66%
2025-12-06 00:19:34,387 [INFO] Cycle 7/10
2025-12-06 00:19:34,387 [INFO] Labeled set size: 7000, Unlabeled set size: 43000
2025-12-06 00:19:40,067 [INFO]   Epoch   1/200 | loss 0.4026 | acc 85.60%
2025-12-06 00:20:31,776 [INFO]   Epoch  10/200 | loss 0.2445 | acc 91.21%
2025-12-06 00:21:39,252 [INFO]   Epoch  20/200 | loss 0.1892 | acc 93.29%
2025-12-06 00:22:56,259 [INFO]   Epoch  30/200 | loss 0.1853 | acc 93.14%
2025-12-06 00:24:17,474 [INFO]   Epoch  40/200 | loss 0.1742 | acc 93.77%
2025-12-06 00:25:38,757 [INFO]   Epoch  50/200 | loss 0.1524 | acc 94.50%
2025-12-06 00:26:58,191 [INFO]   Epoch  60/200 | loss 0.1781 | acc 93.50%
2025-12-06 00:28:17,717 [INFO]   Epoch  70/200 | loss 0.1987 | acc 92.97%
2025-12-06 00:29:37,033 [INFO]   Epoch  80/200 | loss 0.1579 | acc 94.23%
2025-12-06 00:30:58,274 [INFO]   Epoch  90/200 | loss 0.1719 | acc 93.87%
2025-12-06 00:32:18,987 [INFO]   Epoch 100/200 | loss 0.1653 | acc 94.27%
2025-12-06 00:33:37,678 [INFO]   Epoch 110/200 | loss 0.1620 | acc 94.14%
2025-12-06 00:34:57,290 [INFO]   Epoch 120/200 | loss 0.1530 | acc 94.53%
2025-12-06 00:36:19,338 [INFO]   Epoch 130/200 | loss 0.1448 | acc 94.97%
2025-12-06 00:37:43,048 [INFO]   Epoch 140/200 | loss 0.1701 | acc 93.91%
2025-12-06 00:39:03,653 [INFO]   Epoch 150/200 | loss 0.1397 | acc 94.69%
2025-12-06 00:40:21,515 [INFO]   Epoch 160/200 | loss 0.1453 | acc 94.71%
2025-12-06 00:41:42,414 [INFO]   Epoch 170/200 | loss 0.0098 | acc 99.91%
2025-12-06 00:43:04,594 [INFO]   Epoch 180/200 | loss 0.0061 | acc 99.93%
2025-12-06 00:44:08,518 [INFO]   Epoch 190/200 | loss 0.0044 | acc 99.96%
2025-12-06 00:45:06,538 [INFO]   Epoch 200/200 | loss 0.0033 | acc 100.00%
2025-12-06 00:45:09,496 [INFO]   >> Test: loss 0.3101 | acc 93.36%
2025-12-06 00:50:51,263 [INFO] Cycle 8/10
2025-12-06 00:50:51,263 [INFO] Labeled set size: 8000, Unlabeled set size: 42000
2025-12-06 00:50:57,803 [INFO]   Epoch   1/200 | loss 0.3742 | acc 86.70%
2025-12-06 00:51:56,508 [INFO]   Epoch  10/200 | loss 0.2491 | acc 91.03%
2025-12-06 00:53:15,508 [INFO]   Epoch  20/200 | loss 0.2071 | acc 92.38%
2025-12-06 00:54:47,681 [INFO]   Epoch  30/200 | loss 0.2058 | acc 92.38%
2025-12-06 00:56:18,521 [INFO]   Epoch  40/200 | loss 0.1730 | acc 93.80%
2025-12-06 00:57:49,335 [INFO]   Epoch  50/200 | loss 0.1799 | acc 93.76%
2025-12-06 00:59:20,589 [INFO]   Epoch  60/200 | loss 0.1860 | acc 93.40%
2025-12-06 01:00:51,791 [INFO]   Epoch  70/200 | loss 0.1722 | acc 93.95%
2025-12-06 01:02:24,770 [INFO]   Epoch  80/200 | loss 0.1456 | acc 94.86%
2025-12-06 01:03:54,769 [INFO]   Epoch  90/200 | loss 0.1771 | acc 93.80%
2025-12-06 01:05:23,913 [INFO]   Epoch 100/200 | loss 0.1918 | acc 93.04%
2025-12-06 01:06:57,997 [INFO]   Epoch 110/200 | loss 0.1898 | acc 93.17%
2025-12-06 01:08:30,936 [INFO]   Epoch 120/200 | loss 0.1611 | acc 94.15%
2025-12-06 01:10:03,993 [INFO]   Epoch 130/200 | loss 0.1797 | acc 93.64%
2025-12-06 01:11:35,198 [INFO]   Epoch 140/200 | loss 0.1580 | acc 94.29%
2025-12-06 01:13:05,263 [INFO]   Epoch 150/200 | loss 0.1438 | acc 94.95%
2025-12-06 01:14:35,880 [INFO]   Epoch 160/200 | loss 0.1746 | acc 93.71%
2025-12-06 01:16:10,434 [INFO]   Epoch 170/200 | loss 0.0109 | acc 99.86%
2025-12-06 01:17:43,576 [INFO]   Epoch 180/200 | loss 0.0063 | acc 99.95%
2025-12-06 01:19:00,054 [INFO]   Epoch 190/200 | loss 0.0042 | acc 99.98%
2025-12-06 01:20:05,044 [INFO]   Epoch 200/200 | loss 0.0036 | acc 99.99%
2025-12-06 01:20:07,624 [INFO]   >> Test: loss 0.3002 | acc 93.36%
2025-12-06 01:25:54,990 [INFO] Cycle 9/10
2025-12-06 01:25:54,990 [INFO] Labeled set size: 9000, Unlabeled set size: 41000
2025-12-06 01:26:02,334 [INFO]   Epoch   1/200 | loss 0.4042 | acc 85.22%
2025-12-06 01:27:08,764 [INFO]   Epoch  10/200 | loss 0.2570 | acc 90.34%
2025-12-06 01:28:37,615 [INFO]   Epoch  20/200 | loss 0.2102 | acc 92.31%
2025-12-06 01:30:20,852 [INFO]   Epoch  30/200 | loss 0.2144 | acc 92.07%
2025-12-06 01:32:04,085 [INFO]   Epoch  40/200 | loss 0.2160 | acc 92.07%
2025-12-06 01:33:47,196 [INFO]   Epoch  50/200 | loss 0.2213 | acc 92.09%
2025-12-06 01:35:30,423 [INFO]   Epoch  60/200 | loss 0.1855 | acc 93.24%
2025-12-06 01:37:13,550 [INFO]   Epoch  70/200 | loss 0.2054 | acc 92.79%
2025-12-06 01:38:56,865 [INFO]   Epoch  80/200 | loss 0.2067 | acc 92.43%
2025-12-06 01:40:40,545 [INFO]   Epoch  90/200 | loss 0.1822 | acc 93.12%
2025-12-06 01:42:24,796 [INFO]   Epoch 100/200 | loss 0.1909 | acc 93.24%
2025-12-06 01:44:09,954 [INFO]   Epoch 110/200 | loss 0.1963 | acc 92.76%
2025-12-06 01:45:56,434 [INFO]   Epoch 120/200 | loss 0.2030 | acc 92.73%
2025-12-06 01:47:40,773 [INFO]   Epoch 130/200 | loss 0.2065 | acc 92.68%
2025-12-06 01:49:18,973 [INFO]   Epoch 140/200 | loss 0.2078 | acc 92.47%
2025-12-06 01:51:04,299 [INFO]   Epoch 150/200 | loss 0.1901 | acc 93.21%
2025-12-06 01:52:43,484 [INFO]   Epoch 160/200 | loss 0.1895 | acc 92.84%
2025-12-06 01:54:25,651 [INFO]   Epoch 170/200 | loss 0.0117 | acc 99.81%
2025-12-06 01:56:07,881 [INFO]   Epoch 180/200 | loss 0.0070 | acc 99.90%
2025-12-06 01:57:30,967 [INFO]   Epoch 190/200 | loss 0.0046 | acc 99.96%
2025-12-06 01:58:42,185 [INFO]   Epoch 200/200 | loss 0.0041 | acc 99.96%
2025-12-06 01:58:45,286 [INFO]   >> Test: loss 0.2992 | acc 93.32%
2025-12-06 02:04:37,604 [INFO] Cycle 10/10
2025-12-06 02:04:37,604 [INFO] Labeled set size: 10000, Unlabeled set size: 40000
2025-12-06 02:04:45,731 [INFO]   Epoch   1/200 | loss 0.3908 | acc 86.31%
2025-12-06 02:05:58,851 [INFO]   Epoch  10/200 | loss 0.2452 | acc 90.92%
2025-12-06 02:07:40,681 [INFO]   Epoch  20/200 | loss 0.2232 | acc 91.60%
2025-12-06 02:09:35,112 [INFO]   Epoch  30/200 | loss 0.2949 | acc 89.35%
2025-12-06 02:11:29,291 [INFO]   Epoch  40/200 | loss 0.2167 | acc 92.22%
2025-12-06 02:13:24,433 [INFO]   Epoch  50/200 | loss 0.2477 | acc 90.73%
2025-12-06 02:15:19,451 [INFO]   Epoch  60/200 | loss 0.2218 | acc 91.87%
2025-12-06 02:17:14,336 [INFO]   Epoch  70/200 | loss 0.2297 | acc 91.86%
2025-12-06 02:19:08,634 [INFO]   Epoch  80/200 | loss 0.2057 | acc 92.52%
2025-12-06 02:21:03,139 [INFO]   Epoch  90/200 | loss 0.2515 | acc 90.83%
2025-12-06 02:22:57,480 [INFO]   Epoch 100/200 | loss 0.2050 | acc 92.56%
2025-12-06 02:24:52,442 [INFO]   Epoch 110/200 | loss 0.3370 | acc 87.81%
2025-12-06 02:26:47,649 [INFO]   Epoch 120/200 | loss 0.3509 | acc 87.13%
2025-12-06 02:28:42,841 [INFO]   Epoch 130/200 | loss 0.1948 | acc 92.71%
2025-12-06 02:30:39,007 [INFO]   Epoch 140/200 | loss 0.2677 | acc 89.90%
2025-12-06 02:32:35,061 [INFO]   Epoch 150/200 | loss 0.1993 | acc 92.63%
2025-12-06 02:34:30,375 [INFO]   Epoch 160/200 | loss 0.2181 | acc 91.82%
2025-12-06 02:36:25,348 [INFO]   Epoch 170/200 | loss 0.0166 | acc 99.60%
2025-12-06 02:38:12,875 [INFO]   Epoch 180/200 | loss 0.0104 | acc 99.78%
2025-12-06 02:39:42,924 [INFO]   Epoch 190/200 | loss 0.0077 | acc 99.88%
2025-12-06 02:41:04,205 [INFO]   Epoch 200/200 | loss 0.0054 | acc 99.94%
2025-12-06 02:41:07,300 [INFO]   >> Test: loss 0.2913 | acc 93.79%
2025-12-06 02:45:41,231 [INFO] Saved checkpoint to: ./checkpoints/fashionmnist/resnet18_DQN_100.pth
