2025-12-05 22:28:22,342 [INFO] 로그 파일 경로: logs/fashionmnist/DQN_100step_20251205_222822.log
2025-12-05 22:28:22,412 [INFO] Using device: cuda:2
2025-12-05 22:28:30,904 [INFO] Cycle 1/10
2025-12-05 22:28:30,904 [INFO] Labeled set size: 1000, Unlabeled set size: 49000
2025-12-05 22:28:33,872 [INFO]   Epoch   1/200 | loss 4.6999 | acc 16.20%
2025-12-05 22:28:42,928 [INFO]   Epoch  10/200 | loss 1.1103 | acc 55.50%
2025-12-05 22:28:54,722 [INFO]   Epoch  20/200 | loss 0.7903 | acc 68.70%
2025-12-05 22:29:06,417 [INFO]   Epoch  30/200 | loss 0.6454 | acc 74.40%
2025-12-05 22:29:18,583 [INFO]   Epoch  40/200 | loss 0.5969 | acc 75.40%
2025-12-05 22:29:31,915 [INFO]   Epoch  50/200 | loss 0.5197 | acc 78.20%
2025-12-05 22:29:44,119 [INFO]   Epoch  60/200 | loss 0.4907 | acc 79.60%
2025-12-05 22:29:56,541 [INFO]   Epoch  70/200 | loss 0.3866 | acc 84.60%
2025-12-05 22:30:09,703 [INFO]   Epoch  80/200 | loss 0.3756 | acc 85.30%
2025-12-05 22:30:21,524 [INFO]   Epoch  90/200 | loss 0.2936 | acc 88.30%
2025-12-05 22:30:33,849 [INFO]   Epoch 100/200 | loss 0.2418 | acc 91.20%
2025-12-05 22:30:45,764 [INFO]   Epoch 110/200 | loss 0.2303 | acc 91.00%
2025-12-05 22:30:57,471 [INFO]   Epoch 120/200 | loss 0.1903 | acc 93.40%
2025-12-05 22:31:10,747 [INFO]   Epoch 130/200 | loss 0.1877 | acc 92.80%
2025-12-05 22:31:23,241 [INFO]   Epoch 140/200 | loss 0.1651 | acc 94.70%
2025-12-05 22:31:35,329 [INFO]   Epoch 150/200 | loss 0.1128 | acc 96.60%
2025-12-05 22:31:47,675 [INFO]   Epoch 160/200 | loss 0.1018 | acc 96.50%
2025-12-05 22:31:59,782 [INFO]   Epoch 170/200 | loss 0.0349 | acc 99.10%
2025-12-05 22:32:11,151 [INFO]   Epoch 180/200 | loss 0.0246 | acc 99.50%
2025-12-05 22:32:22,781 [INFO]   Epoch 190/200 | loss 0.0170 | acc 100.00%
2025-12-05 22:32:35,273 [INFO]   Epoch 200/200 | loss 0.0162 | acc 99.90%
2025-12-05 22:32:37,178 [INFO]   >> Test: loss 0.7415 | acc 83.74%
2025-12-05 22:37:55,893 [INFO] Cycle 2/10
2025-12-05 22:37:55,893 [INFO] Labeled set size: 2000, Unlabeled set size: 48000
2025-12-05 22:37:57,525 [INFO]   Epoch   1/200 | loss 1.0584 | acc 68.10%
2025-12-05 22:38:15,019 [INFO]   Epoch  10/200 | loss 0.5054 | acc 80.55%
2025-12-05 22:38:37,099 [INFO]   Epoch  20/200 | loss 0.3763 | acc 86.10%
2025-12-05 22:39:00,375 [INFO]   Epoch  30/200 | loss 0.2870 | acc 89.45%
2025-12-05 22:39:23,264 [INFO]   Epoch  40/200 | loss 0.2461 | acc 90.95%
2025-12-05 22:39:46,322 [INFO]   Epoch  50/200 | loss 0.2407 | acc 90.45%
2025-12-05 22:40:07,805 [INFO]   Epoch  60/200 | loss 0.1860 | acc 92.85%
2025-12-05 22:40:30,739 [INFO]   Epoch  70/200 | loss 0.1435 | acc 94.70%
2025-12-05 22:40:54,578 [INFO]   Epoch  80/200 | loss 0.0998 | acc 96.45%
2025-12-05 22:41:16,075 [INFO]   Epoch  90/200 | loss 0.1054 | acc 96.35%
2025-12-05 22:41:39,139 [INFO]   Epoch 100/200 | loss 0.1016 | acc 96.70%
2025-12-05 22:42:02,899 [INFO]   Epoch 110/200 | loss 0.0830 | acc 97.05%
2025-12-05 22:42:26,332 [INFO]   Epoch 120/200 | loss 0.1005 | acc 96.85%
2025-12-05 22:42:49,006 [INFO]   Epoch 130/200 | loss 0.1376 | acc 95.20%
2025-12-05 22:43:10,855 [INFO]   Epoch 140/200 | loss 0.1003 | acc 96.30%
2025-12-05 22:43:35,159 [INFO]   Epoch 150/200 | loss 0.0820 | acc 97.05%
2025-12-05 22:43:57,815 [INFO]   Epoch 160/200 | loss 0.1239 | acc 96.35%
2025-12-05 22:44:20,862 [INFO]   Epoch 170/200 | loss 0.0134 | acc 99.70%
2025-12-05 22:44:42,487 [INFO]   Epoch 180/200 | loss 0.0106 | acc 99.85%
2025-12-05 22:45:05,488 [INFO]   Epoch 190/200 | loss 0.0053 | acc 100.00%
2025-12-05 22:45:24,696 [INFO]   Epoch 200/200 | loss 0.0048 | acc 100.00%
2025-12-05 22:45:27,200 [INFO]   >> Test: loss 0.4844 | acc 89.19%
2025-12-05 22:50:51,862 [INFO] Cycle 3/10
2025-12-05 22:50:51,862 [INFO] Labeled set size: 3000, Unlabeled set size: 47000
2025-12-05 22:50:54,134 [INFO]   Epoch   1/200 | loss 0.7367 | acc 76.33%
2025-12-05 22:51:15,815 [INFO]   Epoch  10/200 | loss 0.3584 | acc 87.13%
2025-12-05 22:51:42,795 [INFO]   Epoch  20/200 | loss 0.2687 | acc 90.47%
2025-12-05 22:52:13,901 [INFO]   Epoch  30/200 | loss 0.2080 | acc 92.27%
2025-12-05 22:52:48,783 [INFO]   Epoch  40/200 | loss 0.2026 | acc 92.90%
2025-12-05 22:53:22,610 [INFO]   Epoch  50/200 | loss 0.1708 | acc 93.80%
2025-12-05 22:53:56,832 [INFO]   Epoch  60/200 | loss 0.1991 | acc 92.20%
2025-12-05 22:54:31,934 [INFO]   Epoch  70/200 | loss 0.1741 | acc 93.60%
2025-12-05 22:55:06,090 [INFO]   Epoch  80/200 | loss 0.1291 | acc 95.23%
2025-12-05 22:55:39,484 [INFO]   Epoch  90/200 | loss 0.1772 | acc 94.23%
2025-12-05 22:56:14,991 [INFO]   Epoch 100/200 | loss 0.1308 | acc 95.57%
2025-12-05 22:56:48,466 [INFO]   Epoch 110/200 | loss 0.1813 | acc 93.60%
2025-12-05 22:57:22,234 [INFO]   Epoch 120/200 | loss 0.1361 | acc 95.40%
2025-12-05 22:57:56,746 [INFO]   Epoch 130/200 | loss 0.1251 | acc 95.30%
2025-12-05 22:58:31,418 [INFO]   Epoch 140/200 | loss 0.1090 | acc 96.20%
2025-12-05 22:59:04,998 [INFO]   Epoch 150/200 | loss 0.1076 | acc 96.30%
2025-12-05 22:59:40,601 [INFO]   Epoch 160/200 | loss 0.1138 | acc 95.97%
2025-12-05 23:00:14,088 [INFO]   Epoch 170/200 | loss 0.0091 | acc 99.90%
2025-12-05 23:00:47,898 [INFO]   Epoch 180/200 | loss 0.0064 | acc 99.93%
2025-12-05 23:01:22,371 [INFO]   Epoch 190/200 | loss 0.0055 | acc 100.00%
2025-12-05 23:01:52,594 [INFO]   Epoch 200/200 | loss 0.0040 | acc 99.97%
2025-12-05 23:01:55,564 [INFO]   >> Test: loss 0.3982 | acc 90.84%
2025-12-05 23:07:24,473 [INFO] Cycle 4/10
2025-12-05 23:07:24,473 [INFO] Labeled set size: 4000, Unlabeled set size: 46000
2025-12-05 23:07:27,221 [INFO]   Epoch   1/200 | loss 0.5349 | acc 81.92%
2025-12-05 23:07:54,058 [INFO]   Epoch  10/200 | loss 0.2874 | acc 89.68%
2025-12-05 23:08:28,895 [INFO]   Epoch  20/200 | loss 0.2552 | acc 90.60%
2025-12-05 23:09:07,186 [INFO]   Epoch  30/200 | loss 0.2067 | acc 92.65%
2025-12-05 23:09:53,706 [INFO]   Epoch  40/200 | loss 0.1924 | acc 92.97%
2025-12-05 23:10:38,217 [INFO]   Epoch  50/200 | loss 0.1661 | acc 94.35%
2025-12-05 23:11:24,842 [INFO]   Epoch  60/200 | loss 0.1120 | acc 96.28%
2025-12-05 23:12:09,520 [INFO]   Epoch  70/200 | loss 0.1678 | acc 94.03%
2025-12-05 23:12:56,504 [INFO]   Epoch  80/200 | loss 0.1769 | acc 93.75%
2025-12-05 23:13:40,308 [INFO]   Epoch  90/200 | loss 0.1627 | acc 94.50%
2025-12-05 23:14:26,906 [INFO]   Epoch 100/200 | loss 0.2130 | acc 93.17%
2025-12-05 23:15:12,086 [INFO]   Epoch 110/200 | loss 0.2199 | acc 92.55%
2025-12-05 23:15:59,069 [INFO]   Epoch 120/200 | loss 0.1854 | acc 93.58%
2025-12-05 23:16:43,465 [INFO]   Epoch 130/200 | loss 0.1820 | acc 93.65%
2025-12-05 23:17:31,935 [INFO]   Epoch 140/200 | loss 0.1860 | acc 93.40%
2025-12-05 23:18:15,785 [INFO]   Epoch 150/200 | loss 0.1129 | acc 96.10%
2025-12-05 23:18:59,794 [INFO]   Epoch 160/200 | loss 0.1146 | acc 95.93%
2025-12-05 23:19:45,960 [INFO]   Epoch 170/200 | loss 0.0127 | acc 99.83%
2025-12-05 23:20:31,531 [INFO]   Epoch 180/200 | loss 0.0073 | acc 99.92%
2025-12-05 23:21:15,262 [INFO]   Epoch 190/200 | loss 0.0050 | acc 99.98%
2025-12-05 23:21:56,614 [INFO]   Epoch 200/200 | loss 0.0043 | acc 99.98%
2025-12-05 23:21:59,634 [INFO]   >> Test: loss 0.3715 | acc 91.59%
2025-12-05 23:27:32,016 [INFO] Cycle 5/10
2025-12-05 23:27:32,017 [INFO] Labeled set size: 5000, Unlabeled set size: 45000
2025-12-05 23:27:35,464 [INFO]   Epoch   1/200 | loss 0.4547 | acc 84.46%
2025-12-05 23:28:08,967 [INFO]   Epoch  10/200 | loss 0.3546 | acc 86.92%
2025-12-05 23:28:54,856 [INFO]   Epoch  20/200 | loss 0.4182 | acc 85.00%
2025-12-05 23:29:45,026 [INFO]   Epoch  30/200 | loss 0.3438 | acc 87.54%
2025-12-05 23:30:42,463 [INFO]   Epoch  40/200 | loss 0.4724 | acc 83.76%
2025-12-05 23:31:37,480 [INFO]   Epoch  50/200 | loss 0.3849 | acc 86.48%
2025-12-05 23:32:32,678 [INFO]   Epoch  60/200 | loss 0.2208 | acc 91.98%
2025-12-05 23:33:29,011 [INFO]   Epoch  70/200 | loss 0.3882 | acc 85.78%
2025-12-05 23:34:27,517 [INFO]   Epoch  80/200 | loss 0.2928 | acc 89.12%
2025-12-05 23:35:22,162 [INFO]   Epoch  90/200 | loss 0.2881 | acc 89.68%
2025-12-05 23:36:17,449 [INFO]   Epoch 100/200 | loss 0.3637 | acc 86.40%
2025-12-05 23:37:16,756 [INFO]   Epoch 110/200 | loss 0.4616 | acc 83.18%
2025-12-05 23:38:11,052 [INFO]   Epoch 120/200 | loss 0.3496 | acc 87.40%
2025-12-05 23:39:09,121 [INFO]   Epoch 130/200 | loss 0.4027 | acc 85.08%
2025-12-05 23:40:04,450 [INFO]   Epoch 140/200 | loss 0.3533 | acc 87.52%
2025-12-05 23:41:01,473 [INFO]   Epoch 150/200 | loss 0.2304 | acc 91.72%
2025-12-05 23:41:57,879 [INFO]   Epoch 160/200 | loss 0.2188 | acc 91.60%
2025-12-05 23:42:56,083 [INFO]   Epoch 170/200 | loss 0.0310 | acc 99.30%
2025-12-05 23:43:52,259 [INFO]   Epoch 180/200 | loss 0.0237 | acc 99.54%
2025-12-05 23:44:47,308 [INFO]   Epoch 190/200 | loss 0.0156 | acc 99.68%
2025-12-05 23:45:36,139 [INFO]   Epoch 200/200 | loss 0.0167 | acc 99.58%
2025-12-05 23:45:40,102 [INFO]   >> Test: loss 0.3441 | acc 92.59%
2025-12-05 23:51:25,112 [INFO] Cycle 6/10
2025-12-05 23:51:25,112 [INFO] Labeled set size: 6000, Unlabeled set size: 44000
2025-12-05 23:51:28,934 [INFO]   Epoch   1/200 | loss 0.4002 | acc 86.47%
2025-12-05 23:52:04,020 [INFO]   Epoch  10/200 | loss 0.2209 | acc 91.83%
2025-12-05 23:52:51,458 [INFO]   Epoch  20/200 | loss 0.2033 | acc 92.52%
2025-12-05 23:53:46,319 [INFO]   Epoch  30/200 | loss 0.1819 | acc 93.48%
2025-12-05 23:54:49,598 [INFO]   Epoch  40/200 | loss 0.1995 | acc 92.93%
2025-12-05 23:55:57,309 [INFO]   Epoch  50/200 | loss 0.1868 | acc 93.37%
2025-12-05 23:57:05,141 [INFO]   Epoch  60/200 | loss 0.1971 | acc 93.03%
2025-12-05 23:58:12,011 [INFO]   Epoch  70/200 | loss 0.1770 | acc 93.23%
2025-12-05 23:59:21,214 [INFO]   Epoch  80/200 | loss 0.1544 | acc 94.60%
2025-12-06 00:00:30,793 [INFO]   Epoch  90/200 | loss 0.1566 | acc 94.63%
2025-12-06 00:01:39,854 [INFO]   Epoch 100/200 | loss 0.2001 | acc 92.68%
2025-12-06 00:02:47,122 [INFO]   Epoch 110/200 | loss 0.1604 | acc 94.42%
2025-12-06 00:03:54,824 [INFO]   Epoch 120/200 | loss 0.1922 | acc 93.30%
2025-12-06 00:05:04,642 [INFO]   Epoch 130/200 | loss 0.1550 | acc 94.45%
2025-12-06 00:06:11,628 [INFO]   Epoch 140/200 | loss 0.1476 | acc 94.43%
2025-12-06 00:07:19,209 [INFO]   Epoch 150/200 | loss 0.1260 | acc 95.77%
2025-12-06 00:08:28,627 [INFO]   Epoch 160/200 | loss 0.1528 | acc 94.62%
2025-12-06 00:09:35,233 [INFO]   Epoch 170/200 | loss 0.0116 | acc 99.85%
2025-12-06 00:10:45,299 [INFO]   Epoch 180/200 | loss 0.0075 | acc 99.87%
2025-12-06 00:11:53,308 [INFO]   Epoch 190/200 | loss 0.0051 | acc 99.93%
2025-12-06 00:12:53,487 [INFO]   Epoch 200/200 | loss 0.0040 | acc 99.98%
2025-12-06 00:12:57,243 [INFO]   >> Test: loss 0.2924 | acc 93.34%
2025-12-06 00:18:46,555 [INFO] Cycle 7/10
2025-12-06 00:18:46,555 [INFO] Labeled set size: 7000, Unlabeled set size: 43000
2025-12-06 00:18:50,932 [INFO]   Epoch   1/200 | loss 0.4361 | acc 85.04%
2025-12-06 00:19:31,101 [INFO]   Epoch  10/200 | loss 0.2562 | acc 90.30%
2025-12-06 00:20:27,172 [INFO]   Epoch  20/200 | loss 0.2168 | acc 92.06%
2025-12-06 00:21:34,472 [INFO]   Epoch  30/200 | loss 0.1916 | acc 92.89%
2025-12-06 00:22:50,879 [INFO]   Epoch  40/200 | loss 0.1999 | acc 92.99%
2025-12-06 00:24:09,594 [INFO]   Epoch  50/200 | loss 0.2042 | acc 92.40%
2025-12-06 00:25:31,151 [INFO]   Epoch  60/200 | loss 0.1670 | acc 93.93%
2025-12-06 00:26:51,255 [INFO]   Epoch  70/200 | loss 0.1976 | acc 93.04%
2025-12-06 00:28:10,772 [INFO]   Epoch  80/200 | loss 0.1852 | acc 93.44%
2025-12-06 00:29:30,214 [INFO]   Epoch  90/200 | loss 0.1922 | acc 93.20%
2025-12-06 00:30:50,033 [INFO]   Epoch 100/200 | loss 0.1955 | acc 92.80%
2025-12-06 00:32:13,476 [INFO]   Epoch 110/200 | loss 0.1913 | acc 93.13%
2025-12-06 00:33:33,828 [INFO]   Epoch 120/200 | loss 0.1569 | acc 94.63%
2025-12-06 00:34:53,241 [INFO]   Epoch 130/200 | loss 0.2092 | acc 92.43%
2025-12-06 00:36:11,377 [INFO]   Epoch 140/200 | loss 0.1910 | acc 93.43%
2025-12-06 00:37:31,433 [INFO]   Epoch 150/200 | loss 0.1524 | acc 94.56%
2025-12-06 00:38:49,097 [INFO]   Epoch 160/200 | loss 0.2000 | acc 93.19%
2025-12-06 00:40:09,190 [INFO]   Epoch 170/200 | loss 0.0137 | acc 99.87%
2025-12-06 00:41:25,973 [INFO]   Epoch 180/200 | loss 0.0077 | acc 99.91%
2025-12-06 00:42:41,342 [INFO]   Epoch 190/200 | loss 0.0065 | acc 99.89%
2025-12-06 00:43:55,963 [INFO]   Epoch 200/200 | loss 0.0039 | acc 100.00%
2025-12-06 00:43:59,101 [INFO]   >> Test: loss 0.2968 | acc 93.62%
2025-12-06 00:49:51,948 [INFO] Cycle 8/10
2025-12-06 00:49:51,948 [INFO] Labeled set size: 8000, Unlabeled set size: 42000
2025-12-06 00:49:57,031 [INFO]   Epoch   1/200 | loss 0.4183 | acc 85.34%
2025-12-06 00:50:43,310 [INFO]   Epoch  10/200 | loss 0.2706 | acc 89.99%
2025-12-06 00:51:46,252 [INFO]   Epoch  20/200 | loss 0.2105 | acc 92.17%
2025-12-06 00:53:02,294 [INFO]   Epoch  30/200 | loss 0.2341 | acc 91.35%
2025-12-06 00:54:30,255 [INFO]   Epoch  40/200 | loss 0.1884 | acc 93.41%
2025-12-06 00:56:03,102 [INFO]   Epoch  50/200 | loss 0.2006 | acc 92.44%
2025-12-06 00:57:34,688 [INFO]   Epoch  60/200 | loss 0.2011 | acc 92.75%
2025-12-06 00:59:05,608 [INFO]   Epoch  70/200 | loss 0.1871 | acc 93.30%
2025-12-06 01:00:36,843 [INFO]   Epoch  80/200 | loss 0.2227 | acc 91.91%
2025-12-06 01:02:07,367 [INFO]   Epoch  90/200 | loss 0.2056 | acc 92.64%
2025-12-06 01:03:39,972 [INFO]   Epoch 100/200 | loss 0.2136 | acc 92.42%
2025-12-06 01:05:09,531 [INFO]   Epoch 110/200 | loss 0.1977 | acc 93.35%
2025-12-06 01:06:39,077 [INFO]   Epoch 120/200 | loss 0.2478 | acc 91.21%
2025-12-06 01:08:10,704 [INFO]   Epoch 130/200 | loss 0.2229 | acc 92.11%
2025-12-06 01:09:41,199 [INFO]   Epoch 140/200 | loss 0.1991 | acc 92.80%
2025-12-06 01:11:11,736 [INFO]   Epoch 150/200 | loss 0.1975 | acc 92.75%
2025-12-06 01:12:42,871 [INFO]   Epoch 160/200 | loss 0.1761 | acc 93.86%
2025-12-06 01:14:16,741 [INFO]   Epoch 170/200 | loss 0.0139 | acc 99.74%
2025-12-06 01:15:42,261 [INFO]   Epoch 180/200 | loss 0.0057 | acc 99.96%
2025-12-06 01:17:15,744 [INFO]   Epoch 190/200 | loss 0.0047 | acc 99.96%
2025-12-06 01:18:32,871 [INFO]   Epoch 200/200 | loss 0.0033 | acc 99.99%
2025-12-06 01:18:36,814 [INFO]   >> Test: loss 0.2717 | acc 93.96%
2025-12-06 01:24:36,185 [INFO] Cycle 9/10
2025-12-06 01:24:36,185 [INFO] Labeled set size: 9000, Unlabeled set size: 41000
2025-12-06 01:24:41,805 [INFO]   Epoch   1/200 | loss 0.4256 | acc 85.06%
2025-12-06 01:25:33,071 [INFO]   Epoch  10/200 | loss 0.2679 | acc 89.99%
2025-12-06 01:26:39,877 [INFO]   Epoch  20/200 | loss 0.2427 | acc 91.02%
2025-12-06 01:28:02,429 [INFO]   Epoch  30/200 | loss 0.2414 | acc 91.14%
2025-12-06 01:29:40,559 [INFO]   Epoch  40/200 | loss 0.2321 | acc 91.54%
2025-12-06 01:31:23,668 [INFO]   Epoch  50/200 | loss 0.2356 | acc 91.22%
2025-12-06 01:33:06,600 [INFO]   Epoch  60/200 | loss 0.2058 | acc 92.66%
2025-12-06 01:34:49,844 [INFO]   Epoch  70/200 | loss 0.2178 | acc 92.08%
2025-12-06 01:36:32,883 [INFO]   Epoch  80/200 | loss 0.2207 | acc 92.21%
2025-12-06 01:38:16,026 [INFO]   Epoch  90/200 | loss 0.2138 | acc 92.41%
2025-12-06 01:39:59,331 [INFO]   Epoch 100/200 | loss 0.2339 | acc 91.56%
2025-12-06 01:41:43,084 [INFO]   Epoch 110/200 | loss 0.2155 | acc 92.14%
2025-12-06 01:43:27,715 [INFO]   Epoch 120/200 | loss 0.2086 | acc 92.52%
2025-12-06 01:45:06,825 [INFO]   Epoch 130/200 | loss 0.1927 | acc 92.81%
2025-12-06 01:46:49,875 [INFO]   Epoch 140/200 | loss 0.2197 | acc 92.33%
2025-12-06 01:48:36,296 [INFO]   Epoch 150/200 | loss 0.2003 | acc 92.66%
2025-12-06 01:50:20,594 [INFO]   Epoch 160/200 | loss 0.2133 | acc 92.39%
2025-12-06 01:51:57,639 [INFO]   Epoch 170/200 | loss 0.0140 | acc 99.79%
2025-12-06 01:53:43,134 [INFO]   Epoch 180/200 | loss 0.0075 | acc 99.93%
2025-12-06 01:55:19,765 [INFO]   Epoch 190/200 | loss 0.0057 | acc 99.88%
2025-12-06 01:56:53,437 [INFO]   Epoch 200/200 | loss 0.0049 | acc 99.98%
2025-12-06 01:56:57,175 [INFO]   >> Test: loss 0.2702 | acc 93.87%
2025-12-06 02:03:06,182 [INFO] Cycle 10/10
2025-12-06 02:03:06,182 [INFO] Labeled set size: 10000, Unlabeled set size: 40000
2025-12-06 02:03:12,474 [INFO]   Epoch   1/200 | loss 0.3477 | acc 87.45%
2025-12-06 02:04:09,380 [INFO]   Epoch  10/200 | loss 0.2843 | acc 89.88%
2025-12-06 02:05:22,146 [INFO]   Epoch  20/200 | loss 0.2636 | acc 90.20%
2025-12-06 02:06:51,308 [INFO]   Epoch  30/200 | loss 0.2991 | acc 88.84%
2025-12-06 02:08:43,093 [INFO]   Epoch  40/200 | loss 0.2532 | acc 90.68%
2025-12-06 02:10:38,535 [INFO]   Epoch  50/200 | loss 0.2346 | acc 91.59%
2025-12-06 02:12:33,681 [INFO]   Epoch  60/200 | loss 0.2288 | acc 91.47%
2025-12-06 02:14:28,311 [INFO]   Epoch  70/200 | loss 0.3028 | acc 89.06%
2025-12-06 02:16:23,313 [INFO]   Epoch  80/200 | loss 0.2505 | acc 90.95%
2025-12-06 02:18:18,357 [INFO]   Epoch  90/200 | loss 0.3135 | acc 88.74%
2025-12-06 02:20:13,225 [INFO]   Epoch 100/200 | loss 0.2133 | acc 92.09%
2025-12-06 02:22:06,345 [INFO]   Epoch 110/200 | loss 0.2264 | acc 91.76%
2025-12-06 02:23:59,587 [INFO]   Epoch 120/200 | loss 0.2804 | acc 89.95%
2025-12-06 02:25:52,735 [INFO]   Epoch 130/200 | loss 0.3077 | acc 88.58%
2025-12-06 02:27:45,798 [INFO]   Epoch 140/200 | loss 0.2243 | acc 92.03%
2025-12-06 02:29:40,962 [INFO]   Epoch 150/200 | loss 0.2544 | acc 90.65%
2025-12-06 02:31:37,029 [INFO]   Epoch 160/200 | loss 0.2153 | acc 92.30%
2025-12-06 02:33:32,380 [INFO]   Epoch 170/200 | loss 0.0196 | acc 99.56%
2025-12-06 02:35:25,557 [INFO]   Epoch 180/200 | loss 0.0098 | acc 99.80%
2025-12-06 02:37:18,429 [INFO]   Epoch 190/200 | loss 0.0059 | acc 99.94%
2025-12-06 02:38:56,031 [INFO]   Epoch 200/200 | loss 0.0045 | acc 99.95%
2025-12-06 02:38:59,960 [INFO]   >> Test: loss 0.2826 | acc 94.28%
2025-12-06 02:44:53,607 [INFO] Saved checkpoint to: ./checkpoints/fashionmnist/resnet18_DQN_100.pth
