2025-12-05 22:28:25,822 [INFO] 로그 파일 경로: logs/fashionmnist/DQN_100step_20251205_222825.log
2025-12-05 22:28:25,921 [INFO] Using device: cuda:2
2025-12-05 22:28:36,680 [INFO] Cycle 1/10
2025-12-05 22:28:36,680 [INFO] Labeled set size: 1000, Unlabeled set size: 49000
2025-12-05 22:28:40,864 [INFO]   Epoch   1/200 | loss 5.2110 | acc 17.20%
2025-12-05 22:28:53,086 [INFO]   Epoch  10/200 | loss 0.9914 | acc 61.60%
2025-12-05 22:29:04,926 [INFO]   Epoch  20/200 | loss 0.7445 | acc 70.50%
2025-12-05 22:29:18,287 [INFO]   Epoch  30/200 | loss 0.4982 | acc 81.20%
2025-12-05 22:29:31,982 [INFO]   Epoch  40/200 | loss 0.4955 | acc 80.10%
2025-12-05 22:29:45,828 [INFO]   Epoch  50/200 | loss 0.4365 | acc 82.30%
2025-12-05 22:29:59,747 [INFO]   Epoch  60/200 | loss 0.3803 | acc 85.30%
2025-12-05 22:30:13,436 [INFO]   Epoch  70/200 | loss 0.3382 | acc 87.70%
2025-12-05 22:30:25,297 [INFO]   Epoch  80/200 | loss 0.3029 | acc 87.80%
2025-12-05 22:30:37,795 [INFO]   Epoch  90/200 | loss 0.2660 | acc 91.20%
2025-12-05 22:30:51,730 [INFO]   Epoch 100/200 | loss 0.2597 | acc 88.80%
2025-12-05 22:31:04,743 [INFO]   Epoch 110/200 | loss 0.2396 | acc 91.00%
2025-12-05 22:31:18,674 [INFO]   Epoch 120/200 | loss 0.1735 | acc 93.40%
2025-12-05 22:31:31,249 [INFO]   Epoch 130/200 | loss 0.1954 | acc 92.10%
2025-12-05 22:31:44,458 [INFO]   Epoch 140/200 | loss 0.1430 | acc 94.80%
2025-12-05 22:31:57,874 [INFO]   Epoch 150/200 | loss 0.1722 | acc 93.40%
2025-12-05 22:32:09,953 [INFO]   Epoch 160/200 | loss 0.1241 | acc 95.60%
2025-12-05 22:32:22,257 [INFO]   Epoch 170/200 | loss 0.0663 | acc 98.00%
2025-12-05 22:32:36,699 [INFO]   Epoch 180/200 | loss 0.0553 | acc 98.40%
2025-12-05 22:32:45,967 [INFO]   Epoch 190/200 | loss 0.0528 | acc 98.50%
2025-12-05 22:32:54,709 [INFO]   Epoch 200/200 | loss 0.0443 | acc 98.80%
2025-12-05 22:32:56,767 [INFO]   >> Test: loss 0.8696 | acc 80.77%
2025-12-05 22:38:18,875 [INFO] Cycle 2/10
2025-12-05 22:38:18,875 [INFO] Labeled set size: 2000, Unlabeled set size: 48000
2025-12-05 22:38:21,094 [INFO]   Epoch   1/200 | loss 0.7662 | acc 77.10%
2025-12-05 22:38:41,763 [INFO]   Epoch  10/200 | loss 0.4145 | acc 85.20%
2025-12-05 22:39:04,837 [INFO]   Epoch  20/200 | loss 0.3459 | acc 86.75%
2025-12-05 22:39:28,605 [INFO]   Epoch  30/200 | loss 0.2738 | acc 89.55%
2025-12-05 22:39:53,905 [INFO]   Epoch  40/200 | loss 0.2373 | acc 90.65%
2025-12-05 22:40:15,818 [INFO]   Epoch  50/200 | loss 0.2011 | acc 93.00%
2025-12-05 22:40:39,016 [INFO]   Epoch  60/200 | loss 0.1734 | acc 93.45%
2025-12-05 22:41:05,362 [INFO]   Epoch  70/200 | loss 0.1622 | acc 93.75%
2025-12-05 22:41:31,200 [INFO]   Epoch  80/200 | loss 0.1286 | acc 95.30%
2025-12-05 22:41:55,146 [INFO]   Epoch  90/200 | loss 0.1384 | acc 95.05%
2025-12-05 22:42:20,901 [INFO]   Epoch 100/200 | loss 0.1177 | acc 95.45%
2025-12-05 22:42:44,526 [INFO]   Epoch 110/200 | loss 0.1151 | acc 95.75%
2025-12-05 22:43:07,491 [INFO]   Epoch 120/200 | loss 0.0584 | acc 98.35%
2025-12-05 22:43:30,342 [INFO]   Epoch 130/200 | loss 0.1096 | acc 95.95%
2025-12-05 22:43:53,736 [INFO]   Epoch 140/200 | loss 0.0922 | acc 96.90%
2025-12-05 22:44:17,679 [INFO]   Epoch 150/200 | loss 0.1128 | acc 96.45%
2025-12-05 22:44:42,077 [INFO]   Epoch 160/200 | loss 0.0960 | acc 96.45%
2025-12-05 22:45:05,855 [INFO]   Epoch 170/200 | loss 0.0138 | acc 99.80%
2025-12-05 22:45:26,593 [INFO]   Epoch 180/200 | loss 0.0116 | acc 99.85%
2025-12-05 22:45:43,950 [INFO]   Epoch 190/200 | loss 0.0090 | acc 99.90%
2025-12-05 22:46:00,291 [INFO]   Epoch 200/200 | loss 0.0072 | acc 100.00%
2025-12-05 22:46:02,359 [INFO]   >> Test: loss 0.6321 | acc 85.97%
2025-12-05 22:51:31,822 [INFO] Cycle 3/10
2025-12-05 22:51:31,822 [INFO] Labeled set size: 3000, Unlabeled set size: 47000
2025-12-05 22:51:35,089 [INFO]   Epoch   1/200 | loss 0.2124 | acc 94.03%
2025-12-05 22:52:04,104 [INFO]   Epoch  10/200 | loss 0.1242 | acc 96.23%
2025-12-05 22:52:39,374 [INFO]   Epoch  20/200 | loss 0.1144 | acc 96.47%
2025-12-05 22:53:15,003 [INFO]   Epoch  30/200 | loss 0.1348 | acc 95.53%
2025-12-05 22:53:48,574 [INFO]   Epoch  40/200 | loss 0.0899 | acc 97.43%
2025-12-05 22:54:23,583 [INFO]   Epoch  50/200 | loss 0.0952 | acc 96.57%
2025-12-05 22:54:59,196 [INFO]   Epoch  60/200 | loss 0.0844 | acc 97.03%
2025-12-05 22:55:32,714 [INFO]   Epoch  70/200 | loss 0.0692 | acc 97.90%
2025-12-05 22:56:08,011 [INFO]   Epoch  80/200 | loss 0.0916 | acc 96.53%
2025-12-05 22:56:43,587 [INFO]   Epoch  90/200 | loss 0.0769 | acc 96.93%
2025-12-05 22:57:17,599 [INFO]   Epoch 100/200 | loss 0.0717 | acc 97.37%
2025-12-05 22:57:51,197 [INFO]   Epoch 110/200 | loss 0.0565 | acc 98.07%
2025-12-05 22:58:25,272 [INFO]   Epoch 120/200 | loss 0.0733 | acc 97.70%
2025-12-05 22:59:00,695 [INFO]   Epoch 130/200 | loss 0.0781 | acc 97.60%
2025-12-05 22:59:35,129 [INFO]   Epoch 140/200 | loss 0.0715 | acc 97.97%
2025-12-05 23:00:10,130 [INFO]   Epoch 150/200 | loss 0.0645 | acc 97.83%
2025-12-05 23:00:43,999 [INFO]   Epoch 160/200 | loss 0.1013 | acc 96.40%
2025-12-05 23:01:21,896 [INFO]   Epoch 170/200 | loss 0.0092 | acc 99.90%
2025-12-05 23:01:55,189 [INFO]   Epoch 180/200 | loss 0.0068 | acc 99.90%
2025-12-05 23:02:20,709 [INFO]   Epoch 190/200 | loss 0.0049 | acc 99.97%
2025-12-05 23:02:40,776 [INFO]   Epoch 200/200 | loss 0.0038 | acc 100.00%
2025-12-05 23:02:42,902 [INFO]   >> Test: loss 0.5361 | acc 87.32%
2025-12-05 23:08:16,161 [INFO] Cycle 4/10
2025-12-05 23:08:16,161 [INFO] Labeled set size: 4000, Unlabeled set size: 46000
2025-12-05 23:08:20,452 [INFO]   Epoch   1/200 | loss 0.5210 | acc 82.83%
2025-12-05 23:08:58,674 [INFO]   Epoch  10/200 | loss 0.2584 | acc 90.50%
2025-12-05 23:09:45,026 [INFO]   Epoch  20/200 | loss 0.1930 | acc 93.08%
2025-12-05 23:10:32,617 [INFO]   Epoch  30/200 | loss 0.1605 | acc 94.40%
2025-12-05 23:11:16,406 [INFO]   Epoch  40/200 | loss 0.1420 | acc 94.80%
2025-12-05 23:12:03,467 [INFO]   Epoch  50/200 | loss 0.1196 | acc 95.80%
2025-12-05 23:12:47,689 [INFO]   Epoch  60/200 | loss 0.1129 | acc 95.83%
2025-12-05 23:13:34,986 [INFO]   Epoch  70/200 | loss 0.1057 | acc 96.40%
2025-12-05 23:14:19,904 [INFO]   Epoch  80/200 | loss 0.1064 | acc 96.28%
2025-12-05 23:15:05,719 [INFO]   Epoch  90/200 | loss 0.0889 | acc 97.17%
2025-12-05 23:15:49,851 [INFO]   Epoch 100/200 | loss 0.1454 | acc 94.77%
2025-12-05 23:16:38,064 [INFO]   Epoch 110/200 | loss 0.1120 | acc 96.35%
2025-12-05 23:17:27,490 [INFO]   Epoch 120/200 | loss 0.0939 | acc 96.90%
2025-12-05 23:18:16,390 [INFO]   Epoch 130/200 | loss 0.1164 | acc 95.90%
2025-12-05 23:19:00,071 [INFO]   Epoch 140/200 | loss 0.1230 | acc 95.58%
2025-12-05 23:19:47,652 [INFO]   Epoch 150/200 | loss 0.0761 | acc 97.42%
2025-12-05 23:20:31,800 [INFO]   Epoch 160/200 | loss 0.1153 | acc 96.25%
2025-12-05 23:21:19,703 [INFO]   Epoch 170/200 | loss 0.0114 | acc 99.83%
2025-12-05 23:21:58,257 [INFO]   Epoch 180/200 | loss 0.0072 | acc 99.92%
2025-12-05 23:22:31,896 [INFO]   Epoch 190/200 | loss 0.0047 | acc 100.00%
2025-12-05 23:22:58,010 [INFO]   Epoch 200/200 | loss 0.0043 | acc 99.92%
2025-12-05 23:23:00,132 [INFO]   >> Test: loss 0.4433 | acc 89.63%
2025-12-05 23:28:34,145 [INFO] Cycle 5/10
2025-12-05 23:28:34,145 [INFO] Labeled set size: 5000, Unlabeled set size: 45000
2025-12-05 23:28:39,297 [INFO]   Epoch   1/200 | loss 0.5026 | acc 82.84%
2025-12-05 23:29:21,108 [INFO]   Epoch  10/200 | loss 0.4348 | acc 84.04%
2025-12-05 23:30:18,265 [INFO]   Epoch  20/200 | loss 0.3447 | acc 87.24%
2025-12-05 23:31:19,040 [INFO]   Epoch  30/200 | loss 0.3018 | acc 89.10%
2025-12-05 23:32:20,470 [INFO]   Epoch  40/200 | loss 0.2105 | acc 92.22%
2025-12-05 23:33:21,065 [INFO]   Epoch  50/200 | loss 0.2891 | acc 89.62%
2025-12-05 23:34:21,435 [INFO]   Epoch  60/200 | loss 0.2707 | acc 90.50%
2025-12-05 23:35:21,677 [INFO]   Epoch  70/200 | loss 0.2502 | acc 90.96%
2025-12-05 23:36:22,496 [INFO]   Epoch  80/200 | loss 0.2098 | acc 92.26%
2025-12-05 23:37:22,857 [INFO]   Epoch  90/200 | loss 0.1615 | acc 94.46%
2025-12-05 23:38:22,531 [INFO]   Epoch 100/200 | loss 0.1795 | acc 93.80%
2025-12-05 23:39:16,934 [INFO]   Epoch 110/200 | loss 0.3507 | acc 87.80%
2025-12-05 23:40:16,190 [INFO]   Epoch 120/200 | loss 0.2193 | acc 92.30%
2025-12-05 23:41:12,943 [INFO]   Epoch 130/200 | loss 0.2252 | acc 92.06%
2025-12-05 23:42:09,842 [INFO]   Epoch 140/200 | loss 0.6473 | acc 77.06%
2025-12-05 23:43:09,242 [INFO]   Epoch 150/200 | loss 0.2036 | acc 92.46%
2025-12-05 23:44:10,595 [INFO]   Epoch 160/200 | loss 0.4277 | acc 84.60%
2025-12-05 23:45:09,914 [INFO]   Epoch 170/200 | loss 0.0696 | acc 98.12%
2025-12-05 23:45:57,732 [INFO]   Epoch 180/200 | loss 0.0411 | acc 98.94%
2025-12-05 23:46:37,820 [INFO]   Epoch 190/200 | loss 0.0259 | acc 99.40%
2025-12-05 23:47:12,903 [INFO]   Epoch 200/200 | loss 0.0205 | acc 99.60%
2025-12-05 23:47:15,461 [INFO]   >> Test: loss 0.3758 | acc 91.14%
2025-12-05 23:53:07,053 [INFO] Cycle 6/10
2025-12-05 23:53:07,053 [INFO] Labeled set size: 6000, Unlabeled set size: 44000
2025-12-05 23:53:12,827 [INFO]   Epoch   1/200 | loss 0.4584 | acc 84.05%
2025-12-05 23:54:04,751 [INFO]   Epoch  10/200 | loss 0.2305 | acc 91.87%
2025-12-05 23:55:11,200 [INFO]   Epoch  20/200 | loss 0.2106 | acc 92.32%
2025-12-05 23:56:18,825 [INFO]   Epoch  30/200 | loss 0.1885 | acc 93.00%
2025-12-05 23:57:29,075 [INFO]   Epoch  40/200 | loss 0.2200 | acc 91.87%
2025-12-05 23:58:39,095 [INFO]   Epoch  50/200 | loss 0.1655 | acc 94.22%
2025-12-05 23:59:47,765 [INFO]   Epoch  60/200 | loss 0.1703 | acc 93.68%
2025-12-06 00:00:55,515 [INFO]   Epoch  70/200 | loss 0.1731 | acc 93.43%
2025-12-06 00:02:03,413 [INFO]   Epoch  80/200 | loss 0.1661 | acc 94.08%
2025-12-06 00:03:12,248 [INFO]   Epoch  90/200 | loss 0.1473 | acc 94.85%
2025-12-06 00:04:22,724 [INFO]   Epoch 100/200 | loss 0.1337 | acc 95.25%
2025-12-06 00:05:29,150 [INFO]   Epoch 110/200 | loss 0.1467 | acc 94.67%
2025-12-06 00:06:37,098 [INFO]   Epoch 120/200 | loss 0.1508 | acc 94.62%
2025-12-06 00:07:48,053 [INFO]   Epoch 130/200 | loss 0.1496 | acc 94.83%
2025-12-06 00:08:59,664 [INFO]   Epoch 140/200 | loss 0.1482 | acc 94.92%
2025-12-06 00:10:08,682 [INFO]   Epoch 150/200 | loss 0.1491 | acc 94.90%
2025-12-06 00:11:16,110 [INFO]   Epoch 160/200 | loss 0.1274 | acc 95.72%
2025-12-06 00:12:22,303 [INFO]   Epoch 170/200 | loss 0.0115 | acc 99.82%
2025-12-06 00:13:17,471 [INFO]   Epoch 180/200 | loss 0.0064 | acc 99.97%
2025-12-06 00:14:03,682 [INFO]   Epoch 190/200 | loss 0.0046 | acc 99.98%
2025-12-06 00:14:41,995 [INFO]   Epoch 200/200 | loss 0.0035 | acc 100.00%
2025-12-06 00:14:44,288 [INFO]   >> Test: loss 0.3464 | acc 92.31%
2025-12-06 00:20:34,946 [INFO] Cycle 7/10
2025-12-06 00:20:34,947 [INFO] Labeled set size: 7000, Unlabeled set size: 43000
2025-12-06 00:20:41,866 [INFO]   Epoch   1/200 | loss 0.4525 | acc 84.24%
2025-12-06 00:21:44,085 [INFO]   Epoch  10/200 | loss 0.2487 | acc 90.99%
2025-12-06 00:23:03,694 [INFO]   Epoch  20/200 | loss 0.2399 | acc 91.23%
2025-12-06 00:24:24,277 [INFO]   Epoch  30/200 | loss 0.1975 | acc 92.73%
2025-12-06 00:25:42,989 [INFO]   Epoch  40/200 | loss 0.2097 | acc 92.23%
2025-12-06 00:27:02,596 [INFO]   Epoch  50/200 | loss 0.1912 | acc 93.19%
2025-12-06 00:28:22,575 [INFO]   Epoch  60/200 | loss 0.1753 | acc 93.71%
2025-12-06 00:29:44,126 [INFO]   Epoch  70/200 | loss 0.1694 | acc 93.93%
2025-12-06 00:31:04,224 [INFO]   Epoch  80/200 | loss 0.1367 | acc 94.96%
2025-12-06 00:32:21,811 [INFO]   Epoch  90/200 | loss 0.1649 | acc 94.16%
2025-12-06 00:33:43,637 [INFO]   Epoch 100/200 | loss 0.1935 | acc 93.24%
2025-12-06 00:35:04,891 [INFO]   Epoch 110/200 | loss 0.1611 | acc 94.29%
2025-12-06 00:36:21,562 [INFO]   Epoch 120/200 | loss 0.1815 | acc 93.37%
2025-12-06 00:37:43,137 [INFO]   Epoch 130/200 | loss 0.1683 | acc 94.04%
2025-12-06 00:39:05,521 [INFO]   Epoch 140/200 | loss 0.1472 | acc 94.73%
2025-12-06 00:40:27,755 [INFO]   Epoch 150/200 | loss 0.1661 | acc 94.16%
2025-12-06 00:41:50,776 [INFO]   Epoch 160/200 | loss 0.1437 | acc 95.09%
2025-12-06 00:43:13,388 [INFO]   Epoch 170/200 | loss 0.0101 | acc 99.83%
2025-12-06 00:44:20,434 [INFO]   Epoch 180/200 | loss 0.0074 | acc 99.91%
2025-12-06 00:45:16,298 [INFO]   Epoch 190/200 | loss 0.0050 | acc 99.99%
2025-12-06 00:46:00,975 [INFO]   Epoch 200/200 | loss 0.0042 | acc 99.94%
2025-12-06 00:46:03,155 [INFO]   >> Test: loss 0.3101 | acc 92.93%
2025-12-06 00:51:56,025 [INFO] Cycle 8/10
2025-12-06 00:51:56,025 [INFO] Labeled set size: 8000, Unlabeled set size: 42000
2025-12-06 00:52:03,857 [INFO]   Epoch   1/200 | loss 0.4215 | acc 85.00%
2025-12-06 00:53:15,381 [INFO]   Epoch  10/200 | loss 0.2557 | acc 90.55%
2025-12-06 00:54:48,387 [INFO]   Epoch  20/200 | loss 0.2144 | acc 92.21%
2025-12-06 00:56:19,344 [INFO]   Epoch  30/200 | loss 0.2245 | acc 91.85%
2025-12-06 00:57:50,310 [INFO]   Epoch  40/200 | loss 0.1831 | acc 93.20%
2025-12-06 00:59:21,598 [INFO]   Epoch  50/200 | loss 0.2054 | acc 92.42%
2025-12-06 01:00:52,713 [INFO]   Epoch  60/200 | loss 0.1813 | acc 93.38%
2025-12-06 01:02:24,921 [INFO]   Epoch  70/200 | loss 0.2046 | acc 92.62%
2025-12-06 01:03:58,914 [INFO]   Epoch  80/200 | loss 0.1854 | acc 93.20%
2025-12-06 01:05:33,210 [INFO]   Epoch  90/200 | loss 0.1994 | acc 92.88%
2025-12-06 01:07:04,159 [INFO]   Epoch 100/200 | loss 0.1838 | acc 93.31%
2025-12-06 01:08:35,362 [INFO]   Epoch 110/200 | loss 0.2333 | acc 91.57%
2025-12-06 01:10:05,997 [INFO]   Epoch 120/200 | loss 0.1800 | acc 93.81%
2025-12-06 01:11:37,576 [INFO]   Epoch 130/200 | loss 0.1897 | acc 93.21%
2025-12-06 01:13:10,869 [INFO]   Epoch 140/200 | loss 0.1677 | acc 94.03%
2025-12-06 01:14:45,376 [INFO]   Epoch 150/200 | loss 0.1790 | acc 93.61%
2025-12-06 01:16:14,190 [INFO]   Epoch 160/200 | loss 0.1851 | acc 93.36%
2025-12-06 01:17:43,695 [INFO]   Epoch 170/200 | loss 0.0120 | acc 99.91%
2025-12-06 01:19:00,092 [INFO]   Epoch 180/200 | loss 0.0069 | acc 99.96%
2025-12-06 01:20:07,351 [INFO]   Epoch 190/200 | loss 0.0051 | acc 99.98%
2025-12-06 01:21:01,482 [INFO]   Epoch 200/200 | loss 0.0041 | acc 99.98%
2025-12-06 01:21:04,036 [INFO]   >> Test: loss 0.2912 | acc 93.74%
2025-12-06 01:27:05,204 [INFO] Cycle 9/10
2025-12-06 01:27:05,204 [INFO] Labeled set size: 9000, Unlabeled set size: 41000
2025-12-06 01:27:14,070 [INFO]   Epoch   1/200 | loss 0.4271 | acc 84.12%
2025-12-06 01:28:34,439 [INFO]   Epoch  10/200 | loss 0.2893 | acc 89.18%
2025-12-06 01:30:17,845 [INFO]   Epoch  20/200 | loss 0.2278 | acc 91.68%
2025-12-06 01:32:01,144 [INFO]   Epoch  30/200 | loss 0.2379 | acc 91.31%
2025-12-06 01:33:44,761 [INFO]   Epoch  40/200 | loss 0.2299 | acc 91.52%
2025-12-06 01:35:28,008 [INFO]   Epoch  50/200 | loss 0.1877 | acc 92.97%
2025-12-06 01:37:11,380 [INFO]   Epoch  60/200 | loss 0.2104 | acc 92.53%
2025-12-06 01:38:54,640 [INFO]   Epoch  70/200 | loss 0.1989 | acc 92.94%
2025-12-06 01:40:37,837 [INFO]   Epoch  80/200 | loss 0.2170 | acc 91.94%
2025-12-06 01:42:20,454 [INFO]   Epoch  90/200 | loss 0.1997 | acc 92.90%
2025-12-06 01:44:01,097 [INFO]   Epoch 100/200 | loss 0.2083 | acc 92.50%
2025-12-06 01:45:45,740 [INFO]   Epoch 110/200 | loss 0.1850 | acc 93.23%
2025-12-06 01:47:32,792 [INFO]   Epoch 120/200 | loss 0.1966 | acc 92.78%
2025-12-06 01:49:18,585 [INFO]   Epoch 130/200 | loss 0.1844 | acc 93.41%
2025-12-06 01:51:04,697 [INFO]   Epoch 140/200 | loss 0.2025 | acc 92.56%
2025-12-06 01:52:50,311 [INFO]   Epoch 150/200 | loss 0.1864 | acc 93.43%
2025-12-06 01:54:36,216 [INFO]   Epoch 160/200 | loss 0.1770 | acc 93.59%
2025-12-06 01:56:17,034 [INFO]   Epoch 170/200 | loss 0.0119 | acc 99.83%
2025-12-06 01:57:38,697 [INFO]   Epoch 180/200 | loss 0.0070 | acc 99.89%
2025-12-06 01:58:51,071 [INFO]   Epoch 190/200 | loss 0.0049 | acc 99.97%
2025-12-06 01:59:50,298 [INFO]   Epoch 200/200 | loss 0.0040 | acc 99.98%
2025-12-06 01:59:52,894 [INFO]   >> Test: loss 0.2849 | acc 93.85%
2025-12-06 02:06:01,661 [INFO] Cycle 10/10
2025-12-06 02:06:01,661 [INFO] Labeled set size: 10000, Unlabeled set size: 40000
2025-12-06 02:06:11,523 [INFO]   Epoch   1/200 | loss 0.3963 | acc 85.75%
2025-12-06 02:07:45,274 [INFO]   Epoch  10/200 | loss 0.3096 | acc 88.39%
2025-12-06 02:09:40,686 [INFO]   Epoch  20/200 | loss 0.2489 | acc 90.92%
2025-12-06 02:11:36,297 [INFO]   Epoch  30/200 | loss 0.2612 | acc 90.07%
2025-12-06 02:13:30,869 [INFO]   Epoch  40/200 | loss 0.2811 | acc 89.70%
2025-12-06 02:15:25,864 [INFO]   Epoch  50/200 | loss 0.2817 | acc 89.35%
2025-12-06 02:17:20,949 [INFO]   Epoch  60/200 | loss 0.2899 | acc 89.53%
2025-12-06 02:19:16,227 [INFO]   Epoch  70/200 | loss 0.2478 | acc 90.93%
2025-12-06 02:21:11,597 [INFO]   Epoch  80/200 | loss 0.2159 | acc 92.21%
2025-12-06 02:23:07,109 [INFO]   Epoch  90/200 | loss 0.2086 | acc 92.47%
2025-12-06 02:25:02,167 [INFO]   Epoch 100/200 | loss 0.2866 | acc 89.35%
2025-12-06 02:26:57,203 [INFO]   Epoch 110/200 | loss 0.2354 | acc 91.22%
2025-12-06 02:28:51,787 [INFO]   Epoch 120/200 | loss 0.2976 | acc 88.83%
2025-12-06 02:30:44,306 [INFO]   Epoch 130/200 | loss 0.2003 | acc 92.90%
2025-12-06 02:32:36,841 [INFO]   Epoch 140/200 | loss 0.2770 | acc 89.71%
2025-12-06 02:34:31,189 [INFO]   Epoch 150/200 | loss 0.2902 | acc 89.29%
2025-12-06 02:36:26,333 [INFO]   Epoch 160/200 | loss 0.1886 | acc 92.98%
2025-12-06 02:38:13,137 [INFO]   Epoch 170/200 | loss 0.0156 | acc 99.66%
2025-12-06 02:39:43,171 [INFO]   Epoch 180/200 | loss 0.0075 | acc 99.93%
2025-12-06 02:41:04,915 [INFO]   Epoch 190/200 | loss 0.0064 | acc 99.89%
2025-12-06 02:42:08,723 [INFO]   Epoch 200/200 | loss 0.0044 | acc 99.98%
2025-12-06 02:42:10,953 [INFO]   >> Test: loss 0.2904 | acc 93.95%
2025-12-06 02:46:07,381 [INFO] Saved checkpoint to: ./checkpoints/fashionmnist/resnet18_DQN_100.pth
