2025-12-05 22:28:16,492 [INFO] 로그 파일 경로: logs/fashionmnist/DQN_100step_20251205_222816.log
2025-12-05 22:28:16,576 [INFO] Using device: cuda:2
2025-12-05 22:28:21,392 [INFO] Cycle 1/10
2025-12-05 22:28:21,392 [INFO] Labeled set size: 1000, Unlabeled set size: 49000
2025-12-05 22:28:23,672 [INFO]   Epoch   1/200 | loss 4.5798 | acc 16.80%
2025-12-05 22:28:32,961 [INFO]   Epoch  10/200 | loss 1.0981 | acc 55.80%
2025-12-05 22:28:44,569 [INFO]   Epoch  20/200 | loss 0.8183 | acc 67.70%
2025-12-05 22:28:59,221 [INFO]   Epoch  30/200 | loss 0.6540 | acc 73.60%
2025-12-05 22:29:13,787 [INFO]   Epoch  40/200 | loss 0.5268 | acc 78.90%
2025-12-05 22:29:29,013 [INFO]   Epoch  50/200 | loss 0.4707 | acc 80.30%
2025-12-05 22:29:44,118 [INFO]   Epoch  60/200 | loss 0.4362 | acc 82.70%
2025-12-05 22:29:59,626 [INFO]   Epoch  70/200 | loss 0.4185 | acc 82.50%
2025-12-05 22:30:14,371 [INFO]   Epoch  80/200 | loss 0.3183 | acc 87.60%
2025-12-05 22:30:27,997 [INFO]   Epoch  90/200 | loss 0.3444 | acc 86.60%
2025-12-05 22:30:43,176 [INFO]   Epoch 100/200 | loss 0.2879 | acc 87.80%
2025-12-05 22:30:58,572 [INFO]   Epoch 110/200 | loss 0.2370 | acc 90.70%
2025-12-05 22:31:13,956 [INFO]   Epoch 120/200 | loss 0.1968 | acc 92.10%
2025-12-05 22:31:29,236 [INFO]   Epoch 130/200 | loss 0.1642 | acc 94.20%
2025-12-05 22:31:43,331 [INFO]   Epoch 140/200 | loss 0.1964 | acc 92.00%
2025-12-05 22:31:57,910 [INFO]   Epoch 150/200 | loss 0.1721 | acc 94.00%
2025-12-05 22:32:11,023 [INFO]   Epoch 160/200 | loss 0.1397 | acc 94.70%
2025-12-05 22:32:24,987 [INFO]   Epoch 170/200 | loss 0.0545 | acc 98.70%
2025-12-05 22:32:39,169 [INFO]   Epoch 180/200 | loss 0.0366 | acc 99.40%
2025-12-05 22:32:48,215 [INFO]   Epoch 190/200 | loss 0.0336 | acc 99.50%
2025-12-05 22:32:57,592 [INFO]   Epoch 200/200 | loss 0.0293 | acc 99.40%
2025-12-05 22:32:59,296 [INFO]   >> Test: loss 0.7890 | acc 81.83%
2025-12-05 22:38:21,407 [INFO] Cycle 2/10
2025-12-05 22:38:21,407 [INFO] Labeled set size: 2000, Unlabeled set size: 48000
2025-12-05 22:38:23,958 [INFO]   Epoch   1/200 | loss 0.3902 | acc 88.55%
2025-12-05 22:38:47,458 [INFO]   Epoch  10/200 | loss 0.1781 | acc 93.60%
2025-12-05 22:39:12,937 [INFO]   Epoch  20/200 | loss 0.1561 | acc 94.50%
2025-12-05 22:39:39,215 [INFO]   Epoch  30/200 | loss 0.1589 | acc 94.20%
2025-12-05 22:40:05,054 [INFO]   Epoch  40/200 | loss 0.1227 | acc 95.50%
2025-12-05 22:40:30,952 [INFO]   Epoch  50/200 | loss 0.0966 | acc 96.55%
2025-12-05 22:40:57,281 [INFO]   Epoch  60/200 | loss 0.1292 | acc 95.30%
2025-12-05 22:41:23,973 [INFO]   Epoch  70/200 | loss 0.0861 | acc 97.15%
2025-12-05 22:41:49,691 [INFO]   Epoch  80/200 | loss 0.0822 | acc 97.30%
2025-12-05 22:42:16,120 [INFO]   Epoch  90/200 | loss 0.0625 | acc 97.55%
2025-12-05 22:42:42,293 [INFO]   Epoch 100/200 | loss 0.0494 | acc 98.25%
2025-12-05 22:43:07,473 [INFO]   Epoch 110/200 | loss 0.0919 | acc 96.65%
2025-12-05 22:43:31,328 [INFO]   Epoch 120/200 | loss 0.0523 | acc 98.25%
2025-12-05 22:43:55,653 [INFO]   Epoch 130/200 | loss 0.0704 | acc 97.80%
2025-12-05 22:44:21,551 [INFO]   Epoch 140/200 | loss 0.0326 | acc 99.00%
2025-12-05 22:44:47,773 [INFO]   Epoch 150/200 | loss 0.0808 | acc 97.05%
2025-12-05 22:45:12,989 [INFO]   Epoch 160/200 | loss 0.0728 | acc 97.70%
2025-12-05 22:45:34,346 [INFO]   Epoch 170/200 | loss 0.0099 | acc 99.90%
2025-12-05 22:45:52,293 [INFO]   Epoch 180/200 | loss 0.0071 | acc 99.95%
2025-12-05 22:46:07,184 [INFO]   Epoch 190/200 | loss 0.0051 | acc 99.90%
2025-12-05 22:46:20,350 [INFO]   Epoch 200/200 | loss 0.0039 | acc 100.00%
2025-12-05 22:46:22,099 [INFO]   >> Test: loss 0.5912 | acc 85.78%
2025-12-05 22:52:07,174 [INFO] Cycle 3/10
2025-12-05 22:52:07,175 [INFO] Labeled set size: 3000, Unlabeled set size: 47000
2025-12-05 22:52:11,034 [INFO]   Epoch   1/200 | loss 0.4533 | acc 85.63%
2025-12-05 22:52:45,053 [INFO]   Epoch  10/200 | loss 0.2069 | acc 92.20%
2025-12-05 22:53:22,310 [INFO]   Epoch  20/200 | loss 0.1643 | acc 93.67%
2025-12-05 22:53:59,760 [INFO]   Epoch  30/200 | loss 0.1342 | acc 95.23%
2025-12-05 22:54:37,041 [INFO]   Epoch  40/200 | loss 0.1195 | acc 95.77%
2025-12-05 22:55:14,048 [INFO]   Epoch  50/200 | loss 0.1218 | acc 95.57%
2025-12-05 22:55:49,311 [INFO]   Epoch  60/200 | loss 0.0604 | acc 98.23%
2025-12-05 22:56:22,991 [INFO]   Epoch  70/200 | loss 0.0766 | acc 97.30%
2025-12-05 22:56:59,379 [INFO]   Epoch  80/200 | loss 0.0681 | acc 97.83%
2025-12-05 22:57:36,087 [INFO]   Epoch  90/200 | loss 0.0711 | acc 97.57%
2025-12-05 22:58:13,566 [INFO]   Epoch 100/200 | loss 0.0846 | acc 96.97%
2025-12-05 22:58:49,698 [INFO]   Epoch 110/200 | loss 0.0490 | acc 98.30%
2025-12-05 22:59:22,824 [INFO]   Epoch 120/200 | loss 0.0586 | acc 97.97%
2025-12-05 22:59:59,013 [INFO]   Epoch 130/200 | loss 0.0387 | acc 98.73%
2025-12-05 23:00:36,561 [INFO]   Epoch 140/200 | loss 0.0768 | acc 97.20%
2025-12-05 23:01:14,473 [INFO]   Epoch 150/200 | loss 0.0604 | acc 97.80%
2025-12-05 23:01:48,844 [INFO]   Epoch 160/200 | loss 0.0514 | acc 98.00%
2025-12-05 23:02:16,999 [INFO]   Epoch 170/200 | loss 0.0053 | acc 99.93%
2025-12-05 23:02:37,262 [INFO]   Epoch 180/200 | loss 0.0037 | acc 100.00%
2025-12-05 23:02:55,463 [INFO]   Epoch 190/200 | loss 0.0030 | acc 99.97%
2025-12-05 23:03:12,458 [INFO]   Epoch 200/200 | loss 0.0024 | acc 100.00%
2025-12-05 23:03:14,177 [INFO]   >> Test: loss 0.5149 | acc 88.45%
2025-12-05 23:09:10,405 [INFO] Cycle 4/10
2025-12-05 23:09:10,405 [INFO] Labeled set size: 4000, Unlabeled set size: 46000
2025-12-05 23:09:14,739 [INFO]   Epoch   1/200 | loss 0.5115 | acc 82.83%
2025-12-05 23:09:54,750 [INFO]   Epoch  10/200 | loss 0.2735 | acc 89.75%
2025-12-05 23:10:42,395 [INFO]   Epoch  20/200 | loss 0.1919 | acc 92.90%
2025-12-05 23:11:30,813 [INFO]   Epoch  30/200 | loss 0.1572 | acc 94.55%
2025-12-05 23:12:18,314 [INFO]   Epoch  40/200 | loss 0.1388 | acc 95.25%
2025-12-05 23:13:06,434 [INFO]   Epoch  50/200 | loss 0.1385 | acc 95.00%
2025-12-05 23:13:54,483 [INFO]   Epoch  60/200 | loss 0.1252 | acc 95.35%
2025-12-05 23:14:41,970 [INFO]   Epoch  70/200 | loss 0.1323 | acc 95.23%
2025-12-05 23:15:29,473 [INFO]   Epoch  80/200 | loss 0.0967 | acc 96.62%
2025-12-05 23:16:18,608 [INFO]   Epoch  90/200 | loss 0.1331 | acc 95.47%
2025-12-05 23:17:07,606 [INFO]   Epoch 100/200 | loss 0.0859 | acc 97.12%
2025-12-05 23:17:56,916 [INFO]   Epoch 110/200 | loss 0.1010 | acc 96.45%
2025-12-05 23:18:45,331 [INFO]   Epoch 120/200 | loss 0.0877 | acc 97.30%
2025-12-05 23:19:33,367 [INFO]   Epoch 130/200 | loss 0.0798 | acc 97.45%
2025-12-05 23:20:22,017 [INFO]   Epoch 140/200 | loss 0.1039 | acc 96.40%
2025-12-05 23:21:10,404 [INFO]   Epoch 150/200 | loss 0.1416 | acc 95.33%
2025-12-05 23:21:53,857 [INFO]   Epoch 160/200 | loss 0.0904 | acc 96.78%
2025-12-05 23:22:27,175 [INFO]   Epoch 170/200 | loss 0.0099 | acc 99.85%
2025-12-05 23:22:53,710 [INFO]   Epoch 180/200 | loss 0.0054 | acc 99.92%
2025-12-05 23:23:16,069 [INFO]   Epoch 190/200 | loss 0.0040 | acc 100.00%
2025-12-05 23:23:37,368 [INFO]   Epoch 200/200 | loss 0.0031 | acc 100.00%
2025-12-05 23:23:39,089 [INFO]   >> Test: loss 0.4131 | acc 90.26%
2025-12-05 23:29:41,675 [INFO] Cycle 5/10
2025-12-05 23:29:41,675 [INFO] Labeled set size: 5000, Unlabeled set size: 45000
2025-12-05 23:29:47,833 [INFO]   Epoch   1/200 | loss 0.4455 | acc 84.18%
2025-12-05 23:30:42,630 [INFO]   Epoch  10/200 | loss 0.3402 | acc 87.76%
2025-12-05 23:31:43,680 [INFO]   Epoch  20/200 | loss 0.2673 | acc 89.94%
2025-12-05 23:32:44,747 [INFO]   Epoch  30/200 | loss 0.3132 | acc 88.40%
2025-12-05 23:33:45,097 [INFO]   Epoch  40/200 | loss 0.2104 | acc 92.12%
2025-12-05 23:34:45,666 [INFO]   Epoch  50/200 | loss 0.1834 | acc 93.64%
2025-12-05 23:35:45,882 [INFO]   Epoch  60/200 | loss 0.2352 | acc 91.52%
2025-12-05 23:36:46,980 [INFO]   Epoch  70/200 | loss 0.1520 | acc 94.78%
2025-12-05 23:37:46,838 [INFO]   Epoch  80/200 | loss 0.1973 | acc 92.66%
2025-12-05 23:38:46,823 [INFO]   Epoch  90/200 | loss 0.2080 | acc 92.52%
2025-12-05 23:39:46,443 [INFO]   Epoch 100/200 | loss 0.2873 | acc 89.52%
2025-12-05 23:40:46,333 [INFO]   Epoch 110/200 | loss 0.1443 | acc 94.90%
2025-12-05 23:41:45,881 [INFO]   Epoch 120/200 | loss 0.1918 | acc 93.04%
2025-12-05 23:42:45,440 [INFO]   Epoch 130/200 | loss 0.4253 | acc 85.12%
2025-12-05 23:43:46,176 [INFO]   Epoch 140/200 | loss 0.2666 | acc 90.16%
2025-12-05 23:44:47,313 [INFO]   Epoch 150/200 | loss 0.1373 | acc 94.98%
2025-12-05 23:45:40,510 [INFO]   Epoch 160/200 | loss 0.4041 | acc 86.32%
2025-12-05 23:46:23,509 [INFO]   Epoch 170/200 | loss 0.0511 | acc 98.82%
2025-12-05 23:46:58,625 [INFO]   Epoch 180/200 | loss 0.0282 | acc 99.48%
2025-12-05 23:47:28,704 [INFO]   Epoch 190/200 | loss 0.0159 | acc 99.72%
2025-12-05 23:47:54,074 [INFO]   Epoch 200/200 | loss 0.0177 | acc 99.66%
2025-12-05 23:47:55,811 [INFO]   >> Test: loss 0.4049 | acc 91.28%
2025-12-05 23:54:19,647 [INFO] Cycle 6/10
2025-12-05 23:54:19,647 [INFO] Labeled set size: 6000, Unlabeled set size: 44000
2025-12-05 23:54:26,565 [INFO]   Epoch   1/200 | loss 0.4467 | acc 84.52%
2025-12-05 23:55:29,076 [INFO]   Epoch  10/200 | loss 0.2170 | acc 91.88%
2025-12-05 23:56:39,280 [INFO]   Epoch  20/200 | loss 0.1807 | acc 93.55%
2025-12-05 23:57:50,053 [INFO]   Epoch  30/200 | loss 0.1835 | acc 93.20%
2025-12-05 23:58:59,200 [INFO]   Epoch  40/200 | loss 0.1534 | acc 94.35%
2025-12-06 00:00:07,424 [INFO]   Epoch  50/200 | loss 0.1534 | acc 94.30%
2025-12-06 00:01:14,726 [INFO]   Epoch  60/200 | loss 0.1502 | acc 94.52%
2025-12-06 00:02:23,048 [INFO]   Epoch  70/200 | loss 0.1486 | acc 94.67%
2025-12-06 00:03:33,409 [INFO]   Epoch  80/200 | loss 0.1478 | acc 94.68%
2025-12-06 00:04:44,272 [INFO]   Epoch  90/200 | loss 0.1532 | acc 94.48%
2025-12-06 00:05:54,725 [INFO]   Epoch 100/200 | loss 0.1385 | acc 95.10%
2025-12-06 00:07:04,703 [INFO]   Epoch 110/200 | loss 0.1558 | acc 94.10%
2025-12-06 00:08:16,871 [INFO]   Epoch 120/200 | loss 0.1412 | acc 94.98%
2025-12-06 00:09:28,095 [INFO]   Epoch 130/200 | loss 0.1422 | acc 94.65%
2025-12-06 00:10:38,576 [INFO]   Epoch 140/200 | loss 0.1324 | acc 95.42%
2025-12-06 00:11:48,363 [INFO]   Epoch 150/200 | loss 0.1296 | acc 95.78%
2025-12-06 00:12:51,220 [INFO]   Epoch 160/200 | loss 0.1232 | acc 95.82%
2025-12-06 00:13:39,937 [INFO]   Epoch 170/200 | loss 0.0097 | acc 99.92%
2025-12-06 00:14:21,143 [INFO]   Epoch 180/200 | loss 0.0060 | acc 99.97%
2025-12-06 00:14:55,743 [INFO]   Epoch 190/200 | loss 0.0041 | acc 100.00%
2025-12-06 00:15:25,317 [INFO]   Epoch 200/200 | loss 0.0031 | acc 99.98%
2025-12-06 00:15:27,089 [INFO]   >> Test: loss 0.3660 | acc 92.15%
2025-12-06 00:21:49,864 [INFO] Cycle 7/10
2025-12-06 00:21:49,864 [INFO] Labeled set size: 7000, Unlabeled set size: 43000
2025-12-06 00:21:58,015 [INFO]   Epoch   1/200 | loss 0.4234 | acc 85.26%
2025-12-06 00:23:11,841 [INFO]   Epoch  10/200 | loss 0.2415 | acc 91.24%
2025-12-06 00:24:34,020 [INFO]   Epoch  20/200 | loss 0.2249 | acc 91.71%
2025-12-06 00:25:55,680 [INFO]   Epoch  30/200 | loss 0.1832 | acc 93.29%
2025-12-06 00:27:17,248 [INFO]   Epoch  40/200 | loss 0.2090 | acc 92.69%
2025-12-06 00:28:38,710 [INFO]   Epoch  50/200 | loss 0.1980 | acc 93.00%
2025-12-06 00:30:00,422 [INFO]   Epoch  60/200 | loss 0.1719 | acc 93.70%
2025-12-06 00:31:23,453 [INFO]   Epoch  70/200 | loss 0.1838 | acc 93.37%
2025-12-06 00:32:46,371 [INFO]   Epoch  80/200 | loss 0.1386 | acc 95.43%
2025-12-06 00:34:08,165 [INFO]   Epoch  90/200 | loss 0.1789 | acc 93.79%
2025-12-06 00:35:29,817 [INFO]   Epoch 100/200 | loss 0.1572 | acc 94.37%
2025-12-06 00:36:52,951 [INFO]   Epoch 110/200 | loss 0.1647 | acc 94.11%
2025-12-06 00:38:16,027 [INFO]   Epoch 120/200 | loss 0.1525 | acc 94.66%
2025-12-06 00:39:38,348 [INFO]   Epoch 130/200 | loss 0.1490 | acc 94.51%
2025-12-06 00:41:00,866 [INFO]   Epoch 140/200 | loss 0.1621 | acc 94.17%
2025-12-06 00:42:24,386 [INFO]   Epoch 150/200 | loss 0.1316 | acc 95.09%
2025-12-06 00:43:41,788 [INFO]   Epoch 160/200 | loss 0.1521 | acc 94.36%
2025-12-06 00:44:41,795 [INFO]   Epoch 170/200 | loss 0.0122 | acc 99.80%
2025-12-06 00:45:31,618 [INFO]   Epoch 180/200 | loss 0.0063 | acc 99.93%
2025-12-06 00:46:12,817 [INFO]   Epoch 190/200 | loss 0.0046 | acc 99.99%
2025-12-06 00:46:46,549 [INFO]   Epoch 200/200 | loss 0.0043 | acc 99.96%
2025-12-06 00:46:48,263 [INFO]   >> Test: loss 0.3342 | acc 93.19%
2025-12-06 00:53:16,384 [INFO] Cycle 8/10
2025-12-06 00:53:16,384 [INFO] Labeled set size: 8000, Unlabeled set size: 42000
2025-12-06 00:53:25,468 [INFO]   Epoch   1/200 | loss 0.4568 | acc 83.75%
2025-12-06 00:54:48,786 [INFO]   Epoch  10/200 | loss 0.2360 | acc 91.15%
2025-12-06 00:56:21,920 [INFO]   Epoch  20/200 | loss 0.2241 | acc 91.64%
2025-12-06 00:57:55,023 [INFO]   Epoch  30/200 | loss 0.2048 | acc 92.16%
2025-12-06 00:59:27,909 [INFO]   Epoch  40/200 | loss 0.1717 | acc 93.71%
2025-12-06 01:01:00,782 [INFO]   Epoch  50/200 | loss 0.2031 | acc 92.76%
2025-12-06 01:02:34,221 [INFO]   Epoch  60/200 | loss 0.1860 | acc 93.20%
2025-12-06 01:04:08,328 [INFO]   Epoch  70/200 | loss 0.1870 | acc 93.17%
2025-12-06 01:05:42,752 [INFO]   Epoch  80/200 | loss 0.2068 | acc 92.74%
2025-12-06 01:07:16,538 [INFO]   Epoch  90/200 | loss 0.1558 | acc 94.46%
2025-12-06 01:08:49,613 [INFO]   Epoch 100/200 | loss 0.1632 | acc 94.14%
2025-12-06 01:10:22,934 [INFO]   Epoch 110/200 | loss 0.1810 | acc 93.24%
2025-12-06 01:11:56,110 [INFO]   Epoch 120/200 | loss 0.1845 | acc 93.54%
2025-12-06 01:13:29,735 [INFO]   Epoch 130/200 | loss 0.1648 | acc 94.19%
2025-12-06 01:15:04,355 [INFO]   Epoch 140/200 | loss 0.1649 | acc 93.95%
2025-12-06 01:16:38,540 [INFO]   Epoch 150/200 | loss 0.1806 | acc 93.51%
2025-12-06 01:18:07,930 [INFO]   Epoch 160/200 | loss 0.1581 | acc 94.62%
2025-12-06 01:19:20,551 [INFO]   Epoch 170/200 | loss 0.0107 | acc 99.85%
2025-12-06 01:20:23,552 [INFO]   Epoch 180/200 | loss 0.0056 | acc 99.95%
2025-12-06 01:21:13,306 [INFO]   Epoch 190/200 | loss 0.0050 | acc 99.95%
2025-12-06 01:21:50,621 [INFO]   Epoch 200/200 | loss 0.0036 | acc 99.98%
2025-12-06 01:21:52,384 [INFO]   >> Test: loss 0.3054 | acc 93.61%
2025-12-06 01:28:30,782 [INFO] Cycle 9/10
2025-12-06 01:28:30,782 [INFO] Labeled set size: 9000, Unlabeled set size: 41000
2025-12-06 01:28:41,072 [INFO]   Epoch   1/200 | loss 0.4117 | acc 84.98%
2025-12-06 01:30:13,925 [INFO]   Epoch  10/200 | loss 0.2482 | acc 90.61%
2025-12-06 01:31:57,090 [INFO]   Epoch  20/200 | loss 0.2027 | acc 92.53%
2025-12-06 01:33:40,109 [INFO]   Epoch  30/200 | loss 0.2411 | acc 90.99%
2025-12-06 01:35:23,094 [INFO]   Epoch  40/200 | loss 0.2287 | acc 91.53%
2025-12-06 01:37:06,520 [INFO]   Epoch  50/200 | loss 0.2547 | acc 90.78%
2025-12-06 01:38:49,548 [INFO]   Epoch  60/200 | loss 0.1948 | acc 92.98%
2025-12-06 01:40:32,547 [INFO]   Epoch  70/200 | loss 0.2095 | acc 92.53%
2025-12-06 01:42:15,101 [INFO]   Epoch  80/200 | loss 0.2054 | acc 92.60%
2025-12-06 01:43:59,353 [INFO]   Epoch  90/200 | loss 0.2108 | acc 92.33%
2025-12-06 01:45:45,665 [INFO]   Epoch 100/200 | loss 0.1896 | acc 93.14%
2025-12-06 01:47:32,754 [INFO]   Epoch 110/200 | loss 0.2056 | acc 92.31%
2025-12-06 01:49:18,554 [INFO]   Epoch 120/200 | loss 0.1934 | acc 93.08%
2025-12-06 01:51:04,693 [INFO]   Epoch 130/200 | loss 0.2113 | acc 92.40%
2025-12-06 01:52:50,345 [INFO]   Epoch 140/200 | loss 0.2031 | acc 92.48%
2025-12-06 01:54:36,172 [INFO]   Epoch 150/200 | loss 0.1794 | acc 93.77%
2025-12-06 01:56:15,445 [INFO]   Epoch 160/200 | loss 0.1855 | acc 93.00%
2025-12-06 01:57:31,410 [INFO]   Epoch 170/200 | loss 0.0132 | acc 99.76%
2025-12-06 01:58:44,882 [INFO]   Epoch 180/200 | loss 0.0069 | acc 99.91%
2025-12-06 01:59:44,201 [INFO]   Epoch 190/200 | loss 0.0049 | acc 99.97%
2025-12-06 02:00:28,267 [INFO]   Epoch 200/200 | loss 0.0046 | acc 99.93%
2025-12-06 02:00:30,010 [INFO]   >> Test: loss 0.2853 | acc 93.89%
2025-12-06 02:07:08,429 [INFO] Cycle 10/10
2025-12-06 02:07:08,429 [INFO] Labeled set size: 10000, Unlabeled set size: 40000
2025-12-06 02:07:19,847 [INFO]   Epoch   1/200 | loss 0.4089 | acc 85.33%
2025-12-06 02:09:02,330 [INFO]   Epoch  10/200 | loss 0.2553 | acc 90.38%
2025-12-06 02:10:55,783 [INFO]   Epoch  20/200 | loss 0.3110 | acc 88.20%
2025-12-06 02:12:49,926 [INFO]   Epoch  30/200 | loss 0.2242 | acc 91.68%
2025-12-06 02:14:44,992 [INFO]   Epoch  40/200 | loss 0.3088 | acc 88.63%
2025-12-06 02:16:39,892 [INFO]   Epoch  50/200 | loss 0.2439 | acc 90.82%
2025-12-06 02:18:34,605 [INFO]   Epoch  60/200 | loss 0.2131 | acc 92.19%
2025-12-06 02:20:28,626 [INFO]   Epoch  70/200 | loss 0.2244 | acc 92.14%
2025-12-06 02:22:23,527 [INFO]   Epoch  80/200 | loss 0.2283 | acc 91.91%
2025-12-06 02:24:17,914 [INFO]   Epoch  90/200 | loss 0.2664 | acc 90.12%
2025-12-06 02:26:13,095 [INFO]   Epoch 100/200 | loss 0.2538 | acc 90.75%
2025-12-06 02:28:08,114 [INFO]   Epoch 110/200 | loss 0.2156 | acc 92.20%
2025-12-06 02:30:04,110 [INFO]   Epoch 120/200 | loss 0.2667 | acc 90.04%
2025-12-06 02:32:00,269 [INFO]   Epoch 130/200 | loss 0.2711 | acc 90.03%
2025-12-06 02:33:55,932 [INFO]   Epoch 140/200 | loss 0.2229 | acc 91.84%
2025-12-06 02:35:50,818 [INFO]   Epoch 150/200 | loss 0.2430 | acc 91.15%
2025-12-06 02:37:42,968 [INFO]   Epoch 160/200 | loss 0.2161 | acc 91.94%
2025-12-06 02:39:16,447 [INFO]   Epoch 170/200 | loss 0.0177 | acc 99.65%
2025-12-06 02:40:35,747 [INFO]   Epoch 180/200 | loss 0.0110 | acc 99.77%
2025-12-06 02:41:45,487 [INFO]   Epoch 190/200 | loss 0.0058 | acc 99.90%
2025-12-06 02:42:38,199 [INFO]   Epoch 200/200 | loss 0.0057 | acc 99.91%
2025-12-06 02:42:39,934 [INFO]   >> Test: loss 0.2861 | acc 94.16%
2025-12-06 02:46:21,894 [INFO] Saved checkpoint to: ./checkpoints/fashionmnist/resnet18_DQN_100.pth
