2025-12-05 22:28:19,580 [INFO] 로그 파일 경로: logs/fashionmnist/DQN_100step_20251205_222819.log
2025-12-05 22:28:19,707 [INFO] Using device: cuda:2
2025-12-05 22:28:26,000 [INFO] Cycle 1/10
2025-12-05 22:28:26,000 [INFO] Labeled set size: 1000, Unlabeled set size: 49000
2025-12-05 22:28:28,659 [INFO]   Epoch   1/200 | loss 5.0835 | acc 17.80%
2025-12-05 22:28:37,358 [INFO]   Epoch  10/200 | loss 1.2728 | acc 51.30%
2025-12-05 22:28:47,901 [INFO]   Epoch  20/200 | loss 0.7307 | acc 70.80%
2025-12-05 22:28:59,665 [INFO]   Epoch  30/200 | loss 0.6104 | acc 76.20%
2025-12-05 22:29:11,636 [INFO]   Epoch  40/200 | loss 0.5126 | acc 79.90%
2025-12-05 22:29:24,321 [INFO]   Epoch  50/200 | loss 0.4436 | acc 83.00%
2025-12-05 22:29:36,472 [INFO]   Epoch  60/200 | loss 0.4175 | acc 82.60%
2025-12-05 22:29:48,633 [INFO]   Epoch  70/200 | loss 0.4173 | acc 83.40%
2025-12-05 22:30:00,941 [INFO]   Epoch  80/200 | loss 0.3608 | acc 86.60%
2025-12-05 22:30:12,925 [INFO]   Epoch  90/200 | loss 0.2825 | acc 88.70%
2025-12-05 22:30:23,742 [INFO]   Epoch 100/200 | loss 0.2862 | acc 87.90%
2025-12-05 22:30:35,644 [INFO]   Epoch 110/200 | loss 0.2600 | acc 90.40%
2025-12-05 22:30:47,894 [INFO]   Epoch 120/200 | loss 0.2267 | acc 91.60%
2025-12-05 22:30:59,359 [INFO]   Epoch 130/200 | loss 0.2257 | acc 91.30%
2025-12-05 22:31:11,772 [INFO]   Epoch 140/200 | loss 0.2080 | acc 92.10%
2025-12-05 22:31:24,223 [INFO]   Epoch 150/200 | loss 0.1708 | acc 94.20%
2025-12-05 22:31:35,499 [INFO]   Epoch 160/200 | loss 0.1555 | acc 94.20%
2025-12-05 22:31:47,476 [INFO]   Epoch 170/200 | loss 0.0845 | acc 97.70%
2025-12-05 22:31:59,383 [INFO]   Epoch 180/200 | loss 0.0659 | acc 98.10%
2025-12-05 22:32:10,612 [INFO]   Epoch 190/200 | loss 0.0561 | acc 98.60%
2025-12-05 22:32:22,113 [INFO]   Epoch 200/200 | loss 0.0551 | acc 98.50%
2025-12-05 22:32:25,263 [INFO]   >> Test: loss 0.7337 | acc 82.40%
2025-12-05 22:37:45,861 [INFO] Cycle 2/10
2025-12-05 22:37:45,861 [INFO] Labeled set size: 2000, Unlabeled set size: 48000
2025-12-05 22:37:47,098 [INFO]   Epoch   1/200 | loss 0.2825 | acc 92.15%
2025-12-05 22:37:59,048 [INFO]   Epoch  10/200 | loss 0.1756 | acc 94.05%
2025-12-05 22:38:18,956 [INFO]   Epoch  20/200 | loss 0.1300 | acc 95.45%
2025-12-05 22:38:42,079 [INFO]   Epoch  30/200 | loss 0.1107 | acc 96.50%
2025-12-05 22:39:04,745 [INFO]   Epoch  40/200 | loss 0.1127 | acc 96.00%
2025-12-05 22:39:26,087 [INFO]   Epoch  50/200 | loss 0.1162 | acc 96.35%
2025-12-05 22:39:49,397 [INFO]   Epoch  60/200 | loss 0.0903 | acc 97.10%
2025-12-05 22:40:11,193 [INFO]   Epoch  70/200 | loss 0.1142 | acc 95.75%
2025-12-05 22:40:33,581 [INFO]   Epoch  80/200 | loss 0.1132 | acc 96.15%
2025-12-05 22:40:57,347 [INFO]   Epoch  90/200 | loss 0.0729 | acc 97.60%
2025-12-05 22:41:20,548 [INFO]   Epoch 100/200 | loss 0.0799 | acc 96.95%
2025-12-05 22:41:41,986 [INFO]   Epoch 110/200 | loss 0.0901 | acc 96.40%
2025-12-05 22:42:05,603 [INFO]   Epoch 120/200 | loss 0.0848 | acc 96.95%
2025-12-05 22:42:27,459 [INFO]   Epoch 130/200 | loss 0.0775 | acc 97.50%
2025-12-05 22:42:49,729 [INFO]   Epoch 140/200 | loss 0.0762 | acc 97.35%
2025-12-05 22:43:12,654 [INFO]   Epoch 150/200 | loss 0.0663 | acc 97.80%
2025-12-05 22:43:35,605 [INFO]   Epoch 160/200 | loss 0.0686 | acc 97.80%
2025-12-05 22:43:58,400 [INFO]   Epoch 170/200 | loss 0.0135 | acc 99.80%
2025-12-05 22:44:21,511 [INFO]   Epoch 180/200 | loss 0.0068 | acc 99.95%
2025-12-05 22:44:42,758 [INFO]   Epoch 190/200 | loss 0.0066 | acc 99.85%
2025-12-05 22:45:06,009 [INFO]   Epoch 200/200 | loss 0.0052 | acc 99.90%
2025-12-05 22:45:09,614 [INFO]   >> Test: loss 0.6810 | acc 83.66%
2025-12-05 22:50:40,388 [INFO] Cycle 3/10
2025-12-05 22:50:40,388 [INFO] Labeled set size: 3000, Unlabeled set size: 47000
2025-12-05 22:50:42,025 [INFO]   Epoch   1/200 | loss 0.1925 | acc 94.67%
2025-12-05 22:50:58,705 [INFO]   Epoch  10/200 | loss 0.0976 | acc 96.93%
2025-12-05 22:51:22,748 [INFO]   Epoch  20/200 | loss 0.0871 | acc 97.30%
2025-12-05 22:51:50,882 [INFO]   Epoch  30/200 | loss 0.0951 | acc 96.60%
2025-12-05 22:52:21,574 [INFO]   Epoch  40/200 | loss 0.0895 | acc 97.43%
2025-12-05 22:52:56,285 [INFO]   Epoch  50/200 | loss 0.0798 | acc 97.57%
2025-12-05 22:53:29,830 [INFO]   Epoch  60/200 | loss 0.0761 | acc 97.17%
2025-12-05 22:54:03,438 [INFO]   Epoch  70/200 | loss 0.0778 | acc 97.53%
2025-12-05 22:54:36,964 [INFO]   Epoch  80/200 | loss 0.0558 | acc 98.33%
2025-12-05 22:55:10,319 [INFO]   Epoch  90/200 | loss 0.0624 | acc 97.90%
2025-12-05 22:55:44,734 [INFO]   Epoch 100/200 | loss 0.0539 | acc 98.23%
2025-12-05 22:56:18,910 [INFO]   Epoch 110/200 | loss 0.0674 | acc 97.77%
2025-12-05 22:56:52,311 [INFO]   Epoch 120/200 | loss 0.0585 | acc 98.13%
2025-12-05 22:57:26,934 [INFO]   Epoch 130/200 | loss 0.0517 | acc 98.40%
2025-12-05 22:58:01,688 [INFO]   Epoch 140/200 | loss 0.0783 | acc 97.27%
2025-12-05 22:58:35,202 [INFO]   Epoch 150/200 | loss 0.0670 | acc 98.13%
2025-12-05 22:59:08,846 [INFO]   Epoch 160/200 | loss 0.0439 | acc 98.47%
2025-12-05 22:59:44,168 [INFO]   Epoch 170/200 | loss 0.0065 | acc 99.97%
2025-12-05 23:00:17,828 [INFO]   Epoch 180/200 | loss 0.0035 | acc 100.00%
2025-12-05 23:00:51,660 [INFO]   Epoch 190/200 | loss 0.0038 | acc 99.97%
2025-12-05 23:01:26,422 [INFO]   Epoch 200/200 | loss 0.0027 | acc 100.00%
2025-12-05 23:01:29,466 [INFO]   >> Test: loss 0.5739 | acc 86.18%
2025-12-05 23:07:08,265 [INFO] Cycle 4/10
2025-12-05 23:07:08,265 [INFO] Labeled set size: 4000, Unlabeled set size: 46000
2025-12-05 23:07:10,304 [INFO]   Epoch   1/200 | loss 0.0773 | acc 97.92%
2025-12-05 23:07:30,203 [INFO]   Epoch  10/200 | loss 0.0827 | acc 97.12%
2025-12-05 23:08:02,242 [INFO]   Epoch  20/200 | loss 0.0641 | acc 97.80%
2025-12-05 23:08:37,517 [INFO]   Epoch  30/200 | loss 0.0828 | acc 97.02%
2025-12-05 23:09:17,445 [INFO]   Epoch  40/200 | loss 0.0519 | acc 98.12%
2025-12-05 23:10:03,870 [INFO]   Epoch  50/200 | loss 0.0776 | acc 97.50%
2025-12-05 23:10:48,495 [INFO]   Epoch  60/200 | loss 0.0463 | acc 98.35%
2025-12-05 23:11:35,233 [INFO]   Epoch  70/200 | loss 0.0499 | acc 98.20%
2025-12-05 23:12:20,217 [INFO]   Epoch  80/200 | loss 0.0481 | acc 98.40%
2025-12-05 23:13:06,300 [INFO]   Epoch  90/200 | loss 0.0434 | acc 98.70%
2025-12-05 23:13:50,558 [INFO]   Epoch 100/200 | loss 0.1315 | acc 95.33%
2025-12-05 23:14:37,143 [INFO]   Epoch 110/200 | loss 0.0789 | acc 97.10%
2025-12-05 23:15:22,981 [INFO]   Epoch 120/200 | loss 0.0550 | acc 98.15%
2025-12-05 23:16:08,723 [INFO]   Epoch 130/200 | loss 0.0538 | acc 98.10%
2025-12-05 23:16:52,865 [INFO]   Epoch 140/200 | loss 0.0376 | acc 98.62%
2025-12-05 23:17:37,375 [INFO]   Epoch 150/200 | loss 0.0576 | acc 98.22%
2025-12-05 23:18:21,498 [INFO]   Epoch 160/200 | loss 0.0457 | acc 98.45%
2025-12-05 23:19:08,601 [INFO]   Epoch 170/200 | loss 0.0060 | acc 99.95%
2025-12-05 23:19:52,856 [INFO]   Epoch 180/200 | loss 0.0036 | acc 99.98%
2025-12-05 23:20:37,877 [INFO]   Epoch 190/200 | loss 0.0026 | acc 100.00%
2025-12-05 23:21:24,550 [INFO]   Epoch 200/200 | loss 0.0021 | acc 100.00%
2025-12-05 23:21:28,467 [INFO]   >> Test: loss 0.5205 | acc 86.68%
2025-12-05 23:27:14,391 [INFO] Cycle 5/10
2025-12-05 23:27:14,391 [INFO] Labeled set size: 5000, Unlabeled set size: 45000
2025-12-05 23:27:16,891 [INFO]   Epoch   1/200 | loss 0.0981 | acc 97.18%
2025-12-05 23:27:42,293 [INFO]   Epoch  10/200 | loss 0.1602 | acc 94.76%
2025-12-05 23:28:20,090 [INFO]   Epoch  20/200 | loss 0.1281 | acc 95.66%
2025-12-05 23:29:05,304 [INFO]   Epoch  30/200 | loss 0.1090 | acc 96.22%
2025-12-05 23:29:59,907 [INFO]   Epoch  40/200 | loss 0.0953 | acc 96.66%
2025-12-05 23:30:54,668 [INFO]   Epoch  50/200 | loss 0.1472 | acc 95.20%
2025-12-05 23:31:49,918 [INFO]   Epoch  60/200 | loss 0.1469 | acc 95.04%
2025-12-05 23:32:45,350 [INFO]   Epoch  70/200 | loss 0.0740 | acc 97.52%
2025-12-05 23:33:43,170 [INFO]   Epoch  80/200 | loss 0.0894 | acc 96.88%
2025-12-05 23:34:37,618 [INFO]   Epoch  90/200 | loss 0.0495 | acc 98.36%
2025-12-05 23:35:33,726 [INFO]   Epoch 100/200 | loss 0.1543 | acc 94.70%
2025-12-05 23:36:28,615 [INFO]   Epoch 110/200 | loss 0.0738 | acc 97.40%
2025-12-05 23:37:23,297 [INFO]   Epoch 120/200 | loss 0.1690 | acc 94.36%
2025-12-05 23:38:19,774 [INFO]   Epoch 130/200 | loss 0.0572 | acc 98.20%
2025-12-05 23:39:16,769 [INFO]   Epoch 140/200 | loss 0.1013 | acc 96.50%
2025-12-05 23:40:13,382 [INFO]   Epoch 150/200 | loss 0.1449 | acc 95.44%
2025-12-05 23:41:10,190 [INFO]   Epoch 160/200 | loss 0.1110 | acc 96.12%
2025-12-05 23:42:08,204 [INFO]   Epoch 170/200 | loss 0.0306 | acc 99.08%
2025-12-05 23:43:03,588 [INFO]   Epoch 180/200 | loss 0.0205 | acc 99.44%
2025-12-05 23:43:59,967 [INFO]   Epoch 190/200 | loss 0.0282 | acc 99.16%
2025-12-05 23:44:56,289 [INFO]   Epoch 200/200 | loss 0.0106 | acc 99.72%
2025-12-05 23:44:59,514 [INFO]   >> Test: loss 0.5065 | acc 88.01%
2025-12-05 23:50:59,799 [INFO] Cycle 6/10
2025-12-05 23:50:59,799 [INFO] Labeled set size: 6000, Unlabeled set size: 44000
2025-12-05 23:51:02,668 [INFO]   Epoch   1/200 | loss 0.1956 | acc 94.13%
2025-12-05 23:51:29,344 [INFO]   Epoch  10/200 | loss 0.1318 | acc 95.22%
2025-12-05 23:52:09,264 [INFO]   Epoch  20/200 | loss 0.1296 | acc 95.05%
2025-12-05 23:52:59,599 [INFO]   Epoch  30/200 | loss 0.1228 | acc 95.93%
2025-12-05 23:53:57,313 [INFO]   Epoch  40/200 | loss 0.0897 | acc 96.77%
2025-12-05 23:55:01,227 [INFO]   Epoch  50/200 | loss 0.0844 | acc 96.95%
2025-12-05 23:56:10,971 [INFO]   Epoch  60/200 | loss 0.0776 | acc 97.15%
2025-12-05 23:57:17,605 [INFO]   Epoch  70/200 | loss 0.0820 | acc 97.12%
2025-12-05 23:58:25,339 [INFO]   Epoch  80/200 | loss 0.0848 | acc 97.02%
2025-12-05 23:59:35,185 [INFO]   Epoch  90/200 | loss 0.0918 | acc 96.82%
2025-12-06 00:00:44,978 [INFO]   Epoch 100/200 | loss 0.0815 | acc 97.02%
2025-12-06 00:01:54,900 [INFO]   Epoch 110/200 | loss 0.0634 | acc 97.97%
2025-12-06 00:03:03,536 [INFO]   Epoch 120/200 | loss 0.0803 | acc 97.17%
2025-12-06 00:04:09,537 [INFO]   Epoch 130/200 | loss 0.0591 | acc 97.88%
2025-12-06 00:05:19,530 [INFO]   Epoch 140/200 | loss 0.0741 | acc 97.23%
2025-12-06 00:06:28,112 [INFO]   Epoch 150/200 | loss 0.0829 | acc 97.17%
2025-12-06 00:07:33,634 [INFO]   Epoch 160/200 | loss 0.0706 | acc 97.50%
2025-12-06 00:08:43,530 [INFO]   Epoch 170/200 | loss 0.0079 | acc 99.80%
2025-12-06 00:09:49,463 [INFO]   Epoch 180/200 | loss 0.0038 | acc 99.98%
2025-12-06 00:10:59,547 [INFO]   Epoch 190/200 | loss 0.0045 | acc 99.90%
2025-12-06 00:12:09,324 [INFO]   Epoch 200/200 | loss 0.0022 | acc 99.98%
2025-12-06 00:12:13,533 [INFO]   >> Test: loss 0.4636 | acc 88.60%
2025-12-06 00:18:21,019 [INFO] Cycle 7/10
2025-12-06 00:18:21,019 [INFO] Labeled set size: 7000, Unlabeled set size: 43000
2025-12-06 00:18:24,324 [INFO]   Epoch   1/200 | loss 0.3542 | acc 87.93%
2025-12-06 00:18:56,221 [INFO]   Epoch  10/200 | loss 0.2016 | acc 92.89%
2025-12-06 00:19:42,478 [INFO]   Epoch  20/200 | loss 0.1585 | acc 94.33%
2025-12-06 00:20:41,115 [INFO]   Epoch  30/200 | loss 0.1406 | acc 94.90%
2025-12-06 00:21:49,942 [INFO]   Epoch  40/200 | loss 0.1295 | acc 95.31%
2025-12-06 00:23:11,281 [INFO]   Epoch  50/200 | loss 0.1273 | acc 95.29%
2025-12-06 00:24:29,386 [INFO]   Epoch  60/200 | loss 0.1340 | acc 95.37%
2025-12-06 00:25:47,928 [INFO]   Epoch  70/200 | loss 0.1183 | acc 95.87%
2025-12-06 00:27:09,053 [INFO]   Epoch  80/200 | loss 0.1029 | acc 96.54%
2025-12-06 00:28:30,081 [INFO]   Epoch  90/200 | loss 0.1165 | acc 96.09%
2025-12-06 00:29:49,600 [INFO]   Epoch 100/200 | loss 0.1181 | acc 95.93%
2025-12-06 00:31:06,728 [INFO]   Epoch 110/200 | loss 0.1046 | acc 96.34%
2025-12-06 00:32:27,795 [INFO]   Epoch 120/200 | loss 0.0932 | acc 96.76%
2025-12-06 00:33:46,583 [INFO]   Epoch 130/200 | loss 0.0929 | acc 96.90%
2025-12-06 00:35:05,914 [INFO]   Epoch 140/200 | loss 0.1012 | acc 96.47%
2025-12-06 00:36:27,702 [INFO]   Epoch 150/200 | loss 0.1019 | acc 96.50%
2025-12-06 00:37:50,108 [INFO]   Epoch 160/200 | loss 0.1131 | acc 96.13%
2025-12-06 00:39:07,426 [INFO]   Epoch 170/200 | loss 0.0094 | acc 99.80%
2025-12-06 00:40:27,778 [INFO]   Epoch 180/200 | loss 0.0041 | acc 99.97%
2025-12-06 00:41:43,246 [INFO]   Epoch 190/200 | loss 0.0042 | acc 99.93%
2025-12-06 00:43:05,531 [INFO]   Epoch 200/200 | loss 0.0033 | acc 99.97%
2025-12-06 00:43:09,336 [INFO]   >> Test: loss 0.4314 | acc 90.15%
2025-12-06 00:49:22,892 [INFO] Cycle 8/10
2025-12-06 00:49:22,892 [INFO] Labeled set size: 8000, Unlabeled set size: 42000
2025-12-06 00:49:26,598 [INFO]   Epoch   1/200 | loss 0.3278 | acc 88.20%
2025-12-06 00:50:02,531 [INFO]   Epoch  10/200 | loss 0.1902 | acc 93.49%
2025-12-06 00:50:54,740 [INFO]   Epoch  20/200 | loss 0.1656 | acc 94.25%
2025-12-06 00:52:01,198 [INFO]   Epoch  30/200 | loss 0.1555 | acc 94.53%
2025-12-06 00:53:19,900 [INFO]   Epoch  40/200 | loss 0.1197 | acc 95.53%
2025-12-06 00:54:50,335 [INFO]   Epoch  50/200 | loss 0.1448 | acc 94.94%
2025-12-06 00:56:21,964 [INFO]   Epoch  60/200 | loss 0.1454 | acc 94.97%
2025-12-06 00:57:55,016 [INFO]   Epoch  70/200 | loss 0.1359 | acc 95.21%
2025-12-06 00:59:27,767 [INFO]   Epoch  80/200 | loss 0.1263 | acc 95.59%
2025-12-06 01:01:00,524 [INFO]   Epoch  90/200 | loss 0.1333 | acc 95.26%
2025-12-06 01:02:30,823 [INFO]   Epoch 100/200 | loss 0.1447 | acc 94.89%
2025-12-06 01:03:59,054 [INFO]   Epoch 110/200 | loss 0.1435 | acc 94.96%
2025-12-06 01:05:33,183 [INFO]   Epoch 120/200 | loss 0.1103 | acc 96.08%
2025-12-06 01:07:01,479 [INFO]   Epoch 130/200 | loss 0.1350 | acc 95.20%
2025-12-06 01:08:32,433 [INFO]   Epoch 140/200 | loss 0.1162 | acc 95.93%
2025-12-06 01:10:04,308 [INFO]   Epoch 150/200 | loss 0.1370 | acc 94.91%
2025-12-06 01:11:37,217 [INFO]   Epoch 160/200 | loss 0.1334 | acc 95.11%
2025-12-06 01:13:07,653 [INFO]   Epoch 170/200 | loss 0.0104 | acc 99.80%
2025-12-06 01:14:35,885 [INFO]   Epoch 180/200 | loss 0.0055 | acc 99.90%
2025-12-06 01:16:08,973 [INFO]   Epoch 190/200 | loss 0.0042 | acc 99.94%
2025-12-06 01:17:38,313 [INFO]   Epoch 200/200 | loss 0.0036 | acc 99.98%
2025-12-06 01:17:42,865 [INFO]   >> Test: loss 0.3921 | acc 91.37%
2025-12-06 01:24:04,030 [INFO] Cycle 9/10
2025-12-06 01:24:04,031 [INFO] Labeled set size: 9000, Unlabeled set size: 41000
2025-12-06 01:24:08,118 [INFO]   Epoch   1/200 | loss 0.3429 | acc 88.00%
2025-12-06 01:24:48,252 [INFO]   Epoch  10/200 | loss 0.2303 | acc 91.50%
2025-12-06 01:25:45,651 [INFO]   Epoch  20/200 | loss 0.1999 | acc 92.78%
2025-12-06 01:26:56,846 [INFO]   Epoch  30/200 | loss 0.1999 | acc 92.41%
2025-12-06 01:28:23,706 [INFO]   Epoch  40/200 | loss 0.1791 | acc 93.53%
2025-12-06 01:30:05,468 [INFO]   Epoch  50/200 | loss 0.1626 | acc 94.09%
2025-12-06 01:31:48,810 [INFO]   Epoch  60/200 | loss 0.1593 | acc 94.11%
2025-12-06 01:33:32,170 [INFO]   Epoch  70/200 | loss 0.1695 | acc 93.89%
2025-12-06 01:35:15,710 [INFO]   Epoch  80/200 | loss 0.1477 | acc 94.68%
2025-12-06 01:36:59,011 [INFO]   Epoch  90/200 | loss 0.1703 | acc 94.13%
2025-12-06 01:38:42,496 [INFO]   Epoch 100/200 | loss 0.1624 | acc 94.21%
2025-12-06 01:40:25,614 [INFO]   Epoch 110/200 | loss 0.1669 | acc 94.22%
2025-12-06 01:42:08,513 [INFO]   Epoch 120/200 | loss 0.1419 | acc 94.79%
2025-12-06 01:43:49,500 [INFO]   Epoch 130/200 | loss 0.1562 | acc 94.48%
2025-12-06 01:45:34,801 [INFO]   Epoch 140/200 | loss 0.1491 | acc 94.73%
2025-12-06 01:47:11,328 [INFO]   Epoch 150/200 | loss 0.1735 | acc 93.91%
2025-12-06 01:48:54,370 [INFO]   Epoch 160/200 | loss 0.1558 | acc 94.10%
2025-12-06 01:50:32,895 [INFO]   Epoch 170/200 | loss 0.0106 | acc 99.80%
2025-12-06 01:52:18,181 [INFO]   Epoch 180/200 | loss 0.0064 | acc 99.87%
2025-12-06 01:53:57,109 [INFO]   Epoch 190/200 | loss 0.0045 | acc 99.94%
2025-12-06 01:55:39,728 [INFO]   Epoch 200/200 | loss 0.0036 | acc 99.94%
2025-12-06 01:55:41,760 [INFO]   >> Test: loss 0.3525 | acc 92.44%
2025-12-06 02:02:22,084 [INFO] Cycle 10/10
2025-12-06 02:02:22,084 [INFO] Labeled set size: 10000, Unlabeled set size: 40000
2025-12-06 02:02:26,596 [INFO]   Epoch   1/200 | loss 0.3493 | acc 88.00%
2025-12-06 02:03:07,474 [INFO]   Epoch  10/200 | loss 0.2356 | acc 91.26%
2025-12-06 02:04:11,088 [INFO]   Epoch  20/200 | loss 0.1996 | acc 92.79%
2025-12-06 02:05:25,619 [INFO]   Epoch  30/200 | loss 0.2051 | acc 92.74%
2025-12-06 02:06:56,360 [INFO]   Epoch  40/200 | loss 0.2217 | acc 91.74%
2025-12-06 02:08:49,005 [INFO]   Epoch  50/200 | loss 0.1983 | acc 93.06%
2025-12-06 02:10:43,319 [INFO]   Epoch  60/200 | loss 0.2131 | acc 92.43%
2025-12-06 02:12:38,088 [INFO]   Epoch  70/200 | loss 0.1862 | acc 93.23%
2025-12-06 02:14:31,883 [INFO]   Epoch  80/200 | loss 0.1900 | acc 93.20%
2025-12-06 02:16:25,390 [INFO]   Epoch  90/200 | loss 0.1839 | acc 93.43%
2025-12-06 02:18:18,769 [INFO]   Epoch 100/200 | loss 0.1798 | acc 93.62%
2025-12-06 02:20:13,981 [INFO]   Epoch 110/200 | loss 0.1871 | acc 93.17%
2025-12-06 02:22:09,291 [INFO]   Epoch 120/200 | loss 0.2051 | acc 92.34%
2025-12-06 02:24:04,870 [INFO]   Epoch 130/200 | loss 0.2468 | acc 91.10%
2025-12-06 02:25:59,839 [INFO]   Epoch 140/200 | loss 0.2036 | acc 92.37%
2025-12-06 02:27:54,824 [INFO]   Epoch 150/200 | loss 0.1835 | acc 93.39%
2025-12-06 02:29:48,078 [INFO]   Epoch 160/200 | loss 0.1639 | acc 94.07%
2025-12-06 02:31:40,458 [INFO]   Epoch 170/200 | loss 0.0124 | acc 99.79%
2025-12-06 02:33:33,801 [INFO]   Epoch 180/200 | loss 0.0085 | acc 99.84%
2025-12-06 02:35:28,753 [INFO]   Epoch 190/200 | loss 0.0064 | acc 99.87%
2025-12-06 02:37:23,731 [INFO]   Epoch 200/200 | loss 0.0040 | acc 99.95%
2025-12-06 02:37:28,211 [INFO]   >> Test: loss 0.3368 | acc 93.04%
2025-12-06 02:44:20,651 [INFO] Saved checkpoint to: ./checkpoints/fashionmnist/resnet18_DQN_100.pth
