2025-12-04 23:22:25,095 [INFO] 로그 파일 경로: logs/fashionmnist/DQN_100step_20251204_232225.log
2025-12-04 23:22:25,172 [INFO] Using device: cuda:2
2025-12-04 23:22:30,146 [INFO] Cycle 1/10
2025-12-04 23:22:30,146 [INFO] Labeled set size: 1000, Unlabeled set size: 49000
2025-12-04 23:22:32,682 [INFO]   Epoch   1/200 | loss 5.5296 | acc 13.30%
2025-12-04 23:22:41,650 [INFO]   Epoch  10/200 | loss 1.0338 | acc 59.60%
2025-12-04 23:22:54,261 [INFO]   Epoch  20/200 | loss 0.7210 | acc 71.00%
2025-12-04 23:23:08,951 [INFO]   Epoch  30/200 | loss 0.5774 | acc 77.50%
2025-12-04 23:23:25,010 [INFO]   Epoch  40/200 | loss 0.5265 | acc 80.20%
2025-12-04 23:23:40,181 [INFO]   Epoch  50/200 | loss 0.4289 | acc 83.20%
2025-12-04 23:23:56,182 [INFO]   Epoch  60/200 | loss 0.3910 | acc 84.90%
2025-12-04 23:24:11,718 [INFO]   Epoch  70/200 | loss 0.3879 | acc 84.10%
2025-12-04 23:24:28,531 [INFO]   Epoch  80/200 | loss 0.3324 | acc 86.10%
2025-12-04 23:24:44,040 [INFO]   Epoch  90/200 | loss 0.2606 | acc 89.00%
2025-12-04 23:25:00,324 [INFO]   Epoch 100/200 | loss 0.2228 | acc 90.90%
2025-12-04 23:25:16,185 [INFO]   Epoch 110/200 | loss 0.2141 | acc 91.70%
2025-12-04 23:25:31,902 [INFO]   Epoch 120/200 | loss 0.1956 | acc 92.90%
2025-12-04 23:25:48,100 [INFO]   Epoch 130/200 | loss 0.1720 | acc 93.00%
2025-12-04 23:26:02,887 [INFO]   Epoch 140/200 | loss 0.1680 | acc 92.50%
2025-12-04 23:26:17,494 [INFO]   Epoch 150/200 | loss 0.1857 | acc 92.30%
2025-12-04 23:26:32,847 [INFO]   Epoch 160/200 | loss 0.1124 | acc 95.70%
2025-12-04 23:26:47,801 [INFO]   Epoch 170/200 | loss 0.0411 | acc 99.20%
2025-12-04 23:27:03,561 [INFO]   Epoch 180/200 | loss 0.0355 | acc 99.10%
2025-12-04 23:27:18,476 [INFO]   Epoch 190/200 | loss 0.0291 | acc 99.40%
2025-12-04 23:27:33,292 [INFO]   Epoch 200/200 | loss 0.0305 | acc 99.30%
2025-12-04 23:27:36,936 [INFO]   >> Test: loss 0.8475 | acc 82.01%
2025-12-04 23:35:01,199 [INFO] Cycle 2/10
2025-12-04 23:35:01,199 [INFO] Labeled set size: 2000, Unlabeled set size: 48000
2025-12-04 23:35:03,029 [INFO]   Epoch   1/200 | loss 0.8592 | acc 73.60%
2025-12-04 23:35:19,220 [INFO]   Epoch  10/200 | loss 0.4606 | acc 81.70%
2025-12-04 23:35:39,244 [INFO]   Epoch  20/200 | loss 0.3974 | acc 84.55%
2025-12-04 23:36:02,672 [INFO]   Epoch  30/200 | loss 0.3189 | acc 88.30%
2025-12-04 23:36:30,220 [INFO]   Epoch  40/200 | loss 0.2478 | acc 91.00%
2025-12-04 23:36:58,077 [INFO]   Epoch  50/200 | loss 0.2128 | acc 91.40%
2025-12-04 23:37:26,293 [INFO]   Epoch  60/200 | loss 0.2121 | acc 92.20%
2025-12-04 23:37:55,438 [INFO]   Epoch  70/200 | loss 0.1884 | acc 93.25%
2025-12-04 23:38:23,701 [INFO]   Epoch  80/200 | loss 0.1454 | acc 95.25%
2025-12-04 23:38:52,082 [INFO]   Epoch  90/200 | loss 0.1362 | acc 94.65%
2025-12-04 23:39:20,122 [INFO]   Epoch 100/200 | loss 0.1464 | acc 95.15%
2025-12-04 23:39:48,750 [INFO]   Epoch 110/200 | loss 0.0937 | acc 96.65%
2025-12-04 23:40:16,916 [INFO]   Epoch 120/200 | loss 0.1383 | acc 95.50%
2025-12-04 23:40:45,477 [INFO]   Epoch 130/200 | loss 0.1033 | acc 95.85%
2025-12-04 23:41:12,217 [INFO]   Epoch 140/200 | loss 0.0874 | acc 97.15%
2025-12-04 23:41:39,168 [INFO]   Epoch 150/200 | loss 0.0907 | acc 96.75%
2025-12-04 23:42:07,842 [INFO]   Epoch 160/200 | loss 0.1008 | acc 96.85%
2025-12-04 23:42:36,172 [INFO]   Epoch 170/200 | loss 0.0113 | acc 99.85%
2025-12-04 23:43:03,889 [INFO]   Epoch 180/200 | loss 0.0072 | acc 100.00%
2025-12-04 23:43:32,470 [INFO]   Epoch 190/200 | loss 0.0074 | acc 99.95%
2025-12-04 23:44:00,243 [INFO]   Epoch 200/200 | loss 0.0055 | acc 100.00%
2025-12-04 23:44:05,123 [INFO]   >> Test: loss 0.6200 | acc 86.19%
2025-12-04 23:52:02,060 [INFO] Cycle 3/10
2025-12-04 23:52:02,060 [INFO] Labeled set size: 3000, Unlabeled set size: 47000
2025-12-04 23:52:04,545 [INFO]   Epoch   1/200 | loss 0.7390 | acc 75.17%
2025-12-04 23:52:27,637 [INFO]   Epoch  10/200 | loss 0.3540 | acc 86.93%
2025-12-04 23:52:57,360 [INFO]   Epoch  20/200 | loss 0.2806 | acc 88.43%
2025-12-04 23:53:32,413 [INFO]   Epoch  30/200 | loss 0.2146 | acc 91.80%
2025-12-04 23:54:09,721 [INFO]   Epoch  40/200 | loss 0.2478 | acc 91.03%
2025-12-04 23:54:52,064 [INFO]   Epoch  50/200 | loss 0.1787 | acc 93.20%
2025-12-04 23:55:32,580 [INFO]   Epoch  60/200 | loss 0.1441 | acc 94.47%
2025-12-04 23:56:12,729 [INFO]   Epoch  70/200 | loss 0.1811 | acc 93.10%
2025-12-04 23:56:54,776 [INFO]   Epoch  80/200 | loss 0.1661 | acc 94.23%
2025-12-04 23:57:37,091 [INFO]   Epoch  90/200 | loss 0.1350 | acc 94.63%
2025-12-04 23:58:17,829 [INFO]   Epoch 100/200 | loss 0.1678 | acc 93.63%
2025-12-04 23:59:02,094 [INFO]   Epoch 110/200 | loss 0.1436 | acc 94.93%
2025-12-04 23:59:44,211 [INFO]   Epoch 120/200 | loss 0.1346 | acc 95.17%
2025-12-05 00:00:24,515 [INFO]   Epoch 130/200 | loss 0.0993 | acc 96.83%
2025-12-05 00:01:05,754 [INFO]   Epoch 140/200 | loss 0.1582 | acc 94.77%
2025-12-05 00:01:46,674 [INFO]   Epoch 150/200 | loss 0.0952 | acc 96.80%
2025-12-05 00:02:31,059 [INFO]   Epoch 160/200 | loss 0.1418 | acc 94.83%
2025-12-05 00:03:12,434 [INFO]   Epoch 170/200 | loss 0.0147 | acc 99.77%
2025-12-05 00:03:53,860 [INFO]   Epoch 180/200 | loss 0.0083 | acc 99.97%
2025-12-05 00:04:36,264 [INFO]   Epoch 190/200 | loss 0.0053 | acc 100.00%
2025-12-05 00:05:16,587 [INFO]   Epoch 200/200 | loss 0.0052 | acc 100.00%
2025-12-05 00:05:21,372 [INFO]   >> Test: loss 0.5024 | acc 88.86%
2025-12-05 00:13:34,543 [INFO] Cycle 4/10
2025-12-05 00:13:34,544 [INFO] Labeled set size: 4000, Unlabeled set size: 46000
2025-12-05 00:13:37,717 [INFO]   Epoch   1/200 | loss 0.6592 | acc 78.30%
2025-12-05 00:14:06,343 [INFO]   Epoch  10/200 | loss 0.3206 | acc 88.45%
2025-12-05 00:14:42,542 [INFO]   Epoch  20/200 | loss 0.2999 | acc 89.00%
2025-12-05 00:15:24,941 [INFO]   Epoch  30/200 | loss 0.2301 | acc 91.47%
2025-12-05 00:16:13,379 [INFO]   Epoch  40/200 | loss 0.2250 | acc 91.92%
2025-12-05 00:17:06,937 [INFO]   Epoch  50/200 | loss 0.1907 | acc 93.12%
2025-12-05 00:18:03,774 [INFO]   Epoch  60/200 | loss 0.2372 | acc 91.40%
2025-12-05 00:19:00,752 [INFO]   Epoch  70/200 | loss 0.1426 | acc 94.83%
2025-12-05 00:19:54,781 [INFO]   Epoch  80/200 | loss 0.1274 | acc 95.73%
2025-12-05 00:20:49,973 [INFO]   Epoch  90/200 | loss 0.1557 | acc 94.80%
2025-12-05 00:21:45,501 [INFO]   Epoch 100/200 | loss 0.1623 | acc 94.60%
2025-12-05 00:22:40,490 [INFO]   Epoch 110/200 | loss 0.1874 | acc 93.75%
2025-12-05 00:23:37,789 [INFO]   Epoch 120/200 | loss 0.0800 | acc 97.22%
2025-12-05 00:24:31,009 [INFO]   Epoch 130/200 | loss 0.1652 | acc 94.25%
2025-12-05 00:25:29,545 [INFO]   Epoch 140/200 | loss 0.1086 | acc 96.38%
2025-12-05 00:26:23,803 [INFO]   Epoch 150/200 | loss 0.1605 | acc 94.58%
2025-12-05 00:27:20,520 [INFO]   Epoch 160/200 | loss 0.1556 | acc 94.50%
2025-12-05 00:28:13,981 [INFO]   Epoch 170/200 | loss 0.0169 | acc 99.67%
2025-12-05 00:29:08,586 [INFO]   Epoch 180/200 | loss 0.0090 | acc 99.88%
2025-12-05 00:30:04,783 [INFO]   Epoch 190/200 | loss 0.0054 | acc 100.00%
2025-12-05 00:30:58,967 [INFO]   Epoch 200/200 | loss 0.0049 | acc 99.98%
2025-12-05 00:31:03,662 [INFO]   >> Test: loss 0.3895 | acc 91.04%
2025-12-05 00:39:31,429 [INFO] Cycle 5/10
2025-12-05 00:39:31,430 [INFO] Labeled set size: 5000, Unlabeled set size: 45000
2025-12-05 00:39:35,309 [INFO]   Epoch   1/200 | loss 0.5328 | acc 81.68%
2025-12-05 00:40:10,806 [INFO]   Epoch  10/200 | loss 0.3132 | acc 88.52%
2025-12-05 00:40:58,120 [INFO]   Epoch  20/200 | loss 0.2626 | acc 90.94%
2025-12-05 00:41:50,486 [INFO]   Epoch  30/200 | loss 0.6512 | acc 76.54%
2025-12-05 00:42:51,804 [INFO]   Epoch  40/200 | loss 0.5216 | acc 80.94%
2025-12-05 00:43:58,806 [INFO]   Epoch  50/200 | loss 0.3327 | acc 87.40%
2025-12-05 00:45:07,005 [INFO]   Epoch  60/200 | loss 0.2987 | acc 89.04%
2025-12-05 00:46:14,458 [INFO]   Epoch  70/200 | loss 0.2227 | acc 91.74%
2025-12-05 00:47:26,560 [INFO]   Epoch  80/200 | loss 0.4943 | acc 82.42%
2025-12-05 00:48:34,676 [INFO]   Epoch  90/200 | loss 0.3822 | acc 86.68%
2025-12-05 00:49:43,506 [INFO]   Epoch 100/200 | loss 0.5311 | acc 80.72%
2025-12-05 00:50:53,328 [INFO]   Epoch 110/200 | loss 0.3518 | acc 86.72%
2025-12-05 00:52:03,019 [INFO]   Epoch 120/200 | loss 0.1725 | acc 93.58%
2025-12-05 00:53:11,049 [INFO]   Epoch 130/200 | loss 0.3115 | acc 88.72%
2025-12-05 00:54:20,586 [INFO]   Epoch 140/200 | loss 0.3021 | acc 89.12%
2025-12-05 00:55:32,464 [INFO]   Epoch 150/200 | loss 0.4022 | acc 85.12%
2025-12-05 00:56:41,349 [INFO]   Epoch 160/200 | loss 0.3948 | acc 85.86%
2025-12-05 00:57:50,958 [INFO]   Epoch 170/200 | loss 0.0568 | acc 98.66%
2025-12-05 00:58:59,330 [INFO]   Epoch 180/200 | loss 0.0363 | acc 99.34%
2025-12-05 01:00:09,452 [INFO]   Epoch 190/200 | loss 0.0196 | acc 99.70%
2025-12-05 01:01:15,562 [INFO]   Epoch 200/200 | loss 0.0256 | acc 99.40%
2025-12-05 01:01:21,059 [INFO]   >> Test: loss 0.3637 | acc 91.69%
2025-12-05 01:09:56,721 [INFO] Cycle 6/10
2025-12-05 01:09:56,722 [INFO] Labeled set size: 6000, Unlabeled set size: 44000
2025-12-05 01:10:00,656 [INFO]   Epoch   1/200 | loss 0.4820 | acc 83.95%
2025-12-05 01:10:43,543 [INFO]   Epoch  10/200 | loss 0.2201 | acc 92.18%
2025-12-05 01:11:37,170 [INFO]   Epoch  20/200 | loss 0.2269 | acc 91.70%
2025-12-05 01:12:35,701 [INFO]   Epoch  30/200 | loss 0.1944 | acc 92.95%
2025-12-05 01:13:48,839 [INFO]   Epoch  40/200 | loss 0.1845 | acc 93.52%
2025-12-05 01:15:07,449 [INFO]   Epoch  50/200 | loss 0.2194 | acc 92.13%
2025-12-05 01:16:31,821 [INFO]   Epoch  60/200 | loss 0.1689 | acc 93.97%
2025-12-05 01:17:52,352 [INFO]   Epoch  70/200 | loss 0.1551 | acc 94.60%
2025-12-05 01:19:14,252 [INFO]   Epoch  80/200 | loss 0.2001 | acc 92.95%
2025-12-05 01:20:33,130 [INFO]   Epoch  90/200 | loss 0.1718 | acc 94.07%
2025-12-05 01:21:59,765 [INFO]   Epoch 100/200 | loss 0.1588 | acc 94.55%
2025-12-05 01:23:26,262 [INFO]   Epoch 110/200 | loss 0.1755 | acc 93.72%
2025-12-05 01:24:44,511 [INFO]   Epoch 120/200 | loss 0.1665 | acc 93.73%
2025-12-05 01:26:11,134 [INFO]   Epoch 130/200 | loss 0.1784 | acc 93.58%
2025-12-05 01:27:29,688 [INFO]   Epoch 140/200 | loss 0.1561 | acc 94.50%
2025-12-05 01:28:54,189 [INFO]   Epoch 150/200 | loss 0.1902 | acc 92.93%
2025-12-05 01:30:14,801 [INFO]   Epoch 160/200 | loss 0.1963 | acc 93.27%
2025-12-05 01:31:37,211 [INFO]   Epoch 170/200 | loss 0.0143 | acc 99.82%
2025-12-05 01:33:01,202 [INFO]   Epoch 180/200 | loss 0.0073 | acc 99.98%
2025-12-05 01:34:24,012 [INFO]   Epoch 190/200 | loss 0.0055 | acc 99.97%
2025-12-05 01:35:45,765 [INFO]   Epoch 200/200 | loss 0.0043 | acc 99.97%
2025-12-05 01:35:50,649 [INFO]   >> Test: loss 0.3192 | acc 92.88%
2025-12-05 01:44:40,612 [INFO] Cycle 7/10
2025-12-05 01:44:40,612 [INFO] Labeled set size: 7000, Unlabeled set size: 43000
2025-12-05 01:44:45,540 [INFO]   Epoch   1/200 | loss 0.4443 | acc 84.93%
2025-12-05 01:45:35,707 [INFO]   Epoch  10/200 | loss 0.2428 | acc 91.10%
2025-12-05 01:46:39,568 [INFO]   Epoch  20/200 | loss 0.2194 | acc 92.41%
2025-12-05 01:47:46,682 [INFO]   Epoch  30/200 | loss 0.2218 | acc 91.99%
2025-12-05 01:49:12,244 [INFO]   Epoch  40/200 | loss 0.2033 | acc 92.77%
2025-12-05 01:50:44,635 [INFO]   Epoch  50/200 | loss 0.1784 | acc 93.50%
2025-12-05 01:52:21,931 [INFO]   Epoch  60/200 | loss 0.1723 | acc 93.70%
2025-12-05 01:53:58,669 [INFO]   Epoch  70/200 | loss 0.1923 | acc 93.10%
2025-12-05 01:55:35,857 [INFO]   Epoch  80/200 | loss 0.1801 | acc 93.71%
2025-12-05 01:57:13,441 [INFO]   Epoch  90/200 | loss 0.1812 | acc 93.83%
2025-12-05 01:58:50,059 [INFO]   Epoch 100/200 | loss 0.1901 | acc 93.33%
2025-12-05 02:00:24,344 [INFO]   Epoch 110/200 | loss 0.1921 | acc 93.10%
2025-12-05 02:02:01,222 [INFO]   Epoch 120/200 | loss 0.1796 | acc 93.31%
2025-12-05 02:03:38,486 [INFO]   Epoch 130/200 | loss 0.1992 | acc 92.64%
2025-12-05 02:05:16,758 [INFO]   Epoch 140/200 | loss 0.1986 | acc 92.77%
2025-12-05 02:06:53,367 [INFO]   Epoch 150/200 | loss 0.1628 | acc 94.01%
2025-12-05 02:08:30,087 [INFO]   Epoch 160/200 | loss 0.1735 | acc 93.90%
2025-12-05 02:10:06,177 [INFO]   Epoch 170/200 | loss 0.0125 | acc 99.81%
2025-12-05 02:11:43,090 [INFO]   Epoch 180/200 | loss 0.0069 | acc 99.93%
2025-12-05 02:13:19,821 [INFO]   Epoch 190/200 | loss 0.0045 | acc 100.00%
2025-12-05 02:14:57,399 [INFO]   Epoch 200/200 | loss 0.0037 | acc 100.00%
2025-12-05 02:15:02,620 [INFO]   >> Test: loss 0.2878 | acc 93.56%
2025-12-05 02:22:17,161 [INFO] Cycle 8/10
2025-12-05 02:22:17,161 [INFO] Labeled set size: 8000, Unlabeled set size: 42000
2025-12-05 02:22:20,807 [INFO]   Epoch   1/200 | loss 0.3751 | acc 86.99%
2025-12-05 02:22:59,525 [INFO]   Epoch  10/200 | loss 0.2284 | acc 91.64%
2025-12-05 02:23:54,106 [INFO]   Epoch  20/200 | loss 0.2052 | acc 92.20%
2025-12-05 02:25:00,317 [INFO]   Epoch  30/200 | loss 0.2366 | acc 91.27%
2025-12-05 02:26:19,183 [INFO]   Epoch  40/200 | loss 0.2062 | acc 92.76%
2025-12-05 02:27:47,457 [INFO]   Epoch  50/200 | loss 0.1829 | acc 93.51%
2025-12-05 02:29:22,802 [INFO]   Epoch  60/200 | loss 0.2130 | acc 92.40%
2025-12-05 02:30:49,491 [INFO]   Epoch  70/200 | loss 0.1830 | acc 93.56%
2025-12-05 02:32:16,265 [INFO]   Epoch  80/200 | loss 0.1923 | acc 93.08%
2025-12-05 02:33:42,786 [INFO]   Epoch  90/200 | loss 0.1941 | acc 93.08%
2025-12-05 02:35:10,035 [INFO]   Epoch 100/200 | loss 0.2113 | acc 92.76%
2025-12-05 02:36:36,230 [INFO]   Epoch 110/200 | loss 0.1885 | acc 93.24%
2025-12-05 02:38:08,238 [INFO]   Epoch 120/200 | loss 0.1870 | acc 93.31%
2025-12-05 02:39:37,832 [INFO]   Epoch 130/200 | loss 0.2031 | acc 93.10%
2025-12-05 02:41:09,933 [INFO]   Epoch 140/200 | loss 0.1834 | acc 93.21%
2025-12-05 02:42:42,093 [INFO]   Epoch 150/200 | loss 0.1767 | acc 93.62%
2025-12-05 02:44:12,551 [INFO]   Epoch 160/200 | loss 0.1783 | acc 93.77%
2025-12-05 02:45:42,610 [INFO]   Epoch 170/200 | loss 0.0134 | acc 99.79%
2025-12-05 02:47:19,018 [INFO]   Epoch 180/200 | loss 0.0077 | acc 99.91%
2025-12-05 02:48:46,231 [INFO]   Epoch 190/200 | loss 0.0053 | acc 99.95%
2025-12-05 02:50:18,588 [INFO]   Epoch 200/200 | loss 0.0039 | acc 99.98%
2025-12-05 02:50:22,752 [INFO]   >> Test: loss 0.2877 | acc 93.85%
2025-12-05 02:57:06,847 [INFO] Cycle 9/10
2025-12-05 02:57:06,848 [INFO] Labeled set size: 9000, Unlabeled set size: 41000
2025-12-05 02:57:11,036 [INFO]   Epoch   1/200 | loss 0.4273 | acc 84.90%
2025-12-05 02:57:50,495 [INFO]   Epoch  10/200 | loss 0.2774 | acc 89.89%
2025-12-05 02:58:51,525 [INFO]   Epoch  20/200 | loss 0.2403 | acc 91.04%
2025-12-05 02:59:54,128 [INFO]   Epoch  30/200 | loss 0.2195 | acc 92.06%
2025-12-05 03:01:19,659 [INFO]   Epoch  40/200 | loss 0.2060 | acc 92.41%
2025-12-05 03:02:53,262 [INFO]   Epoch  50/200 | loss 0.2017 | acc 92.66%
2025-12-05 03:04:40,212 [INFO]   Epoch  60/200 | loss 0.2260 | acc 91.49%
2025-12-05 03:06:17,642 [INFO]   Epoch  70/200 | loss 0.2211 | acc 91.72%
2025-12-05 03:08:02,780 [INFO]   Epoch  80/200 | loss 0.2083 | acc 92.39%
2025-12-05 03:09:39,320 [INFO]   Epoch  90/200 | loss 0.2208 | acc 92.14%
2025-12-05 03:11:22,945 [INFO]   Epoch 100/200 | loss 0.2069 | acc 92.36%
2025-12-05 03:13:01,632 [INFO]   Epoch 110/200 | loss 0.2270 | acc 91.68%
2025-12-05 03:14:41,561 [INFO]   Epoch 120/200 | loss 0.1778 | acc 93.60%
2025-12-05 03:16:25,686 [INFO]   Epoch 130/200 | loss 0.1946 | acc 93.13%
2025-12-05 03:18:07,106 [INFO]   Epoch 140/200 | loss 0.2122 | acc 92.27%
2025-12-05 03:19:48,745 [INFO]   Epoch 150/200 | loss 0.1890 | acc 93.36%
2025-12-05 03:21:34,836 [INFO]   Epoch 160/200 | loss 0.2091 | acc 92.33%
2025-12-05 03:23:22,837 [INFO]   Epoch 170/200 | loss 0.0147 | acc 99.78%
2025-12-05 03:25:03,673 [INFO]   Epoch 180/200 | loss 0.0076 | acc 99.92%
2025-12-05 03:26:44,848 [INFO]   Epoch 190/200 | loss 0.0050 | acc 99.96%
2025-12-05 03:28:30,865 [INFO]   Epoch 200/200 | loss 0.0040 | acc 99.98%
2025-12-05 03:28:35,289 [INFO]   >> Test: loss 0.2735 | acc 94.28%
2025-12-05 03:35:34,682 [INFO] Cycle 10/10
2025-12-05 03:35:34,683 [INFO] Labeled set size: 10000, Unlabeled set size: 40000
2025-12-05 03:35:39,278 [INFO]   Epoch   1/200 | loss 0.4025 | acc 85.28%
2025-12-05 03:36:21,139 [INFO]   Epoch  10/200 | loss 0.2992 | acc 88.95%
2025-12-05 03:37:24,463 [INFO]   Epoch  20/200 | loss 0.2401 | acc 90.90%
2025-12-05 03:38:28,060 [INFO]   Epoch  30/200 | loss 0.2577 | acc 90.25%
2025-12-05 03:39:50,759 [INFO]   Epoch  40/200 | loss 0.2855 | acc 89.30%
2025-12-05 03:41:32,153 [INFO]   Epoch  50/200 | loss 0.2443 | acc 91.39%
2025-12-05 03:43:30,676 [INFO]   Epoch  60/200 | loss 0.2333 | acc 91.45%
2025-12-05 03:45:22,081 [INFO]   Epoch  70/200 | loss 0.2769 | acc 89.65%
2025-12-05 03:47:15,042 [INFO]   Epoch  80/200 | loss 0.2617 | acc 90.13%
2025-12-05 03:49:14,068 [INFO]   Epoch  90/200 | loss 0.2790 | acc 89.87%
2025-12-05 03:51:13,314 [INFO]   Epoch 100/200 | loss 0.3670 | acc 86.30%
2025-12-05 03:53:12,952 [INFO]   Epoch 110/200 | loss 0.2699 | acc 90.04%
2025-12-05 03:55:13,173 [INFO]   Epoch 120/200 | loss 0.2427 | acc 90.89%
2025-12-05 03:57:08,031 [INFO]   Epoch 130/200 | loss 0.3108 | acc 88.32%
2025-12-05 03:59:00,826 [INFO]   Epoch 140/200 | loss 0.2544 | acc 90.62%
2025-12-05 04:00:54,433 [INFO]   Epoch 150/200 | loss 0.2647 | acc 90.19%
2025-12-05 04:02:52,761 [INFO]   Epoch 160/200 | loss 0.3147 | acc 88.07%
2025-12-05 04:04:47,184 [INFO]   Epoch 170/200 | loss 0.0188 | acc 99.62%
2025-12-05 04:06:40,092 [INFO]   Epoch 180/200 | loss 0.0108 | acc 99.81%
2025-12-05 04:08:40,416 [INFO]   Epoch 190/200 | loss 0.0107 | acc 99.79%
2025-12-05 04:10:40,026 [INFO]   Epoch 200/200 | loss 0.0071 | acc 99.89%
2025-12-05 04:10:44,526 [INFO]   >> Test: loss 0.2765 | acc 94.35%
2025-12-05 04:17:57,057 [INFO] Saved checkpoint to: ./checkpoints/fashionmnist/resnet18_DQN_100.pth
