2025-12-04 23:22:28,909 [INFO] 로그 파일 경로: logs/fashionmnist/DQN_300step_20251204_232228.log
2025-12-04 23:22:28,979 [INFO] Using device: cuda:2
2025-12-04 23:22:38,616 [INFO] Cycle 1/10
2025-12-04 23:22:38,616 [INFO] Labeled set size: 1000, Unlabeled set size: 49000
2025-12-04 23:22:42,131 [INFO]   Epoch   1/200 | loss 5.5296 | acc 13.30%
2025-12-04 23:22:56,026 [INFO]   Epoch  10/200 | loss 1.0338 | acc 59.60%
2025-12-04 23:23:14,641 [INFO]   Epoch  20/200 | loss 0.7210 | acc 71.00%
2025-12-04 23:23:34,312 [INFO]   Epoch  30/200 | loss 0.5774 | acc 77.50%
2025-12-04 23:23:53,515 [INFO]   Epoch  40/200 | loss 0.5265 | acc 80.20%
2025-12-04 23:24:12,560 [INFO]   Epoch  50/200 | loss 0.4289 | acc 83.20%
2025-12-04 23:24:32,913 [INFO]   Epoch  60/200 | loss 0.3910 | acc 84.90%
2025-12-04 23:24:51,775 [INFO]   Epoch  70/200 | loss 0.3879 | acc 84.10%
2025-12-04 23:25:10,681 [INFO]   Epoch  80/200 | loss 0.3324 | acc 86.10%
2025-12-04 23:25:30,152 [INFO]   Epoch  90/200 | loss 0.2606 | acc 89.00%
2025-12-04 23:25:48,199 [INFO]   Epoch 100/200 | loss 0.2228 | acc 90.90%
2025-12-04 23:26:06,617 [INFO]   Epoch 110/200 | loss 0.2141 | acc 91.70%
2025-12-04 23:26:25,860 [INFO]   Epoch 120/200 | loss 0.1956 | acc 92.90%
2025-12-04 23:26:44,087 [INFO]   Epoch 130/200 | loss 0.1720 | acc 93.00%
2025-12-04 23:27:02,512 [INFO]   Epoch 140/200 | loss 0.1680 | acc 92.50%
2025-12-04 23:27:20,569 [INFO]   Epoch 150/200 | loss 0.1857 | acc 92.30%
2025-12-04 23:27:38,560 [INFO]   Epoch 160/200 | loss 0.1124 | acc 95.70%
2025-12-04 23:27:54,005 [INFO]   Epoch 170/200 | loss 0.0411 | acc 99.20%
2025-12-04 23:28:08,446 [INFO]   Epoch 180/200 | loss 0.0355 | acc 99.10%
2025-12-04 23:28:21,691 [INFO]   Epoch 190/200 | loss 0.0291 | acc 99.40%
2025-12-04 23:28:33,577 [INFO]   Epoch 200/200 | loss 0.0305 | acc 99.30%
2025-12-04 23:28:36,000 [INFO]   >> Test: loss 0.8475 | acc 82.01%
2025-12-04 23:36:12,343 [INFO] Cycle 2/10
2025-12-04 23:36:12,364 [INFO] Labeled set size: 2000, Unlabeled set size: 48000
2025-12-04 23:36:15,136 [INFO]   Epoch   1/200 | loss 0.8592 | acc 73.60%
2025-12-04 23:36:42,437 [INFO]   Epoch  10/200 | loss 0.4606 | acc 81.70%
2025-12-04 23:37:13,536 [INFO]   Epoch  20/200 | loss 0.3974 | acc 84.55%
2025-12-04 23:37:45,522 [INFO]   Epoch  30/200 | loss 0.3189 | acc 88.30%
2025-12-04 23:38:14,425 [INFO]   Epoch  40/200 | loss 0.2478 | acc 91.00%
2025-12-04 23:38:46,052 [INFO]   Epoch  50/200 | loss 0.2128 | acc 91.40%
2025-12-04 23:39:16,800 [INFO]   Epoch  60/200 | loss 0.2121 | acc 92.20%
2025-12-04 23:39:49,108 [INFO]   Epoch  70/200 | loss 0.1884 | acc 93.25%
2025-12-04 23:40:20,346 [INFO]   Epoch  80/200 | loss 0.1454 | acc 95.25%
2025-12-04 23:40:51,829 [INFO]   Epoch  90/200 | loss 0.1362 | acc 94.65%
2025-12-04 23:41:22,743 [INFO]   Epoch 100/200 | loss 0.1464 | acc 95.15%
2025-12-04 23:41:55,349 [INFO]   Epoch 110/200 | loss 0.0937 | acc 96.65%
2025-12-04 23:42:27,018 [INFO]   Epoch 120/200 | loss 0.1383 | acc 95.50%
2025-12-04 23:42:57,744 [INFO]   Epoch 130/200 | loss 0.1033 | acc 95.85%
2025-12-04 23:43:29,732 [INFO]   Epoch 140/200 | loss 0.0874 | acc 97.15%
2025-12-04 23:44:00,288 [INFO]   Epoch 150/200 | loss 0.0907 | acc 96.75%
2025-12-04 23:44:28,828 [INFO]   Epoch 160/200 | loss 0.1008 | acc 96.85%
2025-12-04 23:44:53,436 [INFO]   Epoch 170/200 | loss 0.0113 | acc 99.85%
2025-12-04 23:45:16,913 [INFO]   Epoch 180/200 | loss 0.0072 | acc 100.00%
2025-12-04 23:45:35,566 [INFO]   Epoch 190/200 | loss 0.0074 | acc 99.95%
2025-12-04 23:45:53,216 [INFO]   Epoch 200/200 | loss 0.0055 | acc 100.00%
2025-12-04 23:45:55,848 [INFO]   >> Test: loss 0.6200 | acc 86.19%
2025-12-04 23:54:08,150 [INFO] Cycle 3/10
2025-12-04 23:54:08,150 [INFO] Labeled set size: 3000, Unlabeled set size: 47000
2025-12-04 23:54:12,260 [INFO]   Epoch   1/200 | loss 0.7429 | acc 75.90%
2025-12-04 23:54:49,529 [INFO]   Epoch  10/200 | loss 0.4159 | acc 83.70%
2025-12-04 23:55:31,877 [INFO]   Epoch  20/200 | loss 0.3399 | acc 87.13%
2025-12-04 23:56:17,077 [INFO]   Epoch  30/200 | loss 0.2005 | acc 92.37%
2025-12-04 23:57:01,976 [INFO]   Epoch  40/200 | loss 0.1786 | acc 93.37%
2025-12-04 23:57:47,017 [INFO]   Epoch  50/200 | loss 0.2149 | acc 92.43%
2025-12-04 23:58:31,353 [INFO]   Epoch  60/200 | loss 0.1597 | acc 93.87%
2025-12-04 23:59:17,154 [INFO]   Epoch  70/200 | loss 0.1440 | acc 94.47%
2025-12-05 00:00:02,957 [INFO]   Epoch  80/200 | loss 0.1434 | acc 94.93%
2025-12-05 00:00:48,442 [INFO]   Epoch  90/200 | loss 0.1585 | acc 93.73%
2025-12-05 00:01:32,854 [INFO]   Epoch 100/200 | loss 0.1409 | acc 94.80%
2025-12-05 00:02:18,306 [INFO]   Epoch 110/200 | loss 0.1171 | acc 95.50%
2025-12-05 00:03:03,496 [INFO]   Epoch 120/200 | loss 0.1225 | acc 95.70%
2025-12-05 00:03:48,164 [INFO]   Epoch 130/200 | loss 0.1248 | acc 95.63%
2025-12-05 00:04:32,391 [INFO]   Epoch 140/200 | loss 0.1159 | acc 95.90%
2025-12-05 00:05:16,498 [INFO]   Epoch 150/200 | loss 0.1168 | acc 95.77%
2025-12-05 00:05:55,583 [INFO]   Epoch 160/200 | loss 0.1399 | acc 95.20%
2025-12-05 00:06:27,679 [INFO]   Epoch 170/200 | loss 0.0126 | acc 99.83%
2025-12-05 00:07:00,566 [INFO]   Epoch 180/200 | loss 0.0071 | acc 99.93%
2025-12-05 00:07:25,275 [INFO]   Epoch 190/200 | loss 0.0060 | acc 99.93%
2025-12-05 00:07:49,529 [INFO]   Epoch 200/200 | loss 0.0051 | acc 100.00%
2025-12-05 00:07:52,369 [INFO]   >> Test: loss 0.4774 | acc 88.78%
2025-12-05 00:16:26,027 [INFO] Cycle 4/10
2025-12-05 00:16:26,028 [INFO] Labeled set size: 4000, Unlabeled set size: 46000
2025-12-05 00:16:31,665 [INFO]   Epoch   1/200 | loss 0.6303 | acc 79.20%
2025-12-05 00:17:22,664 [INFO]   Epoch  10/200 | loss 0.3034 | acc 89.22%
2025-12-05 00:18:21,446 [INFO]   Epoch  20/200 | loss 0.2228 | acc 92.33%
2025-12-05 00:19:19,804 [INFO]   Epoch  30/200 | loss 0.2868 | acc 89.53%
2025-12-05 00:20:17,388 [INFO]   Epoch  40/200 | loss 0.1767 | acc 93.53%
2025-12-05 00:21:15,864 [INFO]   Epoch  50/200 | loss 0.1542 | acc 94.65%
2025-12-05 00:22:15,128 [INFO]   Epoch  60/200 | loss 0.1344 | acc 95.00%
2025-12-05 00:23:13,973 [INFO]   Epoch  70/200 | loss 0.1384 | acc 94.95%
2025-12-05 00:24:12,997 [INFO]   Epoch  80/200 | loss 0.2340 | acc 91.25%
2025-12-05 00:25:11,628 [INFO]   Epoch  90/200 | loss 0.1641 | acc 93.70%
2025-12-05 00:26:10,112 [INFO]   Epoch 100/200 | loss 0.1526 | acc 94.65%
2025-12-05 00:27:08,851 [INFO]   Epoch 110/200 | loss 0.1273 | acc 95.47%
2025-12-05 00:28:07,857 [INFO]   Epoch 120/200 | loss 0.1345 | acc 95.33%
2025-12-05 00:29:06,733 [INFO]   Epoch 130/200 | loss 0.1910 | acc 93.42%
2025-12-05 00:30:05,154 [INFO]   Epoch 140/200 | loss 0.1387 | acc 95.30%
2025-12-05 00:31:02,917 [INFO]   Epoch 150/200 | loss 0.1426 | acc 95.20%
2025-12-05 00:31:53,536 [INFO]   Epoch 160/200 | loss 0.1170 | acc 96.20%
2025-12-05 00:32:38,840 [INFO]   Epoch 170/200 | loss 0.0107 | acc 99.90%
2025-12-05 00:33:20,301 [INFO]   Epoch 180/200 | loss 0.0069 | acc 100.00%
2025-12-05 00:33:51,851 [INFO]   Epoch 190/200 | loss 0.0053 | acc 99.98%
2025-12-05 00:34:23,565 [INFO]   Epoch 200/200 | loss 0.0043 | acc 99.95%
2025-12-05 00:34:26,293 [INFO]   >> Test: loss 0.4021 | acc 90.51%
2025-12-05 00:43:12,961 [INFO] Cycle 5/10
2025-12-05 00:43:12,962 [INFO] Labeled set size: 5000, Unlabeled set size: 45000
2025-12-05 00:43:20,053 [INFO]   Epoch   1/200 | loss 0.5166 | acc 81.82%
2025-12-05 00:44:21,804 [INFO]   Epoch  10/200 | loss 0.3610 | acc 86.08%
2025-12-05 00:45:31,348 [INFO]   Epoch  20/200 | loss 0.3945 | acc 85.94%
2025-12-05 00:46:43,444 [INFO]   Epoch  30/200 | loss 0.2849 | acc 89.04%
2025-12-05 00:47:55,460 [INFO]   Epoch  40/200 | loss 0.5494 | acc 80.06%
2025-12-05 00:49:06,869 [INFO]   Epoch  50/200 | loss 0.2711 | acc 89.58%
2025-12-05 00:50:17,521 [INFO]   Epoch  60/200 | loss 0.3936 | acc 85.46%
2025-12-05 00:51:29,242 [INFO]   Epoch  70/200 | loss 0.2324 | acc 91.58%
2025-12-05 00:52:40,769 [INFO]   Epoch  80/200 | loss 0.2459 | acc 91.74%
2025-12-05 00:53:52,033 [INFO]   Epoch  90/200 | loss 0.3370 | acc 88.00%
2025-12-05 00:55:03,701 [INFO]   Epoch 100/200 | loss 0.2569 | acc 90.68%
2025-12-05 00:56:16,111 [INFO]   Epoch 110/200 | loss 0.2175 | acc 92.32%
2025-12-05 00:57:29,179 [INFO]   Epoch 120/200 | loss 0.2267 | acc 91.96%
2025-12-05 00:58:41,653 [INFO]   Epoch 130/200 | loss 0.2589 | acc 90.68%
2025-12-05 00:59:54,822 [INFO]   Epoch 140/200 | loss 0.2817 | acc 90.02%
2025-12-05 01:01:08,169 [INFO]   Epoch 150/200 | loss 0.2308 | acc 91.80%
2025-12-05 01:02:11,877 [INFO]   Epoch 160/200 | loss 0.1668 | acc 93.82%
2025-12-05 01:03:07,031 [INFO]   Epoch 170/200 | loss 0.0288 | acc 99.46%
2025-12-05 01:03:59,905 [INFO]   Epoch 180/200 | loss 0.0326 | acc 99.18%
2025-12-05 01:04:39,364 [INFO]   Epoch 190/200 | loss 0.0133 | acc 99.80%
2025-12-05 01:05:17,147 [INFO]   Epoch 200/200 | loss 0.0276 | acc 99.40%
2025-12-05 01:05:20,115 [INFO]   >> Test: loss 0.3737 | acc 91.77%
2025-12-05 01:14:22,280 [INFO] Cycle 6/10
2025-12-05 01:14:22,280 [INFO] Labeled set size: 6000, Unlabeled set size: 44000
2025-12-05 01:14:30,503 [INFO]   Epoch   1/200 | loss 0.4393 | acc 85.03%
2025-12-05 01:15:45,163 [INFO]   Epoch  10/200 | loss 0.2624 | acc 90.47%
2025-12-05 01:17:06,089 [INFO]   Epoch  20/200 | loss 0.2284 | acc 91.42%
2025-12-05 01:18:32,803 [INFO]   Epoch  30/200 | loss 0.1957 | acc 92.82%
2025-12-05 01:19:58,495 [INFO]   Epoch  40/200 | loss 0.2070 | acc 92.30%
2025-12-05 01:21:25,230 [INFO]   Epoch  50/200 | loss 0.1750 | acc 93.68%
2025-12-05 01:22:51,816 [INFO]   Epoch  60/200 | loss 0.1798 | acc 93.45%
2025-12-05 01:24:18,516 [INFO]   Epoch  70/200 | loss 0.1691 | acc 93.90%
2025-12-05 01:25:45,596 [INFO]   Epoch  80/200 | loss 0.1643 | acc 93.95%
2025-12-05 01:27:12,103 [INFO]   Epoch  90/200 | loss 0.1804 | acc 93.20%
2025-12-05 01:28:38,491 [INFO]   Epoch 100/200 | loss 0.1602 | acc 94.23%
2025-12-05 01:30:03,488 [INFO]   Epoch 110/200 | loss 0.1786 | acc 93.73%
2025-12-05 01:31:28,505 [INFO]   Epoch 120/200 | loss 0.1722 | acc 94.03%
2025-12-05 01:32:52,868 [INFO]   Epoch 130/200 | loss 0.1870 | acc 93.37%
2025-12-05 01:34:17,128 [INFO]   Epoch 140/200 | loss 0.1398 | acc 94.95%
2025-12-05 01:35:41,330 [INFO]   Epoch 150/200 | loss 0.1249 | acc 95.80%
2025-12-05 01:36:54,261 [INFO]   Epoch 160/200 | loss 0.1841 | acc 93.75%
2025-12-05 01:38:00,909 [INFO]   Epoch 170/200 | loss 0.0119 | acc 99.93%
2025-12-05 01:39:04,001 [INFO]   Epoch 180/200 | loss 0.0068 | acc 99.97%
2025-12-05 01:39:52,045 [INFO]   Epoch 190/200 | loss 0.0050 | acc 100.00%
2025-12-05 01:40:36,460 [INFO]   Epoch 200/200 | loss 0.0041 | acc 99.97%
2025-12-05 01:40:39,331 [INFO]   >> Test: loss 0.3196 | acc 92.70%
2025-12-05 01:49:49,278 [INFO] Cycle 7/10
2025-12-05 01:49:49,278 [INFO] Labeled set size: 7000, Unlabeled set size: 43000
2025-12-05 01:49:58,872 [INFO]   Epoch   1/200 | loss 0.4940 | acc 82.76%
2025-12-05 01:51:25,292 [INFO]   Epoch  10/200 | loss 0.2467 | acc 91.14%
2025-12-05 01:53:02,521 [INFO]   Epoch  20/200 | loss 0.2045 | acc 92.63%
2025-12-05 01:54:40,277 [INFO]   Epoch  30/200 | loss 0.1872 | acc 93.29%
2025-12-05 01:56:16,628 [INFO]   Epoch  40/200 | loss 0.2012 | acc 92.94%
2025-12-05 01:57:53,541 [INFO]   Epoch  50/200 | loss 0.1925 | acc 93.09%
2025-12-05 01:59:33,197 [INFO]   Epoch  60/200 | loss 0.1943 | acc 93.01%
2025-12-05 02:01:11,125 [INFO]   Epoch  70/200 | loss 0.2005 | acc 92.81%
2025-12-05 02:02:48,996 [INFO]   Epoch  80/200 | loss 0.1756 | acc 93.74%
2025-12-05 02:04:27,880 [INFO]   Epoch  90/200 | loss 0.1942 | acc 92.90%
2025-12-05 02:06:06,016 [INFO]   Epoch 100/200 | loss 0.1744 | acc 93.76%
2025-12-05 02:07:43,570 [INFO]   Epoch 110/200 | loss 0.1899 | acc 93.13%
2025-12-05 02:09:21,337 [INFO]   Epoch 120/200 | loss 0.1578 | acc 94.31%
2025-12-05 02:10:59,417 [INFO]   Epoch 130/200 | loss 0.1943 | acc 93.06%
2025-12-05 02:12:36,556 [INFO]   Epoch 140/200 | loss 0.1857 | acc 93.36%
2025-12-05 02:14:13,357 [INFO]   Epoch 150/200 | loss 0.1819 | acc 93.30%
2025-12-05 02:15:44,177 [INFO]   Epoch 160/200 | loss 0.1807 | acc 93.50%
2025-12-05 02:17:00,864 [INFO]   Epoch 170/200 | loss 0.0130 | acc 99.81%
2025-12-05 02:18:16,308 [INFO]   Epoch 180/200 | loss 0.0088 | acc 99.87%
2025-12-05 02:19:10,368 [INFO]   Epoch 190/200 | loss 0.0054 | acc 99.94%
2025-12-05 02:19:44,932 [INFO]   Epoch 200/200 | loss 0.0035 | acc 99.99%
2025-12-05 02:19:46,752 [INFO]   >> Test: loss 0.3023 | acc 93.26%
2025-12-05 02:26:18,504 [INFO] Cycle 8/10
2025-12-05 02:26:18,505 [INFO] Labeled set size: 8000, Unlabeled set size: 42000
2025-12-05 02:26:27,120 [INFO]   Epoch   1/200 | loss 0.4212 | acc 84.89%
2025-12-05 02:27:47,272 [INFO]   Epoch  10/200 | loss 0.2621 | acc 90.42%
2025-12-05 02:29:23,057 [INFO]   Epoch  20/200 | loss 0.2323 | acc 91.47%
2025-12-05 02:30:58,847 [INFO]   Epoch  30/200 | loss 0.2397 | acc 91.11%
2025-12-05 02:32:35,197 [INFO]   Epoch  40/200 | loss 0.2149 | acc 92.19%
2025-12-05 02:34:11,670 [INFO]   Epoch  50/200 | loss 0.1998 | acc 92.62%
2025-12-05 02:35:48,220 [INFO]   Epoch  60/200 | loss 0.2088 | acc 92.44%
2025-12-05 02:37:23,716 [INFO]   Epoch  70/200 | loss 0.2221 | acc 92.16%
2025-12-05 02:38:58,381 [INFO]   Epoch  80/200 | loss 0.1964 | acc 92.94%
2025-12-05 02:40:32,627 [INFO]   Epoch  90/200 | loss 0.1966 | acc 92.81%
2025-12-05 02:42:05,880 [INFO]   Epoch 100/200 | loss 0.2207 | acc 92.06%
2025-12-05 02:43:38,945 [INFO]   Epoch 110/200 | loss 0.2077 | acc 92.33%
2025-12-05 02:45:13,100 [INFO]   Epoch 120/200 | loss 0.2061 | acc 92.73%
2025-12-05 02:46:40,734 [INFO]   Epoch 130/200 | loss 0.1809 | acc 93.36%
2025-12-05 02:48:16,619 [INFO]   Epoch 140/200 | loss 0.2171 | acc 92.12%
2025-12-05 02:49:50,945 [INFO]   Epoch 150/200 | loss 0.1852 | acc 93.56%
2025-12-05 02:51:15,699 [INFO]   Epoch 160/200 | loss 0.1854 | acc 93.27%
2025-12-05 02:52:23,274 [INFO]   Epoch 170/200 | loss 0.0106 | acc 99.91%
2025-12-05 02:53:25,830 [INFO]   Epoch 180/200 | loss 0.0087 | acc 99.86%
2025-12-05 02:54:20,026 [INFO]   Epoch 190/200 | loss 0.0053 | acc 99.95%
2025-12-05 02:54:58,776 [INFO]   Epoch 200/200 | loss 0.0046 | acc 99.98%
2025-12-05 02:55:00,585 [INFO]   >> Test: loss 0.2958 | acc 93.67%
2025-12-05 03:01:37,730 [INFO] Cycle 9/10
2025-12-05 03:01:37,730 [INFO] Labeled set size: 9000, Unlabeled set size: 41000
2025-12-05 03:01:48,314 [INFO]   Epoch   1/200 | loss 0.4018 | acc 85.33%
2025-12-05 03:03:25,460 [INFO]   Epoch  10/200 | loss 0.2588 | acc 90.46%
2025-12-05 03:05:12,500 [INFO]   Epoch  20/200 | loss 0.2395 | acc 91.11%
2025-12-05 03:06:59,091 [INFO]   Epoch  30/200 | loss 0.1957 | acc 92.87%
2025-12-05 03:08:45,533 [INFO]   Epoch  40/200 | loss 0.2117 | acc 92.11%
2025-12-05 03:10:32,589 [INFO]   Epoch  50/200 | loss 0.2286 | acc 91.31%
2025-12-05 03:12:18,727 [INFO]   Epoch  60/200 | loss 0.2290 | acc 91.29%
2025-12-05 03:14:06,418 [INFO]   Epoch  70/200 | loss 0.2152 | acc 92.10%
2025-12-05 03:15:53,534 [INFO]   Epoch  80/200 | loss 0.2164 | acc 92.10%
2025-12-05 03:17:40,969 [INFO]   Epoch  90/200 | loss 0.2081 | acc 92.66%
2025-12-05 03:19:27,608 [INFO]   Epoch 100/200 | loss 0.2234 | acc 91.69%
2025-12-05 03:21:13,680 [INFO]   Epoch 110/200 | loss 0.2100 | acc 92.29%
2025-12-05 03:23:01,423 [INFO]   Epoch 120/200 | loss 0.2288 | acc 91.68%
2025-12-05 03:24:48,082 [INFO]   Epoch 130/200 | loss 0.2162 | acc 91.94%
2025-12-05 03:26:34,036 [INFO]   Epoch 140/200 | loss 0.1859 | acc 93.21%
2025-12-05 03:28:20,071 [INFO]   Epoch 150/200 | loss 0.1894 | acc 93.31%
2025-12-05 03:29:52,950 [INFO]   Epoch 160/200 | loss 0.2141 | acc 92.21%
2025-12-05 03:31:08,655 [INFO]   Epoch 170/200 | loss 0.0128 | acc 99.80%
2025-12-05 03:32:23,709 [INFO]   Epoch 180/200 | loss 0.0070 | acc 99.96%
2025-12-05 03:33:19,348 [INFO]   Epoch 190/200 | loss 0.0060 | acc 99.94%
2025-12-05 03:34:02,180 [INFO]   Epoch 200/200 | loss 0.0047 | acc 99.96%
2025-12-05 03:34:03,998 [INFO]   >> Test: loss 0.2708 | acc 94.30%
2025-12-05 03:41:08,056 [INFO] Cycle 10/10
2025-12-05 03:41:08,057 [INFO] Labeled set size: 10000, Unlabeled set size: 40000
2025-12-05 03:41:20,021 [INFO]   Epoch   1/200 | loss 0.3829 | acc 86.51%
2025-12-05 03:43:06,879 [INFO]   Epoch  10/200 | loss 0.2756 | acc 89.92%
2025-12-05 03:45:05,464 [INFO]   Epoch  20/200 | loss 0.2529 | acc 90.67%
2025-12-05 03:47:03,147 [INFO]   Epoch  30/200 | loss 0.3056 | acc 88.54%
2025-12-05 03:49:02,178 [INFO]   Epoch  40/200 | loss 0.2453 | acc 91.00%
2025-12-05 03:51:01,536 [INFO]   Epoch  50/200 | loss 0.2770 | acc 89.74%
2025-12-05 03:53:01,090 [INFO]   Epoch  60/200 | loss 0.2468 | acc 90.89%
2025-12-05 03:55:01,180 [INFO]   Epoch  70/200 | loss 0.2327 | acc 91.55%
2025-12-05 03:57:00,892 [INFO]   Epoch  80/200 | loss 0.2587 | acc 90.28%
2025-12-05 03:58:57,423 [INFO]   Epoch  90/200 | loss 0.2486 | acc 91.05%
2025-12-05 04:00:53,901 [INFO]   Epoch 100/200 | loss 0.2119 | acc 92.54%
2025-12-05 04:02:52,793 [INFO]   Epoch 110/200 | loss 0.2235 | acc 91.98%
2025-12-05 04:04:52,698 [INFO]   Epoch 120/200 | loss 0.2305 | acc 91.57%
2025-12-05 04:06:52,103 [INFO]   Epoch 130/200 | loss 0.2808 | acc 89.77%
2025-12-05 04:08:52,506 [INFO]   Epoch 140/200 | loss 0.2546 | acc 90.97%
2025-12-05 04:10:50,827 [INFO]   Epoch 150/200 | loss 0.2542 | acc 90.79%
2025-12-05 04:12:25,994 [INFO]   Epoch 160/200 | loss 0.2025 | acc 92.79%
2025-12-05 04:13:50,155 [INFO]   Epoch 170/200 | loss 0.0173 | acc 99.61%
2025-12-05 04:15:13,573 [INFO]   Epoch 180/200 | loss 0.0087 | acc 99.88%
2025-12-05 04:16:11,329 [INFO]   Epoch 190/200 | loss 0.0060 | acc 99.92%
2025-12-05 04:16:58,392 [INFO]   Epoch 200/200 | loss 0.0043 | acc 99.96%
2025-12-05 04:17:00,222 [INFO]   >> Test: loss 0.2732 | acc 94.26%
2025-12-05 04:20:28,190 [INFO] Saved checkpoint to: ./checkpoints/fashionmnist/resnet18_DQN_300.pth
