2025-12-04 23:22:26,100 [INFO] 로그 파일 경로: logs/fashionmnist/DQN_200step_20251204_232226.log
2025-12-04 23:22:26,187 [INFO] Using device: cuda:2
2025-12-04 23:22:32,133 [INFO] Cycle 1/10
2025-12-04 23:22:32,133 [INFO] Labeled set size: 1000, Unlabeled set size: 49000
2025-12-04 23:22:35,040 [INFO]   Epoch   1/200 | loss 5.5296 | acc 13.30%
2025-12-04 23:22:44,519 [INFO]   Epoch  10/200 | loss 1.0338 | acc 59.60%
2025-12-04 23:22:58,126 [INFO]   Epoch  20/200 | loss 0.7210 | acc 71.00%
2025-12-04 23:23:12,659 [INFO]   Epoch  30/200 | loss 0.5774 | acc 77.50%
2025-12-04 23:23:30,570 [INFO]   Epoch  40/200 | loss 0.5265 | acc 80.20%
2025-12-04 23:23:45,719 [INFO]   Epoch  50/200 | loss 0.4289 | acc 83.20%
2025-12-04 23:24:04,964 [INFO]   Epoch  60/200 | loss 0.3910 | acc 84.90%
2025-12-04 23:24:20,566 [INFO]   Epoch  70/200 | loss 0.3879 | acc 84.10%
2025-12-04 23:24:36,676 [INFO]   Epoch  80/200 | loss 0.3324 | acc 86.10%
2025-12-04 23:24:51,775 [INFO]   Epoch  90/200 | loss 0.2606 | acc 89.00%
2025-12-04 23:25:10,195 [INFO]   Epoch 100/200 | loss 0.2228 | acc 90.90%
2025-12-04 23:25:26,392 [INFO]   Epoch 110/200 | loss 0.2141 | acc 91.70%
2025-12-04 23:25:42,781 [INFO]   Epoch 120/200 | loss 0.1956 | acc 92.90%
2025-12-04 23:25:59,050 [INFO]   Epoch 130/200 | loss 0.1720 | acc 93.00%
2025-12-04 23:26:13,755 [INFO]   Epoch 140/200 | loss 0.1680 | acc 92.50%
2025-12-04 23:26:29,462 [INFO]   Epoch 150/200 | loss 0.1857 | acc 92.30%
2025-12-04 23:26:45,778 [INFO]   Epoch 160/200 | loss 0.1124 | acc 95.70%
2025-12-04 23:27:02,439 [INFO]   Epoch 170/200 | loss 0.0411 | acc 99.20%
2025-12-04 23:27:17,025 [INFO]   Epoch 180/200 | loss 0.0355 | acc 99.10%
2025-12-04 23:27:32,097 [INFO]   Epoch 190/200 | loss 0.0291 | acc 99.40%
2025-12-04 23:27:46,623 [INFO]   Epoch 200/200 | loss 0.0305 | acc 99.30%
2025-12-04 23:27:49,677 [INFO]   >> Test: loss 0.8475 | acc 82.01%
2025-12-04 23:35:13,629 [INFO] Cycle 2/10
2025-12-04 23:35:13,629 [INFO] Labeled set size: 2000, Unlabeled set size: 48000
2025-12-04 23:35:15,553 [INFO]   Epoch   1/200 | loss 0.8592 | acc 73.60%
2025-12-04 23:35:34,109 [INFO]   Epoch  10/200 | loss 0.4606 | acc 81.70%
2025-12-04 23:35:56,909 [INFO]   Epoch  20/200 | loss 0.3974 | acc 84.55%
2025-12-04 23:36:23,498 [INFO]   Epoch  30/200 | loss 0.3189 | acc 88.30%
2025-12-04 23:36:51,915 [INFO]   Epoch  40/200 | loss 0.2478 | acc 91.00%
2025-12-04 23:37:19,497 [INFO]   Epoch  50/200 | loss 0.2128 | acc 91.40%
2025-12-04 23:37:47,197 [INFO]   Epoch  60/200 | loss 0.2121 | acc 92.20%
2025-12-04 23:38:17,607 [INFO]   Epoch  70/200 | loss 0.1884 | acc 93.25%
2025-12-04 23:38:45,968 [INFO]   Epoch  80/200 | loss 0.1454 | acc 95.25%
2025-12-04 23:39:13,883 [INFO]   Epoch  90/200 | loss 0.1362 | acc 94.65%
2025-12-04 23:39:42,655 [INFO]   Epoch 100/200 | loss 0.1464 | acc 95.15%
2025-12-04 23:40:10,977 [INFO]   Epoch 110/200 | loss 0.0937 | acc 96.65%
2025-12-04 23:40:39,382 [INFO]   Epoch 120/200 | loss 0.1383 | acc 95.50%
2025-12-04 23:41:07,485 [INFO]   Epoch 130/200 | loss 0.1033 | acc 95.85%
2025-12-04 23:41:35,936 [INFO]   Epoch 140/200 | loss 0.0874 | acc 97.15%
2025-12-04 23:42:04,724 [INFO]   Epoch 150/200 | loss 0.0907 | acc 96.75%
2025-12-04 23:42:33,131 [INFO]   Epoch 160/200 | loss 0.1008 | acc 96.85%
2025-12-04 23:43:01,201 [INFO]   Epoch 170/200 | loss 0.0113 | acc 99.85%
2025-12-04 23:43:32,467 [INFO]   Epoch 180/200 | loss 0.0072 | acc 100.00%
2025-12-04 23:44:00,241 [INFO]   Epoch 190/200 | loss 0.0074 | acc 99.95%
2025-12-04 23:44:26,050 [INFO]   Epoch 200/200 | loss 0.0055 | acc 100.00%
2025-12-04 23:44:29,971 [INFO]   >> Test: loss 0.6200 | acc 86.19%
2025-12-04 23:52:18,850 [INFO] Cycle 3/10
2025-12-04 23:52:18,850 [INFO] Labeled set size: 3000, Unlabeled set size: 47000
2025-12-04 23:52:21,662 [INFO]   Epoch   1/200 | loss 0.8404 | acc 73.27%
2025-12-04 23:52:48,367 [INFO]   Epoch  10/200 | loss 0.3787 | acc 86.20%
2025-12-04 23:53:21,048 [INFO]   Epoch  20/200 | loss 0.2696 | acc 89.83%
2025-12-04 23:53:58,671 [INFO]   Epoch  30/200 | loss 0.2387 | acc 90.67%
2025-12-04 23:54:39,362 [INFO]   Epoch  40/200 | loss 0.2261 | acc 91.97%
2025-12-04 23:55:22,051 [INFO]   Epoch  50/200 | loss 0.1826 | acc 93.67%
2025-12-04 23:56:03,372 [INFO]   Epoch  60/200 | loss 0.1805 | acc 93.50%
2025-12-04 23:56:44,223 [INFO]   Epoch  70/200 | loss 0.1715 | acc 93.33%
2025-12-04 23:57:28,930 [INFO]   Epoch  80/200 | loss 0.1691 | acc 93.93%
2025-12-04 23:58:09,464 [INFO]   Epoch  90/200 | loss 0.1227 | acc 95.53%
2025-12-04 23:58:52,761 [INFO]   Epoch 100/200 | loss 0.1241 | acc 95.63%
2025-12-04 23:59:34,883 [INFO]   Epoch 110/200 | loss 0.1374 | acc 95.27%
2025-12-05 00:00:16,458 [INFO]   Epoch 120/200 | loss 0.1623 | acc 93.87%
2025-12-05 00:00:59,415 [INFO]   Epoch 130/200 | loss 0.0884 | acc 97.03%
2025-12-05 00:01:41,782 [INFO]   Epoch 140/200 | loss 0.1390 | acc 94.93%
2025-12-05 00:02:22,633 [INFO]   Epoch 150/200 | loss 0.0774 | acc 97.33%
2025-12-05 00:03:03,549 [INFO]   Epoch 160/200 | loss 0.1218 | acc 96.00%
2025-12-05 00:03:45,897 [INFO]   Epoch 170/200 | loss 0.0096 | acc 99.97%
2025-12-05 00:04:27,931 [INFO]   Epoch 180/200 | loss 0.0073 | acc 99.97%
2025-12-05 00:05:09,555 [INFO]   Epoch 190/200 | loss 0.0052 | acc 99.97%
2025-12-05 00:05:49,104 [INFO]   Epoch 200/200 | loss 0.0045 | acc 99.93%
2025-12-05 00:05:53,300 [INFO]   >> Test: loss 0.4746 | acc 89.17%
2025-12-05 00:13:56,808 [INFO] Cycle 4/10
2025-12-05 00:13:56,808 [INFO] Labeled set size: 4000, Unlabeled set size: 46000
2025-12-05 00:14:00,455 [INFO]   Epoch   1/200 | loss 0.6191 | acc 78.53%
2025-12-05 00:14:33,166 [INFO]   Epoch  10/200 | loss 0.3190 | acc 88.10%
2025-12-05 00:15:12,565 [INFO]   Epoch  20/200 | loss 0.2561 | acc 90.35%
2025-12-05 00:16:01,774 [INFO]   Epoch  30/200 | loss 0.2339 | acc 91.57%
2025-12-05 00:16:54,195 [INFO]   Epoch  40/200 | loss 0.2035 | acc 92.55%
2025-12-05 00:17:48,955 [INFO]   Epoch  50/200 | loss 0.1448 | acc 94.75%
2025-12-05 00:18:44,441 [INFO]   Epoch  60/200 | loss 0.2126 | acc 92.15%
2025-12-05 00:19:38,241 [INFO]   Epoch  70/200 | loss 0.1528 | acc 94.80%
2025-12-05 00:20:35,096 [INFO]   Epoch  80/200 | loss 0.1541 | acc 94.65%
2025-12-05 00:21:28,397 [INFO]   Epoch  90/200 | loss 0.1422 | acc 95.25%
2025-12-05 00:22:25,780 [INFO]   Epoch 100/200 | loss 0.1154 | acc 95.90%
2025-12-05 00:23:20,021 [INFO]   Epoch 110/200 | loss 0.1297 | acc 95.40%
2025-12-05 00:24:13,850 [INFO]   Epoch 120/200 | loss 0.1876 | acc 93.40%
2025-12-05 00:25:11,480 [INFO]   Epoch 130/200 | loss 0.1175 | acc 95.97%
2025-12-05 00:26:08,070 [INFO]   Epoch 140/200 | loss 0.1119 | acc 95.85%
2025-12-05 00:27:02,877 [INFO]   Epoch 150/200 | loss 0.1670 | acc 93.83%
2025-12-05 00:27:58,763 [INFO]   Epoch 160/200 | loss 0.1402 | acc 95.10%
2025-12-05 00:28:54,957 [INFO]   Epoch 170/200 | loss 0.0104 | acc 99.92%
2025-12-05 00:29:51,888 [INFO]   Epoch 180/200 | loss 0.0071 | acc 99.98%
2025-12-05 00:30:45,893 [INFO]   Epoch 190/200 | loss 0.0052 | acc 99.98%
2025-12-05 00:31:37,787 [INFO]   Epoch 200/200 | loss 0.0051 | acc 99.95%
2025-12-05 00:31:41,658 [INFO]   >> Test: loss 0.4022 | acc 90.55%
2025-12-05 00:39:57,464 [INFO] Cycle 5/10
2025-12-05 00:39:57,464 [INFO] Labeled set size: 5000, Unlabeled set size: 45000
2025-12-05 00:40:01,973 [INFO]   Epoch   1/200 | loss 0.4815 | acc 84.20%
2025-12-05 00:40:43,617 [INFO]   Epoch  10/200 | loss 0.5503 | acc 79.68%
2025-12-05 00:41:31,953 [INFO]   Epoch  20/200 | loss 0.3024 | acc 89.00%
2025-12-05 00:42:33,335 [INFO]   Epoch  30/200 | loss 0.3711 | acc 86.10%
2025-12-05 00:43:37,725 [INFO]   Epoch  40/200 | loss 0.2989 | acc 88.86%
2025-12-05 00:44:47,919 [INFO]   Epoch  50/200 | loss 0.2635 | acc 90.22%
2025-12-05 00:45:55,046 [INFO]   Epoch  60/200 | loss 0.3506 | acc 86.80%
2025-12-05 00:47:05,058 [INFO]   Epoch  70/200 | loss 0.2453 | acc 90.82%
2025-12-05 00:48:14,869 [INFO]   Epoch  80/200 | loss 0.3595 | acc 86.84%
2025-12-05 00:49:22,453 [INFO]   Epoch  90/200 | loss 0.2378 | acc 91.50%
2025-12-05 00:50:32,074 [INFO]   Epoch 100/200 | loss 0.2224 | acc 92.14%
2025-12-05 00:51:43,044 [INFO]   Epoch 110/200 | loss 0.1980 | acc 92.80%
2025-12-05 00:52:51,014 [INFO]   Epoch 120/200 | loss 0.4088 | acc 85.44%
2025-12-05 00:53:59,447 [INFO]   Epoch 130/200 | loss 0.1347 | acc 94.98%
2025-12-05 00:55:10,762 [INFO]   Epoch 140/200 | loss 0.2881 | acc 89.60%
2025-12-05 00:56:19,637 [INFO]   Epoch 150/200 | loss 0.2968 | acc 89.32%
2025-12-05 00:57:29,000 [INFO]   Epoch 160/200 | loss 0.1932 | acc 92.68%
2025-12-05 00:58:36,847 [INFO]   Epoch 170/200 | loss 0.0353 | acc 99.04%
2025-12-05 00:59:46,917 [INFO]   Epoch 180/200 | loss 0.0340 | acc 99.10%
2025-12-05 01:00:53,518 [INFO]   Epoch 190/200 | loss 0.0166 | acc 99.68%
2025-12-05 01:01:55,115 [INFO]   Epoch 200/200 | loss 0.0375 | acc 98.98%
2025-12-05 01:01:59,882 [INFO]   >> Test: loss 0.3812 | acc 91.62%
2025-12-05 01:10:23,739 [INFO] Cycle 6/10
2025-12-05 01:10:23,739 [INFO] Labeled set size: 6000, Unlabeled set size: 44000
2025-12-05 01:10:29,171 [INFO]   Epoch   1/200 | loss 0.4963 | acc 83.48%
2025-12-05 01:11:17,873 [INFO]   Epoch  10/200 | loss 0.2279 | acc 91.55%
2025-12-05 01:12:12,454 [INFO]   Epoch  20/200 | loss 0.2135 | acc 92.02%
2025-12-05 01:13:21,964 [INFO]   Epoch  30/200 | loss 0.2119 | acc 92.15%
2025-12-05 01:14:36,190 [INFO]   Epoch  40/200 | loss 0.1724 | acc 93.75%
2025-12-05 01:15:58,003 [INFO]   Epoch  50/200 | loss 0.2019 | acc 92.72%
2025-12-05 01:17:22,988 [INFO]   Epoch  60/200 | loss 0.1485 | acc 94.73%
2025-12-05 01:18:46,233 [INFO]   Epoch  70/200 | loss 0.1580 | acc 94.28%
2025-12-05 01:20:07,156 [INFO]   Epoch  80/200 | loss 0.1677 | acc 94.25%
2025-12-05 01:21:29,732 [INFO]   Epoch  90/200 | loss 0.1523 | acc 94.52%
2025-12-05 01:22:51,753 [INFO]   Epoch 100/200 | loss 0.1688 | acc 94.03%
2025-12-05 01:24:18,469 [INFO]   Epoch 110/200 | loss 0.1807 | acc 93.65%
2025-12-05 01:25:42,068 [INFO]   Epoch 120/200 | loss 0.1552 | acc 94.55%
2025-12-05 01:27:03,087 [INFO]   Epoch 130/200 | loss 0.1608 | acc 94.20%
2025-12-05 01:28:21,209 [INFO]   Epoch 140/200 | loss 0.1475 | acc 94.87%
2025-12-05 01:29:45,911 [INFO]   Epoch 150/200 | loss 0.1505 | acc 94.70%
2025-12-05 01:31:07,344 [INFO]   Epoch 160/200 | loss 0.1569 | acc 93.98%
2025-12-05 01:32:28,689 [INFO]   Epoch 170/200 | loss 0.0122 | acc 99.83%
2025-12-05 01:33:51,826 [INFO]   Epoch 180/200 | loss 0.0091 | acc 99.85%
2025-12-05 01:35:15,564 [INFO]   Epoch 190/200 | loss 0.0057 | acc 99.97%
2025-12-05 01:36:31,379 [INFO]   Epoch 200/200 | loss 0.0042 | acc 99.98%
2025-12-05 01:36:35,781 [INFO]   >> Test: loss 0.3189 | acc 92.55%
2025-12-05 01:45:10,271 [INFO] Cycle 7/10
2025-12-05 01:45:10,272 [INFO] Labeled set size: 7000, Unlabeled set size: 43000
2025-12-05 01:45:16,413 [INFO]   Epoch   1/200 | loss 0.4733 | acc 83.33%
2025-12-05 01:46:13,766 [INFO]   Epoch  10/200 | loss 0.2540 | acc 91.00%
2025-12-05 01:47:17,352 [INFO]   Epoch  20/200 | loss 0.2296 | acc 91.46%
2025-12-05 01:48:37,861 [INFO]   Epoch  30/200 | loss 0.2134 | acc 92.47%
2025-12-05 01:50:05,816 [INFO]   Epoch  40/200 | loss 0.1878 | acc 93.51%
2025-12-05 01:51:43,164 [INFO]   Epoch  50/200 | loss 0.1720 | acc 93.74%
2025-12-05 01:53:19,918 [INFO]   Epoch  60/200 | loss 0.2284 | acc 91.61%
2025-12-05 01:54:56,640 [INFO]   Epoch  70/200 | loss 0.1793 | acc 93.54%
2025-12-05 01:56:34,104 [INFO]   Epoch  80/200 | loss 0.1941 | acc 93.01%
2025-12-05 01:58:12,041 [INFO]   Epoch  90/200 | loss 0.2102 | acc 92.57%
2025-12-05 01:59:45,816 [INFO]   Epoch 100/200 | loss 0.1933 | acc 93.03%
2025-12-05 02:01:22,110 [INFO]   Epoch 110/200 | loss 0.1525 | acc 94.51%
2025-12-05 02:02:59,144 [INFO]   Epoch 120/200 | loss 0.1748 | acc 93.96%
2025-12-05 02:04:37,738 [INFO]   Epoch 130/200 | loss 0.1889 | acc 93.17%
2025-12-05 02:06:14,713 [INFO]   Epoch 140/200 | loss 0.1654 | acc 94.03%
2025-12-05 02:07:51,418 [INFO]   Epoch 150/200 | loss 0.1761 | acc 93.56%
2025-12-05 02:09:27,646 [INFO]   Epoch 160/200 | loss 0.1773 | acc 93.23%
2025-12-05 02:11:04,014 [INFO]   Epoch 170/200 | loss 0.0123 | acc 99.83%
2025-12-05 02:12:41,013 [INFO]   Epoch 180/200 | loss 0.0076 | acc 99.89%
2025-12-05 02:14:18,376 [INFO]   Epoch 190/200 | loss 0.0051 | acc 99.96%
2025-12-05 02:15:49,367 [INFO]   Epoch 200/200 | loss 0.0045 | acc 99.99%
2025-12-05 02:15:53,857 [INFO]   >> Test: loss 0.3076 | acc 93.24%
2025-12-05 02:22:43,189 [INFO] Cycle 8/10
2025-12-05 02:22:43,190 [INFO] Labeled set size: 8000, Unlabeled set size: 42000
2025-12-05 02:22:48,602 [INFO]   Epoch   1/200 | loss 0.4038 | acc 85.97%
2025-12-05 02:23:37,775 [INFO]   Epoch  10/200 | loss 0.2501 | acc 90.79%
2025-12-05 02:24:36,942 [INFO]   Epoch  20/200 | loss 0.2470 | acc 91.09%
2025-12-05 02:25:51,579 [INFO]   Epoch  30/200 | loss 0.2351 | acc 91.56%
2025-12-05 02:27:18,572 [INFO]   Epoch  40/200 | loss 0.2403 | acc 90.97%
2025-12-05 02:28:53,904 [INFO]   Epoch  50/200 | loss 0.2063 | acc 92.39%
2025-12-05 02:30:24,824 [INFO]   Epoch  60/200 | loss 0.1997 | acc 92.61%
2025-12-05 02:31:56,776 [INFO]   Epoch  70/200 | loss 0.2151 | acc 92.00%
2025-12-05 02:33:23,170 [INFO]   Epoch  80/200 | loss 0.2342 | acc 91.60%
2025-12-05 02:34:50,425 [INFO]   Epoch  90/200 | loss 0.2002 | acc 92.67%
2025-12-05 02:36:16,998 [INFO]   Epoch 100/200 | loss 0.2131 | acc 92.22%
2025-12-05 02:37:48,474 [INFO]   Epoch 110/200 | loss 0.1937 | acc 92.96%
2025-12-05 02:39:18,010 [INFO]   Epoch 120/200 | loss 0.1789 | acc 93.59%
2025-12-05 02:40:51,059 [INFO]   Epoch 130/200 | loss 0.2028 | acc 92.65%
2025-12-05 02:42:22,460 [INFO]   Epoch 140/200 | loss 0.1712 | acc 93.84%
2025-12-05 02:43:53,105 [INFO]   Epoch 150/200 | loss 0.1697 | acc 93.81%
2025-12-05 02:45:23,120 [INFO]   Epoch 160/200 | loss 0.1869 | acc 93.16%
2025-12-05 02:46:59,813 [INFO]   Epoch 170/200 | loss 0.0129 | acc 99.80%
2025-12-05 02:48:30,577 [INFO]   Epoch 180/200 | loss 0.0068 | acc 99.94%
2025-12-05 02:50:00,436 [INFO]   Epoch 190/200 | loss 0.0050 | acc 99.98%
2025-12-05 02:51:23,732 [INFO]   Epoch 200/200 | loss 0.0039 | acc 99.99%
2025-12-05 02:51:27,504 [INFO]   >> Test: loss 0.2910 | acc 93.31%
2025-12-05 02:57:44,767 [INFO] Cycle 9/10
2025-12-05 02:57:44,767 [INFO] Labeled set size: 9000, Unlabeled set size: 41000
2025-12-05 02:57:50,671 [INFO]   Epoch   1/200 | loss 0.4347 | acc 84.01%
2025-12-05 02:58:45,494 [INFO]   Epoch  10/200 | loss 0.2996 | acc 88.99%
2025-12-05 02:59:46,554 [INFO]   Epoch  20/200 | loss 0.2360 | acc 91.57%
2025-12-05 03:01:09,072 [INFO]   Epoch  30/200 | loss 0.2168 | acc 92.08%
2025-12-05 03:02:42,343 [INFO]   Epoch  40/200 | loss 0.2204 | acc 92.10%
2025-12-05 03:04:26,324 [INFO]   Epoch  50/200 | loss 0.2088 | acc 92.64%
2025-12-05 03:06:05,868 [INFO]   Epoch  60/200 | loss 0.2119 | acc 92.28%
2025-12-05 03:07:47,306 [INFO]   Epoch  70/200 | loss 0.1727 | acc 93.77%
2025-12-05 03:09:28,296 [INFO]   Epoch  80/200 | loss 0.2114 | acc 92.18%
2025-12-05 03:11:11,389 [INFO]   Epoch  90/200 | loss 0.2106 | acc 92.30%
2025-12-05 03:12:50,890 [INFO]   Epoch 100/200 | loss 0.1940 | acc 93.03%
2025-12-05 03:14:36,640 [INFO]   Epoch 110/200 | loss 0.2075 | acc 92.41%
2025-12-05 03:16:15,015 [INFO]   Epoch 120/200 | loss 0.2100 | acc 92.20%
2025-12-05 03:17:57,699 [INFO]   Epoch 130/200 | loss 0.1977 | acc 92.80%
2025-12-05 03:19:38,185 [INFO]   Epoch 140/200 | loss 0.2241 | acc 91.90%
2025-12-05 03:21:24,249 [INFO]   Epoch 150/200 | loss 0.2150 | acc 92.04%
2025-12-05 03:23:12,134 [INFO]   Epoch 160/200 | loss 0.2117 | acc 92.37%
2025-12-05 03:24:56,734 [INFO]   Epoch 170/200 | loss 0.0165 | acc 99.63%
2025-12-05 03:26:36,875 [INFO]   Epoch 180/200 | loss 0.0070 | acc 99.97%
2025-12-05 03:28:20,006 [INFO]   Epoch 190/200 | loss 0.0049 | acc 99.96%
2025-12-05 03:29:50,489 [INFO]   Epoch 200/200 | loss 0.0046 | acc 99.96%
2025-12-05 03:29:53,300 [INFO]   >> Test: loss 0.2850 | acc 93.90%
2025-12-05 03:36:18,894 [INFO] Cycle 10/10
2025-12-05 03:36:18,894 [INFO] Labeled set size: 10000, Unlabeled set size: 40000
2025-12-05 03:36:25,170 [INFO]   Epoch   1/200 | loss 0.4380 | acc 83.81%
2025-12-05 03:37:22,460 [INFO]   Epoch  10/200 | loss 0.3078 | acc 88.49%
2025-12-05 03:38:26,450 [INFO]   Epoch  20/200 | loss 0.2674 | acc 89.74%
2025-12-05 03:39:49,446 [INFO]   Epoch  30/200 | loss 0.2771 | acc 89.86%
2025-12-05 03:41:32,172 [INFO]   Epoch  40/200 | loss 0.3283 | acc 88.07%
2025-12-05 03:43:24,882 [INFO]   Epoch  50/200 | loss 0.2811 | acc 89.14%
2025-12-05 03:45:17,195 [INFO]   Epoch  60/200 | loss 0.2632 | acc 90.50%
2025-12-05 03:47:14,291 [INFO]   Epoch  70/200 | loss 0.2161 | acc 91.99%
2025-12-05 03:49:02,118 [INFO]   Epoch  80/200 | loss 0.2813 | acc 89.56%
2025-12-05 03:50:53,008 [INFO]   Epoch  90/200 | loss 0.2444 | acc 91.01%
2025-12-05 03:52:49,132 [INFO]   Epoch 100/200 | loss 0.2459 | acc 91.16%
2025-12-05 03:54:49,126 [INFO]   Epoch 110/200 | loss 0.2134 | acc 92.12%
2025-12-05 03:56:48,363 [INFO]   Epoch 120/200 | loss 0.2472 | acc 90.96%
2025-12-05 03:58:40,214 [INFO]   Epoch 130/200 | loss 0.2533 | acc 91.00%
2025-12-05 04:00:33,704 [INFO]   Epoch 140/200 | loss 0.2360 | acc 91.14%
2025-12-05 04:02:28,927 [INFO]   Epoch 150/200 | loss 0.2219 | acc 91.78%
2025-12-05 04:04:28,852 [INFO]   Epoch 160/200 | loss 0.2094 | acc 92.13%
2025-12-05 04:06:20,796 [INFO]   Epoch 170/200 | loss 0.0178 | acc 99.62%
2025-12-05 04:08:16,323 [INFO]   Epoch 180/200 | loss 0.0097 | acc 99.84%
2025-12-05 04:10:16,249 [INFO]   Epoch 190/200 | loss 0.0089 | acc 99.83%
2025-12-05 04:11:55,708 [INFO]   Epoch 200/200 | loss 0.0059 | acc 99.93%
2025-12-05 04:11:59,775 [INFO]   >> Test: loss 0.2732 | acc 94.23%
2025-12-05 04:18:24,308 [INFO] Saved checkpoint to: ./checkpoints/fashionmnist/resnet18_DQN_200.pth
