2025-12-04 23:22:30,245 [INFO] 로그 파일 경로: logs/fashionmnist/DQN_500step_20251204_232230.log
2025-12-04 23:22:30,334 [INFO] Using device: cuda:2
2025-12-04 23:22:41,096 [INFO] Cycle 1/10
2025-12-04 23:22:41,119 [INFO] Labeled set size: 1000, Unlabeled set size: 49000
2025-12-04 23:22:45,794 [INFO]   Epoch   1/200 | loss 5.5296 | acc 13.30%
2025-12-04 23:22:59,378 [INFO]   Epoch  10/200 | loss 1.0338 | acc 59.60%
2025-12-04 23:23:14,664 [INFO]   Epoch  20/200 | loss 0.7210 | acc 71.00%
2025-12-04 23:23:34,294 [INFO]   Epoch  30/200 | loss 0.5774 | acc 77.50%
2025-12-04 23:23:51,476 [INFO]   Epoch  40/200 | loss 0.5265 | acc 80.20%
2025-12-04 23:24:08,574 [INFO]   Epoch  50/200 | loss 0.4289 | acc 83.20%
2025-12-04 23:24:25,860 [INFO]   Epoch  60/200 | loss 0.3910 | acc 84.90%
2025-12-04 23:24:44,096 [INFO]   Epoch  70/200 | loss 0.3879 | acc 84.10%
2025-12-04 23:25:01,265 [INFO]   Epoch  80/200 | loss 0.3324 | acc 86.10%
2025-12-04 23:25:18,226 [INFO]   Epoch  90/200 | loss 0.2606 | acc 89.00%
2025-12-04 23:25:37,611 [INFO]   Epoch 100/200 | loss 0.2228 | acc 90.90%
2025-12-04 23:25:53,707 [INFO]   Epoch 110/200 | loss 0.2141 | acc 91.70%
2025-12-04 23:26:10,659 [INFO]   Epoch 120/200 | loss 0.1956 | acc 92.90%
2025-12-04 23:26:29,433 [INFO]   Epoch 130/200 | loss 0.1720 | acc 93.00%
2025-12-04 23:26:45,914 [INFO]   Epoch 140/200 | loss 0.1680 | acc 92.50%
2025-12-04 23:27:02,550 [INFO]   Epoch 150/200 | loss 0.1857 | acc 92.30%
2025-12-04 23:27:17,521 [INFO]   Epoch 160/200 | loss 0.1124 | acc 95.70%
2025-12-04 23:27:33,369 [INFO]   Epoch 170/200 | loss 0.0411 | acc 99.20%
2025-12-04 23:27:48,303 [INFO]   Epoch 180/200 | loss 0.0355 | acc 99.10%
2025-12-04 23:28:01,268 [INFO]   Epoch 190/200 | loss 0.0291 | acc 99.40%
2025-12-04 23:28:14,296 [INFO]   Epoch 200/200 | loss 0.0305 | acc 99.30%
2025-12-04 23:28:17,127 [INFO]   >> Test: loss 0.8475 | acc 82.01%
2025-12-04 23:35:45,743 [INFO] Cycle 2/10
2025-12-04 23:35:45,743 [INFO] Labeled set size: 2000, Unlabeled set size: 48000
2025-12-04 23:35:48,671 [INFO]   Epoch   1/200 | loss 0.8592 | acc 73.60%
2025-12-04 23:36:13,530 [INFO]   Epoch  10/200 | loss 0.4606 | acc 81.70%
2025-12-04 23:36:42,485 [INFO]   Epoch  20/200 | loss 0.3974 | acc 84.55%
2025-12-04 23:37:12,881 [INFO]   Epoch  30/200 | loss 0.3189 | acc 88.30%
2025-12-04 23:37:42,608 [INFO]   Epoch  40/200 | loss 0.2478 | acc 91.00%
2025-12-04 23:38:13,873 [INFO]   Epoch  50/200 | loss 0.2128 | acc 91.40%
2025-12-04 23:38:42,683 [INFO]   Epoch  60/200 | loss 0.2121 | acc 92.20%
2025-12-04 23:39:10,592 [INFO]   Epoch  70/200 | loss 0.1884 | acc 93.25%
2025-12-04 23:39:39,250 [INFO]   Epoch  80/200 | loss 0.1454 | acc 95.25%
2025-12-04 23:40:07,754 [INFO]   Epoch  90/200 | loss 0.1362 | acc 94.65%
2025-12-04 23:40:36,858 [INFO]   Epoch 100/200 | loss 0.1464 | acc 95.15%
2025-12-04 23:41:06,455 [INFO]   Epoch 110/200 | loss 0.0937 | acc 96.65%
2025-12-04 23:41:35,379 [INFO]   Epoch 120/200 | loss 0.1383 | acc 95.50%
2025-12-04 23:42:04,793 [INFO]   Epoch 130/200 | loss 0.1033 | acc 95.85%
2025-12-04 23:42:33,858 [INFO]   Epoch 140/200 | loss 0.0874 | acc 97.15%
2025-12-04 23:43:02,122 [INFO]   Epoch 150/200 | loss 0.0907 | acc 96.75%
2025-12-04 23:43:32,811 [INFO]   Epoch 160/200 | loss 0.1008 | acc 96.85%
2025-12-04 23:44:01,158 [INFO]   Epoch 170/200 | loss 0.0113 | acc 99.85%
2025-12-04 23:44:28,115 [INFO]   Epoch 180/200 | loss 0.0072 | acc 100.00%
2025-12-04 23:44:50,857 [INFO]   Epoch 190/200 | loss 0.0074 | acc 99.95%
2025-12-04 23:45:12,736 [INFO]   Epoch 200/200 | loss 0.0055 | acc 100.00%
2025-12-04 23:45:16,387 [INFO]   >> Test: loss 0.6200 | acc 86.19%
2025-12-04 23:53:04,092 [INFO] Cycle 3/10
2025-12-04 23:53:04,093 [INFO] Labeled set size: 3000, Unlabeled set size: 47000
2025-12-04 23:53:07,211 [INFO]   Epoch   1/200 | loss 0.7822 | acc 75.90%
2025-12-04 23:53:40,875 [INFO]   Epoch  10/200 | loss 0.3554 | acc 86.23%
2025-12-04 23:54:19,308 [INFO]   Epoch  20/200 | loss 0.2689 | acc 89.80%
2025-12-04 23:55:01,309 [INFO]   Epoch  30/200 | loss 0.2556 | acc 90.43%
2025-12-04 23:55:44,732 [INFO]   Epoch  40/200 | loss 0.1675 | acc 93.83%
2025-12-04 23:56:26,077 [INFO]   Epoch  50/200 | loss 0.1902 | acc 92.90%
2025-12-04 23:57:08,588 [INFO]   Epoch  60/200 | loss 0.1575 | acc 94.13%
2025-12-04 23:57:51,256 [INFO]   Epoch  70/200 | loss 0.1658 | acc 93.87%
2025-12-04 23:58:31,461 [INFO]   Epoch  80/200 | loss 0.1326 | acc 95.23%
2025-12-04 23:59:16,824 [INFO]   Epoch  90/200 | loss 0.1143 | acc 95.97%
2025-12-04 23:59:58,262 [INFO]   Epoch 100/200 | loss 0.1267 | acc 95.80%
2025-12-05 00:00:43,218 [INFO]   Epoch 110/200 | loss 0.1030 | acc 96.90%
2025-12-05 00:01:24,041 [INFO]   Epoch 120/200 | loss 0.0952 | acc 96.70%
2025-12-05 00:02:08,952 [INFO]   Epoch 130/200 | loss 0.0928 | acc 96.80%
2025-12-05 00:02:49,984 [INFO]   Epoch 140/200 | loss 0.0942 | acc 96.90%
2025-12-05 00:03:34,898 [INFO]   Epoch 150/200 | loss 0.0879 | acc 96.83%
2025-12-05 00:04:16,148 [INFO]   Epoch 160/200 | loss 0.1258 | acc 95.80%
2025-12-05 00:04:58,045 [INFO]   Epoch 170/200 | loss 0.0129 | acc 99.67%
2025-12-05 00:05:37,403 [INFO]   Epoch 180/200 | loss 0.0079 | acc 99.97%
2025-12-05 00:06:13,329 [INFO]   Epoch 190/200 | loss 0.0053 | acc 99.97%
2025-12-05 00:06:46,764 [INFO]   Epoch 200/200 | loss 0.0055 | acc 99.93%
2025-12-05 00:06:50,346 [INFO]   >> Test: loss 0.4570 | acc 89.16%
2025-12-05 00:14:51,570 [INFO] Cycle 4/10
2025-12-05 00:14:51,570 [INFO] Labeled set size: 4000, Unlabeled set size: 46000
2025-12-05 00:14:55,976 [INFO]   Epoch   1/200 | loss 0.5512 | acc 82.62%
2025-12-05 00:15:38,578 [INFO]   Epoch  10/200 | loss 0.2710 | acc 90.53%
2025-12-05 00:16:27,823 [INFO]   Epoch  20/200 | loss 0.2456 | acc 91.00%
2025-12-05 00:17:23,469 [INFO]   Epoch  30/200 | loss 0.2101 | acc 92.42%
2025-12-05 00:18:21,482 [INFO]   Epoch  40/200 | loss 0.1414 | acc 94.53%
2025-12-05 00:19:19,766 [INFO]   Epoch  50/200 | loss 0.1202 | acc 95.95%
2025-12-05 00:20:17,356 [INFO]   Epoch  60/200 | loss 0.1580 | acc 94.83%
2025-12-05 00:21:15,474 [INFO]   Epoch  70/200 | loss 0.1313 | acc 95.30%
2025-12-05 00:22:09,311 [INFO]   Epoch  80/200 | loss 0.1332 | acc 95.33%
2025-12-05 00:23:07,929 [INFO]   Epoch  90/200 | loss 0.1549 | acc 94.90%
2025-12-05 00:24:07,118 [INFO]   Epoch 100/200 | loss 0.1114 | acc 96.15%
2025-12-05 00:24:59,983 [INFO]   Epoch 110/200 | loss 0.1424 | acc 95.40%
2025-12-05 00:25:58,479 [INFO]   Epoch 120/200 | loss 0.1744 | acc 93.73%
2025-12-05 00:26:55,948 [INFO]   Epoch 130/200 | loss 0.2035 | acc 92.70%
2025-12-05 00:27:50,376 [INFO]   Epoch 140/200 | loss 0.1205 | acc 95.90%
2025-12-05 00:28:49,312 [INFO]   Epoch 150/200 | loss 0.1023 | acc 96.78%
2025-12-05 00:29:44,235 [INFO]   Epoch 160/200 | loss 0.1234 | acc 95.60%
2025-12-05 00:30:39,833 [INFO]   Epoch 170/200 | loss 0.0138 | acc 99.72%
2025-12-05 00:31:34,212 [INFO]   Epoch 180/200 | loss 0.0070 | acc 99.98%
2025-12-05 00:32:20,616 [INFO]   Epoch 190/200 | loss 0.0043 | acc 100.00%
2025-12-05 00:33:05,463 [INFO]   Epoch 200/200 | loss 0.0044 | acc 100.00%
2025-12-05 00:33:09,439 [INFO]   >> Test: loss 0.4119 | acc 90.79%
2025-12-05 00:41:18,878 [INFO] Cycle 5/10
2025-12-05 00:41:18,878 [INFO] Labeled set size: 5000, Unlabeled set size: 45000
2025-12-05 00:41:23,056 [INFO]   Epoch   1/200 | loss 0.5230 | acc 83.34%
2025-12-05 00:42:16,722 [INFO]   Epoch  10/200 | loss 0.3205 | acc 88.72%
2025-12-05 00:43:18,737 [INFO]   Epoch  20/200 | loss 0.3961 | acc 85.38%
2025-12-05 00:44:27,614 [INFO]   Epoch  30/200 | loss 0.3180 | acc 88.44%
2025-12-05 00:45:38,213 [INFO]   Epoch  40/200 | loss 0.4091 | acc 85.04%
2025-12-05 00:46:46,602 [INFO]   Epoch  50/200 | loss 0.1838 | acc 93.48%
2025-12-05 00:47:55,369 [INFO]   Epoch  60/200 | loss 0.2367 | acc 91.12%
2025-12-05 00:49:06,132 [INFO]   Epoch  70/200 | loss 0.3370 | acc 87.56%
2025-12-05 00:50:14,421 [INFO]   Epoch  80/200 | loss 0.2371 | acc 91.70%
2025-12-05 00:51:22,197 [INFO]   Epoch  90/200 | loss 0.2109 | acc 92.20%
2025-12-05 00:52:33,561 [INFO]   Epoch 100/200 | loss 0.3003 | acc 89.48%
2025-12-05 00:53:44,521 [INFO]   Epoch 110/200 | loss 0.2407 | acc 91.46%
2025-12-05 00:54:51,231 [INFO]   Epoch 120/200 | loss 0.3309 | acc 88.18%
2025-12-05 00:56:01,716 [INFO]   Epoch 130/200 | loss 0.2184 | acc 92.10%
2025-12-05 00:57:14,076 [INFO]   Epoch 140/200 | loss 0.1921 | acc 92.82%
2025-12-05 00:58:20,041 [INFO]   Epoch 150/200 | loss 0.3586 | acc 87.34%
2025-12-05 00:59:32,731 [INFO]   Epoch 160/200 | loss 0.1662 | acc 94.32%
2025-12-05 01:00:46,151 [INFO]   Epoch 170/200 | loss 0.0390 | acc 98.94%
2025-12-05 01:01:54,554 [INFO]   Epoch 180/200 | loss 0.0213 | acc 99.58%
2025-12-05 01:02:47,251 [INFO]   Epoch 190/200 | loss 0.0174 | acc 99.66%
2025-12-05 01:03:40,549 [INFO]   Epoch 200/200 | loss 0.0290 | acc 99.22%
2025-12-05 01:03:44,923 [INFO]   >> Test: loss 0.3470 | acc 92.02%
2025-12-05 01:12:01,451 [INFO] Cycle 6/10
2025-12-05 01:12:01,451 [INFO] Labeled set size: 6000, Unlabeled set size: 44000
2025-12-05 01:12:07,585 [INFO]   Epoch   1/200 | loss 0.4397 | acc 84.55%
2025-12-05 01:13:10,630 [INFO]   Epoch  10/200 | loss 0.2369 | acc 90.80%
2025-12-05 01:14:23,253 [INFO]   Epoch  20/200 | loss 0.1942 | acc 92.82%
2025-12-05 01:15:45,909 [INFO]   Epoch  30/200 | loss 0.2511 | acc 90.73%
2025-12-05 01:17:06,253 [INFO]   Epoch  40/200 | loss 0.1679 | acc 93.82%
2025-12-05 01:18:32,799 [INFO]   Epoch  50/200 | loss 0.1694 | acc 93.82%
2025-12-05 01:19:58,485 [INFO]   Epoch  60/200 | loss 0.1910 | acc 93.13%
2025-12-05 01:21:25,245 [INFO]   Epoch  70/200 | loss 0.1976 | acc 92.82%
2025-12-05 01:22:51,824 [INFO]   Epoch  80/200 | loss 0.1485 | acc 94.47%
2025-12-05 01:24:18,434 [INFO]   Epoch  90/200 | loss 0.1662 | acc 94.10%
2025-12-05 01:25:45,577 [INFO]   Epoch 100/200 | loss 0.1772 | acc 93.87%
2025-12-05 01:27:12,053 [INFO]   Epoch 110/200 | loss 0.1452 | acc 94.75%
2025-12-05 01:28:34,568 [INFO]   Epoch 120/200 | loss 0.1515 | acc 94.68%
2025-12-05 01:29:55,385 [INFO]   Epoch 130/200 | loss 0.1804 | acc 93.65%
2025-12-05 01:31:19,828 [INFO]   Epoch 140/200 | loss 0.1582 | acc 94.37%
2025-12-05 01:32:43,535 [INFO]   Epoch 150/200 | loss 0.1501 | acc 94.93%
2025-12-05 01:34:05,530 [INFO]   Epoch 160/200 | loss 0.1519 | acc 94.52%
2025-12-05 01:35:28,229 [INFO]   Epoch 170/200 | loss 0.0122 | acc 99.83%
2025-12-05 01:36:41,669 [INFO]   Epoch 180/200 | loss 0.0064 | acc 99.97%
2025-12-05 01:37:47,554 [INFO]   Epoch 190/200 | loss 0.0048 | acc 99.97%
2025-12-05 01:38:49,515 [INFO]   Epoch 200/200 | loss 0.0038 | acc 99.98%
2025-12-05 01:38:53,210 [INFO]   >> Test: loss 0.3318 | acc 92.62%
2025-12-05 01:47:16,104 [INFO] Cycle 7/10
2025-12-05 01:47:16,104 [INFO] Labeled set size: 7000, Unlabeled set size: 43000
2025-12-05 01:47:23,395 [INFO]   Epoch   1/200 | loss 0.4615 | acc 84.17%
2025-12-05 01:48:34,972 [INFO]   Epoch  10/200 | loss 0.2609 | acc 90.16%
2025-12-05 01:49:59,942 [INFO]   Epoch  20/200 | loss 0.2685 | acc 90.20%
2025-12-05 01:51:36,320 [INFO]   Epoch  30/200 | loss 0.2255 | acc 91.79%
2025-12-05 01:53:12,472 [INFO]   Epoch  40/200 | loss 0.2024 | acc 92.46%
2025-12-05 01:54:50,010 [INFO]   Epoch  50/200 | loss 0.2160 | acc 91.94%
2025-12-05 01:56:26,240 [INFO]   Epoch  60/200 | loss 0.1557 | acc 94.29%
2025-12-05 01:58:03,312 [INFO]   Epoch  70/200 | loss 0.1844 | acc 93.77%
2025-12-05 01:59:42,848 [INFO]   Epoch  80/200 | loss 0.1621 | acc 94.36%
2025-12-05 02:01:18,984 [INFO]   Epoch  90/200 | loss 0.1480 | acc 94.83%
2025-12-05 02:02:54,063 [INFO]   Epoch 100/200 | loss 0.1869 | acc 93.06%
2025-12-05 02:04:28,291 [INFO]   Epoch 110/200 | loss 0.1761 | acc 93.89%
2025-12-05 02:06:05,966 [INFO]   Epoch 120/200 | loss 0.1740 | acc 93.71%
2025-12-05 02:07:43,580 [INFO]   Epoch 130/200 | loss 0.1595 | acc 94.27%
2025-12-05 02:09:20,791 [INFO]   Epoch 140/200 | loss 0.1639 | acc 94.24%
2025-12-05 02:10:56,645 [INFO]   Epoch 150/200 | loss 0.1650 | acc 93.91%
2025-12-05 02:12:32,322 [INFO]   Epoch 160/200 | loss 0.1540 | acc 94.64%
2025-12-05 02:14:08,807 [INFO]   Epoch 170/200 | loss 0.0121 | acc 99.84%
2025-12-05 02:15:40,961 [INFO]   Epoch 180/200 | loss 0.0079 | acc 99.89%
2025-12-05 02:16:54,484 [INFO]   Epoch 190/200 | loss 0.0048 | acc 99.96%
2025-12-05 02:18:09,521 [INFO]   Epoch 200/200 | loss 0.0038 | acc 99.99%
2025-12-05 02:18:13,839 [INFO]   >> Test: loss 0.3068 | acc 93.00%
2025-12-05 02:24:15,650 [INFO] Cycle 8/10
2025-12-05 02:24:15,651 [INFO] Labeled set size: 8000, Unlabeled set size: 42000
2025-12-05 02:24:22,829 [INFO]   Epoch   1/200 | loss 0.4171 | acc 85.50%
2025-12-05 02:25:33,149 [INFO]   Epoch  10/200 | loss 0.2723 | acc 90.18%
2025-12-05 02:26:59,693 [INFO]   Epoch  20/200 | loss 0.2345 | acc 91.55%
2025-12-05 02:28:33,858 [INFO]   Epoch  30/200 | loss 0.2189 | acc 92.01%
2025-12-05 02:30:01,387 [INFO]   Epoch  40/200 | loss 0.1941 | acc 92.94%
2025-12-05 02:31:37,670 [INFO]   Epoch  50/200 | loss 0.2131 | acc 92.15%
2025-12-05 02:33:13,494 [INFO]   Epoch  60/200 | loss 0.2285 | acc 91.79%
2025-12-05 02:34:50,621 [INFO]   Epoch  70/200 | loss 0.1954 | acc 92.84%
2025-12-05 02:36:26,548 [INFO]   Epoch  80/200 | loss 0.2004 | acc 93.00%
2025-12-05 02:38:01,623 [INFO]   Epoch  90/200 | loss 0.1966 | acc 92.81%
2025-12-05 02:39:33,726 [INFO]   Epoch 100/200 | loss 0.1815 | acc 93.44%
2025-12-05 02:41:02,378 [INFO]   Epoch 110/200 | loss 0.2094 | acc 92.21%
2025-12-05 02:42:33,890 [INFO]   Epoch 120/200 | loss 0.1982 | acc 92.91%
2025-12-05 02:44:07,153 [INFO]   Epoch 130/200 | loss 0.1683 | acc 93.79%
2025-12-05 02:45:38,374 [INFO]   Epoch 140/200 | loss 0.2036 | acc 92.60%
2025-12-05 02:47:09,579 [INFO]   Epoch 150/200 | loss 0.1741 | acc 93.65%
2025-12-05 02:48:44,847 [INFO]   Epoch 160/200 | loss 0.2105 | acc 92.56%
2025-12-05 02:50:17,056 [INFO]   Epoch 170/200 | loss 0.0141 | acc 99.71%
2025-12-05 02:51:32,759 [INFO]   Epoch 180/200 | loss 0.0065 | acc 99.95%
2025-12-05 02:52:37,426 [INFO]   Epoch 190/200 | loss 0.0052 | acc 99.98%
2025-12-05 02:53:44,173 [INFO]   Epoch 200/200 | loss 0.0036 | acc 99.99%
2025-12-05 02:53:46,921 [INFO]   >> Test: loss 0.3095 | acc 93.31%
2025-12-05 02:59:43,432 [INFO] Cycle 9/10
2025-12-05 02:59:43,432 [INFO] Labeled set size: 9000, Unlabeled set size: 41000
2025-12-05 02:59:50,483 [INFO]   Epoch   1/200 | loss 0.4136 | acc 85.16%
2025-12-05 03:01:01,870 [INFO]   Epoch  10/200 | loss 0.2628 | acc 90.41%
2025-12-05 03:02:42,234 [INFO]   Epoch  20/200 | loss 0.2508 | acc 90.57%
2025-12-05 03:04:19,148 [INFO]   Epoch  30/200 | loss 0.2203 | acc 91.89%
2025-12-05 03:06:05,255 [INFO]   Epoch  40/200 | loss 0.2329 | acc 91.53%
2025-12-05 03:07:43,404 [INFO]   Epoch  50/200 | loss 0.2175 | acc 92.09%
2025-12-05 03:09:28,344 [INFO]   Epoch  60/200 | loss 0.2220 | acc 92.11%
2025-12-05 03:11:15,118 [INFO]   Epoch  70/200 | loss 0.2224 | acc 92.09%
2025-12-05 03:13:01,253 [INFO]   Epoch  80/200 | loss 0.2400 | acc 91.13%
2025-12-05 03:14:49,424 [INFO]   Epoch  90/200 | loss 0.2054 | acc 92.57%
2025-12-05 03:16:36,465 [INFO]   Epoch 100/200 | loss 0.2108 | acc 92.24%
2025-12-05 03:18:23,646 [INFO]   Epoch 110/200 | loss 0.2167 | acc 92.20%
2025-12-05 03:20:05,829 [INFO]   Epoch 120/200 | loss 0.2084 | acc 92.47%
2025-12-05 03:21:45,689 [INFO]   Epoch 130/200 | loss 0.2131 | acc 91.94%
2025-12-05 03:23:28,132 [INFO]   Epoch 140/200 | loss 0.2012 | acc 92.59%
2025-12-05 03:25:09,430 [INFO]   Epoch 150/200 | loss 0.2015 | acc 92.82%
2025-12-05 03:26:55,112 [INFO]   Epoch 160/200 | loss 0.1956 | acc 92.73%
2025-12-05 03:28:36,333 [INFO]   Epoch 170/200 | loss 0.0149 | acc 99.66%
2025-12-05 03:30:00,739 [INFO]   Epoch 180/200 | loss 0.0070 | acc 99.92%
2025-12-05 03:31:15,863 [INFO]   Epoch 190/200 | loss 0.0046 | acc 99.98%
2025-12-05 03:32:29,472 [INFO]   Epoch 200/200 | loss 0.0038 | acc 99.98%
2025-12-05 03:32:31,698 [INFO]   >> Test: loss 0.2825 | acc 93.97%
2025-12-05 03:38:38,222 [INFO] Cycle 10/10
2025-12-05 03:38:38,222 [INFO] Labeled set size: 10000, Unlabeled set size: 40000
2025-12-05 03:38:46,448 [INFO]   Epoch   1/200 | loss 0.4057 | acc 85.48%
2025-12-05 03:40:08,939 [INFO]   Epoch  10/200 | loss 0.3011 | acc 88.98%
2025-12-05 03:41:52,326 [INFO]   Epoch  20/200 | loss 0.2894 | acc 89.52%
2025-12-05 03:43:42,613 [INFO]   Epoch  30/200 | loss 0.2554 | acc 90.73%
2025-12-05 03:45:40,739 [INFO]   Epoch  40/200 | loss 0.2348 | acc 91.33%
2025-12-05 03:47:38,771 [INFO]   Epoch  50/200 | loss 0.2380 | acc 91.16%
2025-12-05 03:49:26,131 [INFO]   Epoch  60/200 | loss 0.2630 | acc 90.15%
2025-12-05 03:51:25,410 [INFO]   Epoch  70/200 | loss 0.3069 | acc 88.69%
2025-12-05 03:53:24,873 [INFO]   Epoch  80/200 | loss 0.3194 | acc 88.15%
2025-12-05 03:55:25,210 [INFO]   Epoch  90/200 | loss 0.2032 | acc 92.66%
2025-12-05 03:57:24,133 [INFO]   Epoch 100/200 | loss 0.2351 | acc 91.43%
2025-12-05 03:59:20,762 [INFO]   Epoch 110/200 | loss 0.2367 | acc 91.39%
2025-12-05 04:01:17,255 [INFO]   Epoch 120/200 | loss 0.2351 | acc 91.22%
2025-12-05 04:03:04,813 [INFO]   Epoch 130/200 | loss 0.2927 | acc 89.31%
2025-12-05 04:05:04,621 [INFO]   Epoch 140/200 | loss 0.2645 | acc 90.15%
2025-12-05 04:07:04,046 [INFO]   Epoch 150/200 | loss 0.2339 | acc 91.11%
2025-12-05 04:09:04,447 [INFO]   Epoch 160/200 | loss 0.2524 | acc 90.90%
2025-12-05 04:10:50,848 [INFO]   Epoch 170/200 | loss 0.0188 | acc 99.60%
2025-12-05 04:12:23,471 [INFO]   Epoch 180/200 | loss 0.0098 | acc 99.87%
2025-12-05 04:13:41,619 [INFO]   Epoch 190/200 | loss 0.0088 | acc 99.80%
2025-12-05 04:15:06,532 [INFO]   Epoch 200/200 | loss 0.0046 | acc 99.98%
2025-12-05 04:15:09,949 [INFO]   >> Test: loss 0.2723 | acc 94.33%
2025-12-05 04:19:38,589 [INFO] Saved checkpoint to: ./checkpoints/fashionmnist/resnet18_DQN_500.pth
