2025-12-04 23:22:29,668 [INFO] 로그 파일 경로: logs/fashionmnist/DQN_400step_20251204_232229.log
2025-12-04 23:22:29,749 [INFO] Using device: cuda:2
2025-12-04 23:22:39,936 [INFO] Cycle 1/10
2025-12-04 23:22:39,936 [INFO] Labeled set size: 1000, Unlabeled set size: 49000
2025-12-04 23:22:43,859 [INFO]   Epoch   1/200 | loss 5.5296 | acc 13.30%
2025-12-04 23:22:56,556 [INFO]   Epoch  10/200 | loss 1.0338 | acc 59.60%
2025-12-04 23:23:12,721 [INFO]   Epoch  20/200 | loss 0.7210 | acc 71.00%
2025-12-04 23:23:30,480 [INFO]   Epoch  30/200 | loss 0.5774 | acc 77.50%
2025-12-04 23:23:45,815 [INFO]   Epoch  40/200 | loss 0.5265 | acc 80.20%
2025-12-04 23:24:05,119 [INFO]   Epoch  50/200 | loss 0.4289 | acc 83.20%
2025-12-04 23:24:22,769 [INFO]   Epoch  60/200 | loss 0.3910 | acc 84.90%
2025-12-04 23:24:42,177 [INFO]   Epoch  70/200 | loss 0.3879 | acc 84.10%
2025-12-04 23:24:57,670 [INFO]   Epoch  80/200 | loss 0.3324 | acc 86.10%
2025-12-04 23:25:16,195 [INFO]   Epoch  90/200 | loss 0.2606 | acc 89.00%
2025-12-04 23:25:33,961 [INFO]   Epoch 100/200 | loss 0.2228 | acc 90.90%
2025-12-04 23:25:50,011 [INFO]   Epoch 110/200 | loss 0.2141 | acc 91.70%
2025-12-04 23:26:04,952 [INFO]   Epoch 120/200 | loss 0.1956 | acc 92.90%
2025-12-04 23:26:21,445 [INFO]   Epoch 130/200 | loss 0.1720 | acc 93.00%
2025-12-04 23:26:38,442 [INFO]   Epoch 140/200 | loss 0.1680 | acc 92.50%
2025-12-04 23:26:56,997 [INFO]   Epoch 150/200 | loss 0.1857 | acc 92.30%
2025-12-04 23:27:11,568 [INFO]   Epoch 160/200 | loss 0.1124 | acc 95.70%
2025-12-04 23:27:28,008 [INFO]   Epoch 170/200 | loss 0.0411 | acc 99.20%
2025-12-04 23:27:43,224 [INFO]   Epoch 180/200 | loss 0.0355 | acc 99.10%
2025-12-04 23:27:58,298 [INFO]   Epoch 190/200 | loss 0.0291 | acc 99.40%
2025-12-04 23:28:11,229 [INFO]   Epoch 200/200 | loss 0.0305 | acc 99.30%
2025-12-04 23:28:14,211 [INFO]   >> Test: loss 0.8475 | acc 82.01%
2025-12-04 23:35:41,076 [INFO] Cycle 2/10
2025-12-04 23:35:41,076 [INFO] Labeled set size: 2000, Unlabeled set size: 48000
2025-12-04 23:35:43,295 [INFO]   Epoch   1/200 | loss 0.8592 | acc 73.60%
2025-12-04 23:36:08,184 [INFO]   Epoch  10/200 | loss 0.4606 | acc 81.70%
2025-12-04 23:36:39,258 [INFO]   Epoch  20/200 | loss 0.3974 | acc 84.55%
2025-12-04 23:37:07,438 [INFO]   Epoch  30/200 | loss 0.3189 | acc 88.30%
2025-12-04 23:37:37,087 [INFO]   Epoch  40/200 | loss 0.2478 | acc 91.00%
2025-12-04 23:38:08,009 [INFO]   Epoch  50/200 | loss 0.2128 | acc 91.40%
2025-12-04 23:38:39,341 [INFO]   Epoch  60/200 | loss 0.2121 | acc 92.20%
2025-12-04 23:39:07,338 [INFO]   Epoch  70/200 | loss 0.1884 | acc 93.25%
2025-12-04 23:39:35,842 [INFO]   Epoch  80/200 | loss 0.1454 | acc 95.25%
2025-12-04 23:40:07,514 [INFO]   Epoch  90/200 | loss 0.1362 | acc 94.65%
2025-12-04 23:40:36,017 [INFO]   Epoch 100/200 | loss 0.1464 | acc 95.15%
2025-12-04 23:41:04,196 [INFO]   Epoch 110/200 | loss 0.0937 | acc 96.65%
2025-12-04 23:41:32,838 [INFO]   Epoch 120/200 | loss 0.1383 | acc 95.50%
2025-12-04 23:42:02,812 [INFO]   Epoch 130/200 | loss 0.1033 | acc 95.85%
2025-12-04 23:42:32,861 [INFO]   Epoch 140/200 | loss 0.0874 | acc 97.15%
2025-12-04 23:43:00,857 [INFO]   Epoch 150/200 | loss 0.0907 | acc 96.75%
2025-12-04 23:43:29,748 [INFO]   Epoch 160/200 | loss 0.1008 | acc 96.85%
2025-12-04 23:43:59,901 [INFO]   Epoch 170/200 | loss 0.0113 | acc 99.85%
2025-12-04 23:44:26,107 [INFO]   Epoch 180/200 | loss 0.0072 | acc 100.00%
2025-12-04 23:44:48,671 [INFO]   Epoch 190/200 | loss 0.0074 | acc 99.95%
2025-12-04 23:45:12,421 [INFO]   Epoch 200/200 | loss 0.0055 | acc 100.00%
2025-12-04 23:45:15,955 [INFO]   >> Test: loss 0.6200 | acc 86.19%
2025-12-04 23:53:07,765 [INFO] Cycle 3/10
2025-12-04 23:53:07,766 [INFO] Labeled set size: 3000, Unlabeled set size: 47000
2025-12-04 23:53:11,412 [INFO]   Epoch   1/200 | loss 0.7682 | acc 74.40%
2025-12-04 23:53:44,987 [INFO]   Epoch  10/200 | loss 0.3372 | acc 87.50%
2025-12-04 23:54:23,930 [INFO]   Epoch  20/200 | loss 0.2920 | acc 89.17%
2025-12-04 23:55:05,950 [INFO]   Epoch  30/200 | loss 0.2351 | acc 91.60%
2025-12-04 23:55:49,674 [INFO]   Epoch  40/200 | loss 0.2441 | acc 91.30%
2025-12-04 23:56:31,691 [INFO]   Epoch  50/200 | loss 0.1586 | acc 94.10%
2025-12-04 23:57:15,596 [INFO]   Epoch  60/200 | loss 0.1913 | acc 92.63%
2025-12-04 23:58:00,137 [INFO]   Epoch  70/200 | loss 0.1840 | acc 93.60%
2025-12-04 23:58:45,268 [INFO]   Epoch  80/200 | loss 0.1824 | acc 93.00%
2025-12-04 23:59:30,852 [INFO]   Epoch  90/200 | loss 0.1367 | acc 94.90%
2025-12-05 00:00:13,955 [INFO]   Epoch 100/200 | loss 0.1430 | acc 95.17%
2025-12-05 00:00:57,182 [INFO]   Epoch 110/200 | loss 0.1962 | acc 93.10%
2025-12-05 00:01:39,416 [INFO]   Epoch 120/200 | loss 0.1700 | acc 93.80%
2025-12-05 00:02:22,727 [INFO]   Epoch 130/200 | loss 0.1251 | acc 95.53%
2025-12-05 00:03:07,566 [INFO]   Epoch 140/200 | loss 0.0795 | acc 97.57%
2025-12-05 00:03:48,214 [INFO]   Epoch 150/200 | loss 0.1282 | acc 95.77%
2025-12-05 00:04:29,266 [INFO]   Epoch 160/200 | loss 0.1049 | acc 96.33%
2025-12-05 00:05:12,124 [INFO]   Epoch 170/200 | loss 0.0110 | acc 99.97%
2025-12-05 00:05:49,264 [INFO]   Epoch 180/200 | loss 0.0076 | acc 99.87%
2025-12-05 00:06:23,976 [INFO]   Epoch 190/200 | loss 0.0059 | acc 99.93%
2025-12-05 00:06:57,635 [INFO]   Epoch 200/200 | loss 0.0048 | acc 100.00%
2025-12-05 00:07:01,090 [INFO]   >> Test: loss 0.4613 | acc 88.92%
2025-12-05 00:15:06,358 [INFO] Cycle 4/10
2025-12-05 00:15:06,358 [INFO] Labeled set size: 4000, Unlabeled set size: 46000
2025-12-05 00:15:11,384 [INFO]   Epoch   1/200 | loss 0.6923 | acc 77.10%
2025-12-05 00:15:56,825 [INFO]   Epoch  10/200 | loss 0.2853 | acc 89.83%
2025-12-05 00:16:49,071 [INFO]   Epoch  20/200 | loss 0.2814 | acc 89.60%
2025-12-05 00:17:45,953 [INFO]   Epoch  30/200 | loss 0.2239 | acc 92.03%
2025-12-05 00:18:39,450 [INFO]   Epoch  40/200 | loss 0.1853 | acc 93.70%
2025-12-05 00:19:36,882 [INFO]   Epoch  50/200 | loss 0.1677 | acc 93.92%
2025-12-05 00:20:30,000 [INFO]   Epoch  60/200 | loss 0.1668 | acc 94.12%
2025-12-05 00:21:27,999 [INFO]   Epoch  70/200 | loss 0.1814 | acc 93.35%
2025-12-05 00:22:26,875 [INFO]   Epoch  80/200 | loss 0.1771 | acc 93.65%
2025-12-05 00:23:26,335 [INFO]   Epoch  90/200 | loss 0.1271 | acc 95.38%
2025-12-05 00:24:24,531 [INFO]   Epoch 100/200 | loss 0.1538 | acc 94.58%
2025-12-05 00:25:23,516 [INFO]   Epoch 110/200 | loss 0.1919 | acc 92.67%
2025-12-05 00:26:21,730 [INFO]   Epoch 120/200 | loss 0.1898 | acc 93.35%
2025-12-05 00:27:20,832 [INFO]   Epoch 130/200 | loss 0.1422 | acc 95.03%
2025-12-05 00:28:19,285 [INFO]   Epoch 140/200 | loss 0.1507 | acc 95.12%
2025-12-05 00:29:12,712 [INFO]   Epoch 150/200 | loss 0.1054 | acc 96.55%
2025-12-05 00:30:10,787 [INFO]   Epoch 160/200 | loss 0.1774 | acc 93.83%
2025-12-05 00:31:06,024 [INFO]   Epoch 170/200 | loss 0.0137 | acc 99.88%
2025-12-05 00:31:53,460 [INFO]   Epoch 180/200 | loss 0.0071 | acc 99.98%
2025-12-05 00:32:37,728 [INFO]   Epoch 190/200 | loss 0.0061 | acc 99.98%
2025-12-05 00:33:18,133 [INFO]   Epoch 200/200 | loss 0.0049 | acc 99.98%
2025-12-05 00:33:21,378 [INFO]   >> Test: loss 0.3958 | acc 90.56%
2025-12-05 00:41:33,335 [INFO] Cycle 5/10
2025-12-05 00:41:33,335 [INFO] Labeled set size: 5000, Unlabeled set size: 45000
2025-12-05 00:41:39,508 [INFO]   Epoch   1/200 | loss 0.4915 | acc 83.52%
2025-12-05 00:42:35,198 [INFO]   Epoch  10/200 | loss 0.3811 | acc 85.68%
2025-12-05 00:43:38,823 [INFO]   Epoch  20/200 | loss 0.2809 | acc 89.96%
2025-12-05 00:44:48,450 [INFO]   Epoch  30/200 | loss 0.4192 | acc 84.34%
2025-12-05 00:45:59,951 [INFO]   Epoch  40/200 | loss 0.2820 | acc 89.84%
2025-12-05 00:47:09,102 [INFO]   Epoch  50/200 | loss 0.2691 | acc 90.16%
2025-12-05 00:48:17,093 [INFO]   Epoch  60/200 | loss 0.1902 | acc 93.40%
2025-12-05 00:49:28,285 [INFO]   Epoch  70/200 | loss 0.1851 | acc 93.56%
2025-12-05 00:50:38,476 [INFO]   Epoch  80/200 | loss 0.2957 | acc 89.42%
2025-12-05 00:51:45,837 [INFO]   Epoch  90/200 | loss 0.3353 | acc 88.00%
2025-12-05 00:52:55,068 [INFO]   Epoch 100/200 | loss 0.2027 | acc 92.52%
2025-12-05 00:54:06,059 [INFO]   Epoch 110/200 | loss 0.3064 | acc 88.58%
2025-12-05 00:55:13,416 [INFO]   Epoch 120/200 | loss 0.3860 | acc 86.54%
2025-12-05 00:56:23,322 [INFO]   Epoch 130/200 | loss 0.2729 | acc 91.06%
2025-12-05 00:57:36,482 [INFO]   Epoch 140/200 | loss 0.2563 | acc 90.48%
2025-12-05 00:58:48,885 [INFO]   Epoch 150/200 | loss 0.1878 | acc 93.12%
2025-12-05 01:00:02,168 [INFO]   Epoch 160/200 | loss 0.2293 | acc 92.24%
2025-12-05 01:01:15,558 [INFO]   Epoch 170/200 | loss 0.0356 | acc 99.20%
2025-12-05 01:02:17,245 [INFO]   Epoch 180/200 | loss 0.0276 | acc 99.34%
2025-12-05 01:03:12,457 [INFO]   Epoch 190/200 | loss 0.0213 | acc 99.64%
2025-12-05 01:04:04,810 [INFO]   Epoch 200/200 | loss 0.0153 | acc 99.72%
2025-12-05 01:04:08,299 [INFO]   >> Test: loss 0.3713 | acc 91.88%
2025-12-05 01:12:27,805 [INFO] Cycle 6/10
2025-12-05 01:12:27,806 [INFO] Labeled set size: 6000, Unlabeled set size: 44000
2025-12-05 01:12:35,078 [INFO]   Epoch   1/200 | loss 0.4304 | acc 85.02%
2025-12-05 01:13:41,140 [INFO]   Epoch  10/200 | loss 0.2171 | acc 91.80%
2025-12-05 01:14:59,275 [INFO]   Epoch  20/200 | loss 0.1969 | acc 93.03%
2025-12-05 01:16:23,288 [INFO]   Epoch  30/200 | loss 0.1748 | acc 94.00%
2025-12-05 01:17:49,101 [INFO]   Epoch  40/200 | loss 0.1763 | acc 93.87%
2025-12-05 01:19:15,640 [INFO]   Epoch  50/200 | loss 0.1933 | acc 93.10%
2025-12-05 01:20:41,878 [INFO]   Epoch  60/200 | loss 0.1571 | acc 94.28%
2025-12-05 01:22:08,512 [INFO]   Epoch  70/200 | loss 0.1809 | acc 93.68%
2025-12-05 01:23:26,775 [INFO]   Epoch  80/200 | loss 0.1666 | acc 94.33%
2025-12-05 01:24:53,288 [INFO]   Epoch  90/200 | loss 0.1543 | acc 94.60%
2025-12-05 01:26:20,065 [INFO]   Epoch 100/200 | loss 0.1416 | acc 94.97%
2025-12-05 01:27:46,824 [INFO]   Epoch 110/200 | loss 0.1539 | acc 94.70%
2025-12-05 01:29:12,577 [INFO]   Epoch 120/200 | loss 0.1553 | acc 94.68%
2025-12-05 01:30:37,016 [INFO]   Epoch 130/200 | loss 0.1570 | acc 94.17%
2025-12-05 01:31:58,497 [INFO]   Epoch 140/200 | loss 0.1546 | acc 94.65%
2025-12-05 01:33:20,567 [INFO]   Epoch 150/200 | loss 0.1264 | acc 95.58%
2025-12-05 01:34:42,765 [INFO]   Epoch 160/200 | loss 0.2256 | acc 91.72%
2025-12-05 01:36:04,478 [INFO]   Epoch 170/200 | loss 0.0157 | acc 99.77%
2025-12-05 01:37:14,173 [INFO]   Epoch 180/200 | loss 0.0071 | acc 99.97%
2025-12-05 01:38:20,230 [INFO]   Epoch 190/200 | loss 0.0054 | acc 99.97%
2025-12-05 01:39:20,503 [INFO]   Epoch 200/200 | loss 0.0041 | acc 100.00%
2025-12-05 01:39:24,132 [INFO]   >> Test: loss 0.3161 | acc 92.59%
2025-12-05 01:47:50,560 [INFO] Cycle 7/10
2025-12-05 01:47:50,560 [INFO] Labeled set size: 7000, Unlabeled set size: 43000
2025-12-05 01:47:59,007 [INFO]   Epoch   1/200 | loss 0.4662 | acc 83.73%
2025-12-05 01:49:15,073 [INFO]   Epoch  10/200 | loss 0.2441 | acc 91.13%
2025-12-05 01:50:46,232 [INFO]   Epoch  20/200 | loss 0.2106 | acc 92.21%
2025-12-05 01:52:22,926 [INFO]   Epoch  30/200 | loss 0.1848 | acc 93.67%
2025-12-05 01:53:59,353 [INFO]   Epoch  40/200 | loss 0.1919 | acc 93.19%
2025-12-05 01:55:35,894 [INFO]   Epoch  50/200 | loss 0.2173 | acc 92.37%
2025-12-05 01:57:13,442 [INFO]   Epoch  60/200 | loss 0.1842 | acc 93.17%
2025-12-05 01:58:53,190 [INFO]   Epoch  70/200 | loss 0.2089 | acc 92.60%
2025-12-05 02:00:32,214 [INFO]   Epoch  80/200 | loss 0.1791 | acc 93.61%
2025-12-05 02:02:09,718 [INFO]   Epoch  90/200 | loss 0.1839 | acc 93.31%
2025-12-05 02:03:46,771 [INFO]   Epoch 100/200 | loss 0.1752 | acc 93.57%
2025-12-05 02:05:20,799 [INFO]   Epoch 110/200 | loss 0.1852 | acc 93.36%
2025-12-05 02:06:56,824 [INFO]   Epoch 120/200 | loss 0.1454 | acc 94.80%
2025-12-05 02:08:32,766 [INFO]   Epoch 130/200 | loss 0.1615 | acc 94.56%
2025-12-05 02:10:10,484 [INFO]   Epoch 140/200 | loss 0.1618 | acc 94.26%
2025-12-05 02:11:47,813 [INFO]   Epoch 150/200 | loss 0.1815 | acc 93.81%
2025-12-05 02:13:24,883 [INFO]   Epoch 160/200 | loss 0.1662 | acc 94.19%
2025-12-05 02:15:01,375 [INFO]   Epoch 170/200 | loss 0.0111 | acc 99.87%
2025-12-05 02:16:22,884 [INFO]   Epoch 180/200 | loss 0.0078 | acc 99.86%
2025-12-05 02:17:38,846 [INFO]   Epoch 190/200 | loss 0.0053 | acc 99.94%
2025-12-05 02:18:44,837 [INFO]   Epoch 200/200 | loss 0.0033 | acc 100.00%
2025-12-05 02:18:48,217 [INFO]   >> Test: loss 0.3040 | acc 93.01%
2025-12-05 02:24:43,867 [INFO] Cycle 8/10
2025-12-05 02:24:43,867 [INFO] Labeled set size: 8000, Unlabeled set size: 42000
2025-12-05 02:24:52,079 [INFO]   Epoch   1/200 | loss 0.4698 | acc 83.29%
2025-12-05 02:26:05,490 [INFO]   Epoch  10/200 | loss 0.2542 | acc 90.94%
2025-12-05 02:27:37,341 [INFO]   Epoch  20/200 | loss 0.2467 | acc 90.80%
2025-12-05 02:29:13,324 [INFO]   Epoch  30/200 | loss 0.1921 | acc 92.86%
2025-12-05 02:30:49,217 [INFO]   Epoch  40/200 | loss 0.2464 | acc 90.96%
2025-12-05 02:32:25,592 [INFO]   Epoch  50/200 | loss 0.2191 | acc 91.88%
2025-12-05 02:34:02,005 [INFO]   Epoch  60/200 | loss 0.1778 | acc 93.42%
2025-12-05 02:35:38,727 [INFO]   Epoch  70/200 | loss 0.2123 | acc 92.10%
2025-12-05 02:37:06,828 [INFO]   Epoch  80/200 | loss 0.2159 | acc 92.30%
2025-12-05 02:38:39,766 [INFO]   Epoch  90/200 | loss 0.2051 | acc 92.84%
2025-12-05 02:40:13,093 [INFO]   Epoch 100/200 | loss 0.2079 | acc 92.17%
2025-12-05 02:41:42,847 [INFO]   Epoch 110/200 | loss 0.1715 | acc 94.15%
2025-12-05 02:43:14,353 [INFO]   Epoch 120/200 | loss 0.1616 | acc 94.38%
2025-12-05 02:44:45,482 [INFO]   Epoch 130/200 | loss 0.1882 | acc 93.27%
2025-12-05 02:46:20,893 [INFO]   Epoch 140/200 | loss 0.2044 | acc 92.42%
2025-12-05 02:47:57,550 [INFO]   Epoch 150/200 | loss 0.2029 | acc 92.79%
2025-12-05 02:49:29,996 [INFO]   Epoch 160/200 | loss 0.2005 | acc 92.77%
2025-12-05 02:50:54,341 [INFO]   Epoch 170/200 | loss 0.0127 | acc 99.83%
2025-12-05 02:52:04,319 [INFO]   Epoch 180/200 | loss 0.0069 | acc 99.92%
2025-12-05 02:53:11,045 [INFO]   Epoch 190/200 | loss 0.0052 | acc 99.95%
2025-12-05 02:54:11,621 [INFO]   Epoch 200/200 | loss 0.0036 | acc 99.99%
2025-12-05 02:54:14,042 [INFO]   >> Test: loss 0.3019 | acc 93.16%
2025-12-05 03:00:16,696 [INFO] Cycle 9/10
2025-12-05 03:00:16,696 [INFO] Labeled set size: 9000, Unlabeled set size: 41000
2025-12-05 03:00:25,560 [INFO]   Epoch   1/200 | loss 0.4183 | acc 84.91%
2025-12-05 03:01:48,517 [INFO]   Epoch  10/200 | loss 0.2673 | acc 90.43%
2025-12-05 03:03:36,172 [INFO]   Epoch  20/200 | loss 0.2151 | acc 92.04%
2025-12-05 03:05:23,048 [INFO]   Epoch  30/200 | loss 0.2266 | acc 91.94%
2025-12-05 03:07:09,689 [INFO]   Epoch  40/200 | loss 0.2191 | acc 92.10%
2025-12-05 03:08:56,140 [INFO]   Epoch  50/200 | loss 0.2199 | acc 91.71%
2025-12-05 03:10:33,129 [INFO]   Epoch  60/200 | loss 0.2167 | acc 92.06%
2025-12-05 03:12:18,777 [INFO]   Epoch  70/200 | loss 0.2283 | acc 91.52%
2025-12-05 03:14:06,398 [INFO]   Epoch  80/200 | loss 0.2050 | acc 92.48%
2025-12-05 03:15:52,499 [INFO]   Epoch  90/200 | loss 0.2049 | acc 92.57%
2025-12-05 03:17:30,376 [INFO]   Epoch 100/200 | loss 0.2015 | acc 92.47%
2025-12-05 03:19:16,738 [INFO]   Epoch 110/200 | loss 0.1798 | acc 93.42%
2025-12-05 03:20:56,763 [INFO]   Epoch 120/200 | loss 0.1952 | acc 92.93%
2025-12-05 03:22:39,772 [INFO]   Epoch 130/200 | loss 0.2061 | acc 92.62%
2025-12-05 03:24:26,812 [INFO]   Epoch 140/200 | loss 0.2386 | acc 91.43%
2025-12-05 03:26:12,100 [INFO]   Epoch 150/200 | loss 0.2107 | acc 92.24%
2025-12-05 03:27:51,553 [INFO]   Epoch 160/200 | loss 0.2170 | acc 91.97%
2025-12-05 03:29:25,856 [INFO]   Epoch 170/200 | loss 0.0137 | acc 99.78%
2025-12-05 03:30:44,551 [INFO]   Epoch 180/200 | loss 0.0081 | acc 99.88%
2025-12-05 03:31:54,526 [INFO]   Epoch 190/200 | loss 0.0049 | acc 99.96%
2025-12-05 03:33:01,589 [INFO]   Epoch 200/200 | loss 0.0039 | acc 99.99%
2025-12-05 03:33:04,187 [INFO]   >> Test: loss 0.2911 | acc 93.44%
2025-12-05 03:39:16,440 [INFO] Cycle 10/10
2025-12-05 03:39:16,440 [INFO] Labeled set size: 10000, Unlabeled set size: 40000
2025-12-05 03:39:25,926 [INFO]   Epoch   1/200 | loss 0.3632 | acc 87.25%
2025-12-05 03:40:53,362 [INFO]   Epoch  10/200 | loss 0.2567 | acc 90.77%
2025-12-05 03:42:43,419 [INFO]   Epoch  20/200 | loss 0.2270 | acc 91.55%
2025-12-05 03:44:41,391 [INFO]   Epoch  30/200 | loss 0.2261 | acc 91.64%
2025-12-05 03:46:32,223 [INFO]   Epoch  40/200 | loss 0.2161 | acc 92.00%
2025-12-05 03:48:26,416 [INFO]   Epoch  50/200 | loss 0.2359 | acc 91.52%
2025-12-05 03:50:25,758 [INFO]   Epoch  60/200 | loss 0.2422 | acc 91.01%
2025-12-05 03:52:25,116 [INFO]   Epoch  70/200 | loss 0.2101 | acc 92.26%
2025-12-05 03:54:12,991 [INFO]   Epoch  80/200 | loss 0.2862 | acc 89.92%
2025-12-05 03:56:13,332 [INFO]   Epoch  90/200 | loss 0.3348 | acc 87.69%
2025-12-05 03:58:10,272 [INFO]   Epoch 100/200 | loss 0.1945 | acc 92.96%
2025-12-05 04:00:03,863 [INFO]   Epoch 110/200 | loss 0.2722 | acc 90.12%
2025-12-05 04:01:53,741 [INFO]   Epoch 120/200 | loss 0.2152 | acc 92.18%
2025-12-05 04:03:52,917 [INFO]   Epoch 130/200 | loss 0.2339 | acc 91.51%
2025-12-05 04:05:52,572 [INFO]   Epoch 140/200 | loss 0.2274 | acc 91.71%
2025-12-05 04:07:52,273 [INFO]   Epoch 150/200 | loss 0.1959 | acc 92.98%
2025-12-05 04:09:52,413 [INFO]   Epoch 160/200 | loss 0.2177 | acc 91.84%
2025-12-05 04:11:41,786 [INFO]   Epoch 170/200 | loss 0.0168 | acc 99.58%
2025-12-05 04:13:07,804 [INFO]   Epoch 180/200 | loss 0.0104 | acc 99.78%
2025-12-05 04:14:32,443 [INFO]   Epoch 190/200 | loss 0.0053 | acc 99.95%
2025-12-05 04:15:47,119 [INFO]   Epoch 200/200 | loss 0.0072 | acc 99.84%
2025-12-05 04:15:49,729 [INFO]   >> Test: loss 0.2975 | acc 93.59%
2025-12-05 04:19:54,311 [INFO] Saved checkpoint to: ./checkpoints/fashionmnist/resnet18_DQN_400.pth
