2025-12-04 23:22:24,459 [INFO] 로그 파일 경로: logs/fashionmnist/random_20251204_232224.log
2025-12-04 23:22:24,583 [INFO] Using device: cuda:2
2025-12-04 23:22:29,103 [INFO] Cycle 1/10
2025-12-04 23:22:29,103 [INFO] Labeled set size: 1000, Unlabeled set size: 49000
2025-12-04 23:22:31,405 [INFO]   Epoch   1/200 | loss 5.5296 | acc 13.30%
2025-12-04 23:22:39,231 [INFO]   Epoch  10/200 | loss 1.0338 | acc 59.60%
2025-12-04 23:22:50,702 [INFO]   Epoch  20/200 | loss 0.7210 | acc 71.00%
2025-12-04 23:23:04,258 [INFO]   Epoch  30/200 | loss 0.5774 | acc 77.50%
2025-12-04 23:23:20,182 [INFO]   Epoch  40/200 | loss 0.5265 | acc 80.20%
2025-12-04 23:23:34,829 [INFO]   Epoch  50/200 | loss 0.4289 | acc 83.20%
2025-12-04 23:23:49,467 [INFO]   Epoch  60/200 | loss 0.3910 | acc 84.90%
2025-12-04 23:24:03,555 [INFO]   Epoch  70/200 | loss 0.3879 | acc 84.10%
2025-12-04 23:24:18,549 [INFO]   Epoch  80/200 | loss 0.3324 | acc 86.10%
2025-12-04 23:24:34,721 [INFO]   Epoch  90/200 | loss 0.2606 | acc 89.00%
2025-12-04 23:24:48,902 [INFO]   Epoch 100/200 | loss 0.2228 | acc 90.90%
2025-12-04 23:25:03,267 [INFO]   Epoch 110/200 | loss 0.2141 | acc 91.70%
2025-12-04 23:25:18,153 [INFO]   Epoch 120/200 | loss 0.1956 | acc 92.90%
2025-12-04 23:25:32,086 [INFO]   Epoch 130/200 | loss 0.1720 | acc 93.00%
2025-12-04 23:25:46,920 [INFO]   Epoch 140/200 | loss 0.1680 | acc 92.50%
2025-12-04 23:26:01,327 [INFO]   Epoch 150/200 | loss 0.1857 | acc 92.30%
2025-12-04 23:26:15,567 [INFO]   Epoch 160/200 | loss 0.1124 | acc 95.70%
2025-12-04 23:26:30,445 [INFO]   Epoch 170/200 | loss 0.0411 | acc 99.20%
2025-12-04 23:26:45,293 [INFO]   Epoch 180/200 | loss 0.0355 | acc 99.10%
2025-12-04 23:26:59,038 [INFO]   Epoch 190/200 | loss 0.0291 | acc 99.40%
2025-12-04 23:27:13,219 [INFO]   Epoch 200/200 | loss 0.0305 | acc 99.30%
2025-12-04 23:27:15,647 [INFO]   >> Test: loss 0.8475 | acc 82.01%
2025-12-04 23:27:16,090 [INFO] Cycle 2/10
2025-12-04 23:27:16,090 [INFO] Labeled set size: 2000, Unlabeled set size: 48000
2025-12-04 23:27:18,178 [INFO]   Epoch   1/200 | loss 0.5214 | acc 85.95%
2025-12-04 23:27:36,498 [INFO]   Epoch  10/200 | loss 0.2733 | acc 89.75%
2025-12-04 23:27:55,425 [INFO]   Epoch  20/200 | loss 0.2169 | acc 92.10%
2025-12-04 23:28:13,812 [INFO]   Epoch  30/200 | loss 0.1926 | acc 92.15%
2025-12-04 23:28:29,642 [INFO]   Epoch  40/200 | loss 0.2104 | acc 92.50%
2025-12-04 23:28:44,129 [INFO]   Epoch  50/200 | loss 0.1795 | acc 93.25%
2025-12-04 23:28:58,068 [INFO]   Epoch  60/200 | loss 0.1446 | acc 94.60%
2025-12-04 23:29:11,745 [INFO]   Epoch  70/200 | loss 0.1084 | acc 96.15%
2025-12-04 23:29:25,943 [INFO]   Epoch  80/200 | loss 0.0885 | acc 96.80%
2025-12-04 23:29:39,790 [INFO]   Epoch  90/200 | loss 0.1449 | acc 94.15%
2025-12-04 23:29:53,756 [INFO]   Epoch 100/200 | loss 0.0886 | acc 96.55%
2025-12-04 23:30:07,715 [INFO]   Epoch 110/200 | loss 0.0789 | acc 97.40%
2025-12-04 23:30:21,753 [INFO]   Epoch 120/200 | loss 0.0799 | acc 97.15%
2025-12-04 23:30:35,876 [INFO]   Epoch 130/200 | loss 0.0756 | acc 97.55%
2025-12-04 23:30:49,836 [INFO]   Epoch 140/200 | loss 0.0538 | acc 98.50%
2025-12-04 23:31:03,812 [INFO]   Epoch 150/200 | loss 0.1109 | acc 96.20%
2025-12-04 23:31:17,869 [INFO]   Epoch 160/200 | loss 0.1361 | acc 95.45%
2025-12-04 23:31:32,265 [INFO]   Epoch 170/200 | loss 0.0147 | acc 99.80%
2025-12-04 23:31:46,259 [INFO]   Epoch 180/200 | loss 0.0111 | acc 99.80%
2025-12-04 23:32:00,227 [INFO]   Epoch 190/200 | loss 0.0070 | acc 99.90%
2025-12-04 23:32:14,107 [INFO]   Epoch 200/200 | loss 0.0060 | acc 100.00%
2025-12-04 23:32:15,966 [INFO]   >> Test: loss 0.5769 | acc 86.63%
2025-12-04 23:32:16,378 [INFO] Cycle 3/10
2025-12-04 23:32:16,379 [INFO] Labeled set size: 3000, Unlabeled set size: 47000
2025-12-04 23:32:18,239 [INFO]   Epoch   1/200 | loss 0.2927 | acc 90.27%
2025-12-04 23:32:35,112 [INFO]   Epoch  10/200 | loss 0.1699 | acc 93.73%
2025-12-04 23:32:53,877 [INFO]   Epoch  20/200 | loss 0.1463 | acc 94.63%
2025-12-04 23:33:12,438 [INFO]   Epoch  30/200 | loss 0.1129 | acc 95.87%
2025-12-04 23:33:31,300 [INFO]   Epoch  40/200 | loss 0.0953 | acc 96.70%
2025-12-04 23:33:50,111 [INFO]   Epoch  50/200 | loss 0.0934 | acc 96.77%
2025-12-04 23:34:08,827 [INFO]   Epoch  60/200 | loss 0.0764 | acc 97.20%
2025-12-04 23:34:27,706 [INFO]   Epoch  70/200 | loss 0.0714 | acc 97.43%
2025-12-04 23:34:46,160 [INFO]   Epoch  80/200 | loss 0.0919 | acc 96.63%
2025-12-04 23:35:05,479 [INFO]   Epoch  90/200 | loss 0.0906 | acc 96.90%
2025-12-04 23:35:29,817 [INFO]   Epoch 100/200 | loss 0.0878 | acc 97.00%
2025-12-04 23:35:58,566 [INFO]   Epoch 110/200 | loss 0.0928 | acc 96.87%
2025-12-04 23:36:30,808 [INFO]   Epoch 120/200 | loss 0.0710 | acc 97.83%
2025-12-04 23:37:07,374 [INFO]   Epoch 130/200 | loss 0.0711 | acc 97.43%
2025-12-04 23:37:40,438 [INFO]   Epoch 140/200 | loss 0.0617 | acc 98.10%
2025-12-04 23:38:11,919 [INFO]   Epoch 150/200 | loss 0.0675 | acc 97.87%
2025-12-04 23:38:45,750 [INFO]   Epoch 160/200 | loss 0.0535 | acc 98.33%
2025-12-04 23:39:21,191 [INFO]   Epoch 170/200 | loss 0.0087 | acc 99.90%
2025-12-04 23:39:57,493 [INFO]   Epoch 180/200 | loss 0.0045 | acc 100.00%
2025-12-04 23:40:31,925 [INFO]   Epoch 190/200 | loss 0.0039 | acc 99.97%
2025-12-04 23:41:07,678 [INFO]   Epoch 200/200 | loss 0.0038 | acc 100.00%
2025-12-04 23:41:12,200 [INFO]   >> Test: loss 0.4782 | acc 88.62%
2025-12-04 23:41:12,599 [INFO] Cycle 4/10
2025-12-04 23:41:12,600 [INFO] Labeled set size: 4000, Unlabeled set size: 46000
2025-12-04 23:41:16,895 [INFO]   Epoch   1/200 | loss 0.1756 | acc 94.85%
2025-12-04 23:41:56,287 [INFO]   Epoch  10/200 | loss 0.1480 | acc 94.62%
2025-12-04 23:42:41,275 [INFO]   Epoch  20/200 | loss 0.0930 | acc 96.73%
2025-12-04 23:43:24,922 [INFO]   Epoch  30/200 | loss 0.1449 | acc 94.75%
2025-12-04 23:44:09,376 [INFO]   Epoch  40/200 | loss 0.0960 | acc 96.65%
2025-12-04 23:44:47,901 [INFO]   Epoch  50/200 | loss 0.0866 | acc 97.10%
2025-12-04 23:45:22,474 [INFO]   Epoch  60/200 | loss 0.0888 | acc 96.88%
2025-12-04 23:45:50,086 [INFO]   Epoch  70/200 | loss 0.0781 | acc 97.32%
2025-12-04 23:46:14,308 [INFO]   Epoch  80/200 | loss 0.0907 | acc 96.65%
2025-12-04 23:46:37,849 [INFO]   Epoch  90/200 | loss 0.0811 | acc 97.40%
2025-12-04 23:47:01,237 [INFO]   Epoch 100/200 | loss 0.0663 | acc 97.85%
2025-12-04 23:47:24,820 [INFO]   Epoch 110/200 | loss 0.1376 | acc 94.83%
2025-12-04 23:47:48,220 [INFO]   Epoch 120/200 | loss 0.0681 | acc 97.58%
2025-12-04 23:48:11,704 [INFO]   Epoch 130/200 | loss 0.0878 | acc 97.17%
2025-12-04 23:48:35,102 [INFO]   Epoch 140/200 | loss 0.1021 | acc 96.90%
2025-12-04 23:48:58,258 [INFO]   Epoch 150/200 | loss 0.0676 | acc 97.75%
2025-12-04 23:49:21,700 [INFO]   Epoch 160/200 | loss 0.0970 | acc 97.00%
2025-12-04 23:49:45,124 [INFO]   Epoch 170/200 | loss 0.0104 | acc 99.92%
2025-12-04 23:50:08,498 [INFO]   Epoch 180/200 | loss 0.0068 | acc 99.92%
2025-12-04 23:50:32,095 [INFO]   Epoch 190/200 | loss 0.0046 | acc 100.00%
2025-12-04 23:50:55,411 [INFO]   Epoch 200/200 | loss 0.0040 | acc 99.95%
2025-12-04 23:50:57,376 [INFO]   >> Test: loss 0.4349 | acc 89.69%
2025-12-04 23:50:57,763 [INFO] Cycle 5/10
2025-12-04 23:50:57,763 [INFO] Labeled set size: 5000, Unlabeled set size: 45000
2025-12-04 23:51:00,538 [INFO]   Epoch   1/200 | loss 0.1651 | acc 94.92%
2025-12-04 23:51:25,977 [INFO]   Epoch  10/200 | loss 0.1927 | acc 93.02%
2025-12-04 23:51:53,832 [INFO]   Epoch  20/200 | loss 0.2522 | acc 91.42%
2025-12-04 23:52:27,801 [INFO]   Epoch  30/200 | loss 0.1744 | acc 93.96%
2025-12-04 23:53:08,690 [INFO]   Epoch  40/200 | loss 0.2401 | acc 91.12%
2025-12-04 23:54:05,606 [INFO]   Epoch  50/200 | loss 0.2190 | acc 92.12%
2025-12-04 23:55:09,867 [INFO]   Epoch  60/200 | loss 0.1138 | acc 96.12%
2025-12-04 23:56:12,430 [INFO]   Epoch  70/200 | loss 0.2374 | acc 91.82%
2025-12-04 23:57:14,456 [INFO]   Epoch  80/200 | loss 0.2013 | acc 92.54%
2025-12-04 23:58:17,595 [INFO]   Epoch  90/200 | loss 0.1141 | acc 96.18%
2025-12-04 23:59:11,293 [INFO]   Epoch 100/200 | loss 0.1400 | acc 94.82%
2025-12-05 00:00:10,243 [INFO]   Epoch 110/200 | loss 0.1292 | acc 95.58%
2025-12-05 00:01:12,210 [INFO]   Epoch 120/200 | loss 0.1192 | acc 95.64%
2025-12-05 00:02:13,754 [INFO]   Epoch 130/200 | loss 0.1673 | acc 94.08%
2025-12-05 00:03:13,814 [INFO]   Epoch 140/200 | loss 0.1782 | acc 93.80%
2025-12-05 00:04:16,950 [INFO]   Epoch 150/200 | loss 0.1537 | acc 94.46%
2025-12-05 00:05:20,919 [INFO]   Epoch 160/200 | loss 0.1496 | acc 94.96%
2025-12-05 00:06:13,143 [INFO]   Epoch 170/200 | loss 0.0358 | acc 99.06%
2025-12-05 00:06:57,563 [INFO]   Epoch 180/200 | loss 0.0206 | acc 99.54%
2025-12-05 00:07:32,482 [INFO]   Epoch 190/200 | loss 0.0182 | acc 99.56%
2025-12-05 00:08:04,163 [INFO]   Epoch 200/200 | loss 0.0133 | acc 99.74%
2025-12-05 00:08:06,072 [INFO]   >> Test: loss 0.3982 | acc 90.44%
2025-12-05 00:08:06,487 [INFO] Cycle 6/10
2025-12-05 00:08:06,487 [INFO] Labeled set size: 6000, Unlabeled set size: 44000
2025-12-05 00:08:09,748 [INFO]   Epoch   1/200 | loss 0.1779 | acc 94.12%
2025-12-05 00:08:39,237 [INFO]   Epoch  10/200 | loss 0.1214 | acc 95.57%
2025-12-05 00:09:11,785 [INFO]   Epoch  20/200 | loss 0.1238 | acc 95.62%
2025-12-05 00:09:44,235 [INFO]   Epoch  30/200 | loss 0.1113 | acc 95.85%
2025-12-05 00:10:16,632 [INFO]   Epoch  40/200 | loss 0.1129 | acc 96.27%
2025-12-05 00:10:49,188 [INFO]   Epoch  50/200 | loss 0.1183 | acc 95.73%
2025-12-05 00:11:21,565 [INFO]   Epoch  60/200 | loss 0.0777 | acc 97.57%
2025-12-05 00:11:53,801 [INFO]   Epoch  70/200 | loss 0.0985 | acc 96.62%
2025-12-05 00:12:26,481 [INFO]   Epoch  80/200 | loss 0.0852 | acc 96.92%
2025-12-05 00:12:59,049 [INFO]   Epoch  90/200 | loss 0.0846 | acc 96.88%
2025-12-05 00:13:31,495 [INFO]   Epoch 100/200 | loss 0.0954 | acc 96.83%
2025-12-05 00:14:15,333 [INFO]   Epoch 110/200 | loss 0.0862 | acc 97.02%
2025-12-05 00:15:09,545 [INFO]   Epoch 120/200 | loss 0.0922 | acc 96.82%
2025-12-05 00:16:19,656 [INFO]   Epoch 130/200 | loss 0.0966 | acc 96.53%
2025-12-05 00:17:35,113 [INFO]   Epoch 140/200 | loss 0.1197 | acc 96.00%
2025-12-05 00:18:50,016 [INFO]   Epoch 150/200 | loss 0.0891 | acc 96.73%
2025-12-05 00:20:06,407 [INFO]   Epoch 160/200 | loss 0.0642 | acc 97.92%
2025-12-05 00:21:22,155 [INFO]   Epoch 170/200 | loss 0.0078 | acc 99.88%
2025-12-05 00:22:35,017 [INFO]   Epoch 180/200 | loss 0.0067 | acc 99.87%
2025-12-05 00:23:41,560 [INFO]   Epoch 190/200 | loss 0.0037 | acc 100.00%
2025-12-05 00:24:58,156 [INFO]   Epoch 200/200 | loss 0.0033 | acc 100.00%
2025-12-05 00:25:00,666 [INFO]   >> Test: loss 0.3792 | acc 91.07%
2025-12-05 00:25:01,064 [INFO] Cycle 7/10
2025-12-05 00:25:01,064 [INFO] Labeled set size: 7000, Unlabeled set size: 43000
2025-12-05 00:25:08,346 [INFO]   Epoch   1/200 | loss 0.1590 | acc 94.97%
2025-12-05 00:26:24,260 [INFO]   Epoch  10/200 | loss 0.1207 | acc 95.80%
2025-12-05 00:27:49,999 [INFO]   Epoch  20/200 | loss 0.0953 | acc 96.73%
2025-12-05 00:29:16,435 [INFO]   Epoch  30/200 | loss 0.1160 | acc 95.89%
2025-12-05 00:30:46,191 [INFO]   Epoch  40/200 | loss 0.1064 | acc 96.10%
2025-12-05 00:32:00,289 [INFO]   Epoch  50/200 | loss 0.1153 | acc 95.76%
2025-12-05 00:33:06,343 [INFO]   Epoch  60/200 | loss 0.1055 | acc 96.23%
2025-12-05 00:33:56,594 [INFO]   Epoch  70/200 | loss 0.1091 | acc 96.16%
2025-12-05 00:34:39,945 [INFO]   Epoch  80/200 | loss 0.1031 | acc 96.74%
2025-12-05 00:35:17,464 [INFO]   Epoch  90/200 | loss 0.0827 | acc 97.11%
2025-12-05 00:35:54,913 [INFO]   Epoch 100/200 | loss 0.0775 | acc 97.46%
2025-12-05 00:36:32,307 [INFO]   Epoch 110/200 | loss 0.0965 | acc 96.69%
2025-12-05 00:37:09,577 [INFO]   Epoch 120/200 | loss 0.0985 | acc 96.81%
2025-12-05 00:37:46,905 [INFO]   Epoch 130/200 | loss 0.0837 | acc 97.14%
2025-12-05 00:38:24,265 [INFO]   Epoch 140/200 | loss 0.0785 | acc 97.23%
2025-12-05 00:39:01,551 [INFO]   Epoch 150/200 | loss 0.1028 | acc 96.54%
2025-12-05 00:39:41,088 [INFO]   Epoch 160/200 | loss 0.0914 | acc 96.97%
2025-12-05 00:40:35,910 [INFO]   Epoch 170/200 | loss 0.0102 | acc 99.84%
2025-12-05 00:41:35,517 [INFO]   Epoch 180/200 | loss 0.0065 | acc 99.89%
2025-12-05 00:42:56,268 [INFO]   Epoch 190/200 | loss 0.0039 | acc 99.99%
2025-12-05 00:44:26,629 [INFO]   Epoch 200/200 | loss 0.0037 | acc 99.99%
2025-12-05 00:44:31,444 [INFO]   >> Test: loss 0.3773 | acc 90.92%
2025-12-05 00:44:31,825 [INFO] Cycle 8/10
2025-12-05 00:44:31,825 [INFO] Labeled set size: 8000, Unlabeled set size: 42000
2025-12-05 00:44:42,109 [INFO]   Epoch   1/200 | loss 0.1660 | acc 94.45%
2025-12-05 00:46:17,408 [INFO]   Epoch  10/200 | loss 0.1099 | acc 96.29%
2025-12-05 00:48:00,601 [INFO]   Epoch  20/200 | loss 0.1106 | acc 96.36%
2025-12-05 00:49:45,446 [INFO]   Epoch  30/200 | loss 0.1104 | acc 96.14%
2025-12-05 00:51:29,470 [INFO]   Epoch  40/200 | loss 0.0995 | acc 96.55%
2025-12-05 00:53:15,124 [INFO]   Epoch  50/200 | loss 0.0987 | acc 96.46%
2025-12-05 00:54:58,529 [INFO]   Epoch  60/200 | loss 0.0857 | acc 96.90%
2025-12-05 00:56:38,650 [INFO]   Epoch  70/200 | loss 0.1067 | acc 96.36%
2025-12-05 00:58:17,933 [INFO]   Epoch  80/200 | loss 0.0976 | acc 96.67%
2025-12-05 00:59:54,924 [INFO]   Epoch  90/200 | loss 0.0942 | acc 96.80%
2025-12-05 01:01:31,676 [INFO]   Epoch 100/200 | loss 0.1072 | acc 96.05%
2025-12-05 01:02:52,879 [INFO]   Epoch 110/200 | loss 0.0870 | acc 96.86%
2025-12-05 01:04:05,077 [INFO]   Epoch 120/200 | loss 0.0976 | acc 96.54%
2025-12-05 01:04:59,281 [INFO]   Epoch 130/200 | loss 0.0929 | acc 96.84%
2025-12-05 01:05:45,735 [INFO]   Epoch 140/200 | loss 0.0946 | acc 96.73%
2025-12-05 01:06:27,766 [INFO]   Epoch 150/200 | loss 0.0975 | acc 96.56%
2025-12-05 01:07:09,742 [INFO]   Epoch 160/200 | loss 0.0856 | acc 97.05%
2025-12-05 01:07:51,642 [INFO]   Epoch 170/200 | loss 0.0078 | acc 99.91%
2025-12-05 01:08:33,720 [INFO]   Epoch 180/200 | loss 0.0062 | acc 99.91%
2025-12-05 01:09:15,808 [INFO]   Epoch 190/200 | loss 0.0036 | acc 99.98%
2025-12-05 01:09:58,006 [INFO]   Epoch 200/200 | loss 0.0029 | acc 99.99%
2025-12-05 01:10:00,726 [INFO]   >> Test: loss 0.3685 | acc 91.35%
2025-12-05 01:10:01,084 [INFO] Cycle 9/10
2025-12-05 01:10:01,084 [INFO] Labeled set size: 9000, Unlabeled set size: 41000
2025-12-05 01:10:07,273 [INFO]   Epoch   1/200 | loss 0.1807 | acc 93.73%
2025-12-05 01:11:12,014 [INFO]   Epoch  10/200 | loss 0.1270 | acc 95.57%
2025-12-05 01:12:33,603 [INFO]   Epoch  20/200 | loss 0.1043 | acc 96.53%
2025-12-05 01:14:18,884 [INFO]   Epoch  30/200 | loss 0.1139 | acc 96.20%
2025-12-05 01:16:18,475 [INFO]   Epoch  40/200 | loss 0.1039 | acc 96.36%
2025-12-05 01:18:14,000 [INFO]   Epoch  50/200 | loss 0.1247 | acc 95.63%
2025-12-05 01:20:08,809 [INFO]   Epoch  60/200 | loss 0.0976 | acc 96.50%
2025-12-05 01:21:58,294 [INFO]   Epoch  70/200 | loss 0.1294 | acc 95.66%
2025-12-05 01:23:47,643 [INFO]   Epoch  80/200 | loss 0.1091 | acc 96.39%
2025-12-05 01:25:36,121 [INFO]   Epoch  90/200 | loss 0.1049 | acc 96.19%
2025-12-05 01:27:29,801 [INFO]   Epoch 100/200 | loss 0.1051 | acc 96.32%
2025-12-05 01:29:26,208 [INFO]   Epoch 110/200 | loss 0.1144 | acc 95.92%
2025-12-05 01:31:25,736 [INFO]   Epoch 120/200 | loss 0.1152 | acc 96.11%
2025-12-05 01:33:25,074 [INFO]   Epoch 130/200 | loss 0.0990 | acc 96.74%
2025-12-05 01:35:24,767 [INFO]   Epoch 140/200 | loss 0.1120 | acc 96.19%
2025-12-05 01:37:05,546 [INFO]   Epoch 150/200 | loss 0.0984 | acc 96.69%
2025-12-05 01:38:32,529 [INFO]   Epoch 160/200 | loss 0.0985 | acc 96.57%
2025-12-05 01:39:44,934 [INFO]   Epoch 170/200 | loss 0.0114 | acc 99.76%
2025-12-05 01:40:44,128 [INFO]   Epoch 180/200 | loss 0.0058 | acc 99.93%
2025-12-05 01:41:30,620 [INFO]   Epoch 190/200 | loss 0.0039 | acc 99.97%
2025-12-05 01:42:17,181 [INFO]   Epoch 200/200 | loss 0.0037 | acc 99.97%
2025-12-05 01:42:19,160 [INFO]   >> Test: loss 0.3747 | acc 91.67%
2025-12-05 01:42:19,752 [INFO] Cycle 10/10
2025-12-05 01:42:19,753 [INFO] Labeled set size: 10000, Unlabeled set size: 40000
2025-12-05 01:42:24,720 [INFO]   Epoch   1/200 | loss 0.1822 | acc 93.85%
2025-12-05 01:43:11,079 [INFO]   Epoch  10/200 | loss 0.1282 | acc 95.50%
2025-12-05 01:44:02,524 [INFO]   Epoch  20/200 | loss 0.1292 | acc 95.55%
2025-12-05 01:44:58,118 [INFO]   Epoch  30/200 | loss 0.1549 | acc 94.71%
2025-12-05 01:46:18,904 [INFO]   Epoch  40/200 | loss 0.1055 | acc 96.32%
2025-12-05 01:47:45,634 [INFO]   Epoch  50/200 | loss 0.1120 | acc 96.06%
2025-12-05 01:49:41,608 [INFO]   Epoch  60/200 | loss 0.1140 | acc 96.05%
2025-12-05 01:51:54,271 [INFO]   Epoch  70/200 | loss 0.1039 | acc 96.35%
2025-12-05 01:54:07,868 [INFO]   Epoch  80/200 | loss 0.1597 | acc 94.47%
2025-12-05 01:56:20,146 [INFO]   Epoch  90/200 | loss 0.1021 | acc 96.54%
2025-12-05 01:58:27,717 [INFO]   Epoch 100/200 | loss 0.1377 | acc 95.14%
2025-12-05 02:00:39,701 [INFO]   Epoch 110/200 | loss 0.1727 | acc 93.79%
2025-12-05 02:02:52,843 [INFO]   Epoch 120/200 | loss 0.1155 | acc 96.07%
2025-12-05 02:05:04,995 [INFO]   Epoch 130/200 | loss 0.1138 | acc 96.16%
2025-12-05 02:07:18,067 [INFO]   Epoch 140/200 | loss 0.1294 | acc 95.24%
2025-12-05 02:09:30,632 [INFO]   Epoch 150/200 | loss 0.1146 | acc 95.91%
2025-12-05 02:11:44,342 [INFO]   Epoch 160/200 | loss 0.1384 | acc 95.15%
2025-12-05 02:13:57,543 [INFO]   Epoch 170/200 | loss 0.0167 | acc 99.60%
2025-12-05 02:15:59,279 [INFO]   Epoch 180/200 | loss 0.0081 | acc 99.84%
2025-12-05 02:17:37,441 [INFO]   Epoch 190/200 | loss 0.0052 | acc 99.93%
2025-12-05 02:19:03,116 [INFO]   Epoch 200/200 | loss 0.0041 | acc 99.95%
2025-12-05 02:19:05,962 [INFO]   >> Test: loss 0.3441 | acc 92.05%
2025-12-05 02:19:06,714 [INFO] Saved checkpoint to: ./checkpoints/fashionmnist/resnet18_random.pth
