2025-12-05 22:27:51,913 [INFO] 로그 파일 경로: logs/cifar100/DQN_100step_20251205_222751.log
2025-12-05 22:27:52,006 [INFO] Using device: cuda:1
2025-12-05 22:27:57,001 [INFO] Cycle 1/10
2025-12-05 22:27:57,001 [INFO] Labeled set size: 2000, Unlabeled set size: 48000
2025-12-05 22:27:58,829 [INFO]   Epoch   1/200 | loss 4.9934 | acc 1.75%
2025-12-05 22:28:08,038 [INFO]   Epoch  10/200 | loss 3.6589 | acc 11.20%
2025-12-05 22:28:21,786 [INFO]   Epoch  20/200 | loss 2.8796 | acc 24.25%
2025-12-05 22:28:43,304 [INFO]   Epoch  30/200 | loss 1.9051 | acc 44.50%
2025-12-05 22:29:10,970 [INFO]   Epoch  40/200 | loss 0.8006 | acc 76.70%
2025-12-05 22:29:36,070 [INFO]   Epoch  50/200 | loss 0.2895 | acc 92.00%
2025-12-05 22:30:01,101 [INFO]   Epoch  60/200 | loss 0.1245 | acc 97.40%
2025-12-05 22:30:29,044 [INFO]   Epoch  70/200 | loss 0.0390 | acc 99.45%
2025-12-05 22:30:57,080 [INFO]   Epoch  80/200 | loss 0.0251 | acc 99.85%
2025-12-05 22:31:24,157 [INFO]   Epoch  90/200 | loss 0.0088 | acc 100.00%
2025-12-05 22:31:49,931 [INFO]   Epoch 100/200 | loss 0.0095 | acc 100.00%
2025-12-05 22:32:17,193 [INFO]   Epoch 110/200 | loss 0.0125 | acc 100.00%
2025-12-05 22:32:45,026 [INFO]   Epoch 120/200 | loss 0.0543 | acc 99.35%
2025-12-05 22:33:11,502 [INFO]   Epoch 130/200 | loss 0.2571 | acc 93.60%
2025-12-05 22:33:35,687 [INFO]   Epoch 140/200 | loss 0.0451 | acc 99.45%
2025-12-05 22:34:02,216 [INFO]   Epoch 150/200 | loss 0.0077 | acc 100.00%
2025-12-05 22:34:26,535 [INFO]   Epoch 160/200 | loss 0.0071 | acc 100.00%
2025-12-05 22:34:53,142 [INFO]   Epoch 170/200 | loss 0.0062 | acc 100.00%
2025-12-05 22:35:19,715 [INFO]   Epoch 180/200 | loss 0.0068 | acc 100.00%
2025-12-05 22:35:45,902 [INFO]   Epoch 190/200 | loss 0.0074 | acc 100.00%
2025-12-05 22:36:07,089 [INFO]   Epoch 200/200 | loss 0.0069 | acc 100.00%
2025-12-05 22:36:09,454 [INFO]   >> Test: loss 4.3681 | acc 21.52%
2025-12-05 22:41:38,764 [INFO] Cycle 2/10
2025-12-05 22:41:38,764 [INFO] Labeled set size: 4000, Unlabeled set size: 46000
2025-12-05 22:41:41,856 [INFO]   Epoch   1/200 | loss 2.1350 | acc 53.65%
2025-12-05 22:42:10,407 [INFO]   Epoch  10/200 | loss 0.6679 | acc 80.73%
2025-12-05 22:42:51,872 [INFO]   Epoch  20/200 | loss 0.2904 | acc 91.75%
2025-12-05 22:43:37,678 [INFO]   Epoch  30/200 | loss 0.2448 | acc 93.12%
2025-12-05 22:44:23,050 [INFO]   Epoch  40/200 | loss 0.1587 | acc 95.78%
2025-12-05 22:45:09,925 [INFO]   Epoch  50/200 | loss 0.0936 | acc 98.00%
2025-12-05 22:45:57,693 [INFO]   Epoch  60/200 | loss 0.1618 | acc 95.95%
2025-12-05 22:46:46,199 [INFO]   Epoch  70/200 | loss 0.2806 | acc 92.07%
2025-12-05 22:47:33,081 [INFO]   Epoch  80/200 | loss 0.0658 | acc 98.45%
2025-12-05 22:48:19,571 [INFO]   Epoch  90/200 | loss 0.1155 | acc 97.62%
2025-12-05 22:49:05,986 [INFO]   Epoch 100/200 | loss 0.2418 | acc 93.75%
2025-12-05 22:49:51,101 [INFO]   Epoch 110/200 | loss 0.0801 | acc 98.08%
2025-12-05 22:50:36,568 [INFO]   Epoch 120/200 | loss 0.0327 | acc 99.55%
2025-12-05 22:51:25,246 [INFO]   Epoch 130/200 | loss 0.0463 | acc 99.45%
2025-12-05 22:52:14,705 [INFO]   Epoch 140/200 | loss 0.6269 | acc 82.60%
2025-12-05 22:53:03,933 [INFO]   Epoch 150/200 | loss 0.1417 | acc 96.33%
2025-12-05 22:53:53,593 [INFO]   Epoch 160/200 | loss 0.0196 | acc 99.65%
2025-12-05 22:54:41,804 [INFO]   Epoch 170/200 | loss 0.0062 | acc 99.90%
2025-12-05 22:55:29,813 [INFO]   Epoch 180/200 | loss 0.0056 | acc 99.92%
2025-12-05 22:56:08,435 [INFO]   Epoch 190/200 | loss 0.0054 | acc 99.95%
2025-12-05 22:56:44,939 [INFO]   Epoch 200/200 | loss 0.0054 | acc 99.95%
2025-12-05 22:56:48,312 [INFO]   >> Test: loss 3.5755 | acc 28.91%
2025-12-05 23:02:17,431 [INFO] Cycle 3/10
2025-12-05 23:02:17,432 [INFO] Labeled set size: 6000, Unlabeled set size: 44000
2025-12-05 23:02:22,370 [INFO]   Epoch   1/200 | loss 1.8804 | acc 59.32%
2025-12-05 23:03:12,180 [INFO]   Epoch  10/200 | loss 0.4785 | acc 86.22%
2025-12-05 23:04:22,281 [INFO]   Epoch  20/200 | loss 0.1673 | acc 95.95%
2025-12-05 23:05:31,722 [INFO]   Epoch  30/200 | loss 0.2095 | acc 94.52%
2025-12-05 23:06:42,019 [INFO]   Epoch  40/200 | loss 0.1371 | acc 96.52%
2025-12-05 23:07:51,933 [INFO]   Epoch  50/200 | loss 0.1617 | acc 95.87%
2025-12-05 23:09:01,720 [INFO]   Epoch  60/200 | loss 0.1505 | acc 95.90%
2025-12-05 23:10:10,989 [INFO]   Epoch  70/200 | loss 0.0217 | acc 99.73%
2025-12-05 23:11:20,793 [INFO]   Epoch  80/200 | loss 0.0087 | acc 99.97%
2025-12-05 23:12:31,222 [INFO]   Epoch  90/200 | loss 0.0107 | acc 99.97%
2025-12-05 23:13:40,396 [INFO]   Epoch 100/200 | loss 0.8846 | acc 75.18%
2025-12-05 23:14:50,569 [INFO]   Epoch 110/200 | loss 0.1966 | acc 94.75%
2025-12-05 23:16:01,023 [INFO]   Epoch 120/200 | loss 0.0688 | acc 98.70%
2025-12-05 23:17:11,194 [INFO]   Epoch 130/200 | loss 0.0456 | acc 99.22%
2025-12-05 23:18:21,143 [INFO]   Epoch 140/200 | loss 0.2664 | acc 92.62%
2025-12-05 23:19:31,600 [INFO]   Epoch 150/200 | loss 0.0621 | acc 98.77%
2025-12-05 23:20:41,830 [INFO]   Epoch 160/200 | loss 0.0090 | acc 99.95%
2025-12-05 23:21:51,536 [INFO]   Epoch 170/200 | loss 0.0065 | acc 99.97%
2025-12-05 23:23:01,407 [INFO]   Epoch 180/200 | loss 0.0066 | acc 99.95%
2025-12-05 23:23:49,513 [INFO]   Epoch 190/200 | loss 0.0067 | acc 99.95%
2025-12-05 23:24:38,730 [INFO]   Epoch 200/200 | loss 0.0072 | acc 99.97%
2025-12-05 23:24:42,097 [INFO]   >> Test: loss 2.6733 | acc 39.81%
2025-12-05 23:30:10,103 [INFO] Cycle 4/10
2025-12-05 23:30:10,103 [INFO] Labeled set size: 8000, Unlabeled set size: 42000
2025-12-05 23:30:16,493 [INFO]   Epoch   1/200 | loss 1.9375 | acc 53.90%
2025-12-05 23:31:33,217 [INFO]   Epoch  10/200 | loss 0.6022 | acc 82.79%
2025-12-05 23:33:06,187 [INFO]   Epoch  20/200 | loss 0.2626 | acc 92.56%
2025-12-05 23:34:38,833 [INFO]   Epoch  30/200 | loss 0.3256 | acc 90.84%
2025-12-05 23:36:11,338 [INFO]   Epoch  40/200 | loss 0.2469 | acc 92.81%
2025-12-05 23:37:45,005 [INFO]   Epoch  50/200 | loss 0.2883 | acc 91.76%
2025-12-05 23:39:17,484 [INFO]   Epoch  60/200 | loss 0.1943 | acc 94.58%
2025-12-05 23:40:49,495 [INFO]   Epoch  70/200 | loss 0.2645 | acc 92.47%
2025-12-05 23:42:22,971 [INFO]   Epoch  80/200 | loss 0.1874 | acc 94.77%
2025-12-05 23:43:55,886 [INFO]   Epoch  90/200 | loss 0.3248 | acc 90.89%
2025-12-05 23:45:28,407 [INFO]   Epoch 100/200 | loss 0.1235 | acc 96.85%
2025-12-05 23:47:01,553 [INFO]   Epoch 110/200 | loss 0.1483 | acc 95.97%
2025-12-05 23:48:34,865 [INFO]   Epoch 120/200 | loss 0.2907 | acc 91.81%
2025-12-05 23:50:08,615 [INFO]   Epoch 130/200 | loss 0.1214 | acc 97.08%
2025-12-05 23:51:41,737 [INFO]   Epoch 140/200 | loss 0.4102 | acc 88.28%
2025-12-05 23:53:14,790 [INFO]   Epoch 150/200 | loss 0.2372 | acc 93.51%
2025-12-05 23:54:47,562 [INFO]   Epoch 160/200 | loss 0.1569 | acc 95.88%
2025-12-05 23:56:20,487 [INFO]   Epoch 170/200 | loss 0.0103 | acc 99.90%
2025-12-05 23:57:46,231 [INFO]   Epoch 180/200 | loss 0.0071 | acc 99.98%
2025-12-05 23:58:54,169 [INFO]   Epoch 190/200 | loss 0.0063 | acc 99.95%
2025-12-05 23:59:59,943 [INFO]   Epoch 200/200 | loss 0.0070 | acc 99.96%
2025-12-06 00:00:02,369 [INFO]   >> Test: loss 2.6271 | acc 45.74%
2025-12-06 00:05:39,127 [INFO] Cycle 5/10
2025-12-06 00:05:39,127 [INFO] Labeled set size: 10000, Unlabeled set size: 40000
2025-12-06 00:05:48,872 [INFO]   Epoch   1/200 | loss 1.3064 | acc 70.28%
2025-12-06 00:07:30,786 [INFO]   Epoch  10/200 | loss 0.6481 | acc 81.30%
2025-12-06 00:09:26,578 [INFO]   Epoch  20/200 | loss 0.3860 | acc 89.05%
2025-12-06 00:11:22,292 [INFO]   Epoch  30/200 | loss 0.3429 | acc 90.27%
2025-12-06 00:13:18,061 [INFO]   Epoch  40/200 | loss 0.2828 | acc 91.93%
2025-12-06 00:15:14,004 [INFO]   Epoch  50/200 | loss 0.2986 | acc 91.47%
2025-12-06 00:17:10,777 [INFO]   Epoch  60/200 | loss 0.3306 | acc 90.52%
2025-12-06 00:19:06,480 [INFO]   Epoch  70/200 | loss 0.4776 | acc 86.21%
2025-12-06 00:21:02,951 [INFO]   Epoch  80/200 | loss 0.4051 | acc 88.32%
2025-12-06 00:22:59,363 [INFO]   Epoch  90/200 | loss 0.3163 | acc 90.88%
2025-12-06 00:24:56,053 [INFO]   Epoch 100/200 | loss 0.4734 | acc 86.05%
2025-12-06 00:26:52,557 [INFO]   Epoch 110/200 | loss 0.4338 | acc 87.42%
2025-12-06 00:28:48,781 [INFO]   Epoch 120/200 | loss 0.4883 | acc 86.10%
2025-12-06 00:30:44,510 [INFO]   Epoch 130/200 | loss 0.4174 | acc 88.09%
2025-12-06 00:32:40,790 [INFO]   Epoch 140/200 | loss 0.3193 | acc 91.04%
2025-12-06 00:34:37,470 [INFO]   Epoch 150/200 | loss 0.4577 | acc 87.24%
2025-12-06 00:36:33,272 [INFO]   Epoch 160/200 | loss 0.3025 | acc 91.28%
2025-12-06 00:38:29,057 [INFO]   Epoch 170/200 | loss 0.0142 | acc 99.89%
2025-12-06 00:40:01,887 [INFO]   Epoch 180/200 | loss 0.0110 | acc 99.94%
2025-12-06 00:41:26,296 [INFO]   Epoch 190/200 | loss 0.0103 | acc 99.93%
2025-12-06 00:42:40,307 [INFO]   Epoch 200/200 | loss 0.0100 | acc 99.94%
2025-12-06 00:42:42,090 [INFO]   >> Test: loss 2.3211 | acc 50.82%
2025-12-06 00:48:34,638 [INFO] Cycle 6/10
2025-12-06 00:48:34,639 [INFO] Labeled set size: 12000, Unlabeled set size: 38000
2025-12-06 00:48:48,540 [INFO]   Epoch   1/200 | loss 1.0905 | acc 74.36%
2025-12-06 00:50:53,631 [INFO]   Epoch  10/200 | loss 0.4928 | acc 86.10%
2025-12-06 00:53:12,599 [INFO]   Epoch  20/200 | loss 0.4041 | acc 88.52%
2025-12-06 00:55:32,616 [INFO]   Epoch  30/200 | loss 0.3882 | acc 88.61%
2025-12-06 00:57:51,811 [INFO]   Epoch  40/200 | loss 0.4055 | acc 88.27%
2025-12-06 01:00:11,017 [INFO]   Epoch  50/200 | loss 0.3379 | acc 90.26%
2025-12-06 01:02:30,131 [INFO]   Epoch  60/200 | loss 0.3809 | acc 89.12%
2025-12-06 01:04:49,538 [INFO]   Epoch  70/200 | loss 0.4177 | acc 87.70%
2025-12-06 01:07:09,260 [INFO]   Epoch  80/200 | loss 0.3766 | acc 89.03%
2025-12-06 01:09:26,945 [INFO]   Epoch  90/200 | loss 0.3844 | acc 88.73%
2025-12-06 01:11:45,796 [INFO]   Epoch 100/200 | loss 0.3572 | acc 89.58%
2025-12-06 01:14:05,299 [INFO]   Epoch 110/200 | loss 0.3320 | acc 90.65%
2025-12-06 01:16:24,581 [INFO]   Epoch 120/200 | loss 0.3786 | acc 88.83%
2025-12-06 01:18:44,005 [INFO]   Epoch 130/200 | loss 0.4035 | acc 88.06%
2025-12-06 01:21:03,639 [INFO]   Epoch 140/200 | loss 0.3999 | acc 88.08%
2025-12-06 01:23:22,979 [INFO]   Epoch 150/200 | loss 0.3619 | acc 89.82%
2025-12-06 01:25:42,164 [INFO]   Epoch 160/200 | loss 0.3137 | acc 91.17%
2025-12-06 01:27:57,417 [INFO]   Epoch 170/200 | loss 0.0156 | acc 99.86%
2025-12-06 01:29:33,377 [INFO]   Epoch 180/200 | loss 0.0115 | acc 99.92%
2025-12-06 01:31:09,520 [INFO]   Epoch 190/200 | loss 0.0104 | acc 99.92%
2025-12-06 01:32:22,629 [INFO]   Epoch 200/200 | loss 0.0101 | acc 99.97%
2025-12-06 01:32:24,400 [INFO]   >> Test: loss 1.9696 | acc 56.06%
2025-12-06 01:38:34,940 [INFO] Cycle 7/10
2025-12-06 01:38:34,941 [INFO] Labeled set size: 14000, Unlabeled set size: 36000
2025-12-06 01:38:51,209 [INFO]   Epoch   1/200 | loss 1.1594 | acc 71.23%
2025-12-06 01:41:17,173 [INFO]   Epoch  10/200 | loss 0.5817 | acc 82.49%
2025-12-06 01:43:59,821 [INFO]   Epoch  20/200 | loss 0.4730 | acc 85.54%
2025-12-06 01:46:42,060 [INFO]   Epoch  30/200 | loss 0.5020 | acc 85.24%
2025-12-06 01:49:25,192 [INFO]   Epoch  40/200 | loss 0.5062 | acc 85.09%
2025-12-06 01:52:07,590 [INFO]   Epoch  50/200 | loss 0.4491 | acc 86.67%
2025-12-06 01:54:49,760 [INFO]   Epoch  60/200 | loss 0.4746 | acc 86.24%
2025-12-06 01:57:32,366 [INFO]   Epoch  70/200 | loss 0.5102 | acc 85.02%
2025-12-06 02:00:14,321 [INFO]   Epoch  80/200 | loss 0.4910 | acc 85.39%
2025-12-06 02:02:55,970 [INFO]   Epoch  90/200 | loss 0.5191 | acc 85.04%
2025-12-06 02:05:36,941 [INFO]   Epoch 100/200 | loss 0.4704 | acc 85.90%
2025-12-06 02:08:19,302 [INFO]   Epoch 110/200 | loss 0.4698 | acc 86.11%
2025-12-06 02:11:02,147 [INFO]   Epoch 120/200 | loss 0.4086 | acc 88.56%
2025-12-06 02:13:44,991 [INFO]   Epoch 130/200 | loss 0.4222 | acc 87.66%
2025-12-06 02:16:27,432 [INFO]   Epoch 140/200 | loss 0.4088 | acc 88.23%
2025-12-06 02:19:09,975 [INFO]   Epoch 150/200 | loss 0.4279 | acc 87.53%
2025-12-06 02:21:52,709 [INFO]   Epoch 160/200 | loss 0.4191 | acc 87.59%
2025-12-06 02:24:24,528 [INFO]   Epoch 170/200 | loss 0.0188 | acc 99.89%
2025-12-06 02:26:16,888 [INFO]   Epoch 180/200 | loss 0.0134 | acc 99.89%
2025-12-06 02:28:10,362 [INFO]   Epoch 190/200 | loss 0.0127 | acc 99.94%
2025-12-06 02:29:28,988 [INFO]   Epoch 200/200 | loss 0.0121 | acc 99.94%
2025-12-06 02:29:30,808 [INFO]   >> Test: loss 1.7881 | acc 59.61%
2025-12-06 02:35:54,459 [INFO] Cycle 8/10
2025-12-06 02:35:54,460 [INFO] Labeled set size: 16000, Unlabeled set size: 34000
2025-12-06 02:36:12,825 [INFO]   Epoch   1/200 | loss 1.1560 | acc 70.67%
2025-12-06 02:38:58,992 [INFO]   Epoch  10/200 | loss 0.6307 | acc 81.57%
2025-12-06 02:42:03,600 [INFO]   Epoch  20/200 | loss 0.5268 | acc 84.55%
2025-12-06 02:45:07,637 [INFO]   Epoch  30/200 | loss 0.5661 | acc 83.27%
2025-12-06 02:48:11,712 [INFO]   Epoch  40/200 | loss 0.5345 | acc 84.31%
2025-12-06 02:51:16,076 [INFO]   Epoch  50/200 | loss 0.4807 | acc 85.56%
2025-12-06 02:54:20,608 [INFO]   Epoch  60/200 | loss 0.5606 | acc 83.50%
2025-12-06 02:57:24,594 [INFO]   Epoch  70/200 | loss 0.5196 | acc 84.54%
2025-12-06 03:00:28,785 [INFO]   Epoch  80/200 | loss 0.4808 | acc 85.87%
2025-12-06 03:03:32,005 [INFO]   Epoch  90/200 | loss 0.5468 | acc 83.76%
2025-12-06 03:06:36,162 [INFO]   Epoch 100/200 | loss 0.4885 | acc 85.70%
2025-12-06 03:09:40,331 [INFO]   Epoch 110/200 | loss 0.4892 | acc 85.51%
2025-12-06 03:12:44,902 [INFO]   Epoch 120/200 | loss 0.5039 | acc 85.08%
2025-12-06 03:15:49,338 [INFO]   Epoch 130/200 | loss 0.4842 | acc 85.46%
2025-12-06 03:18:53,875 [INFO]   Epoch 140/200 | loss 0.5436 | acc 84.07%
2025-12-06 03:21:58,621 [INFO]   Epoch 150/200 | loss 0.5413 | acc 84.16%
2025-12-06 03:25:02,840 [INFO]   Epoch 160/200 | loss 0.5347 | acc 84.01%
2025-12-06 03:28:04,698 [INFO]   Epoch 170/200 | loss 0.0234 | acc 99.78%
2025-12-06 03:30:12,792 [INFO]   Epoch 180/200 | loss 0.0161 | acc 99.90%
2025-12-06 03:32:18,216 [INFO]   Epoch 190/200 | loss 0.0146 | acc 99.94%
2025-12-06 03:33:38,590 [INFO]   Epoch 200/200 | loss 0.0135 | acc 99.96%
2025-12-06 03:33:39,994 [INFO]   >> Test: loss 1.6622 | acc 61.52%
