2025-12-05 22:27:55,542 [INFO] 로그 파일 경로: logs/cifar100/DQN_100step_20251205_222755.log
2025-12-05 22:27:55,620 [INFO] Using device: cuda:1
2025-12-05 22:28:01,979 [INFO] Cycle 1/10
2025-12-05 22:28:01,979 [INFO] Labeled set size: 2000, Unlabeled set size: 48000
2025-12-05 22:28:04,313 [INFO]   Epoch   1/200 | loss 5.0348 | acc 2.40%
2025-12-05 22:28:15,093 [INFO]   Epoch  10/200 | loss 3.7321 | acc 9.00%
2025-12-05 22:28:33,279 [INFO]   Epoch  20/200 | loss 2.9850 | acc 21.65%
2025-12-05 22:28:57,633 [INFO]   Epoch  30/200 | loss 2.0130 | acc 43.65%
2025-12-05 22:29:22,089 [INFO]   Epoch  40/200 | loss 0.9962 | acc 71.10%
2025-12-05 22:29:47,259 [INFO]   Epoch  50/200 | loss 0.3628 | acc 90.10%
2025-12-05 22:30:09,814 [INFO]   Epoch  60/200 | loss 0.1224 | acc 97.30%
2025-12-05 22:30:34,642 [INFO]   Epoch  70/200 | loss 0.1243 | acc 97.40%
2025-12-05 22:30:58,868 [INFO]   Epoch  80/200 | loss 0.0362 | acc 99.60%
2025-12-05 22:31:22,081 [INFO]   Epoch  90/200 | loss 0.0117 | acc 99.95%
2025-12-05 22:31:46,770 [INFO]   Epoch 100/200 | loss 0.2311 | acc 95.00%
2025-12-05 22:32:08,978 [INFO]   Epoch 110/200 | loss 0.1212 | acc 97.30%
2025-12-05 22:32:33,811 [INFO]   Epoch 120/200 | loss 0.0165 | acc 99.90%
2025-12-05 22:32:58,126 [INFO]   Epoch 130/200 | loss 0.0070 | acc 100.00%
2025-12-05 22:33:19,511 [INFO]   Epoch 140/200 | loss 0.0074 | acc 100.00%
2025-12-05 22:33:43,885 [INFO]   Epoch 150/200 | loss 0.0154 | acc 99.95%
2025-12-05 22:34:07,690 [INFO]   Epoch 160/200 | loss 0.0086 | acc 100.00%
2025-12-05 22:34:29,231 [INFO]   Epoch 170/200 | loss 0.0082 | acc 100.00%
2025-12-05 22:34:52,985 [INFO]   Epoch 180/200 | loss 0.0075 | acc 100.00%
2025-12-05 22:35:14,364 [INFO]   Epoch 190/200 | loss 0.0078 | acc 100.00%
2025-12-05 22:35:38,383 [INFO]   Epoch 200/200 | loss 0.0074 | acc 100.00%
2025-12-05 22:35:41,306 [INFO]   >> Test: loss 4.0911 | acc 20.49%
2025-12-05 22:41:12,803 [INFO] Cycle 2/10
2025-12-05 22:41:12,803 [INFO] Labeled set size: 4000, Unlabeled set size: 46000
2025-12-05 22:41:14,892 [INFO]   Epoch   1/200 | loss 2.8014 | acc 33.52%
2025-12-05 22:41:39,153 [INFO]   Epoch  10/200 | loss 1.1693 | acc 65.65%
2025-12-05 22:42:13,664 [INFO]   Epoch  20/200 | loss 0.4662 | acc 85.95%
2025-12-05 22:42:53,717 [INFO]   Epoch  30/200 | loss 0.2812 | acc 92.25%
2025-12-05 22:43:38,656 [INFO]   Epoch  40/200 | loss 0.1723 | acc 95.40%
2025-12-05 22:44:22,799 [INFO]   Epoch  50/200 | loss 0.2325 | acc 94.05%
2025-12-05 22:45:07,661 [INFO]   Epoch  60/200 | loss 0.1363 | acc 96.75%
2025-12-05 22:45:52,822 [INFO]   Epoch  70/200 | loss 0.0976 | acc 97.62%
2025-12-05 22:46:36,780 [INFO]   Epoch  80/200 | loss 0.5215 | acc 84.92%
2025-12-05 22:47:21,968 [INFO]   Epoch  90/200 | loss 0.1011 | acc 97.55%
2025-12-05 22:48:06,905 [INFO]   Epoch 100/200 | loss 0.0087 | acc 99.92%
2025-12-05 22:48:52,745 [INFO]   Epoch 110/200 | loss 0.0280 | acc 99.80%
2025-12-05 22:49:38,670 [INFO]   Epoch 120/200 | loss 0.4372 | acc 87.80%
2025-12-05 22:50:22,477 [INFO]   Epoch 130/200 | loss 0.1851 | acc 94.70%
2025-12-05 22:51:07,635 [INFO]   Epoch 140/200 | loss 0.0360 | acc 99.33%
2025-12-05 22:51:55,056 [INFO]   Epoch 150/200 | loss 0.0580 | acc 99.00%
2025-12-05 22:52:39,094 [INFO]   Epoch 160/200 | loss 0.3090 | acc 91.15%
2025-12-05 22:53:23,634 [INFO]   Epoch 170/200 | loss 0.0161 | acc 99.92%
2025-12-05 22:54:08,018 [INFO]   Epoch 180/200 | loss 0.0101 | acc 99.98%
2025-12-05 22:54:51,668 [INFO]   Epoch 190/200 | loss 0.0092 | acc 99.92%
2025-12-05 22:55:37,238 [INFO]   Epoch 200/200 | loss 0.0087 | acc 99.95%
2025-12-05 22:55:41,261 [INFO]   >> Test: loss 3.8717 | acc 28.04%
2025-12-05 23:01:21,384 [INFO] Cycle 3/10
2025-12-05 23:01:21,384 [INFO] Labeled set size: 6000, Unlabeled set size: 44000
2025-12-05 23:01:24,263 [INFO]   Epoch   1/200 | loss 1.8648 | acc 59.45%
2025-12-05 23:02:00,571 [INFO]   Epoch  10/200 | loss 0.5158 | acc 85.70%
2025-12-05 23:02:47,145 [INFO]   Epoch  20/200 | loss 0.2157 | acc 93.88%
2025-12-05 23:03:51,859 [INFO]   Epoch  30/200 | loss 0.1817 | acc 94.95%
2025-12-05 23:04:59,347 [INFO]   Epoch  40/200 | loss 0.1855 | acc 95.20%
2025-12-05 23:06:06,986 [INFO]   Epoch  50/200 | loss 0.1174 | acc 97.10%
2025-12-05 23:07:13,895 [INFO]   Epoch  60/200 | loss 0.3885 | acc 88.80%
2025-12-05 23:08:20,348 [INFO]   Epoch  70/200 | loss 0.0349 | acc 99.50%
2025-12-05 23:09:28,816 [INFO]   Epoch  80/200 | loss 0.0081 | acc 99.98%
2025-12-05 23:10:36,761 [INFO]   Epoch  90/200 | loss 0.0104 | acc 99.98%
2025-12-05 23:11:43,954 [INFO]   Epoch 100/200 | loss 0.9197 | acc 74.27%
2025-12-05 23:12:51,318 [INFO]   Epoch 110/200 | loss 0.1441 | acc 96.27%
2025-12-05 23:13:59,314 [INFO]   Epoch 120/200 | loss 0.2938 | acc 91.65%
2025-12-05 23:15:06,026 [INFO]   Epoch 130/200 | loss 0.1831 | acc 95.17%
2025-12-05 23:16:13,753 [INFO]   Epoch 140/200 | loss 0.0475 | acc 99.12%
2025-12-05 23:17:19,851 [INFO]   Epoch 150/200 | loss 0.3790 | acc 89.03%
2025-12-05 23:18:27,647 [INFO]   Epoch 160/200 | loss 0.0323 | acc 99.30%
2025-12-05 23:19:34,465 [INFO]   Epoch 170/200 | loss 0.0069 | acc 99.98%
2025-12-05 23:20:42,001 [INFO]   Epoch 180/200 | loss 0.0057 | acc 99.98%
2025-12-05 23:21:49,859 [INFO]   Epoch 190/200 | loss 0.0056 | acc 99.97%
2025-12-05 23:22:57,183 [INFO]   Epoch 200/200 | loss 0.0060 | acc 99.98%
2025-12-05 23:23:01,518 [INFO]   >> Test: loss 2.9775 | acc 37.70%
2025-12-05 23:28:42,319 [INFO] Cycle 4/10
2025-12-05 23:28:42,320 [INFO] Labeled set size: 8000, Unlabeled set size: 42000
2025-12-05 23:28:46,401 [INFO]   Epoch   1/200 | loss 1.6157 | acc 63.19%
2025-12-05 23:29:31,507 [INFO]   Epoch  10/200 | loss 0.5320 | acc 84.54%
2025-12-05 23:30:24,777 [INFO]   Epoch  20/200 | loss 0.3572 | acc 89.76%
2025-12-05 23:31:51,562 [INFO]   Epoch  30/200 | loss 0.3120 | acc 91.14%
2025-12-05 23:33:21,385 [INFO]   Epoch  40/200 | loss 0.3371 | acc 90.11%
2025-12-05 23:34:51,521 [INFO]   Epoch  50/200 | loss 0.3553 | acc 90.01%
2025-12-05 23:36:22,563 [INFO]   Epoch  60/200 | loss 0.1903 | acc 94.97%
2025-12-05 23:37:53,071 [INFO]   Epoch  70/200 | loss 0.2248 | acc 93.77%
2025-12-05 23:39:23,102 [INFO]   Epoch  80/200 | loss 0.2902 | acc 92.05%
2025-12-05 23:40:49,880 [INFO]   Epoch  90/200 | loss 0.2209 | acc 93.71%
2025-12-05 23:42:20,519 [INFO]   Epoch 100/200 | loss 0.2583 | acc 92.62%
2025-12-05 23:43:50,838 [INFO]   Epoch 110/200 | loss 0.1914 | acc 94.85%
2025-12-05 23:45:21,822 [INFO]   Epoch 120/200 | loss 0.4067 | acc 88.35%
2025-12-05 23:46:52,015 [INFO]   Epoch 130/200 | loss 0.2365 | acc 93.26%
2025-12-05 23:48:21,630 [INFO]   Epoch 140/200 | loss 0.1930 | acc 94.77%
2025-12-05 23:49:51,343 [INFO]   Epoch 150/200 | loss 0.3479 | acc 90.10%
2025-12-05 23:51:21,736 [INFO]   Epoch 160/200 | loss 0.2147 | acc 94.10%
2025-12-05 23:52:52,669 [INFO]   Epoch 170/200 | loss 0.0097 | acc 99.94%
2025-12-05 23:54:22,041 [INFO]   Epoch 180/200 | loss 0.0073 | acc 99.99%
2025-12-05 23:55:52,130 [INFO]   Epoch 190/200 | loss 0.0066 | acc 100.00%
2025-12-05 23:57:22,176 [INFO]   Epoch 200/200 | loss 0.0064 | acc 99.99%
2025-12-05 23:57:26,415 [INFO]   >> Test: loss 2.6446 | acc 45.13%
2025-12-06 00:03:19,496 [INFO] Cycle 5/10
2025-12-06 00:03:19,496 [INFO] Labeled set size: 10000, Unlabeled set size: 40000
2025-12-06 00:03:24,217 [INFO]   Epoch   1/200 | loss 1.4058 | acc 67.43%
2025-12-06 00:04:19,974 [INFO]   Epoch  10/200 | loss 0.5590 | acc 83.91%
2025-12-06 00:05:22,217 [INFO]   Epoch  20/200 | loss 0.6072 | acc 82.78%
2025-12-06 00:07:02,845 [INFO]   Epoch  30/200 | loss 0.3722 | acc 89.26%
2025-12-06 00:08:54,688 [INFO]   Epoch  40/200 | loss 0.3761 | acc 89.29%
2025-12-06 00:10:46,845 [INFO]   Epoch  50/200 | loss 0.3915 | acc 88.63%
2025-12-06 00:12:38,949 [INFO]   Epoch  60/200 | loss 0.4731 | acc 86.10%
2025-12-06 00:14:31,603 [INFO]   Epoch  70/200 | loss 0.3900 | acc 88.94%
2025-12-06 00:16:24,181 [INFO]   Epoch  80/200 | loss 0.4074 | acc 88.35%
2025-12-06 00:18:17,638 [INFO]   Epoch  90/200 | loss 0.2146 | acc 93.90%
2025-12-06 00:20:10,738 [INFO]   Epoch 100/200 | loss 0.3494 | acc 89.94%
2025-12-06 00:22:03,189 [INFO]   Epoch 110/200 | loss 0.4905 | acc 85.81%
2025-12-06 00:23:56,239 [INFO]   Epoch 120/200 | loss 0.3587 | acc 89.87%
2025-12-06 00:25:48,598 [INFO]   Epoch 130/200 | loss 0.2500 | acc 92.89%
2025-12-06 00:27:40,757 [INFO]   Epoch 140/200 | loss 0.3817 | acc 88.75%
2025-12-06 00:29:33,657 [INFO]   Epoch 150/200 | loss 0.2715 | acc 92.42%
2025-12-06 00:31:26,918 [INFO]   Epoch 160/200 | loss 0.3125 | acc 90.80%
2025-12-06 00:33:19,223 [INFO]   Epoch 170/200 | loss 0.0127 | acc 100.00%
2025-12-06 00:35:11,920 [INFO]   Epoch 180/200 | loss 0.0111 | acc 99.96%
2025-12-06 00:37:04,410 [INFO]   Epoch 190/200 | loss 0.0099 | acc 99.99%
2025-12-06 00:38:57,398 [INFO]   Epoch 200/200 | loss 0.0094 | acc 99.98%
2025-12-06 00:39:01,958 [INFO]   >> Test: loss 2.3441 | acc 50.57%
2025-12-06 00:45:11,851 [INFO] Cycle 6/10
2025-12-06 00:45:11,851 [INFO] Labeled set size: 12000, Unlabeled set size: 38000
2025-12-06 00:45:17,013 [INFO]   Epoch   1/200 | loss 1.0812 | acc 74.03%
2025-12-06 00:46:23,765 [INFO]   Epoch  10/200 | loss 0.5355 | acc 84.72%
2025-12-06 00:47:38,220 [INFO]   Epoch  20/200 | loss 0.3960 | acc 88.72%
2025-12-06 00:49:26,548 [INFO]   Epoch  30/200 | loss 0.5019 | acc 85.65%
2025-12-06 00:51:41,917 [INFO]   Epoch  40/200 | loss 0.3987 | acc 88.10%
2025-12-06 00:53:56,348 [INFO]   Epoch  50/200 | loss 0.4232 | acc 87.55%
2025-12-06 00:56:11,713 [INFO]   Epoch  60/200 | loss 0.3917 | acc 88.48%
2025-12-06 00:58:26,873 [INFO]   Epoch  70/200 | loss 0.4134 | acc 87.83%
2025-12-06 01:00:41,830 [INFO]   Epoch  80/200 | loss 0.4218 | acc 87.56%
2025-12-06 01:02:57,475 [INFO]   Epoch  90/200 | loss 0.3835 | acc 88.91%
2025-12-06 01:05:12,664 [INFO]   Epoch 100/200 | loss 0.3676 | acc 89.14%
2025-12-06 01:07:27,146 [INFO]   Epoch 110/200 | loss 0.3691 | acc 89.09%
2025-12-06 01:09:40,731 [INFO]   Epoch 120/200 | loss 0.3657 | acc 89.85%
2025-12-06 01:11:56,367 [INFO]   Epoch 130/200 | loss 0.3864 | acc 88.86%
2025-12-06 01:14:11,378 [INFO]   Epoch 140/200 | loss 0.3748 | acc 89.21%
2025-12-06 01:16:26,437 [INFO]   Epoch 150/200 | loss 0.3931 | acc 88.32%
2025-12-06 01:18:41,868 [INFO]   Epoch 160/200 | loss 0.3907 | acc 88.35%
2025-12-06 01:20:56,752 [INFO]   Epoch 170/200 | loss 0.0150 | acc 99.94%
2025-12-06 01:23:10,995 [INFO]   Epoch 180/200 | loss 0.0112 | acc 99.96%
2025-12-06 01:25:26,350 [INFO]   Epoch 190/200 | loss 0.0101 | acc 99.97%
2025-12-06 01:27:42,392 [INFO]   Epoch 200/200 | loss 0.0102 | acc 99.98%
2025-12-06 01:27:46,922 [INFO]   >> Test: loss 1.9843 | acc 55.50%
2025-12-06 01:34:16,106 [INFO] Cycle 7/10
2025-12-06 01:34:16,106 [INFO] Labeled set size: 14000, Unlabeled set size: 36000
2025-12-06 01:34:22,361 [INFO]   Epoch   1/200 | loss 1.1557 | acc 71.14%
2025-12-06 01:35:40,092 [INFO]   Epoch  10/200 | loss 0.6586 | acc 80.64%
2025-12-06 01:37:06,767 [INFO]   Epoch  20/200 | loss 0.5162 | acc 84.81%
2025-12-06 01:39:09,483 [INFO]   Epoch  30/200 | loss 0.4703 | acc 85.88%
2025-12-06 01:41:47,234 [INFO]   Epoch  40/200 | loss 0.4985 | acc 85.49%
2025-12-06 01:44:25,202 [INFO]   Epoch  50/200 | loss 0.4750 | acc 86.11%
2025-12-06 01:47:03,744 [INFO]   Epoch  60/200 | loss 0.4429 | acc 87.39%
2025-12-06 01:49:40,813 [INFO]   Epoch  70/200 | loss 0.4787 | acc 85.84%
2025-12-06 01:52:18,724 [INFO]   Epoch  80/200 | loss 0.4807 | acc 85.61%
2025-12-06 01:54:56,855 [INFO]   Epoch  90/200 | loss 0.4881 | acc 85.67%
2025-12-06 01:57:34,539 [INFO]   Epoch 100/200 | loss 0.4447 | acc 86.77%
2025-12-06 02:00:12,222 [INFO]   Epoch 110/200 | loss 0.4601 | acc 86.42%
2025-12-06 02:02:49,377 [INFO]   Epoch 120/200 | loss 0.3925 | acc 88.29%
2025-12-06 02:05:26,501 [INFO]   Epoch 130/200 | loss 0.4616 | acc 86.54%
2025-12-06 02:08:04,609 [INFO]   Epoch 140/200 | loss 0.4433 | acc 86.95%
2025-12-06 02:10:42,535 [INFO]   Epoch 150/200 | loss 0.4343 | acc 87.18%
2025-12-06 02:13:20,048 [INFO]   Epoch 160/200 | loss 0.4165 | acc 87.71%
2025-12-06 02:15:57,861 [INFO]   Epoch 170/200 | loss 0.0170 | acc 99.91%
2025-12-06 02:18:35,810 [INFO]   Epoch 180/200 | loss 0.0123 | acc 99.99%
2025-12-06 02:21:13,588 [INFO]   Epoch 190/200 | loss 0.0119 | acc 99.98%
2025-12-06 02:23:50,881 [INFO]   Epoch 200/200 | loss 0.0118 | acc 99.99%
2025-12-06 02:23:55,534 [INFO]   >> Test: loss 1.7778 | acc 59.23%
2025-12-06 02:30:40,559 [INFO] Cycle 8/10
2025-12-06 02:30:40,559 [INFO] Labeled set size: 16000, Unlabeled set size: 34000
2025-12-06 02:30:47,397 [INFO]   Epoch   1/200 | loss 1.1290 | acc 71.58%
2025-12-06 02:32:18,878 [INFO]   Epoch  10/200 | loss 0.6711 | acc 80.24%
2025-12-06 02:34:01,092 [INFO]   Epoch  20/200 | loss 0.5240 | acc 84.21%
2025-12-06 02:36:26,941 [INFO]   Epoch  30/200 | loss 0.5035 | acc 85.29%
2025-12-06 02:39:28,584 [INFO]   Epoch  40/200 | loss 0.5631 | acc 83.49%
2025-12-06 02:42:29,871 [INFO]   Epoch  50/200 | loss 0.5171 | acc 84.29%
2025-12-06 02:45:31,645 [INFO]   Epoch  60/200 | loss 0.5472 | acc 83.72%
2025-12-06 02:48:33,259 [INFO]   Epoch  70/200 | loss 0.5495 | acc 83.96%
2025-12-06 02:51:34,964 [INFO]   Epoch  80/200 | loss 0.5180 | acc 84.72%
2025-12-06 02:54:36,797 [INFO]   Epoch  90/200 | loss 0.5020 | acc 85.38%
2025-12-06 02:57:38,238 [INFO]   Epoch 100/200 | loss 0.5129 | acc 84.75%
2025-12-06 03:00:39,654 [INFO]   Epoch 110/200 | loss 0.5116 | acc 84.79%
2025-12-06 03:03:41,643 [INFO]   Epoch 120/200 | loss 0.4715 | acc 86.00%
2025-12-06 03:06:42,200 [INFO]   Epoch 130/200 | loss 0.5650 | acc 83.43%
2025-12-06 03:09:42,852 [INFO]   Epoch 140/200 | loss 0.5292 | acc 84.03%
2025-12-06 03:12:43,755 [INFO]   Epoch 150/200 | loss 0.4771 | acc 86.09%
2025-12-06 03:15:44,174 [INFO]   Epoch 160/200 | loss 0.4852 | acc 85.71%
2025-12-06 03:18:44,727 [INFO]   Epoch 170/200 | loss 0.0222 | acc 99.84%
2025-12-06 03:21:45,028 [INFO]   Epoch 180/200 | loss 0.0147 | acc 99.96%
2025-12-06 03:24:45,671 [INFO]   Epoch 190/200 | loss 0.0129 | acc 99.98%
2025-12-06 03:27:46,520 [INFO]   Epoch 200/200 | loss 0.0126 | acc 99.98%
2025-12-06 03:27:50,891 [INFO]   >> Test: loss 1.5932 | acc 62.57%
