2025-12-05 22:27:58,863 [INFO] 로그 파일 경로: logs/cifar100/DQN_100step_20251205_222758.log
2025-12-05 22:27:58,942 [INFO] Using device: cuda:1
2025-12-05 22:28:09,173 [INFO] Cycle 1/10
2025-12-05 22:28:09,174 [INFO] Labeled set size: 2000, Unlabeled set size: 48000
2025-12-05 22:28:12,995 [INFO]   Epoch   1/200 | loss 5.0143 | acc 2.15%
2025-12-05 22:28:28,008 [INFO]   Epoch  10/200 | loss 3.6321 | acc 11.60%
2025-12-05 22:28:51,164 [INFO]   Epoch  20/200 | loss 2.9300 | acc 23.35%
2025-12-05 22:29:13,906 [INFO]   Epoch  30/200 | loss 1.9221 | acc 43.20%
2025-12-05 22:29:36,156 [INFO]   Epoch  40/200 | loss 0.9941 | acc 71.30%
2025-12-05 22:30:00,966 [INFO]   Epoch  50/200 | loss 0.2752 | acc 92.95%
2025-12-05 22:30:23,434 [INFO]   Epoch  60/200 | loss 0.1796 | acc 95.90%
2025-12-05 22:30:48,659 [INFO]   Epoch  70/200 | loss 0.0658 | acc 99.05%
2025-12-05 22:31:10,839 [INFO]   Epoch  80/200 | loss 0.0840 | acc 98.60%
2025-12-05 22:31:35,684 [INFO]   Epoch  90/200 | loss 0.0517 | acc 99.20%
2025-12-05 22:31:57,978 [INFO]   Epoch 100/200 | loss 0.0270 | acc 99.65%
2025-12-05 22:32:21,088 [INFO]   Epoch 110/200 | loss 0.0430 | acc 99.45%
2025-12-05 22:32:44,998 [INFO]   Epoch 120/200 | loss 0.0378 | acc 99.40%
2025-12-05 22:33:07,631 [INFO]   Epoch 130/200 | loss 0.2398 | acc 94.70%
2025-12-05 22:33:30,630 [INFO]   Epoch 140/200 | loss 0.1450 | acc 97.00%
2025-12-05 22:33:54,397 [INFO]   Epoch 150/200 | loss 0.0090 | acc 99.95%
2025-12-05 22:34:16,682 [INFO]   Epoch 160/200 | loss 0.0051 | acc 100.00%
2025-12-05 22:34:39,668 [INFO]   Epoch 170/200 | loss 0.0049 | acc 100.00%
2025-12-05 22:35:03,377 [INFO]   Epoch 180/200 | loss 0.0050 | acc 100.00%
2025-12-05 22:35:25,061 [INFO]   Epoch 190/200 | loss 0.0054 | acc 100.00%
2025-12-05 22:35:47,971 [INFO]   Epoch 200/200 | loss 0.0055 | acc 100.00%
2025-12-05 22:35:50,643 [INFO]   >> Test: loss 4.5616 | acc 18.86%
2025-12-05 22:41:19,184 [INFO] Cycle 2/10
2025-12-05 22:41:19,184 [INFO] Labeled set size: 4000, Unlabeled set size: 46000
2025-12-05 22:41:21,986 [INFO]   Epoch   1/200 | loss 2.7612 | acc 40.38%
2025-12-05 22:41:49,461 [INFO]   Epoch  10/200 | loss 0.8629 | acc 75.72%
2025-12-05 22:42:21,570 [INFO]   Epoch  20/200 | loss 0.4560 | acc 86.88%
2025-12-05 22:43:05,272 [INFO]   Epoch  30/200 | loss 0.1888 | acc 95.17%
2025-12-05 22:43:50,403 [INFO]   Epoch  40/200 | loss 0.1933 | acc 94.80%
2025-12-05 22:44:35,604 [INFO]   Epoch  50/200 | loss 0.3146 | acc 91.62%
2025-12-05 22:45:20,262 [INFO]   Epoch  60/200 | loss 0.2690 | acc 92.83%
2025-12-05 22:46:03,377 [INFO]   Epoch  70/200 | loss 0.0260 | acc 99.65%
2025-12-05 22:46:48,950 [INFO]   Epoch  80/200 | loss 0.0741 | acc 98.98%
2025-12-05 22:47:34,076 [INFO]   Epoch  90/200 | loss 0.6609 | acc 81.12%
2025-12-05 22:48:19,815 [INFO]   Epoch 100/200 | loss 0.0474 | acc 99.10%
2025-12-05 22:49:04,820 [INFO]   Epoch 110/200 | loss 0.0200 | acc 99.83%
2025-12-05 22:49:49,288 [INFO]   Epoch 120/200 | loss 0.5617 | acc 84.78%
2025-12-05 22:50:33,993 [INFO]   Epoch 130/200 | loss 0.1429 | acc 96.35%
2025-12-05 22:51:17,890 [INFO]   Epoch 140/200 | loss 0.0344 | acc 99.48%
2025-12-05 22:52:02,768 [INFO]   Epoch 150/200 | loss 0.0588 | acc 99.02%
2025-12-05 22:52:45,863 [INFO]   Epoch 160/200 | loss 0.4791 | acc 85.95%
2025-12-05 22:53:32,641 [INFO]   Epoch 170/200 | loss 0.0157 | acc 99.90%
2025-12-05 22:54:15,592 [INFO]   Epoch 180/200 | loss 0.0108 | acc 99.95%
2025-12-05 22:55:00,889 [INFO]   Epoch 190/200 | loss 0.0091 | acc 99.95%
2025-12-05 22:55:44,606 [INFO]   Epoch 200/200 | loss 0.0074 | acc 99.95%
2025-12-05 22:55:47,790 [INFO]   >> Test: loss 4.0377 | acc 26.18%
2025-12-05 23:01:24,510 [INFO] Cycle 3/10
2025-12-05 23:01:24,510 [INFO] Labeled set size: 6000, Unlabeled set size: 44000
2025-12-05 23:01:28,413 [INFO]   Epoch   1/200 | loss 2.0908 | acc 54.28%
2025-12-05 23:02:04,777 [INFO]   Epoch  10/200 | loss 0.5309 | acc 84.70%
2025-12-05 23:02:50,251 [INFO]   Epoch  20/200 | loss 0.1789 | acc 95.43%
2025-12-05 23:03:54,085 [INFO]   Epoch  30/200 | loss 0.3289 | acc 90.92%
2025-12-05 23:05:01,755 [INFO]   Epoch  40/200 | loss 0.0684 | acc 98.68%
2025-12-05 23:06:09,182 [INFO]   Epoch  50/200 | loss 0.0084 | acc 99.95%
2025-12-05 23:07:17,027 [INFO]   Epoch  60/200 | loss 0.0162 | acc 99.88%
2025-12-05 23:08:25,121 [INFO]   Epoch  70/200 | loss 1.6745 | acc 55.55%
2025-12-05 23:09:32,232 [INFO]   Epoch  80/200 | loss 0.2498 | acc 93.38%
2025-12-05 23:10:39,442 [INFO]   Epoch  90/200 | loss 0.1517 | acc 96.13%
2025-12-05 23:11:47,152 [INFO]   Epoch 100/200 | loss 0.2019 | acc 94.48%
2025-12-05 23:12:54,234 [INFO]   Epoch 110/200 | loss 0.1585 | acc 95.92%
2025-12-05 23:14:01,504 [INFO]   Epoch 120/200 | loss 0.0459 | acc 99.27%
2025-12-05 23:15:08,740 [INFO]   Epoch 130/200 | loss 0.0089 | acc 99.93%
2025-12-05 23:16:15,705 [INFO]   Epoch 140/200 | loss 0.6420 | acc 82.02%
2025-12-05 23:17:24,297 [INFO]   Epoch 150/200 | loss 0.1162 | acc 97.17%
2025-12-05 23:18:31,692 [INFO]   Epoch 160/200 | loss 0.0725 | acc 98.52%
2025-12-05 23:19:38,736 [INFO]   Epoch 170/200 | loss 0.0078 | acc 99.92%
2025-12-05 23:20:45,853 [INFO]   Epoch 180/200 | loss 0.0064 | acc 99.97%
2025-12-05 23:21:53,230 [INFO]   Epoch 190/200 | loss 0.0060 | acc 99.97%
2025-12-05 23:23:01,001 [INFO]   Epoch 200/200 | loss 0.0061 | acc 99.98%
2025-12-05 23:23:04,415 [INFO]   >> Test: loss 3.0528 | acc 37.09%
2025-12-05 23:28:44,278 [INFO] Cycle 4/10
2025-12-05 23:28:44,279 [INFO] Labeled set size: 8000, Unlabeled set size: 42000
2025-12-05 23:28:49,259 [INFO]   Epoch   1/200 | loss 1.8196 | acc 57.67%
2025-12-05 23:29:33,859 [INFO]   Epoch  10/200 | loss 0.5834 | acc 83.24%
2025-12-05 23:30:29,038 [INFO]   Epoch  20/200 | loss 0.2930 | acc 91.44%
2025-12-05 23:31:57,051 [INFO]   Epoch  30/200 | loss 0.2828 | acc 92.16%
2025-12-05 23:33:27,833 [INFO]   Epoch  40/200 | loss 0.2653 | acc 92.67%
2025-12-05 23:34:58,083 [INFO]   Epoch  50/200 | loss 0.2639 | acc 92.62%
2025-12-05 23:36:27,854 [INFO]   Epoch  60/200 | loss 0.3657 | acc 89.24%
2025-12-05 23:37:56,831 [INFO]   Epoch  70/200 | loss 0.1731 | acc 95.26%
2025-12-05 23:39:26,500 [INFO]   Epoch  80/200 | loss 0.2938 | acc 91.91%
2025-12-05 23:40:56,871 [INFO]   Epoch  90/200 | loss 0.3336 | acc 90.50%
2025-12-05 23:42:25,935 [INFO]   Epoch 100/200 | loss 0.1431 | acc 96.36%
2025-12-05 23:43:56,085 [INFO]   Epoch 110/200 | loss 0.1922 | acc 94.80%
2025-12-05 23:45:26,104 [INFO]   Epoch 120/200 | loss 0.5445 | acc 84.55%
2025-12-05 23:46:56,144 [INFO]   Epoch 130/200 | loss 0.0915 | acc 97.95%
2025-12-05 23:48:26,429 [INFO]   Epoch 140/200 | loss 0.3598 | acc 90.03%
2025-12-05 23:49:57,001 [INFO]   Epoch 150/200 | loss 0.1384 | acc 96.55%
2025-12-05 23:51:27,014 [INFO]   Epoch 160/200 | loss 0.1535 | acc 95.81%
2025-12-05 23:52:56,616 [INFO]   Epoch 170/200 | loss 0.0098 | acc 99.99%
2025-12-05 23:54:27,811 [INFO]   Epoch 180/200 | loss 0.0083 | acc 99.95%
2025-12-05 23:55:58,388 [INFO]   Epoch 190/200 | loss 0.0070 | acc 99.98%
2025-12-05 23:57:27,758 [INFO]   Epoch 200/200 | loss 0.0072 | acc 99.96%
2025-12-05 23:57:31,591 [INFO]   >> Test: loss 2.7280 | acc 43.65%
2025-12-06 00:03:22,682 [INFO] Cycle 5/10
2025-12-06 00:03:22,682 [INFO] Labeled set size: 10000, Unlabeled set size: 40000
2025-12-06 00:03:28,841 [INFO]   Epoch   1/200 | loss 1.3507 | acc 68.77%
2025-12-06 00:04:24,664 [INFO]   Epoch  10/200 | loss 0.6590 | acc 81.43%
2025-12-06 00:05:26,814 [INFO]   Epoch  20/200 | loss 0.3178 | acc 90.96%
2025-12-06 00:07:10,835 [INFO]   Epoch  30/200 | loss 0.5073 | acc 85.37%
2025-12-06 00:09:02,877 [INFO]   Epoch  40/200 | loss 0.3392 | acc 90.54%
2025-12-06 00:10:54,952 [INFO]   Epoch  50/200 | loss 0.3434 | acc 90.18%
2025-12-06 00:12:48,266 [INFO]   Epoch  60/200 | loss 0.3655 | acc 89.53%
2025-12-06 00:14:41,241 [INFO]   Epoch  70/200 | loss 0.4009 | acc 88.48%
2025-12-06 00:16:34,710 [INFO]   Epoch  80/200 | loss 0.4007 | acc 88.39%
2025-12-06 00:18:26,366 [INFO]   Epoch  90/200 | loss 0.4281 | acc 87.77%
2025-12-06 00:20:18,947 [INFO]   Epoch 100/200 | loss 0.3056 | acc 90.93%
2025-12-06 00:22:12,058 [INFO]   Epoch 110/200 | loss 0.5692 | acc 83.71%
2025-12-06 00:24:04,794 [INFO]   Epoch 120/200 | loss 0.4172 | acc 88.14%
2025-12-06 00:25:57,352 [INFO]   Epoch 130/200 | loss 0.4318 | acc 87.14%
2025-12-06 00:27:50,307 [INFO]   Epoch 140/200 | loss 0.3162 | acc 91.19%
2025-12-06 00:29:43,595 [INFO]   Epoch 150/200 | loss 0.4105 | acc 88.37%
2025-12-06 00:31:36,174 [INFO]   Epoch 160/200 | loss 0.3708 | acc 89.42%
2025-12-06 00:33:28,438 [INFO]   Epoch 170/200 | loss 0.0169 | acc 99.84%
2025-12-06 00:35:21,364 [INFO]   Epoch 180/200 | loss 0.0116 | acc 99.95%
2025-12-06 00:37:14,847 [INFO]   Epoch 190/200 | loss 0.0095 | acc 99.97%
2025-12-06 00:39:05,933 [INFO]   Epoch 200/200 | loss 0.0096 | acc 99.97%
2025-12-06 00:39:09,781 [INFO]   >> Test: loss 2.3250 | acc 50.29%
2025-12-06 00:45:16,568 [INFO] Cycle 6/10
2025-12-06 00:45:16,569 [INFO] Labeled set size: 12000, Unlabeled set size: 38000
2025-12-06 00:45:23,896 [INFO]   Epoch   1/200 | loss 1.1183 | acc 73.62%
2025-12-06 00:46:30,619 [INFO]   Epoch  10/200 | loss 0.5429 | acc 84.30%
2025-12-06 00:47:44,936 [INFO]   Epoch  20/200 | loss 0.4473 | acc 87.05%
2025-12-06 00:49:35,774 [INFO]   Epoch  30/200 | loss 0.4357 | acc 87.24%
2025-12-06 00:51:51,073 [INFO]   Epoch  40/200 | loss 0.4625 | acc 86.56%
2025-12-06 00:54:06,838 [INFO]   Epoch  50/200 | loss 0.3667 | acc 89.53%
2025-12-06 00:56:21,842 [INFO]   Epoch  60/200 | loss 0.3652 | acc 89.34%
2025-12-06 00:58:36,811 [INFO]   Epoch  70/200 | loss 0.4649 | acc 86.73%
2025-12-06 01:00:52,158 [INFO]   Epoch  80/200 | loss 0.3166 | acc 90.74%
2025-12-06 01:03:07,485 [INFO]   Epoch  90/200 | loss 0.3852 | acc 88.72%
2025-12-06 01:05:22,615 [INFO]   Epoch 100/200 | loss 0.4348 | acc 87.11%
2025-12-06 01:07:37,376 [INFO]   Epoch 110/200 | loss 0.3886 | acc 88.76%
2025-12-06 01:09:53,252 [INFO]   Epoch 120/200 | loss 0.3590 | acc 89.48%
2025-12-06 01:12:05,727 [INFO]   Epoch 130/200 | loss 0.3220 | acc 91.07%
2025-12-06 01:14:20,877 [INFO]   Epoch 140/200 | loss 0.3811 | acc 88.78%
2025-12-06 01:16:36,330 [INFO]   Epoch 150/200 | loss 0.4306 | acc 87.49%
2025-12-06 01:18:51,380 [INFO]   Epoch 160/200 | loss 0.3973 | acc 88.40%
2025-12-06 01:21:06,260 [INFO]   Epoch 170/200 | loss 0.0161 | acc 99.88%
2025-12-06 01:23:22,024 [INFO]   Epoch 180/200 | loss 0.0115 | acc 99.96%
2025-12-06 01:25:37,352 [INFO]   Epoch 190/200 | loss 0.0095 | acc 99.99%
2025-12-06 01:27:51,069 [INFO]   Epoch 200/200 | loss 0.0105 | acc 99.98%
2025-12-06 01:27:54,940 [INFO]   >> Test: loss 2.0025 | acc 55.17%
2025-12-06 01:34:20,947 [INFO] Cycle 7/10
2025-12-06 01:34:20,947 [INFO] Labeled set size: 14000, Unlabeled set size: 36000
2025-12-06 01:34:29,487 [INFO]   Epoch   1/200 | loss 1.1669 | acc 71.34%
2025-12-06 01:35:47,415 [INFO]   Epoch  10/200 | loss 0.6196 | acc 82.16%
2025-12-06 01:37:13,887 [INFO]   Epoch  20/200 | loss 0.4838 | acc 85.51%
2025-12-06 01:39:22,598 [INFO]   Epoch  30/200 | loss 0.5301 | acc 84.37%
2025-12-06 01:42:00,821 [INFO]   Epoch  40/200 | loss 0.4448 | acc 86.76%
2025-12-06 01:44:38,748 [INFO]   Epoch  50/200 | loss 0.4140 | acc 87.89%
2025-12-06 01:47:16,235 [INFO]   Epoch  60/200 | loss 0.4662 | acc 86.36%
2025-12-06 01:49:54,588 [INFO]   Epoch  70/200 | loss 0.4272 | acc 87.40%
2025-12-06 01:52:31,790 [INFO]   Epoch  80/200 | loss 0.4723 | acc 85.94%
2025-12-06 01:55:09,644 [INFO]   Epoch  90/200 | loss 0.5267 | acc 84.40%
2025-12-06 01:57:47,783 [INFO]   Epoch 100/200 | loss 0.4136 | acc 87.90%
2025-12-06 02:00:24,919 [INFO]   Epoch 110/200 | loss 0.4007 | acc 88.39%
2025-12-06 02:03:02,290 [INFO]   Epoch 120/200 | loss 0.4503 | acc 86.65%
2025-12-06 02:05:40,563 [INFO]   Epoch 130/200 | loss 0.4604 | acc 86.37%
2025-12-06 02:08:18,444 [INFO]   Epoch 140/200 | loss 0.4501 | acc 86.31%
2025-12-06 02:10:56,455 [INFO]   Epoch 150/200 | loss 0.4534 | acc 86.81%
2025-12-06 02:13:34,003 [INFO]   Epoch 160/200 | loss 0.4413 | acc 86.82%
2025-12-06 02:16:11,910 [INFO]   Epoch 170/200 | loss 0.0186 | acc 99.88%
2025-12-06 02:18:50,010 [INFO]   Epoch 180/200 | loss 0.0138 | acc 99.92%
2025-12-06 02:21:27,768 [INFO]   Epoch 190/200 | loss 0.0118 | acc 99.97%
2025-12-06 02:24:03,728 [INFO]   Epoch 200/200 | loss 0.0115 | acc 99.97%
2025-12-06 02:24:07,716 [INFO]   >> Test: loss 1.7740 | acc 58.88%
2025-12-06 02:30:47,267 [INFO] Cycle 8/10
2025-12-06 02:30:47,268 [INFO] Labeled set size: 16000, Unlabeled set size: 34000
2025-12-06 02:30:57,272 [INFO]   Epoch   1/200 | loss 1.2336 | acc 68.46%
2025-12-06 02:32:29,005 [INFO]   Epoch  10/200 | loss 0.6557 | acc 80.68%
2025-12-06 02:34:12,027 [INFO]   Epoch  20/200 | loss 0.5022 | acc 85.46%
2025-12-06 02:36:45,111 [INFO]   Epoch  30/200 | loss 0.5108 | acc 85.21%
2025-12-06 02:39:46,526 [INFO]   Epoch  40/200 | loss 0.4985 | acc 85.14%
2025-12-06 02:42:48,083 [INFO]   Epoch  50/200 | loss 0.5494 | acc 83.92%
2025-12-06 02:45:49,776 [INFO]   Epoch  60/200 | loss 0.5043 | acc 84.94%
2025-12-06 02:48:51,566 [INFO]   Epoch  70/200 | loss 0.5272 | acc 84.53%
2025-12-06 02:51:53,263 [INFO]   Epoch  80/200 | loss 0.5017 | acc 85.14%
2025-12-06 02:54:55,020 [INFO]   Epoch  90/200 | loss 0.5303 | acc 84.57%
2025-12-06 02:57:56,555 [INFO]   Epoch 100/200 | loss 0.5599 | acc 83.37%
2025-12-06 03:00:57,898 [INFO]   Epoch 110/200 | loss 0.5236 | acc 84.76%
2025-12-06 03:04:00,082 [INFO]   Epoch 120/200 | loss 0.4876 | acc 85.74%
2025-12-06 03:07:01,171 [INFO]   Epoch 130/200 | loss 0.5555 | acc 83.59%
2025-12-06 03:10:01,824 [INFO]   Epoch 140/200 | loss 0.5428 | acc 84.04%
2025-12-06 03:13:02,713 [INFO]   Epoch 150/200 | loss 0.5071 | acc 84.93%
2025-12-06 03:16:03,318 [INFO]   Epoch 160/200 | loss 0.4607 | acc 86.48%
2025-12-06 03:19:04,040 [INFO]   Epoch 170/200 | loss 0.0215 | acc 99.84%
2025-12-06 03:22:04,375 [INFO]   Epoch 180/200 | loss 0.0152 | acc 99.96%
2025-12-06 03:25:05,162 [INFO]   Epoch 190/200 | loss 0.0141 | acc 99.96%
2025-12-06 03:28:03,607 [INFO]   Epoch 200/200 | loss 0.0132 | acc 99.98%
2025-12-06 03:28:07,467 [INFO]   >> Test: loss 1.6454 | acc 61.71%
