2025-12-05 22:28:02,788 [INFO] 로그 파일 경로: logs/cifar100/DQN_100step_20251205_222802.log
2025-12-05 22:28:02,861 [INFO] Using device: cuda:1
2025-12-05 22:28:18,799 [INFO] Cycle 1/10
2025-12-05 22:28:18,800 [INFO] Labeled set size: 2000, Unlabeled set size: 48000
2025-12-05 22:28:23,817 [INFO]   Epoch   1/200 | loss 4.9367 | acc 2.50%
2025-12-05 22:28:43,291 [INFO]   Epoch  10/200 | loss 3.5702 | acc 13.35%
2025-12-05 22:29:10,933 [INFO]   Epoch  20/200 | loss 2.8568 | acc 25.10%
2025-12-05 22:29:38,993 [INFO]   Epoch  30/200 | loss 1.7444 | acc 49.90%
2025-12-05 22:30:06,475 [INFO]   Epoch  40/200 | loss 0.8518 | acc 74.50%
2025-12-05 22:30:31,856 [INFO]   Epoch  50/200 | loss 0.3401 | acc 91.00%
2025-12-05 22:30:59,616 [INFO]   Epoch  60/200 | loss 0.1803 | acc 95.85%
2025-12-05 22:31:24,747 [INFO]   Epoch  70/200 | loss 0.0930 | acc 98.20%
2025-12-05 22:31:52,521 [INFO]   Epoch  80/200 | loss 0.0766 | acc 98.50%
2025-12-05 22:32:17,153 [INFO]   Epoch  90/200 | loss 0.0281 | acc 99.85%
2025-12-05 22:32:44,985 [INFO]   Epoch 100/200 | loss 0.0130 | acc 99.90%
2025-12-05 22:33:11,509 [INFO]   Epoch 110/200 | loss 0.0666 | acc 99.05%
2025-12-05 22:33:38,430 [INFO]   Epoch 120/200 | loss 0.3702 | acc 90.20%
2025-12-05 22:34:05,048 [INFO]   Epoch 130/200 | loss 0.0601 | acc 99.00%
2025-12-05 22:34:31,873 [INFO]   Epoch 140/200 | loss 0.0073 | acc 100.00%
2025-12-05 22:34:58,464 [INFO]   Epoch 150/200 | loss 0.0106 | acc 99.95%
2025-12-05 22:35:25,094 [INFO]   Epoch 160/200 | loss 0.0078 | acc 100.00%
2025-12-05 22:35:50,485 [INFO]   Epoch 170/200 | loss 0.0071 | acc 100.00%
2025-12-05 22:36:10,680 [INFO]   Epoch 180/200 | loss 0.0069 | acc 100.00%
2025-12-05 22:36:27,472 [INFO]   Epoch 190/200 | loss 0.0072 | acc 100.00%
2025-12-05 22:36:42,810 [INFO]   Epoch 200/200 | loss 0.0071 | acc 100.00%
2025-12-05 22:36:44,541 [INFO]   >> Test: loss 4.3283 | acc 20.11%
2025-12-05 22:42:31,806 [INFO] Cycle 2/10
2025-12-05 22:42:31,806 [INFO] Labeled set size: 4000, Unlabeled set size: 46000
2025-12-05 22:42:35,661 [INFO]   Epoch   1/200 | loss 2.6345 | acc 40.10%
2025-12-05 22:43:17,372 [INFO]   Epoch  10/200 | loss 0.9694 | acc 71.85%
2025-12-05 22:44:04,440 [INFO]   Epoch  20/200 | loss 0.4525 | acc 86.60%
2025-12-05 22:44:51,176 [INFO]   Epoch  30/200 | loss 0.2083 | acc 94.53%
2025-12-05 22:45:37,890 [INFO]   Epoch  40/200 | loss 0.0959 | acc 97.80%
2025-12-05 22:46:22,139 [INFO]   Epoch  50/200 | loss 0.2777 | acc 92.12%
2025-12-05 22:47:09,565 [INFO]   Epoch  60/200 | loss 0.1265 | acc 96.78%
2025-12-05 22:47:55,284 [INFO]   Epoch  70/200 | loss 0.0852 | acc 98.38%
2025-12-05 22:48:40,096 [INFO]   Epoch  80/200 | loss 0.0195 | acc 99.78%
2025-12-05 22:49:25,619 [INFO]   Epoch  90/200 | loss 0.7106 | acc 80.42%
2025-12-05 22:50:12,754 [INFO]   Epoch 100/200 | loss 0.1346 | acc 96.50%
2025-12-05 22:51:00,487 [INFO]   Epoch 110/200 | loss 0.1023 | acc 97.70%
2025-12-05 22:51:45,250 [INFO]   Epoch 120/200 | loss 0.1157 | acc 97.35%
2025-12-05 22:52:34,457 [INFO]   Epoch 130/200 | loss 0.2605 | acc 93.03%
2025-12-05 22:53:23,633 [INFO]   Epoch 140/200 | loss 0.0489 | acc 99.08%
2025-12-05 22:54:12,948 [INFO]   Epoch 150/200 | loss 0.1940 | acc 94.95%
2025-12-05 22:54:57,413 [INFO]   Epoch 160/200 | loss 0.1100 | acc 97.17%
2025-12-05 22:55:43,442 [INFO]   Epoch 170/200 | loss 0.0085 | acc 99.98%
2025-12-05 22:56:15,601 [INFO]   Epoch 180/200 | loss 0.0063 | acc 100.00%
2025-12-05 22:56:51,285 [INFO]   Epoch 190/200 | loss 0.0059 | acc 99.98%
2025-12-05 22:57:17,212 [INFO]   Epoch 200/200 | loss 0.0054 | acc 99.98%
2025-12-05 22:57:19,073 [INFO]   >> Test: loss 3.9206 | acc 27.87%
2025-12-05 23:03:04,910 [INFO] Cycle 3/10
2025-12-05 23:03:04,910 [INFO] Labeled set size: 6000, Unlabeled set size: 44000
2025-12-05 23:03:11,916 [INFO]   Epoch   1/200 | loss 1.9709 | acc 57.80%
2025-12-05 23:04:14,911 [INFO]   Epoch  10/200 | loss 0.4627 | acc 86.68%
2025-12-05 23:05:23,005 [INFO]   Epoch  20/200 | loss 0.1474 | acc 96.28%
2025-12-05 23:06:31,250 [INFO]   Epoch  30/200 | loss 0.5024 | acc 86.03%
2025-12-05 23:07:38,646 [INFO]   Epoch  40/200 | loss 0.0520 | acc 99.12%
2025-12-05 23:08:47,121 [INFO]   Epoch  50/200 | loss 0.0083 | acc 99.97%
2025-12-05 23:09:56,743 [INFO]   Epoch  60/200 | loss 0.0115 | acc 99.97%
2025-12-05 23:11:05,166 [INFO]   Epoch  70/200 | loss 1.4104 | acc 61.32%
2025-12-05 23:12:13,228 [INFO]   Epoch  80/200 | loss 0.2986 | acc 91.72%
2025-12-05 23:13:21,664 [INFO]   Epoch  90/200 | loss 0.1177 | acc 97.15%
2025-12-05 23:14:29,600 [INFO]   Epoch 100/200 | loss 0.4700 | acc 86.40%
2025-12-05 23:15:39,075 [INFO]   Epoch 110/200 | loss 0.0689 | acc 98.60%
2025-12-05 23:16:46,809 [INFO]   Epoch 120/200 | loss 0.0190 | acc 99.78%
2025-12-05 23:17:54,732 [INFO]   Epoch 130/200 | loss 0.0154 | acc 99.87%
2025-12-05 23:19:03,362 [INFO]   Epoch 140/200 | loss 0.4540 | acc 87.03%
2025-12-05 23:20:11,972 [INFO]   Epoch 150/200 | loss 0.0852 | acc 97.88%
2025-12-05 23:21:19,072 [INFO]   Epoch 160/200 | loss 0.4253 | acc 87.38%
2025-12-05 23:22:27,812 [INFO]   Epoch 170/200 | loss 0.0145 | acc 99.98%
2025-12-05 23:23:27,096 [INFO]   Epoch 180/200 | loss 0.0086 | acc 99.98%
2025-12-05 23:24:17,821 [INFO]   Epoch 190/200 | loss 0.0080 | acc 99.97%
2025-12-05 23:24:59,680 [INFO]   Epoch 200/200 | loss 0.0075 | acc 99.95%
2025-12-05 23:25:01,459 [INFO]   >> Test: loss 3.0536 | acc 38.99%
2025-12-05 23:30:43,447 [INFO] Cycle 4/10
2025-12-05 23:30:43,447 [INFO] Labeled set size: 8000, Unlabeled set size: 42000
2025-12-05 23:30:52,494 [INFO]   Epoch   1/200 | loss 1.6860 | acc 61.66%
2025-12-05 23:32:14,436 [INFO]   Epoch  10/200 | loss 0.4960 | acc 86.42%
2025-12-05 23:33:46,351 [INFO]   Epoch  20/200 | loss 0.2623 | acc 92.38%
2025-12-05 23:35:17,404 [INFO]   Epoch  30/200 | loss 0.3465 | acc 90.08%
2025-12-05 23:36:48,642 [INFO]   Epoch  40/200 | loss 0.2790 | acc 91.89%
2025-12-05 23:38:20,428 [INFO]   Epoch  50/200 | loss 0.1543 | acc 96.03%
2025-12-05 23:39:53,007 [INFO]   Epoch  60/200 | loss 0.2692 | acc 92.55%
2025-12-05 23:41:26,800 [INFO]   Epoch  70/200 | loss 0.2963 | acc 91.44%
2025-12-05 23:42:58,612 [INFO]   Epoch  80/200 | loss 0.2446 | acc 93.16%
2025-12-05 23:44:29,360 [INFO]   Epoch  90/200 | loss 0.1912 | acc 94.66%
2025-12-05 23:46:00,878 [INFO]   Epoch 100/200 | loss 0.2062 | acc 94.38%
2025-12-05 23:47:32,707 [INFO]   Epoch 110/200 | loss 0.2531 | acc 92.92%
2025-12-05 23:49:03,760 [INFO]   Epoch 120/200 | loss 0.3312 | acc 90.65%
2025-12-05 23:50:35,651 [INFO]   Epoch 130/200 | loss 0.2214 | acc 94.00%
2025-12-05 23:52:07,164 [INFO]   Epoch 140/200 | loss 0.1328 | acc 96.69%
2025-12-05 23:53:38,045 [INFO]   Epoch 150/200 | loss 0.3192 | acc 90.89%
2025-12-05 23:55:08,782 [INFO]   Epoch 160/200 | loss 0.1737 | acc 95.45%
2025-12-05 23:56:40,019 [INFO]   Epoch 170/200 | loss 0.0089 | acc 99.95%
2025-12-05 23:57:59,593 [INFO]   Epoch 180/200 | loss 0.0068 | acc 99.96%
2025-12-05 23:59:07,829 [INFO]   Epoch 190/200 | loss 0.0065 | acc 99.96%
2025-12-06 00:00:08,123 [INFO]   Epoch 200/200 | loss 0.0064 | acc 99.96%
2025-12-06 00:00:09,879 [INFO]   >> Test: loss 2.5332 | acc 45.51%
2025-12-06 00:05:53,658 [INFO] Cycle 5/10
2025-12-06 00:05:53,658 [INFO] Labeled set size: 10000, Unlabeled set size: 40000
2025-12-06 00:06:05,160 [INFO]   Epoch   1/200 | loss 1.5027 | acc 64.53%
2025-12-06 00:07:49,370 [INFO]   Epoch  10/200 | loss 0.7436 | acc 78.63%
2025-12-06 00:09:44,600 [INFO]   Epoch  20/200 | loss 0.2752 | acc 92.16%
2025-12-06 00:11:39,490 [INFO]   Epoch  30/200 | loss 0.4918 | acc 86.11%
2025-12-06 00:13:34,278 [INFO]   Epoch  40/200 | loss 0.3278 | acc 90.10%
2025-12-06 00:15:28,320 [INFO]   Epoch  50/200 | loss 0.4850 | acc 85.99%
2025-12-06 00:17:22,026 [INFO]   Epoch  60/200 | loss 0.4486 | acc 86.91%
2025-12-06 00:19:16,131 [INFO]   Epoch  70/200 | loss 0.4672 | acc 86.53%
2025-12-06 00:21:10,204 [INFO]   Epoch  80/200 | loss 0.4587 | acc 86.39%
2025-12-06 00:23:04,311 [INFO]   Epoch  90/200 | loss 0.3158 | acc 90.93%
2025-12-06 00:24:58,039 [INFO]   Epoch 100/200 | loss 0.3018 | acc 91.13%
2025-12-06 00:26:52,488 [INFO]   Epoch 110/200 | loss 0.3127 | acc 91.35%
2025-12-06 00:28:47,291 [INFO]   Epoch 120/200 | loss 0.3821 | acc 89.04%
2025-12-06 00:30:41,999 [INFO]   Epoch 130/200 | loss 0.3908 | acc 88.40%
2025-12-06 00:32:36,445 [INFO]   Epoch 140/200 | loss 0.3637 | acc 89.51%
2025-12-06 00:34:30,349 [INFO]   Epoch 150/200 | loss 0.2052 | acc 94.31%
2025-12-06 00:36:24,190 [INFO]   Epoch 160/200 | loss 0.2652 | acc 92.48%
2025-12-06 00:38:17,912 [INFO]   Epoch 170/200 | loss 0.0160 | acc 99.88%
2025-12-06 00:39:53,596 [INFO]   Epoch 180/200 | loss 0.0112 | acc 99.97%
2025-12-06 00:41:17,891 [INFO]   Epoch 190/200 | loss 0.0099 | acc 99.98%
2025-12-06 00:42:35,243 [INFO]   Epoch 200/200 | loss 0.0098 | acc 99.92%
2025-12-06 00:42:37,861 [INFO]   >> Test: loss 2.3000 | acc 50.98%
2025-12-06 00:48:27,120 [INFO] Cycle 6/10
2025-12-06 00:48:27,120 [INFO] Labeled set size: 12000, Unlabeled set size: 38000
2025-12-06 00:48:39,174 [INFO]   Epoch   1/200 | loss 1.0785 | acc 75.02%
2025-12-06 00:50:42,345 [INFO]   Epoch  10/200 | loss 0.5181 | acc 85.08%
2025-12-06 00:52:59,466 [INFO]   Epoch  20/200 | loss 0.4634 | acc 86.26%
2025-12-06 00:55:16,523 [INFO]   Epoch  30/200 | loss 0.3924 | acc 88.72%
2025-12-06 00:57:33,791 [INFO]   Epoch  40/200 | loss 0.3669 | acc 89.61%
2025-12-06 00:59:50,518 [INFO]   Epoch  50/200 | loss 0.4115 | acc 87.97%
2025-12-06 01:02:07,251 [INFO]   Epoch  60/200 | loss 0.3991 | acc 88.24%
2025-12-06 01:04:23,996 [INFO]   Epoch  70/200 | loss 0.4512 | acc 86.96%
2025-12-06 01:06:41,201 [INFO]   Epoch  80/200 | loss 0.3655 | acc 89.50%
2025-12-06 01:08:58,645 [INFO]   Epoch  90/200 | loss 0.4344 | acc 87.00%
2025-12-06 01:11:17,296 [INFO]   Epoch 100/200 | loss 0.3963 | acc 88.66%
2025-12-06 01:13:34,298 [INFO]   Epoch 110/200 | loss 0.3422 | acc 90.28%
2025-12-06 01:15:50,902 [INFO]   Epoch 120/200 | loss 0.3796 | acc 88.82%
2025-12-06 01:18:07,445 [INFO]   Epoch 130/200 | loss 0.3605 | acc 89.53%
2025-12-06 01:20:23,892 [INFO]   Epoch 140/200 | loss 0.4195 | acc 87.67%
2025-12-06 01:22:41,015 [INFO]   Epoch 150/200 | loss 0.3912 | acc 88.64%
2025-12-06 01:24:58,063 [INFO]   Epoch 160/200 | loss 0.3590 | acc 89.68%
2025-12-06 01:27:15,216 [INFO]   Epoch 170/200 | loss 0.0166 | acc 99.84%
2025-12-06 01:29:01,477 [INFO]   Epoch 180/200 | loss 0.0102 | acc 99.98%
2025-12-06 01:30:37,507 [INFO]   Epoch 190/200 | loss 0.0098 | acc 99.99%
2025-12-06 01:32:04,245 [INFO]   Epoch 200/200 | loss 0.0104 | acc 99.96%
2025-12-06 01:32:06,600 [INFO]   >> Test: loss 1.9544 | acc 56.26%
2025-12-06 01:38:02,049 [INFO] Cycle 7/10
2025-12-06 01:38:02,050 [INFO] Labeled set size: 14000, Unlabeled set size: 36000
2025-12-06 01:38:15,634 [INFO]   Epoch   1/200 | loss 1.1885 | acc 70.66%
2025-12-06 01:40:36,075 [INFO]   Epoch  10/200 | loss 0.5878 | acc 82.84%
2025-12-06 01:43:15,632 [INFO]   Epoch  20/200 | loss 0.5142 | acc 84.56%
2025-12-06 01:45:55,207 [INFO]   Epoch  30/200 | loss 0.5805 | acc 83.24%
2025-12-06 01:48:35,969 [INFO]   Epoch  40/200 | loss 0.4958 | acc 85.55%
2025-12-06 01:51:16,467 [INFO]   Epoch  50/200 | loss 0.4689 | acc 86.20%
2025-12-06 01:53:56,156 [INFO]   Epoch  60/200 | loss 0.4921 | acc 85.56%
2025-12-06 01:56:36,394 [INFO]   Epoch  70/200 | loss 0.4831 | acc 85.79%
2025-12-06 01:59:16,873 [INFO]   Epoch  80/200 | loss 0.4986 | acc 85.28%
2025-12-06 02:01:57,529 [INFO]   Epoch  90/200 | loss 0.5190 | acc 84.80%
2025-12-06 02:04:38,751 [INFO]   Epoch 100/200 | loss 0.4442 | acc 86.71%
2025-12-06 02:07:18,897 [INFO]   Epoch 110/200 | loss 0.4290 | acc 87.49%
2025-12-06 02:09:58,082 [INFO]   Epoch 120/200 | loss 0.4315 | acc 87.01%
2025-12-06 02:12:38,148 [INFO]   Epoch 130/200 | loss 0.4629 | acc 86.31%
2025-12-06 02:15:18,143 [INFO]   Epoch 140/200 | loss 0.4260 | acc 87.21%
2025-12-06 02:17:57,860 [INFO]   Epoch 150/200 | loss 0.4345 | acc 87.21%
2025-12-06 02:20:37,736 [INFO]   Epoch 160/200 | loss 0.4564 | acc 86.48%
2025-12-06 02:23:17,559 [INFO]   Epoch 170/200 | loss 0.0175 | acc 99.91%
2025-12-06 02:25:22,142 [INFO]   Epoch 180/200 | loss 0.0133 | acc 99.96%
2025-12-06 02:27:13,755 [INFO]   Epoch 190/200 | loss 0.0118 | acc 99.96%
2025-12-06 02:28:57,507 [INFO]   Epoch 200/200 | loss 0.0116 | acc 99.99%
2025-12-06 02:29:00,084 [INFO]   >> Test: loss 1.7894 | acc 59.42%
2025-12-06 02:34:58,314 [INFO] Cycle 8/10
2025-12-06 02:34:58,314 [INFO] Labeled set size: 16000, Unlabeled set size: 34000
2025-12-06 02:35:13,689 [INFO]   Epoch   1/200 | loss 1.2012 | acc 69.58%
2025-12-06 02:37:49,380 [INFO]   Epoch  10/200 | loss 0.6236 | acc 81.87%
2025-12-06 02:40:50,700 [INFO]   Epoch  20/200 | loss 0.5364 | acc 84.21%
2025-12-06 02:43:52,220 [INFO]   Epoch  30/200 | loss 0.5301 | acc 84.21%
2025-12-06 02:46:53,443 [INFO]   Epoch  40/200 | loss 0.4899 | acc 85.49%
2025-12-06 02:49:54,531 [INFO]   Epoch  50/200 | loss 0.5217 | acc 84.57%
2025-12-06 02:52:54,941 [INFO]   Epoch  60/200 | loss 0.4914 | acc 85.30%
2025-12-06 02:55:55,944 [INFO]   Epoch  70/200 | loss 0.4853 | acc 85.70%
2025-12-06 02:58:57,041 [INFO]   Epoch  80/200 | loss 0.4865 | acc 85.74%
2025-12-06 03:01:58,174 [INFO]   Epoch  90/200 | loss 0.5462 | acc 84.04%
2025-12-06 03:04:58,417 [INFO]   Epoch 100/200 | loss 0.5013 | acc 85.26%
2025-12-06 03:08:00,391 [INFO]   Epoch 110/200 | loss 0.4945 | acc 85.31%
2025-12-06 03:11:02,149 [INFO]   Epoch 120/200 | loss 0.5540 | acc 83.59%
2025-12-06 03:14:03,536 [INFO]   Epoch 130/200 | loss 0.4946 | acc 85.04%
2025-12-06 03:17:05,236 [INFO]   Epoch 140/200 | loss 0.5416 | acc 83.96%
2025-12-06 03:20:07,457 [INFO]   Epoch 150/200 | loss 0.4885 | acc 85.27%
2025-12-06 03:23:09,620 [INFO]   Epoch 160/200 | loss 0.4878 | acc 85.35%
2025-12-06 03:26:11,419 [INFO]   Epoch 170/200 | loss 0.0211 | acc 99.86%
2025-12-06 03:28:50,700 [INFO]   Epoch 180/200 | loss 0.0141 | acc 99.96%
2025-12-06 03:30:58,110 [INFO]   Epoch 190/200 | loss 0.0130 | acc 99.98%
2025-12-06 03:32:53,523 [INFO]   Epoch 200/200 | loss 0.0128 | acc 99.97%
2025-12-06 03:32:56,105 [INFO]   >> Test: loss 1.6333 | acc 62.28%
