2025-12-05 22:28:06,504 [INFO] 로그 파일 경로: logs/cifar100/DQN_100step_20251205_222806.log
2025-12-05 22:28:06,634 [INFO] Using device: cuda:1
2025-12-05 22:28:23,925 [INFO] Cycle 1/10
2025-12-05 22:28:23,925 [INFO] Labeled set size: 2000, Unlabeled set size: 48000
2025-12-05 22:28:30,903 [INFO]   Epoch   1/200 | loss 4.9904 | acc 2.35%
2025-12-05 22:28:54,284 [INFO]   Epoch  10/200 | loss 3.5952 | acc 12.50%
2025-12-05 22:29:19,636 [INFO]   Epoch  20/200 | loss 2.8889 | acc 23.95%
2025-12-05 22:29:47,177 [INFO]   Epoch  30/200 | loss 1.9336 | acc 43.25%
2025-12-05 22:30:11,930 [INFO]   Epoch  40/200 | loss 0.9197 | acc 71.75%
2025-12-05 22:30:40,207 [INFO]   Epoch  50/200 | loss 0.5830 | acc 83.30%
2025-12-05 22:31:05,018 [INFO]   Epoch  60/200 | loss 0.1220 | acc 97.60%
2025-12-05 22:31:32,412 [INFO]   Epoch  70/200 | loss 0.0734 | acc 98.85%
2025-12-05 22:31:57,533 [INFO]   Epoch  80/200 | loss 0.0673 | acc 99.10%
2025-12-05 22:32:19,882 [INFO]   Epoch  90/200 | loss 0.0745 | acc 98.75%
2025-12-05 22:32:44,897 [INFO]   Epoch 100/200 | loss 0.0173 | acc 99.95%
2025-12-05 22:33:09,043 [INFO]   Epoch 110/200 | loss 0.1090 | acc 98.00%
2025-12-05 22:33:35,632 [INFO]   Epoch 120/200 | loss 0.2176 | acc 95.00%
2025-12-05 22:33:59,820 [INFO]   Epoch 130/200 | loss 0.0395 | acc 99.65%
2025-12-05 22:34:26,413 [INFO]   Epoch 140/200 | loss 0.0244 | acc 99.75%
2025-12-05 22:34:50,269 [INFO]   Epoch 150/200 | loss 0.0085 | acc 100.00%
2025-12-05 22:35:14,292 [INFO]   Epoch 160/200 | loss 0.0072 | acc 100.00%
2025-12-05 22:35:38,379 [INFO]   Epoch 170/200 | loss 0.0062 | acc 100.00%
2025-12-05 22:36:00,868 [INFO]   Epoch 180/200 | loss 0.0064 | acc 100.00%
2025-12-05 22:36:19,014 [INFO]   Epoch 190/200 | loss 0.0068 | acc 100.00%
2025-12-05 22:36:35,955 [INFO]   Epoch 200/200 | loss 0.0068 | acc 100.00%
2025-12-05 22:36:38,041 [INFO]   >> Test: loss 4.3566 | acc 19.99%
2025-12-05 22:42:17,656 [INFO] Cycle 2/10
2025-12-05 22:42:17,656 [INFO] Labeled set size: 4000, Unlabeled set size: 46000
2025-12-05 22:42:21,724 [INFO]   Epoch   1/200 | loss 3.2034 | acc 31.10%
2025-12-05 22:43:03,213 [INFO]   Epoch  10/200 | loss 1.0935 | acc 69.45%
2025-12-05 22:43:50,179 [INFO]   Epoch  20/200 | loss 0.3240 | acc 90.85%
2025-12-05 22:44:35,653 [INFO]   Epoch  30/200 | loss 0.1055 | acc 97.70%
2025-12-05 22:45:21,449 [INFO]   Epoch  40/200 | loss 0.3582 | acc 89.95%
2025-12-05 22:46:07,266 [INFO]   Epoch  50/200 | loss 0.1804 | acc 95.45%
2025-12-05 22:46:53,130 [INFO]   Epoch  60/200 | loss 0.0748 | acc 98.65%
2025-12-05 22:47:38,996 [INFO]   Epoch  70/200 | loss 0.1080 | acc 97.67%
2025-12-05 22:48:24,885 [INFO]   Epoch  80/200 | loss 0.3706 | acc 89.40%
2025-12-05 22:49:11,397 [INFO]   Epoch  90/200 | loss 0.0303 | acc 99.58%
2025-12-05 22:49:58,592 [INFO]   Epoch 100/200 | loss 0.0088 | acc 99.98%
2025-12-05 22:50:45,234 [INFO]   Epoch 110/200 | loss 0.0224 | acc 99.85%
2025-12-05 22:51:30,195 [INFO]   Epoch 120/200 | loss 0.0092 | acc 100.00%
2025-12-05 22:52:19,500 [INFO]   Epoch 130/200 | loss 0.9643 | acc 73.45%
2025-12-05 22:53:03,608 [INFO]   Epoch 140/200 | loss 0.1332 | acc 96.83%
2025-12-05 22:53:48,454 [INFO]   Epoch 150/200 | loss 0.1113 | acc 97.65%
2025-12-05 22:54:32,143 [INFO]   Epoch 160/200 | loss 0.3994 | acc 89.08%
2025-12-05 22:55:17,897 [INFO]   Epoch 170/200 | loss 0.0121 | acc 100.00%
2025-12-05 22:55:58,077 [INFO]   Epoch 180/200 | loss 0.0083 | acc 99.98%
2025-12-05 22:56:33,799 [INFO]   Epoch 190/200 | loss 0.0067 | acc 100.00%
2025-12-05 22:57:06,067 [INFO]   Epoch 200/200 | loss 0.0067 | acc 100.00%
2025-12-05 22:57:08,617 [INFO]   >> Test: loss 4.0343 | acc 28.69%
2025-12-05 23:02:46,888 [INFO] Cycle 3/10
2025-12-05 23:02:46,888 [INFO] Labeled set size: 6000, Unlabeled set size: 44000
2025-12-05 23:02:52,826 [INFO]   Epoch   1/200 | loss 1.9233 | acc 57.88%
2025-12-05 23:03:51,164 [INFO]   Epoch  10/200 | loss 0.4634 | acc 86.85%
2025-12-05 23:04:59,506 [INFO]   Epoch  20/200 | loss 0.1271 | acc 96.83%
2025-12-05 23:06:07,808 [INFO]   Epoch  30/200 | loss 0.2712 | acc 92.63%
2025-12-05 23:07:16,724 [INFO]   Epoch  40/200 | loss 0.0924 | acc 97.83%
2025-12-05 23:08:25,375 [INFO]   Epoch  50/200 | loss 0.0179 | acc 99.80%
2025-12-05 23:09:32,979 [INFO]   Epoch  60/200 | loss 0.0093 | acc 99.98%
2025-12-05 23:10:40,898 [INFO]   Epoch  70/200 | loss 0.0103 | acc 100.00%
2025-12-05 23:11:48,983 [INFO]   Epoch  80/200 | loss 1.9157 | acc 48.85%
2025-12-05 23:12:57,678 [INFO]   Epoch  90/200 | loss 0.4371 | acc 87.33%
2025-12-05 23:14:06,398 [INFO]   Epoch 100/200 | loss 0.1782 | acc 95.35%
2025-12-05 23:15:14,291 [INFO]   Epoch 110/200 | loss 0.1404 | acc 96.60%
2025-12-05 23:16:22,340 [INFO]   Epoch 120/200 | loss 0.2817 | acc 91.95%
2025-12-05 23:17:31,556 [INFO]   Epoch 130/200 | loss 0.0648 | acc 98.53%
2025-12-05 23:18:39,294 [INFO]   Epoch 140/200 | loss 0.0098 | acc 99.95%
2025-12-05 23:19:46,879 [INFO]   Epoch 150/200 | loss 0.0107 | acc 99.97%
2025-12-05 23:20:56,019 [INFO]   Epoch 160/200 | loss 2.6080 | acc 33.82%
2025-12-05 23:22:04,074 [INFO]   Epoch 170/200 | loss 0.1019 | acc 99.57%
2025-12-05 23:23:08,221 [INFO]   Epoch 180/200 | loss 0.0356 | acc 99.92%
2025-12-05 23:23:57,375 [INFO]   Epoch 190/200 | loss 0.0188 | acc 100.00%
2025-12-05 23:24:47,349 [INFO]   Epoch 200/200 | loss 0.0148 | acc 99.97%
2025-12-05 23:24:49,907 [INFO]   >> Test: loss 2.8524 | acc 39.45%
2025-12-05 23:30:21,132 [INFO] Cycle 4/10
2025-12-05 23:30:21,132 [INFO] Labeled set size: 8000, Unlabeled set size: 42000
2025-12-05 23:30:29,054 [INFO]   Epoch   1/200 | loss 2.6756 | acc 35.69%
2025-12-05 23:31:48,896 [INFO]   Epoch  10/200 | loss 0.8889 | acc 74.75%
2025-12-05 23:33:19,746 [INFO]   Epoch  20/200 | loss 0.4460 | acc 86.71%
2025-12-05 23:34:51,020 [INFO]   Epoch  30/200 | loss 0.3547 | acc 89.40%
2025-12-05 23:36:22,787 [INFO]   Epoch  40/200 | loss 0.3448 | acc 89.84%
2025-12-05 23:37:53,870 [INFO]   Epoch  50/200 | loss 0.4103 | acc 88.12%
2025-12-05 23:39:25,265 [INFO]   Epoch  60/200 | loss 0.3009 | acc 91.61%
2025-12-05 23:40:58,521 [INFO]   Epoch  70/200 | loss 0.3477 | acc 89.95%
2025-12-05 23:42:28,652 [INFO]   Epoch  80/200 | loss 0.2626 | acc 92.60%
2025-12-05 23:43:59,843 [INFO]   Epoch  90/200 | loss 0.2349 | acc 93.53%
2025-12-05 23:45:31,305 [INFO]   Epoch 100/200 | loss 0.3685 | acc 89.00%
2025-12-05 23:47:01,767 [INFO]   Epoch 110/200 | loss 0.3135 | acc 90.76%
2025-12-05 23:48:33,200 [INFO]   Epoch 120/200 | loss 0.1837 | acc 95.09%
2025-12-05 23:50:03,525 [INFO]   Epoch 130/200 | loss 0.4090 | acc 88.34%
2025-12-05 23:51:34,202 [INFO]   Epoch 140/200 | loss 0.2394 | acc 93.45%
2025-12-05 23:53:05,201 [INFO]   Epoch 150/200 | loss 0.2414 | acc 93.05%
2025-12-05 23:54:36,975 [INFO]   Epoch 160/200 | loss 0.2495 | acc 92.99%
2025-12-05 23:56:08,304 [INFO]   Epoch 170/200 | loss 0.0133 | acc 99.88%
2025-12-05 23:57:35,470 [INFO]   Epoch 180/200 | loss 0.0087 | acc 99.96%
2025-12-05 23:58:40,503 [INFO]   Epoch 190/200 | loss 0.0085 | acc 99.94%
2025-12-05 23:59:48,972 [INFO]   Epoch 200/200 | loss 0.0073 | acc 99.99%
2025-12-05 23:59:52,354 [INFO]   >> Test: loss 2.5495 | acc 47.14%
2025-12-06 00:05:26,959 [INFO] Cycle 5/10
2025-12-06 00:05:26,959 [INFO] Labeled set size: 10000, Unlabeled set size: 40000
2025-12-06 00:05:35,072 [INFO]   Epoch   1/200 | loss 1.3092 | acc 69.49%
2025-12-06 00:07:14,673 [INFO]   Epoch  10/200 | loss 0.6588 | acc 81.37%
2025-12-06 00:09:10,059 [INFO]   Epoch  20/200 | loss 0.4362 | acc 87.23%
2025-12-06 00:11:04,802 [INFO]   Epoch  30/200 | loss 0.3048 | acc 91.30%
2025-12-06 00:12:58,611 [INFO]   Epoch  40/200 | loss 0.4249 | acc 87.82%
2025-12-06 00:14:52,429 [INFO]   Epoch  50/200 | loss 0.4423 | acc 86.65%
2025-12-06 00:16:46,645 [INFO]   Epoch  60/200 | loss 0.3291 | acc 90.40%
2025-12-06 00:18:40,561 [INFO]   Epoch  70/200 | loss 0.2951 | acc 91.38%
2025-12-06 00:20:34,384 [INFO]   Epoch  80/200 | loss 0.4181 | acc 87.68%
2025-12-06 00:22:28,132 [INFO]   Epoch  90/200 | loss 0.3634 | acc 89.50%
2025-12-06 00:24:21,656 [INFO]   Epoch 100/200 | loss 0.3795 | acc 88.87%
2025-12-06 00:26:15,887 [INFO]   Epoch 110/200 | loss 0.3490 | acc 89.39%
2025-12-06 00:28:09,177 [INFO]   Epoch 120/200 | loss 0.3798 | acc 88.95%
2025-12-06 00:30:02,345 [INFO]   Epoch 130/200 | loss 0.3896 | acc 88.62%
2025-12-06 00:31:55,947 [INFO]   Epoch 140/200 | loss 0.3544 | acc 89.73%
2025-12-06 00:33:50,212 [INFO]   Epoch 150/200 | loss 0.3355 | acc 90.37%
2025-12-06 00:35:43,913 [INFO]   Epoch 160/200 | loss 0.3636 | acc 89.46%
2025-12-06 00:37:38,410 [INFO]   Epoch 170/200 | loss 0.0167 | acc 99.89%
2025-12-06 00:39:23,239 [INFO]   Epoch 180/200 | loss 0.0120 | acc 99.95%
2025-12-06 00:40:43,898 [INFO]   Epoch 190/200 | loss 0.0099 | acc 99.99%
2025-12-06 00:42:08,287 [INFO]   Epoch 200/200 | loss 0.0106 | acc 99.98%
2025-12-06 00:42:11,455 [INFO]   >> Test: loss 2.2136 | acc 52.43%
2025-12-06 00:47:53,157 [INFO] Cycle 6/10
2025-12-06 00:47:53,158 [INFO] Labeled set size: 12000, Unlabeled set size: 38000
2025-12-06 00:48:02,859 [INFO]   Epoch   1/200 | loss 1.0884 | acc 74.10%
2025-12-06 00:49:54,449 [INFO]   Epoch  10/200 | loss 0.5270 | acc 84.37%
2025-12-06 00:52:10,787 [INFO]   Epoch  20/200 | loss 0.4267 | acc 87.24%
2025-12-06 00:54:26,279 [INFO]   Epoch  30/200 | loss 0.4511 | acc 86.92%
2025-12-06 00:56:42,175 [INFO]   Epoch  40/200 | loss 0.3839 | acc 88.69%
2025-12-06 00:58:58,661 [INFO]   Epoch  50/200 | loss 0.3477 | acc 89.51%
2025-12-06 01:01:15,273 [INFO]   Epoch  60/200 | loss 0.4378 | acc 86.92%
2025-12-06 01:03:31,092 [INFO]   Epoch  70/200 | loss 0.3488 | acc 89.77%
2025-12-06 01:05:47,297 [INFO]   Epoch  80/200 | loss 0.3906 | acc 88.67%
2025-12-06 01:08:03,760 [INFO]   Epoch  90/200 | loss 0.4527 | acc 86.56%
2025-12-06 01:10:21,965 [INFO]   Epoch 100/200 | loss 0.3801 | acc 88.88%
2025-12-06 01:12:39,009 [INFO]   Epoch 110/200 | loss 0.3840 | acc 88.67%
2025-12-06 01:14:55,201 [INFO]   Epoch 120/200 | loss 0.3341 | acc 90.33%
2025-12-06 01:17:11,193 [INFO]   Epoch 130/200 | loss 0.4123 | acc 87.97%
2025-12-06 01:19:27,637 [INFO]   Epoch 140/200 | loss 0.3654 | acc 89.37%
2025-12-06 01:21:44,304 [INFO]   Epoch 150/200 | loss 0.4108 | acc 87.70%
2025-12-06 01:23:59,759 [INFO]   Epoch 160/200 | loss 0.3621 | acc 89.40%
2025-12-06 01:26:15,748 [INFO]   Epoch 170/200 | loss 0.0167 | acc 99.88%
2025-12-06 01:28:18,842 [INFO]   Epoch 180/200 | loss 0.0124 | acc 99.94%
2025-12-06 01:29:54,382 [INFO]   Epoch 190/200 | loss 0.0110 | acc 99.98%
2025-12-06 01:31:30,186 [INFO]   Epoch 200/200 | loss 0.0106 | acc 99.98%
2025-12-06 01:31:33,554 [INFO]   >> Test: loss 1.9206 | acc 56.59%
2025-12-06 01:37:21,896 [INFO] Cycle 7/10
2025-12-06 01:37:21,897 [INFO] Labeled set size: 14000, Unlabeled set size: 36000
2025-12-06 01:37:33,076 [INFO]   Epoch   1/200 | loss 1.1898 | acc 69.96%
2025-12-06 01:39:37,787 [INFO]   Epoch  10/200 | loss 0.6245 | acc 81.76%
2025-12-06 01:42:17,316 [INFO]   Epoch  20/200 | loss 0.5354 | acc 84.64%
2025-12-06 01:44:56,874 [INFO]   Epoch  30/200 | loss 0.5638 | acc 83.47%
2025-12-06 01:47:36,173 [INFO]   Epoch  40/200 | loss 0.5042 | acc 85.22%
2025-12-06 01:50:14,681 [INFO]   Epoch  50/200 | loss 0.5214 | acc 84.57%
2025-12-06 01:52:54,523 [INFO]   Epoch  60/200 | loss 0.4681 | acc 86.40%
2025-12-06 01:55:33,791 [INFO]   Epoch  70/200 | loss 0.5143 | acc 84.39%
2025-12-06 01:58:12,906 [INFO]   Epoch  80/200 | loss 0.4835 | acc 85.75%
2025-12-06 02:00:53,178 [INFO]   Epoch  90/200 | loss 0.4615 | acc 86.46%
2025-12-06 02:03:34,085 [INFO]   Epoch 100/200 | loss 0.4514 | acc 86.71%
2025-12-06 02:06:13,712 [INFO]   Epoch 110/200 | loss 0.4547 | acc 86.69%
2025-12-06 02:08:53,278 [INFO]   Epoch 120/200 | loss 0.4501 | acc 86.87%
2025-12-06 02:11:32,768 [INFO]   Epoch 130/200 | loss 0.4683 | acc 86.39%
2025-12-06 02:14:12,189 [INFO]   Epoch 140/200 | loss 0.4556 | acc 86.55%
2025-12-06 02:16:51,457 [INFO]   Epoch 150/200 | loss 0.5012 | acc 85.85%
2025-12-06 02:19:30,551 [INFO]   Epoch 160/200 | loss 0.4730 | acc 86.16%
2025-12-06 02:22:09,985 [INFO]   Epoch 170/200 | loss 0.0211 | acc 99.84%
2025-12-06 02:24:35,360 [INFO]   Epoch 180/200 | loss 0.0148 | acc 99.96%
2025-12-06 02:26:27,898 [INFO]   Epoch 190/200 | loss 0.0138 | acc 99.94%
2025-12-06 02:28:17,417 [INFO]   Epoch 200/200 | loss 0.0130 | acc 99.96%
2025-12-06 02:28:20,913 [INFO]   >> Test: loss 1.7679 | acc 60.15%
2025-12-06 02:34:07,716 [INFO] Cycle 8/10
2025-12-06 02:34:07,716 [INFO] Labeled set size: 16000, Unlabeled set size: 34000
2025-12-06 02:34:20,068 [INFO]   Epoch   1/200 | loss 1.2231 | acc 69.01%
2025-12-06 02:36:35,009 [INFO]   Epoch  10/200 | loss 0.6682 | acc 80.46%
2025-12-06 02:39:35,806 [INFO]   Epoch  20/200 | loss 0.5849 | acc 82.62%
2025-12-06 02:42:36,635 [INFO]   Epoch  30/200 | loss 0.5736 | acc 83.28%
2025-12-06 02:45:37,048 [INFO]   Epoch  40/200 | loss 0.5351 | acc 83.89%
2025-12-06 02:48:37,659 [INFO]   Epoch  50/200 | loss 0.5726 | acc 83.08%
2025-12-06 02:51:38,230 [INFO]   Epoch  60/200 | loss 0.5461 | acc 83.77%
2025-12-06 02:54:38,701 [INFO]   Epoch  70/200 | loss 0.5729 | acc 83.24%
2025-12-06 02:57:39,686 [INFO]   Epoch  80/200 | loss 0.5265 | acc 84.41%
2025-12-06 03:00:40,267 [INFO]   Epoch  90/200 | loss 0.5223 | acc 84.34%
2025-12-06 03:03:42,064 [INFO]   Epoch 100/200 | loss 0.5083 | acc 84.99%
2025-12-06 03:06:43,622 [INFO]   Epoch 110/200 | loss 0.5727 | acc 83.06%
2025-12-06 03:09:45,283 [INFO]   Epoch 120/200 | loss 0.5262 | acc 84.54%
2025-12-06 03:12:46,352 [INFO]   Epoch 130/200 | loss 0.5185 | acc 84.58%
2025-12-06 03:15:48,163 [INFO]   Epoch 140/200 | loss 0.5263 | acc 84.24%
2025-12-06 03:18:49,703 [INFO]   Epoch 150/200 | loss 0.4915 | acc 85.62%
2025-12-06 03:21:50,897 [INFO]   Epoch 160/200 | loss 0.5332 | acc 84.16%
2025-12-06 03:24:52,161 [INFO]   Epoch 170/200 | loss 0.0243 | acc 99.83%
2025-12-06 03:27:52,571 [INFO]   Epoch 180/200 | loss 0.0164 | acc 99.95%
2025-12-06 03:30:02,160 [INFO]   Epoch 190/200 | loss 0.0146 | acc 99.96%
2025-12-06 03:32:09,471 [INFO]   Epoch 200/200 | loss 0.0151 | acc 99.94%
2025-12-06 03:32:12,811 [INFO]   >> Test: loss 1.6337 | acc 62.51%
