2025-12-05 10:52:39,136 [INFO] 로그 파일 경로: logs/cifar100/DQN_500step_20251205_105239.log
2025-12-05 10:52:39,365 [INFO] Using device: cuda:0
2025-12-05 10:52:53,239 [INFO] Cycle 1/10
2025-12-05 10:52:53,239 [INFO] Labeled set size: 2000, Unlabeled set size: 48000
2025-12-05 10:53:03,076 [INFO]   Epoch   1/200 | loss 4.9505 | acc 2.85%
2025-12-05 10:53:27,143 [INFO]   Epoch  10/200 | loss 3.6837 | acc 11.05%
2025-12-05 10:53:53,678 [INFO]   Epoch  20/200 | loss 2.8865 | acc 24.80%
2025-12-05 10:54:20,194 [INFO]   Epoch  30/200 | loss 1.8751 | acc 45.05%
2025-12-05 10:54:48,572 [INFO]   Epoch  40/200 | loss 0.9130 | acc 72.85%
2025-12-05 10:55:15,967 [INFO]   Epoch  50/200 | loss 0.3689 | acc 90.10%
2025-12-05 10:55:44,026 [INFO]   Epoch  60/200 | loss 0.1896 | acc 96.25%
2025-12-05 10:56:12,819 [INFO]   Epoch  70/200 | loss 0.0860 | acc 98.55%
2025-12-05 10:56:43,178 [INFO]   Epoch  80/200 | loss 0.0365 | acc 99.65%
2025-12-05 10:57:09,849 [INFO]   Epoch  90/200 | loss 0.0337 | acc 99.60%
2025-12-05 10:57:37,188 [INFO]   Epoch 100/200 | loss 0.0698 | acc 99.25%
2025-12-05 10:58:05,551 [INFO]   Epoch 110/200 | loss 0.1822 | acc 96.10%
2025-12-05 10:58:37,386 [INFO]   Epoch 120/200 | loss 0.0832 | acc 98.60%
2025-12-05 10:59:09,138 [INFO]   Epoch 130/200 | loss 0.0093 | acc 100.00%
2025-12-05 10:59:37,789 [INFO]   Epoch 140/200 | loss 0.0167 | acc 99.85%
2025-12-05 11:00:05,928 [INFO]   Epoch 150/200 | loss 0.0066 | acc 100.00%
2025-12-05 11:00:37,451 [INFO]   Epoch 160/200 | loss 0.0082 | acc 100.00%
2025-12-05 11:01:05,907 [INFO]   Epoch 170/200 | loss 0.0074 | acc 100.00%
2025-12-05 11:01:38,121 [INFO]   Epoch 180/200 | loss 0.0069 | acc 100.00%
2025-12-05 11:02:05,804 [INFO]   Epoch 190/200 | loss 0.0076 | acc 100.00%
2025-12-05 11:02:25,747 [INFO]   Epoch 200/200 | loss 0.0076 | acc 100.00%
2025-12-05 11:02:28,616 [INFO]   >> Test: loss 4.1373 | acc 21.03%
2025-12-05 11:10:08,329 [INFO] Cycle 2/10
2025-12-05 11:10:08,329 [INFO] Labeled set size: 4000, Unlabeled set size: 46000
2025-12-05 11:10:14,045 [INFO]   Epoch   1/200 | loss 1.8304 | acc 57.10%
2025-12-05 11:11:01,110 [INFO]   Epoch  10/200 | loss 0.6585 | acc 80.67%
2025-12-05 11:12:00,219 [INFO]   Epoch  20/200 | loss 0.2609 | acc 92.75%
2025-12-05 11:12:58,270 [INFO]   Epoch  30/200 | loss 0.1575 | acc 95.67%
2025-12-05 11:13:55,830 [INFO]   Epoch  40/200 | loss 0.1631 | acc 95.65%
2025-12-05 11:14:52,967 [INFO]   Epoch  50/200 | loss 0.1526 | acc 96.03%
2025-12-05 11:15:48,089 [INFO]   Epoch  60/200 | loss 0.2527 | acc 92.85%
2025-12-05 11:16:43,669 [INFO]   Epoch  70/200 | loss 0.2126 | acc 94.20%
2025-12-05 11:17:38,599 [INFO]   Epoch  80/200 | loss 0.0486 | acc 99.02%
2025-12-05 11:18:33,740 [INFO]   Epoch  90/200 | loss 0.1335 | acc 96.75%
2025-12-05 11:19:28,517 [INFO]   Epoch 100/200 | loss 0.2251 | acc 93.77%
2025-12-05 11:20:24,518 [INFO]   Epoch 110/200 | loss 0.0421 | acc 99.12%
2025-12-05 11:21:22,712 [INFO]   Epoch 120/200 | loss 0.0424 | acc 99.22%
2025-12-05 11:22:20,111 [INFO]   Epoch 130/200 | loss 0.3548 | acc 90.03%
2025-12-05 11:23:18,625 [INFO]   Epoch 140/200 | loss 0.1210 | acc 97.25%
2025-12-05 11:24:15,519 [INFO]   Epoch 150/200 | loss 0.0244 | acc 99.52%
2025-12-05 11:25:12,383 [INFO]   Epoch 160/200 | loss 0.0123 | acc 99.90%
2025-12-05 11:26:06,464 [INFO]   Epoch 170/200 | loss 0.0061 | acc 99.95%
2025-12-05 11:27:01,411 [INFO]   Epoch 180/200 | loss 0.0059 | acc 99.98%
2025-12-05 11:27:44,307 [INFO]   Epoch 190/200 | loss 0.0064 | acc 99.92%
2025-12-05 11:28:20,245 [INFO]   Epoch 200/200 | loss 0.0065 | acc 99.92%
2025-12-05 11:28:22,668 [INFO]   >> Test: loss 3.4595 | acc 27.56%
2025-12-05 11:36:15,495 [INFO] Cycle 3/10
2025-12-05 11:36:15,496 [INFO] Labeled set size: 6000, Unlabeled set size: 44000
2025-12-05 11:36:23,650 [INFO]   Epoch   1/200 | loss 2.0462 | acc 53.80%
2025-12-05 11:37:37,544 [INFO]   Epoch  10/200 | loss 0.5746 | acc 83.87%
2025-12-05 11:39:01,184 [INFO]   Epoch  20/200 | loss 0.2039 | acc 94.52%
2025-12-05 11:40:23,228 [INFO]   Epoch  30/200 | loss 0.2569 | acc 92.80%
2025-12-05 11:41:45,143 [INFO]   Epoch  40/200 | loss 0.1199 | acc 97.18%
2025-12-05 11:43:07,684 [INFO]   Epoch  50/200 | loss 0.0288 | acc 99.47%
2025-12-05 11:44:29,491 [INFO]   Epoch  60/200 | loss 0.2276 | acc 94.85%
2025-12-05 11:45:51,848 [INFO]   Epoch  70/200 | loss 0.1310 | acc 96.98%
2025-12-05 11:47:14,675 [INFO]   Epoch  80/200 | loss 0.0654 | acc 98.58%
2025-12-05 11:48:37,401 [INFO]   Epoch  90/200 | loss 1.1916 | acc 67.28%
2025-12-05 11:49:59,098 [INFO]   Epoch 100/200 | loss 0.1011 | acc 97.53%
2025-12-05 11:51:21,286 [INFO]   Epoch 110/200 | loss 0.1324 | acc 96.87%
2025-12-05 11:52:42,741 [INFO]   Epoch 120/200 | loss 0.1173 | acc 96.80%
2025-12-05 11:54:06,431 [INFO]   Epoch 130/200 | loss 0.0108 | acc 99.93%
2025-12-05 11:55:31,247 [INFO]   Epoch 140/200 | loss 0.0295 | acc 99.63%
2025-12-05 11:56:54,125 [INFO]   Epoch 150/200 | loss 0.3167 | acc 91.33%
2025-12-05 11:58:16,925 [INFO]   Epoch 160/200 | loss 0.0460 | acc 99.08%
2025-12-05 11:59:39,651 [INFO]   Epoch 170/200 | loss 0.0064 | acc 99.97%
2025-12-05 12:01:02,570 [INFO]   Epoch 180/200 | loss 0.0057 | acc 99.97%
2025-12-05 12:02:12,500 [INFO]   Epoch 190/200 | loss 0.0059 | acc 99.93%
2025-12-05 12:03:04,611 [INFO]   Epoch 200/200 | loss 0.0056 | acc 99.97%
2025-12-05 12:03:07,802 [INFO]   >> Test: loss 3.0938 | acc 36.66%
2025-12-05 12:11:33,942 [INFO] Cycle 4/10
2025-12-05 12:11:33,942 [INFO] Labeled set size: 8000, Unlabeled set size: 42000
2025-12-05 12:11:43,647 [INFO]   Epoch   1/200 | loss 1.5308 | acc 64.49%
2025-12-05 12:13:21,798 [INFO]   Epoch  10/200 | loss 0.4931 | acc 85.72%
2025-12-05 12:15:12,863 [INFO]   Epoch  20/200 | loss 0.2858 | acc 91.72%
2025-12-05 12:17:02,870 [INFO]   Epoch  30/200 | loss 0.2110 | acc 94.38%
2025-12-05 12:18:53,879 [INFO]   Epoch  40/200 | loss 0.2647 | acc 92.47%
2025-12-05 12:20:44,869 [INFO]   Epoch  50/200 | loss 0.2145 | acc 93.94%
2025-12-05 12:22:34,127 [INFO]   Epoch  60/200 | loss 0.2244 | acc 93.77%
2025-12-05 12:24:22,555 [INFO]   Epoch  70/200 | loss 0.2570 | acc 92.60%
2025-12-05 12:26:11,854 [INFO]   Epoch  80/200 | loss 0.2413 | acc 93.05%
2025-12-05 12:28:01,821 [INFO]   Epoch  90/200 | loss 0.3032 | acc 91.38%
2025-12-05 12:29:53,357 [INFO]   Epoch 100/200 | loss 0.1794 | acc 95.05%
2025-12-05 12:31:42,713 [INFO]   Epoch 110/200 | loss 0.2828 | acc 92.05%
2025-12-05 12:33:33,163 [INFO]   Epoch 120/200 | loss 0.1975 | acc 94.64%
2025-12-05 12:35:22,856 [INFO]   Epoch 130/200 | loss 0.1921 | acc 94.66%
2025-12-05 12:37:12,636 [INFO]   Epoch 140/200 | loss 0.2669 | acc 92.42%
2025-12-05 12:39:01,045 [INFO]   Epoch 150/200 | loss 0.0734 | acc 98.39%
2025-12-05 12:40:51,263 [INFO]   Epoch 160/200 | loss 0.2296 | acc 93.55%
2025-12-05 12:42:42,001 [INFO]   Epoch 170/200 | loss 0.0117 | acc 99.94%
2025-12-05 12:44:31,427 [INFO]   Epoch 180/200 | loss 0.0091 | acc 99.94%
2025-12-05 12:46:07,264 [INFO]   Epoch 190/200 | loss 0.0083 | acc 99.98%
2025-12-05 12:47:20,353 [INFO]   Epoch 200/200 | loss 0.0076 | acc 99.95%
2025-12-05 12:47:23,880 [INFO]   >> Test: loss 2.6777 | acc 43.50%
2025-12-05 12:55:15,153 [INFO] Cycle 5/10
2025-12-05 12:55:15,154 [INFO] Labeled set size: 10000, Unlabeled set size: 40000
2025-12-05 12:55:27,317 [INFO]   Epoch   1/200 | loss 1.2339 | acc 71.75%
2025-12-05 12:57:27,892 [INFO]   Epoch  10/200 | loss 0.6068 | acc 82.61%
2025-12-05 12:59:44,688 [INFO]   Epoch  20/200 | loss 0.3589 | acc 89.75%
2025-12-05 13:02:01,532 [INFO]   Epoch  30/200 | loss 0.5696 | acc 83.52%
2025-12-05 13:04:18,515 [INFO]   Epoch  40/200 | loss 0.4008 | acc 88.20%
2025-12-05 13:06:35,177 [INFO]   Epoch  50/200 | loss 0.3232 | acc 90.77%
2025-12-05 13:08:51,548 [INFO]   Epoch  60/200 | loss 0.3022 | acc 91.11%
2025-12-05 13:11:07,553 [INFO]   Epoch  70/200 | loss 0.2858 | acc 91.79%
2025-12-05 13:13:23,527 [INFO]   Epoch  80/200 | loss 0.3969 | acc 88.81%
2025-12-05 13:15:40,662 [INFO]   Epoch  90/200 | loss 0.2407 | acc 93.30%
2025-12-05 13:17:57,753 [INFO]   Epoch 100/200 | loss 0.3770 | acc 89.15%
2025-12-05 13:20:15,132 [INFO]   Epoch 110/200 | loss 0.2459 | acc 93.17%
2025-12-05 13:22:31,106 [INFO]   Epoch 120/200 | loss 0.3218 | acc 90.88%
2025-12-05 13:24:49,336 [INFO]   Epoch 130/200 | loss 0.4881 | acc 85.63%
2025-12-05 13:27:05,764 [INFO]   Epoch 140/200 | loss 0.4204 | acc 87.55%
2025-12-05 13:29:22,438 [INFO]   Epoch 150/200 | loss 0.2637 | acc 92.53%
2025-12-05 13:31:39,041 [INFO]   Epoch 160/200 | loss 0.4442 | acc 87.09%
2025-12-05 13:33:55,360 [INFO]   Epoch 170/200 | loss 0.0166 | acc 99.88%
2025-12-05 13:36:10,034 [INFO]   Epoch 180/200 | loss 0.0119 | acc 99.95%
2025-12-05 13:38:09,828 [INFO]   Epoch 190/200 | loss 0.0097 | acc 99.99%
2025-12-05 13:39:51,018 [INFO]   Epoch 200/200 | loss 0.0097 | acc 99.96%
2025-12-05 13:39:54,399 [INFO]   >> Test: loss 2.4063 | acc 49.28%
2025-12-05 13:47:32,858 [INFO] Cycle 6/10
2025-12-05 13:47:32,858 [INFO] Labeled set size: 12000, Unlabeled set size: 38000
2025-12-05 13:47:47,122 [INFO]   Epoch   1/200 | loss 1.0825 | acc 74.70%
2025-12-05 13:50:10,078 [INFO]   Epoch  10/200 | loss 0.4985 | acc 85.44%
2025-12-05 13:52:53,352 [INFO]   Epoch  20/200 | loss 0.4269 | acc 87.63%
2025-12-05 13:55:37,561 [INFO]   Epoch  30/200 | loss 0.4194 | acc 87.66%
2025-12-05 13:58:21,228 [INFO]   Epoch  40/200 | loss 0.4117 | acc 87.86%
2025-12-05 14:01:04,932 [INFO]   Epoch  50/200 | loss 0.3673 | acc 89.12%
2025-12-05 14:03:48,815 [INFO]   Epoch  60/200 | loss 0.3968 | acc 88.24%
2025-12-05 14:06:32,244 [INFO]   Epoch  70/200 | loss 0.3708 | acc 88.83%
2025-12-05 14:09:15,627 [INFO]   Epoch  80/200 | loss 0.3542 | acc 89.58%
2025-12-05 14:11:59,007 [INFO]   Epoch  90/200 | loss 0.3446 | acc 90.08%
2025-12-05 14:14:42,478 [INFO]   Epoch 100/200 | loss 0.3360 | acc 90.39%
2025-12-05 14:17:26,277 [INFO]   Epoch 110/200 | loss 0.4047 | acc 88.22%
2025-12-05 14:20:09,985 [INFO]   Epoch 120/200 | loss 0.3603 | acc 89.45%
2025-12-05 14:22:53,592 [INFO]   Epoch 130/200 | loss 0.3709 | acc 89.03%
2025-12-05 14:25:36,389 [INFO]   Epoch 140/200 | loss 0.3734 | acc 89.04%
2025-12-05 14:28:19,990 [INFO]   Epoch 150/200 | loss 0.3521 | acc 89.40%
2025-12-05 14:31:03,824 [INFO]   Epoch 160/200 | loss 0.3542 | acc 89.21%
2025-12-05 14:33:48,090 [INFO]   Epoch 170/200 | loss 0.0155 | acc 99.88%
2025-12-05 14:36:26,608 [INFO]   Epoch 180/200 | loss 0.0112 | acc 99.92%
2025-12-05 14:38:51,518 [INFO]   Epoch 190/200 | loss 0.0102 | acc 99.97%
2025-12-05 14:41:02,856 [INFO]   Epoch 200/200 | loss 0.0097 | acc 99.98%
2025-12-05 14:41:06,244 [INFO]   >> Test: loss 2.0750 | acc 53.36%
2025-12-05 14:48:29,640 [INFO] Cycle 7/10
2025-12-05 14:48:29,640 [INFO] Labeled set size: 14000, Unlabeled set size: 36000
2025-12-05 14:48:46,406 [INFO]   Epoch   1/200 | loss 1.1147 | acc 72.93%
2025-12-05 14:51:30,411 [INFO]   Epoch  10/200 | loss 0.5849 | acc 82.74%
2025-12-05 14:54:42,169 [INFO]   Epoch  20/200 | loss 0.4609 | acc 86.52%
2025-12-05 14:57:53,710 [INFO]   Epoch  30/200 | loss 0.4308 | acc 87.54%
2025-12-05 15:01:06,309 [INFO]   Epoch  40/200 | loss 0.4720 | acc 86.25%
2025-12-05 15:04:18,751 [INFO]   Epoch  50/200 | loss 0.4736 | acc 86.04%
2025-12-05 15:07:30,301 [INFO]   Epoch  60/200 | loss 0.4325 | acc 87.29%
2025-12-05 15:10:41,941 [INFO]   Epoch  70/200 | loss 0.4541 | acc 86.66%
2025-12-05 15:13:53,736 [INFO]   Epoch  80/200 | loss 0.4043 | acc 88.09%
2025-12-05 15:17:05,672 [INFO]   Epoch  90/200 | loss 0.3924 | acc 88.52%
2025-12-05 15:20:17,664 [INFO]   Epoch 100/200 | loss 0.4772 | acc 85.92%
2025-12-05 15:23:30,250 [INFO]   Epoch 110/200 | loss 0.4506 | acc 86.79%
2025-12-05 15:26:43,186 [INFO]   Epoch 120/200 | loss 0.3987 | acc 88.42%
2025-12-05 15:29:55,456 [INFO]   Epoch 130/200 | loss 0.3606 | acc 89.37%
2025-12-05 15:33:07,805 [INFO]   Epoch 140/200 | loss 0.4335 | acc 86.92%
2025-12-05 15:36:20,027 [INFO]   Epoch 150/200 | loss 0.4144 | acc 87.74%
2025-12-05 15:39:32,667 [INFO]   Epoch 160/200 | loss 0.4128 | acc 87.91%
2025-12-05 15:42:44,863 [INFO]   Epoch 170/200 | loss 0.0180 | acc 99.89%
2025-12-05 15:45:47,575 [INFO]   Epoch 180/200 | loss 0.0133 | acc 99.95%
2025-12-05 15:48:35,460 [INFO]   Epoch 190/200 | loss 0.0119 | acc 99.96%
2025-12-05 15:51:13,918 [INFO]   Epoch 200/200 | loss 0.0119 | acc 99.96%
2025-12-05 15:51:17,573 [INFO]   >> Test: loss 1.8584 | acc 57.23%
2025-12-05 15:58:47,730 [INFO] Cycle 8/10
2025-12-05 15:58:47,731 [INFO] Labeled set size: 16000, Unlabeled set size: 34000
2025-12-05 15:59:06,845 [INFO]   Epoch   1/200 | loss 1.0756 | acc 72.76%
2025-12-05 16:02:15,586 [INFO]   Epoch  10/200 | loss 0.5996 | acc 82.70%
2025-12-05 16:05:54,651 [INFO]   Epoch  20/200 | loss 0.5125 | acc 84.53%
2025-12-05 16:09:33,816 [INFO]   Epoch  30/200 | loss 0.5066 | acc 85.21%
2025-12-05 16:13:13,339 [INFO]   Epoch  40/200 | loss 0.5386 | acc 84.14%
2025-12-05 16:16:52,226 [INFO]   Epoch  50/200 | loss 0.4901 | acc 85.58%
2025-12-05 16:20:31,331 [INFO]   Epoch  60/200 | loss 0.4638 | acc 86.31%
2025-12-05 16:24:10,716 [INFO]   Epoch  70/200 | loss 0.5025 | acc 85.12%
2025-12-05 16:27:50,715 [INFO]   Epoch  80/200 | loss 0.5025 | acc 84.90%
2025-12-05 16:31:29,935 [INFO]   Epoch  90/200 | loss 0.4902 | acc 85.30%
2025-12-05 16:35:09,841 [INFO]   Epoch 100/200 | loss 0.4602 | acc 86.39%
2025-12-05 16:38:49,151 [INFO]   Epoch 110/200 | loss 0.4445 | acc 86.72%
2025-12-05 16:42:28,018 [INFO]   Epoch 120/200 | loss 0.5011 | acc 85.15%
2025-12-05 16:46:06,999 [INFO]   Epoch 130/200 | loss 0.4458 | acc 87.01%
2025-12-05 16:49:45,915 [INFO]   Epoch 140/200 | loss 0.4890 | acc 85.44%
2025-12-05 16:53:25,232 [INFO]   Epoch 150/200 | loss 0.4797 | acc 85.81%
2025-12-05 16:57:03,755 [INFO]   Epoch 160/200 | loss 0.4767 | acc 85.69%
2025-12-05 17:00:42,942 [INFO]   Epoch 170/200 | loss 0.0223 | acc 99.79%
2025-12-05 17:04:07,096 [INFO]   Epoch 180/200 | loss 0.0148 | acc 99.96%
2025-12-05 17:07:17,894 [INFO]   Epoch 190/200 | loss 0.0129 | acc 99.94%
2025-12-05 17:10:27,581 [INFO]   Epoch 200/200 | loss 0.0126 | acc 99.96%
2025-12-05 17:10:31,242 [INFO]   >> Test: loss 1.6952 | acc 60.44%
2025-12-05 17:17:27,768 [INFO] Cycle 9/10
2025-12-05 17:17:27,769 [INFO] Labeled set size: 18000, Unlabeled set size: 32000
2025-12-05 17:17:49,410 [INFO]   Epoch   1/200 | loss 1.2866 | acc 66.78%
2025-12-05 17:21:20,413 [INFO]   Epoch  10/200 | loss 0.6656 | acc 80.42%
2025-12-05 17:25:27,833 [INFO]   Epoch  20/200 | loss 0.6061 | acc 82.27%
2025-12-05 17:29:34,195 [INFO]   Epoch  30/200 | loss 0.5804 | acc 82.89%
2025-12-05 17:33:41,078 [INFO]   Epoch  40/200 | loss 0.5672 | acc 83.26%
2025-12-05 17:37:52,660 [INFO]   Epoch  50/200 | loss 0.5569 | acc 83.37%
2025-12-05 17:42:01,935 [INFO]   Epoch  60/200 | loss 0.5341 | acc 84.09%
2025-12-05 17:46:11,351 [INFO]   Epoch  70/200 | loss 0.5951 | acc 82.49%
2025-12-05 17:50:17,344 [INFO]   Epoch  80/200 | loss 0.5728 | acc 83.00%
2025-12-05 17:54:09,404 [INFO]   Epoch  90/200 | loss 0.5341 | acc 83.93%
2025-12-05 17:57:33,627 [INFO]   Epoch 100/200 | loss 0.5496 | acc 83.91%
2025-12-05 18:00:58,260 [INFO]   Epoch 110/200 | loss 0.5709 | acc 82.99%
2025-12-05 18:04:22,534 [INFO]   Epoch 120/200 | loss 0.5715 | acc 82.98%
2025-12-05 18:07:46,445 [INFO]   Epoch 130/200 | loss 0.5658 | acc 83.04%
2025-12-05 18:11:11,004 [INFO]   Epoch 140/200 | loss 0.5537 | acc 83.85%
2025-12-05 18:14:35,039 [INFO]   Epoch 150/200 | loss 0.5765 | acc 82.97%
2025-12-05 18:17:59,550 [INFO]   Epoch 160/200 | loss 0.5433 | acc 83.82%
2025-12-05 18:21:23,806 [INFO]   Epoch 170/200 | loss 0.0245 | acc 99.82%
2025-12-05 18:24:26,984 [INFO]   Epoch 180/200 | loss 0.0169 | acc 99.90%
2025-12-05 18:27:20,225 [INFO]   Epoch 190/200 | loss 0.0146 | acc 99.96%
2025-12-05 18:30:13,757 [INFO]   Epoch 200/200 | loss 0.0137 | acc 99.96%
2025-12-05 18:30:17,832 [INFO]   >> Test: loss 1.5741 | acc 63.54%
2025-12-05 18:35:21,736 [INFO] Cycle 10/10
2025-12-05 18:35:21,737 [INFO] Labeled set size: 20000, Unlabeled set size: 30000
2025-12-05 18:35:35,411 [INFO]   Epoch   1/200 | loss 1.3468 | acc 64.61%
2025-12-05 18:38:44,474 [INFO]   Epoch  10/200 | loss 0.7585 | acc 77.92%
2025-12-05 18:42:31,471 [INFO]   Epoch  20/200 | loss 0.6805 | acc 79.86%
2025-12-05 18:46:18,054 [INFO]   Epoch  30/200 | loss 0.6152 | acc 81.45%
2025-12-05 18:50:04,248 [INFO]   Epoch  40/200 | loss 0.6670 | acc 80.19%
2025-12-05 18:53:51,785 [INFO]   Epoch  50/200 | loss 0.6325 | acc 81.24%
2025-12-05 18:57:39,005 [INFO]   Epoch  60/200 | loss 0.6658 | acc 80.16%
2025-12-05 19:01:25,306 [INFO]   Epoch  70/200 | loss 0.6265 | acc 81.28%
2025-12-05 19:05:12,240 [INFO]   Epoch  80/200 | loss 0.6381 | acc 81.03%
2025-12-05 19:08:59,144 [INFO]   Epoch  90/200 | loss 0.6425 | acc 81.07%
2025-12-05 19:12:45,796 [INFO]   Epoch 100/200 | loss 0.6048 | acc 81.98%
2025-12-05 19:16:33,194 [INFO]   Epoch 110/200 | loss 0.6125 | acc 81.81%
2025-12-05 19:20:20,745 [INFO]   Epoch 120/200 | loss 0.6268 | acc 81.30%
2025-12-05 19:24:07,303 [INFO]   Epoch 130/200 | loss 0.6231 | acc 81.38%
2025-12-05 19:27:54,633 [INFO]   Epoch 140/200 | loss 0.6133 | acc 81.55%
2025-12-05 19:31:41,513 [INFO]   Epoch 150/200 | loss 0.6331 | acc 81.16%
2025-12-05 19:35:28,331 [INFO]   Epoch 160/200 | loss 0.6035 | acc 82.30%
2025-12-05 19:39:10,192 [INFO]   Epoch 170/200 | loss 0.0281 | acc 99.76%
2025-12-05 19:42:23,386 [INFO]   Epoch 180/200 | loss 0.0191 | acc 99.92%
2025-12-05 19:45:36,710 [INFO]   Epoch 190/200 | loss 0.0163 | acc 99.95%
2025-12-05 19:48:42,714 [INFO]   Epoch 200/200 | loss 0.0153 | acc 99.94%
2025-12-05 19:48:46,350 [INFO]   >> Test: loss 1.4817 | acc 64.79%
2025-12-05 19:52:20,772 [INFO] Saved checkpoint to: ./checkpoints/cifar100/resnet18_DQN_500.pth
