2025-12-05 10:52:38,312 [INFO] 로그 파일 경로: logs/cifar100/DQN_400step_20251205_105238.log
2025-12-05 10:52:38,407 [INFO] Using device: cuda:0
2025-12-05 10:52:51,507 [INFO] Cycle 1/10
2025-12-05 10:52:51,507 [INFO] Labeled set size: 2000, Unlabeled set size: 48000
2025-12-05 10:52:56,576 [INFO]   Epoch   1/200 | loss 4.9505 | acc 2.85%
2025-12-05 10:53:19,723 [INFO]   Epoch  10/200 | loss 3.6837 | acc 11.05%
2025-12-05 10:53:46,816 [INFO]   Epoch  20/200 | loss 2.8865 | acc 24.80%
2025-12-05 10:54:13,901 [INFO]   Epoch  30/200 | loss 1.8751 | acc 45.05%
2025-12-05 10:54:42,288 [INFO]   Epoch  40/200 | loss 0.9130 | acc 72.85%
2025-12-05 10:55:09,459 [INFO]   Epoch  50/200 | loss 0.3689 | acc 90.10%
2025-12-05 10:55:36,239 [INFO]   Epoch  60/200 | loss 0.1896 | acc 96.25%
2025-12-05 10:56:03,778 [INFO]   Epoch  70/200 | loss 0.0860 | acc 98.55%
2025-12-05 10:56:32,073 [INFO]   Epoch  80/200 | loss 0.0365 | acc 99.65%
2025-12-05 10:56:58,314 [INFO]   Epoch  90/200 | loss 0.0337 | acc 99.60%
2025-12-05 10:57:25,191 [INFO]   Epoch 100/200 | loss 0.0698 | acc 99.25%
2025-12-05 10:57:52,975 [INFO]   Epoch 110/200 | loss 0.1822 | acc 96.10%
2025-12-05 10:58:18,202 [INFO]   Epoch 120/200 | loss 0.0832 | acc 98.60%
2025-12-05 10:58:49,903 [INFO]   Epoch 130/200 | loss 0.0093 | acc 100.00%
2025-12-05 10:59:16,244 [INFO]   Epoch 140/200 | loss 0.0167 | acc 99.85%
2025-12-05 10:59:44,013 [INFO]   Epoch 150/200 | loss 0.0066 | acc 100.00%
2025-12-05 11:00:09,559 [INFO]   Epoch 160/200 | loss 0.0082 | acc 100.00%
2025-12-05 11:00:37,774 [INFO]   Epoch 170/200 | loss 0.0074 | acc 100.00%
2025-12-05 11:01:05,711 [INFO]   Epoch 180/200 | loss 0.0069 | acc 100.00%
2025-12-05 11:01:31,688 [INFO]   Epoch 190/200 | loss 0.0076 | acc 100.00%
2025-12-05 11:01:56,264 [INFO]   Epoch 200/200 | loss 0.0076 | acc 100.00%
2025-12-05 11:01:59,046 [INFO]   >> Test: loss 4.1373 | acc 21.03%
2025-12-05 11:09:23,168 [INFO] Cycle 2/10
2025-12-05 11:09:23,168 [INFO] Labeled set size: 4000, Unlabeled set size: 46000
2025-12-05 11:09:26,841 [INFO]   Epoch   1/200 | loss 1.8304 | acc 57.10%
2025-12-05 11:10:04,501 [INFO]   Epoch  10/200 | loss 0.6585 | acc 80.67%
2025-12-05 11:10:56,396 [INFO]   Epoch  20/200 | loss 0.2609 | acc 92.75%
2025-12-05 11:11:48,436 [INFO]   Epoch  30/200 | loss 0.1575 | acc 95.67%
2025-12-05 11:12:40,864 [INFO]   Epoch  40/200 | loss 0.1631 | acc 95.65%
2025-12-05 11:13:36,882 [INFO]   Epoch  50/200 | loss 0.1526 | acc 96.03%
2025-12-05 11:14:31,161 [INFO]   Epoch  60/200 | loss 0.2527 | acc 92.85%
2025-12-05 11:15:26,984 [INFO]   Epoch  70/200 | loss 0.2126 | acc 94.20%
2025-12-05 11:16:21,927 [INFO]   Epoch  80/200 | loss 0.0486 | acc 99.02%
2025-12-05 11:17:17,606 [INFO]   Epoch  90/200 | loss 0.1335 | acc 96.75%
2025-12-05 11:18:13,567 [INFO]   Epoch 100/200 | loss 0.2251 | acc 93.77%
2025-12-05 11:19:07,666 [INFO]   Epoch 110/200 | loss 0.0421 | acc 99.12%
2025-12-05 11:20:02,200 [INFO]   Epoch 120/200 | loss 0.0424 | acc 99.22%
2025-12-05 11:20:58,225 [INFO]   Epoch 130/200 | loss 0.3548 | acc 90.03%
2025-12-05 11:21:51,463 [INFO]   Epoch 140/200 | loss 0.1210 | acc 97.25%
2025-12-05 11:22:45,150 [INFO]   Epoch 150/200 | loss 0.0244 | acc 99.52%
2025-12-05 11:23:40,862 [INFO]   Epoch 160/200 | loss 0.0123 | acc 99.90%
2025-12-05 11:24:34,935 [INFO]   Epoch 170/200 | loss 0.0061 | acc 99.95%
2025-12-05 11:25:29,845 [INFO]   Epoch 180/200 | loss 0.0059 | acc 99.98%
2025-12-05 11:26:24,993 [INFO]   Epoch 190/200 | loss 0.0064 | acc 99.92%
2025-12-05 11:27:17,015 [INFO]   Epoch 200/200 | loss 0.0065 | acc 99.92%
2025-12-05 11:27:21,646 [INFO]   >> Test: loss 3.4595 | acc 27.56%
2025-12-05 11:35:04,878 [INFO] Cycle 3/10
2025-12-05 11:35:04,878 [INFO] Labeled set size: 6000, Unlabeled set size: 44000
2025-12-05 11:35:09,731 [INFO]   Epoch   1/200 | loss 2.0136 | acc 54.97%
2025-12-05 11:36:06,779 [INFO]   Epoch  10/200 | loss 0.5781 | acc 83.78%
2025-12-05 11:37:26,039 [INFO]   Epoch  20/200 | loss 0.1833 | acc 95.05%
2025-12-05 11:38:47,746 [INFO]   Epoch  30/200 | loss 0.1316 | acc 96.50%
2025-12-05 11:40:09,864 [INFO]   Epoch  40/200 | loss 0.2332 | acc 93.53%
2025-12-05 11:41:32,225 [INFO]   Epoch  50/200 | loss 0.0535 | acc 99.00%
2025-12-05 11:42:55,075 [INFO]   Epoch  60/200 | loss 0.0466 | acc 99.30%
2025-12-05 11:44:16,763 [INFO]   Epoch  70/200 | loss 0.1845 | acc 95.28%
2025-12-05 11:45:38,773 [INFO]   Epoch  80/200 | loss 0.0770 | acc 98.25%
2025-12-05 11:47:00,943 [INFO]   Epoch  90/200 | loss 0.2689 | acc 92.40%
2025-12-05 11:48:22,990 [INFO]   Epoch 100/200 | loss 0.0156 | acc 99.83%
2025-12-05 11:49:45,896 [INFO]   Epoch 110/200 | loss 0.0127 | acc 99.90%
2025-12-05 11:51:08,386 [INFO]   Epoch 120/200 | loss 0.0103 | acc 99.97%
2025-12-05 11:52:29,975 [INFO]   Epoch 130/200 | loss 0.6391 | acc 82.10%
2025-12-05 11:53:50,403 [INFO]   Epoch 140/200 | loss 0.1677 | acc 95.52%
2025-12-05 11:55:14,214 [INFO]   Epoch 150/200 | loss 0.0857 | acc 97.97%
2025-12-05 11:56:37,233 [INFO]   Epoch 160/200 | loss 0.4728 | acc 86.50%
2025-12-05 11:58:00,234 [INFO]   Epoch 170/200 | loss 0.0136 | acc 99.97%
2025-12-05 11:59:22,935 [INFO]   Epoch 180/200 | loss 0.0098 | acc 99.97%
2025-12-05 12:00:46,185 [INFO]   Epoch 190/200 | loss 0.0084 | acc 99.95%
2025-12-05 12:02:00,691 [INFO]   Epoch 200/200 | loss 0.0075 | acc 99.92%
2025-12-05 12:02:05,173 [INFO]   >> Test: loss 3.1523 | acc 37.54%
2025-12-05 12:10:19,895 [INFO] Cycle 4/10
2025-12-05 12:10:19,895 [INFO] Labeled set size: 8000, Unlabeled set size: 42000
2025-12-05 12:10:27,740 [INFO]   Epoch   1/200 | loss 1.7959 | acc 58.69%
2025-12-05 12:11:43,413 [INFO]   Epoch  10/200 | loss 0.5638 | acc 84.14%
2025-12-05 12:13:32,893 [INFO]   Epoch  20/200 | loss 0.2432 | acc 93.31%
2025-12-05 12:15:23,494 [INFO]   Epoch  30/200 | loss 0.3276 | acc 91.11%
2025-12-05 12:17:13,050 [INFO]   Epoch  40/200 | loss 0.2114 | acc 94.19%
2025-12-05 12:19:04,168 [INFO]   Epoch  50/200 | loss 0.2189 | acc 94.00%
2025-12-05 12:20:52,721 [INFO]   Epoch  60/200 | loss 0.2115 | acc 94.11%
2025-12-05 12:22:42,049 [INFO]   Epoch  70/200 | loss 0.3150 | acc 90.91%
2025-12-05 12:24:32,458 [INFO]   Epoch  80/200 | loss 0.1936 | acc 94.59%
2025-12-05 12:26:21,870 [INFO]   Epoch  90/200 | loss 0.2090 | acc 94.27%
2025-12-05 12:28:11,953 [INFO]   Epoch 100/200 | loss 0.4654 | acc 86.61%
2025-12-05 12:30:00,631 [INFO]   Epoch 110/200 | loss 0.0880 | acc 98.06%
2025-12-05 12:31:49,516 [INFO]   Epoch 120/200 | loss 0.2971 | acc 91.76%
2025-12-05 12:33:38,762 [INFO]   Epoch 130/200 | loss 0.2941 | acc 91.60%
2025-12-05 12:35:28,826 [INFO]   Epoch 140/200 | loss 0.1853 | acc 94.79%
2025-12-05 12:37:19,350 [INFO]   Epoch 150/200 | loss 0.2598 | acc 92.81%
2025-12-05 12:39:09,425 [INFO]   Epoch 160/200 | loss 0.1371 | acc 96.53%
2025-12-05 12:40:59,700 [INFO]   Epoch 170/200 | loss 0.0087 | acc 99.92%
2025-12-05 12:42:49,467 [INFO]   Epoch 180/200 | loss 0.0061 | acc 99.96%
2025-12-05 12:44:37,512 [INFO]   Epoch 190/200 | loss 0.0065 | acc 99.96%
2025-12-05 12:46:14,448 [INFO]   Epoch 200/200 | loss 0.0070 | acc 99.95%
2025-12-05 12:46:18,591 [INFO]   >> Test: loss 2.6504 | acc 44.22%
2025-12-05 12:53:54,793 [INFO] Cycle 5/10
2025-12-05 12:53:54,793 [INFO] Labeled set size: 10000, Unlabeled set size: 40000
2025-12-05 12:54:05,151 [INFO]   Epoch   1/200 | loss 1.3123 | acc 69.81%
2025-12-05 12:55:41,469 [INFO]   Epoch  10/200 | loss 0.6207 | acc 81.91%
2025-12-05 12:57:58,367 [INFO]   Epoch  20/200 | loss 0.4014 | acc 88.75%
2025-12-05 13:00:16,375 [INFO]   Epoch  30/200 | loss 0.3653 | acc 89.67%
2025-12-05 13:02:34,164 [INFO]   Epoch  40/200 | loss 0.4268 | acc 87.92%
2025-12-05 13:04:51,537 [INFO]   Epoch  50/200 | loss 0.4125 | acc 88.52%
2025-12-05 13:07:09,449 [INFO]   Epoch  60/200 | loss 0.2896 | acc 91.60%
2025-12-05 13:09:26,641 [INFO]   Epoch  70/200 | loss 0.2783 | acc 91.98%
2025-12-05 13:11:44,555 [INFO]   Epoch  80/200 | loss 0.2058 | acc 94.40%
2025-12-05 13:14:03,501 [INFO]   Epoch  90/200 | loss 0.2451 | acc 93.03%
2025-12-05 13:16:21,020 [INFO]   Epoch 100/200 | loss 0.3876 | acc 88.54%
2025-12-05 13:18:39,368 [INFO]   Epoch 110/200 | loss 0.3809 | acc 88.77%
2025-12-05 13:20:57,133 [INFO]   Epoch 120/200 | loss 0.3521 | acc 90.02%
2025-12-05 13:23:14,668 [INFO]   Epoch 130/200 | loss 0.3566 | acc 89.70%
2025-12-05 13:25:32,697 [INFO]   Epoch 140/200 | loss 0.4012 | acc 88.34%
2025-12-05 13:27:50,791 [INFO]   Epoch 150/200 | loss 0.2520 | acc 92.55%
2025-12-05 13:30:08,587 [INFO]   Epoch 160/200 | loss 0.2457 | acc 93.21%
2025-12-05 13:32:27,284 [INFO]   Epoch 170/200 | loss 0.0141 | acc 99.93%
2025-12-05 13:34:46,442 [INFO]   Epoch 180/200 | loss 0.0091 | acc 99.96%
2025-12-05 13:36:57,345 [INFO]   Epoch 190/200 | loss 0.0090 | acc 99.98%
2025-12-05 13:38:58,346 [INFO]   Epoch 200/200 | loss 0.0093 | acc 99.95%
2025-12-05 13:39:02,868 [INFO]   >> Test: loss 2.3705 | acc 49.25%
2025-12-05 13:46:31,384 [INFO] Cycle 6/10
2025-12-05 13:46:31,384 [INFO] Labeled set size: 12000, Unlabeled set size: 38000
2025-12-05 13:46:43,907 [INFO]   Epoch   1/200 | loss 1.1070 | acc 74.04%
2025-12-05 13:48:49,710 [INFO]   Epoch  10/200 | loss 0.4937 | acc 85.58%
2025-12-05 13:51:35,070 [INFO]   Epoch  20/200 | loss 0.4083 | acc 88.17%
2025-12-05 13:54:20,104 [INFO]   Epoch  30/200 | loss 0.3671 | acc 89.14%
2025-12-05 13:57:05,160 [INFO]   Epoch  40/200 | loss 0.4005 | acc 87.97%
2025-12-05 13:59:49,970 [INFO]   Epoch  50/200 | loss 0.3585 | acc 89.33%
2025-12-05 14:02:34,845 [INFO]   Epoch  60/200 | loss 0.3447 | acc 89.70%
2025-12-05 14:05:20,010 [INFO]   Epoch  70/200 | loss 0.3268 | acc 90.59%
2025-12-05 14:08:05,243 [INFO]   Epoch  80/200 | loss 0.3759 | acc 89.08%
2025-12-05 14:10:50,563 [INFO]   Epoch  90/200 | loss 0.4012 | acc 88.38%
2025-12-05 14:13:36,318 [INFO]   Epoch 100/200 | loss 0.3929 | acc 88.38%
2025-12-05 14:16:21,019 [INFO]   Epoch 110/200 | loss 0.3609 | acc 89.18%
2025-12-05 14:19:05,949 [INFO]   Epoch 120/200 | loss 0.3286 | acc 90.24%
2025-12-05 14:21:50,942 [INFO]   Epoch 130/200 | loss 0.2874 | acc 91.57%
2025-12-05 14:24:36,912 [INFO]   Epoch 140/200 | loss 0.3559 | acc 89.86%
2025-12-05 14:27:22,153 [INFO]   Epoch 150/200 | loss 0.3446 | acc 89.93%
2025-12-05 14:30:07,699 [INFO]   Epoch 160/200 | loss 0.3024 | acc 91.50%
2025-12-05 14:32:52,989 [INFO]   Epoch 170/200 | loss 0.0133 | acc 99.92%
2025-12-05 14:35:38,902 [INFO]   Epoch 180/200 | loss 0.0108 | acc 99.97%
2025-12-05 14:38:04,950 [INFO]   Epoch 190/200 | loss 0.0094 | acc 99.97%
2025-12-05 14:40:28,965 [INFO]   Epoch 200/200 | loss 0.0093 | acc 99.98%
2025-12-05 14:40:33,758 [INFO]   >> Test: loss 2.0216 | acc 54.20%
2025-12-05 14:47:48,507 [INFO] Cycle 7/10
2025-12-05 14:47:48,508 [INFO] Labeled set size: 14000, Unlabeled set size: 36000
2025-12-05 14:48:02,047 [INFO]   Epoch   1/200 | loss 1.1817 | acc 70.82%
2025-12-05 14:50:34,825 [INFO]   Epoch  10/200 | loss 0.5874 | acc 82.88%
2025-12-05 14:53:47,433 [INFO]   Epoch  20/200 | loss 0.4899 | acc 85.57%
2025-12-05 14:57:00,002 [INFO]   Epoch  30/200 | loss 0.4757 | acc 85.74%
2025-12-05 15:00:12,635 [INFO]   Epoch  40/200 | loss 0.4495 | acc 86.51%
2025-12-05 15:03:24,738 [INFO]   Epoch  50/200 | loss 0.4689 | acc 86.04%
2025-12-05 15:06:37,392 [INFO]   Epoch  60/200 | loss 0.4686 | acc 86.48%
2025-12-05 15:09:50,312 [INFO]   Epoch  70/200 | loss 0.4949 | acc 85.13%
2025-12-05 15:13:03,755 [INFO]   Epoch  80/200 | loss 0.3822 | acc 88.67%
2025-12-05 15:16:17,177 [INFO]   Epoch  90/200 | loss 0.4050 | acc 88.07%
2025-12-05 15:19:28,486 [INFO]   Epoch 100/200 | loss 0.4809 | acc 86.01%
2025-12-05 15:22:41,232 [INFO]   Epoch 110/200 | loss 0.4190 | acc 87.69%
2025-12-05 15:25:53,446 [INFO]   Epoch 120/200 | loss 0.4118 | acc 87.85%
2025-12-05 15:29:05,884 [INFO]   Epoch 130/200 | loss 0.4245 | acc 87.79%
2025-12-05 15:32:18,725 [INFO]   Epoch 140/200 | loss 0.4161 | acc 87.74%
2025-12-05 15:35:31,452 [INFO]   Epoch 150/200 | loss 0.4216 | acc 87.59%
2025-12-05 15:38:43,852 [INFO]   Epoch 160/200 | loss 0.4255 | acc 87.29%
2025-12-05 15:41:56,981 [INFO]   Epoch 170/200 | loss 0.0170 | acc 99.91%
2025-12-05 15:45:06,326 [INFO]   Epoch 180/200 | loss 0.0133 | acc 99.94%
2025-12-05 15:47:54,967 [INFO]   Epoch 190/200 | loss 0.0123 | acc 99.96%
2025-12-05 15:50:44,103 [INFO]   Epoch 200/200 | loss 0.0112 | acc 99.97%
2025-12-05 15:50:48,806 [INFO]   >> Test: loss 1.8535 | acc 57.69%
2025-12-05 15:58:17,532 [INFO] Cycle 8/10
2025-12-05 15:58:17,532 [INFO] Labeled set size: 16000, Unlabeled set size: 34000
2025-12-05 15:58:32,324 [INFO]   Epoch   1/200 | loss 1.1526 | acc 71.09%
2025-12-05 16:01:32,987 [INFO]   Epoch  10/200 | loss 0.6640 | acc 80.64%
2025-12-05 16:05:12,418 [INFO]   Epoch  20/200 | loss 0.5824 | acc 82.83%
2025-12-05 16:08:52,702 [INFO]   Epoch  30/200 | loss 0.5572 | acc 83.61%
2025-12-05 16:12:32,710 [INFO]   Epoch  40/200 | loss 0.5208 | acc 84.67%
2025-12-05 16:16:12,945 [INFO]   Epoch  50/200 | loss 0.5238 | acc 84.42%
2025-12-05 16:19:52,919 [INFO]   Epoch  60/200 | loss 0.5544 | acc 83.57%
2025-12-05 16:23:32,821 [INFO]   Epoch  70/200 | loss 0.4826 | acc 85.75%
2025-12-05 16:27:13,026 [INFO]   Epoch  80/200 | loss 0.4739 | acc 85.93%
2025-12-05 16:30:52,253 [INFO]   Epoch  90/200 | loss 0.4988 | acc 85.66%
2025-12-05 16:34:32,163 [INFO]   Epoch 100/200 | loss 0.5036 | acc 85.12%
2025-12-05 16:38:12,210 [INFO]   Epoch 110/200 | loss 0.4838 | acc 85.50%
2025-12-05 16:41:52,420 [INFO]   Epoch 120/200 | loss 0.4637 | acc 86.39%
2025-12-05 16:45:32,414 [INFO]   Epoch 130/200 | loss 0.5223 | acc 84.29%
2025-12-05 16:49:12,475 [INFO]   Epoch 140/200 | loss 0.4461 | acc 87.02%
2025-12-05 16:52:52,643 [INFO]   Epoch 150/200 | loss 0.5026 | acc 85.44%
2025-12-05 16:56:33,174 [INFO]   Epoch 160/200 | loss 0.5122 | acc 84.62%
2025-12-05 17:00:13,129 [INFO]   Epoch 170/200 | loss 0.0213 | acc 99.83%
2025-12-05 17:03:42,827 [INFO]   Epoch 180/200 | loss 0.0140 | acc 99.96%
2025-12-05 17:06:56,313 [INFO]   Epoch 190/200 | loss 0.0130 | acc 99.98%
2025-12-05 17:10:11,015 [INFO]   Epoch 200/200 | loss 0.0126 | acc 99.98%
2025-12-05 17:10:15,912 [INFO]   >> Test: loss 1.6760 | acc 60.86%
2025-12-05 17:17:10,899 [INFO] Cycle 9/10
2025-12-05 17:17:10,899 [INFO] Labeled set size: 18000, Unlabeled set size: 32000
2025-12-05 17:17:26,767 [INFO]   Epoch   1/200 | loss 1.2704 | acc 66.93%
2025-12-05 17:20:55,683 [INFO]   Epoch  10/200 | loss 0.6840 | acc 79.87%
2025-12-05 17:25:03,774 [INFO]   Epoch  20/200 | loss 0.5997 | acc 82.53%
2025-12-05 17:29:11,528 [INFO]   Epoch  30/200 | loss 0.5786 | acc 82.88%
2025-12-05 17:33:18,966 [INFO]   Epoch  40/200 | loss 0.5657 | acc 82.98%
2025-12-05 17:37:27,722 [INFO]   Epoch  50/200 | loss 0.5989 | acc 82.20%
2025-12-05 17:41:37,994 [INFO]   Epoch  60/200 | loss 0.5996 | acc 82.17%
2025-12-05 17:45:46,740 [INFO]   Epoch  70/200 | loss 0.5922 | acc 82.13%
2025-12-05 17:49:55,156 [INFO]   Epoch  80/200 | loss 0.5476 | acc 83.71%
2025-12-05 17:53:53,169 [INFO]   Epoch  90/200 | loss 0.5632 | acc 83.08%
2025-12-05 17:57:19,706 [INFO]   Epoch 100/200 | loss 0.5585 | acc 83.39%
2025-12-05 18:00:46,233 [INFO]   Epoch 110/200 | loss 0.5638 | acc 83.44%
2025-12-05 18:04:12,997 [INFO]   Epoch 120/200 | loss 0.5600 | acc 83.27%
2025-12-05 18:07:39,985 [INFO]   Epoch 130/200 | loss 0.5512 | acc 83.87%
2025-12-05 18:11:06,412 [INFO]   Epoch 140/200 | loss 0.5410 | acc 83.94%
2025-12-05 18:14:33,011 [INFO]   Epoch 150/200 | loss 0.5397 | acc 84.03%
2025-12-05 18:17:59,384 [INFO]   Epoch 160/200 | loss 0.5482 | acc 83.76%
2025-12-05 18:21:26,244 [INFO]   Epoch 170/200 | loss 0.0235 | acc 99.84%
2025-12-05 18:24:30,487 [INFO]   Epoch 180/200 | loss 0.0170 | acc 99.94%
2025-12-05 18:27:26,592 [INFO]   Epoch 190/200 | loss 0.0146 | acc 99.96%
2025-12-05 18:30:21,792 [INFO]   Epoch 200/200 | loss 0.0143 | acc 99.97%
2025-12-05 18:30:25,201 [INFO]   >> Test: loss 1.5572 | acc 62.90%
2025-12-05 18:35:27,042 [INFO] Cycle 10/10
2025-12-05 18:35:27,042 [INFO] Labeled set size: 20000, Unlabeled set size: 30000
2025-12-05 18:35:43,326 [INFO]   Epoch   1/200 | loss 1.4168 | acc 62.55%
2025-12-05 18:38:57,600 [INFO]   Epoch  10/200 | loss 0.7738 | acc 77.28%
2025-12-05 18:42:47,310 [INFO]   Epoch  20/200 | loss 0.6743 | acc 80.06%
2025-12-05 18:46:37,051 [INFO]   Epoch  30/200 | loss 0.6729 | acc 80.01%
2025-12-05 18:50:26,229 [INFO]   Epoch  40/200 | loss 0.6256 | acc 81.42%
2025-12-05 18:54:16,046 [INFO]   Epoch  50/200 | loss 0.6603 | acc 80.37%
2025-12-05 18:58:06,192 [INFO]   Epoch  60/200 | loss 0.6612 | acc 80.38%
2025-12-05 19:01:56,957 [INFO]   Epoch  70/200 | loss 0.6698 | acc 80.14%
2025-12-05 19:05:47,119 [INFO]   Epoch  80/200 | loss 0.6291 | acc 81.49%
2025-12-05 19:09:36,891 [INFO]   Epoch  90/200 | loss 0.6334 | acc 81.22%
2025-12-05 19:13:26,451 [INFO]   Epoch 100/200 | loss 0.6622 | acc 80.32%
2025-12-05 19:17:16,088 [INFO]   Epoch 110/200 | loss 0.6355 | acc 81.04%
2025-12-05 19:21:07,246 [INFO]   Epoch 120/200 | loss 0.6378 | acc 80.95%
2025-12-05 19:24:57,777 [INFO]   Epoch 130/200 | loss 0.6702 | acc 80.03%
2025-12-05 19:28:47,204 [INFO]   Epoch 140/200 | loss 0.6184 | acc 81.58%
2025-12-05 19:32:37,126 [INFO]   Epoch 150/200 | loss 0.6452 | acc 80.96%
2025-12-05 19:36:26,978 [INFO]   Epoch 160/200 | loss 0.6566 | acc 80.33%
2025-12-05 19:40:03,251 [INFO]   Epoch 170/200 | loss 0.0310 | acc 99.72%
2025-12-05 19:43:18,869 [INFO]   Epoch 180/200 | loss 0.0200 | acc 99.89%
2025-12-05 19:46:36,165 [INFO]   Epoch 190/200 | loss 0.0168 | acc 99.97%
2025-12-05 19:49:31,727 [INFO]   Epoch 200/200 | loss 0.0162 | acc 99.96%
2025-12-05 19:49:34,534 [INFO]   >> Test: loss 1.4868 | acc 65.15%
2025-12-05 19:52:38,983 [INFO] Saved checkpoint to: ./checkpoints/cifar100/resnet18_DQN_400.pth
