2025-12-05 10:52:37,637 [INFO] 로그 파일 경로: logs/cifar100/DQN_300step_20251205_105237.log
2025-12-05 10:52:37,733 [INFO] Using device: cuda:0
2025-12-05 10:52:51,496 [INFO] Cycle 1/10
2025-12-05 10:52:51,497 [INFO] Labeled set size: 2000, Unlabeled set size: 48000
2025-12-05 10:52:56,324 [INFO]   Epoch   1/200 | loss 4.9505 | acc 2.85%
2025-12-05 10:53:19,711 [INFO]   Epoch  10/200 | loss 3.6837 | acc 11.05%
2025-12-05 10:53:46,995 [INFO]   Epoch  20/200 | loss 2.8865 | acc 24.80%
2025-12-05 10:54:14,016 [INFO]   Epoch  30/200 | loss 1.8751 | acc 45.05%
2025-12-05 10:54:41,947 [INFO]   Epoch  40/200 | loss 0.9130 | acc 72.85%
2025-12-05 10:55:08,256 [INFO]   Epoch  50/200 | loss 0.3689 | acc 90.10%
2025-12-05 10:55:36,027 [INFO]   Epoch  60/200 | loss 0.1896 | acc 96.25%
2025-12-05 10:56:06,300 [INFO]   Epoch  70/200 | loss 0.0860 | acc 98.55%
2025-12-05 10:56:32,353 [INFO]   Epoch  80/200 | loss 0.0365 | acc 99.65%
2025-12-05 10:57:00,671 [INFO]   Epoch  90/200 | loss 0.0337 | acc 99.60%
2025-12-05 10:57:27,844 [INFO]   Epoch 100/200 | loss 0.0698 | acc 99.25%
2025-12-05 10:57:56,212 [INFO]   Epoch 110/200 | loss 0.1822 | acc 96.10%
2025-12-05 10:58:24,529 [INFO]   Epoch 120/200 | loss 0.0832 | acc 98.60%
2025-12-05 10:58:55,542 [INFO]   Epoch 130/200 | loss 0.0093 | acc 100.00%
2025-12-05 10:59:21,945 [INFO]   Epoch 140/200 | loss 0.0167 | acc 99.85%
2025-12-05 10:59:50,324 [INFO]   Epoch 150/200 | loss 0.0066 | acc 100.00%
2025-12-05 11:00:18,614 [INFO]   Epoch 160/200 | loss 0.0082 | acc 100.00%
2025-12-05 11:00:44,514 [INFO]   Epoch 170/200 | loss 0.0074 | acc 100.00%
2025-12-05 11:01:12,196 [INFO]   Epoch 180/200 | loss 0.0069 | acc 100.00%
2025-12-05 11:01:38,219 [INFO]   Epoch 190/200 | loss 0.0076 | acc 100.00%
2025-12-05 11:02:03,002 [INFO]   Epoch 200/200 | loss 0.0076 | acc 100.00%
2025-12-05 11:02:05,751 [INFO]   >> Test: loss 4.1373 | acc 21.03%
2025-12-05 11:09:27,847 [INFO] Cycle 2/10
2025-12-05 11:09:27,847 [INFO] Labeled set size: 4000, Unlabeled set size: 46000
2025-12-05 11:09:31,832 [INFO]   Epoch   1/200 | loss 1.8304 | acc 57.10%
2025-12-05 11:10:11,014 [INFO]   Epoch  10/200 | loss 0.6585 | acc 80.67%
2025-12-05 11:11:05,392 [INFO]   Epoch  20/200 | loss 0.2609 | acc 92.75%
2025-12-05 11:11:57,439 [INFO]   Epoch  30/200 | loss 0.1575 | acc 95.67%
2025-12-05 11:12:50,748 [INFO]   Epoch  40/200 | loss 0.1631 | acc 95.65%
2025-12-05 11:13:44,160 [INFO]   Epoch  50/200 | loss 0.1526 | acc 96.03%
2025-12-05 11:14:38,658 [INFO]   Epoch  60/200 | loss 0.2527 | acc 92.85%
2025-12-05 11:15:32,850 [INFO]   Epoch  70/200 | loss 0.2126 | acc 94.20%
2025-12-05 11:16:28,059 [INFO]   Epoch  80/200 | loss 0.0486 | acc 99.02%
2025-12-05 11:17:23,297 [INFO]   Epoch  90/200 | loss 0.1335 | acc 96.75%
2025-12-05 11:18:19,649 [INFO]   Epoch 100/200 | loss 0.2251 | acc 93.77%
2025-12-05 11:19:14,830 [INFO]   Epoch 110/200 | loss 0.0421 | acc 99.12%
2025-12-05 11:20:09,956 [INFO]   Epoch 120/200 | loss 0.0424 | acc 99.22%
2025-12-05 11:21:05,329 [INFO]   Epoch 130/200 | loss 0.3548 | acc 90.03%
2025-12-05 11:22:00,506 [INFO]   Epoch 140/200 | loss 0.1210 | acc 97.25%
2025-12-05 11:22:55,012 [INFO]   Epoch 150/200 | loss 0.0244 | acc 99.52%
2025-12-05 11:23:51,424 [INFO]   Epoch 160/200 | loss 0.0123 | acc 99.90%
2025-12-05 11:24:45,606 [INFO]   Epoch 170/200 | loss 0.0061 | acc 99.95%
2025-12-05 11:25:41,385 [INFO]   Epoch 180/200 | loss 0.0059 | acc 99.98%
2025-12-05 11:26:38,111 [INFO]   Epoch 190/200 | loss 0.0064 | acc 99.92%
2025-12-05 11:27:27,216 [INFO]   Epoch 200/200 | loss 0.0065 | acc 99.92%
2025-12-05 11:27:30,428 [INFO]   >> Test: loss 3.4595 | acc 27.56%
2025-12-05 11:35:09,894 [INFO] Cycle 3/10
2025-12-05 11:35:09,894 [INFO] Labeled set size: 6000, Unlabeled set size: 44000
2025-12-05 11:35:16,372 [INFO]   Epoch   1/200 | loss 2.0383 | acc 54.57%
2025-12-05 11:36:13,185 [INFO]   Epoch  10/200 | loss 0.6186 | acc 82.23%
2025-12-05 11:37:35,073 [INFO]   Epoch  20/200 | loss 0.1925 | acc 95.00%
2025-12-05 11:38:57,065 [INFO]   Epoch  30/200 | loss 0.1080 | acc 97.62%
2025-12-05 11:40:19,968 [INFO]   Epoch  40/200 | loss 0.1759 | acc 95.32%
2025-12-05 11:41:42,352 [INFO]   Epoch  50/200 | loss 0.0563 | acc 98.90%
2025-12-05 11:43:04,526 [INFO]   Epoch  60/200 | loss 0.6905 | acc 80.25%
2025-12-05 11:44:27,359 [INFO]   Epoch  70/200 | loss 0.0293 | acc 99.58%
2025-12-05 11:45:49,995 [INFO]   Epoch  80/200 | loss 0.0147 | acc 99.90%
2025-12-05 11:47:11,799 [INFO]   Epoch  90/200 | loss 1.3569 | acc 63.10%
2025-12-05 11:48:34,261 [INFO]   Epoch 100/200 | loss 0.1622 | acc 95.78%
2025-12-05 11:49:56,168 [INFO]   Epoch 110/200 | loss 0.0412 | acc 99.23%
2025-12-05 11:51:18,889 [INFO]   Epoch 120/200 | loss 0.7011 | acc 80.07%
2025-12-05 11:52:41,950 [INFO]   Epoch 130/200 | loss 0.0806 | acc 98.20%
2025-12-05 11:54:06,270 [INFO]   Epoch 140/200 | loss 0.0103 | acc 99.88%
2025-12-05 11:55:25,524 [INFO]   Epoch 150/200 | loss 0.0549 | acc 99.27%
2025-12-05 11:56:47,789 [INFO]   Epoch 160/200 | loss 0.1445 | acc 96.53%
2025-12-05 11:58:10,242 [INFO]   Epoch 170/200 | loss 0.0104 | acc 99.95%
2025-12-05 11:59:32,480 [INFO]   Epoch 180/200 | loss 0.0085 | acc 99.97%
2025-12-05 12:00:55,230 [INFO]   Epoch 190/200 | loss 0.0074 | acc 99.93%
2025-12-05 12:02:08,164 [INFO]   Epoch 200/200 | loss 0.0071 | acc 99.95%
2025-12-05 12:02:12,214 [INFO]   >> Test: loss 3.1719 | acc 36.92%
2025-12-05 12:10:18,233 [INFO] Cycle 4/10
2025-12-05 12:10:18,235 [INFO] Labeled set size: 8000, Unlabeled set size: 42000
2025-12-05 12:10:26,203 [INFO]   Epoch   1/200 | loss 1.5958 | acc 63.56%
2025-12-05 12:11:42,215 [INFO]   Epoch  10/200 | loss 0.5032 | acc 85.58%
2025-12-05 12:13:29,660 [INFO]   Epoch  20/200 | loss 0.3193 | acc 90.80%
2025-12-05 12:15:18,957 [INFO]   Epoch  30/200 | loss 0.2497 | acc 92.85%
2025-12-05 12:17:09,312 [INFO]   Epoch  40/200 | loss 0.2303 | acc 93.56%
2025-12-05 12:18:57,714 [INFO]   Epoch  50/200 | loss 0.2079 | acc 94.04%
2025-12-05 12:20:46,765 [INFO]   Epoch  60/200 | loss 0.2688 | acc 92.60%
2025-12-05 12:22:37,467 [INFO]   Epoch  70/200 | loss 0.1849 | acc 95.01%
2025-12-05 12:24:27,839 [INFO]   Epoch  80/200 | loss 0.1882 | acc 94.96%
2025-12-05 12:26:17,572 [INFO]   Epoch  90/200 | loss 0.2311 | acc 93.53%
2025-12-05 12:28:06,729 [INFO]   Epoch 100/200 | loss 0.2431 | acc 93.40%
2025-12-05 12:29:56,347 [INFO]   Epoch 110/200 | loss 0.1672 | acc 95.45%
2025-12-05 12:31:46,226 [INFO]   Epoch 120/200 | loss 0.3042 | acc 91.19%
2025-12-05 12:33:35,915 [INFO]   Epoch 130/200 | loss 0.1056 | acc 97.32%
2025-12-05 12:35:26,182 [INFO]   Epoch 140/200 | loss 0.1705 | acc 95.38%
2025-12-05 12:37:16,239 [INFO]   Epoch 150/200 | loss 0.3700 | acc 89.75%
2025-12-05 12:39:04,933 [INFO]   Epoch 160/200 | loss 0.1459 | acc 96.24%
2025-12-05 12:40:55,074 [INFO]   Epoch 170/200 | loss 0.0079 | acc 99.98%
2025-12-05 12:42:45,085 [INFO]   Epoch 180/200 | loss 0.0069 | acc 99.95%
2025-12-05 12:44:34,195 [INFO]   Epoch 190/200 | loss 0.0061 | acc 99.96%
2025-12-05 12:46:11,834 [INFO]   Epoch 200/200 | loss 0.0067 | acc 99.96%
2025-12-05 12:46:16,386 [INFO]   >> Test: loss 2.6620 | acc 44.10%
2025-12-05 12:53:50,369 [INFO] Cycle 5/10
2025-12-05 12:53:50,369 [INFO] Labeled set size: 10000, Unlabeled set size: 40000
2025-12-05 12:53:59,761 [INFO]   Epoch   1/200 | loss 1.3586 | acc 68.26%
2025-12-05 12:55:36,734 [INFO]   Epoch  10/200 | loss 0.5854 | acc 83.81%
2025-12-05 12:57:53,215 [INFO]   Epoch  20/200 | loss 0.4409 | acc 87.23%
2025-12-05 13:00:11,020 [INFO]   Epoch  30/200 | loss 0.3284 | acc 90.38%
2025-12-05 13:02:29,883 [INFO]   Epoch  40/200 | loss 0.5562 | acc 84.12%
2025-12-05 13:04:47,780 [INFO]   Epoch  50/200 | loss 0.2613 | acc 92.47%
2025-12-05 13:07:05,858 [INFO]   Epoch  60/200 | loss 0.3206 | acc 90.65%
2025-12-05 13:09:24,790 [INFO]   Epoch  70/200 | loss 0.3736 | acc 89.36%
2025-12-05 13:11:43,476 [INFO]   Epoch  80/200 | loss 0.4329 | acc 87.85%
2025-12-05 13:14:01,192 [INFO]   Epoch  90/200 | loss 0.3177 | acc 91.08%
2025-12-05 13:16:18,978 [INFO]   Epoch 100/200 | loss 0.4188 | acc 87.71%
2025-12-05 13:18:37,012 [INFO]   Epoch 110/200 | loss 0.3933 | acc 88.53%
2025-12-05 13:20:54,819 [INFO]   Epoch 120/200 | loss 0.3081 | acc 91.36%
2025-12-05 13:23:12,876 [INFO]   Epoch 130/200 | loss 0.5366 | acc 84.22%
2025-12-05 13:25:31,493 [INFO]   Epoch 140/200 | loss 0.4066 | acc 88.13%
2025-12-05 13:27:49,901 [INFO]   Epoch 150/200 | loss 0.4149 | acc 88.23%
2025-12-05 13:30:08,283 [INFO]   Epoch 160/200 | loss 0.3984 | acc 88.60%
2025-12-05 13:32:27,301 [INFO]   Epoch 170/200 | loss 0.0171 | acc 99.86%
2025-12-05 13:34:46,411 [INFO]   Epoch 180/200 | loss 0.0110 | acc 99.95%
2025-12-05 13:36:57,759 [INFO]   Epoch 190/200 | loss 0.0107 | acc 99.94%
2025-12-05 13:39:00,000 [INFO]   Epoch 200/200 | loss 0.0101 | acc 99.95%
2025-12-05 13:39:04,479 [INFO]   >> Test: loss 2.3651 | acc 49.51%
2025-12-05 13:46:28,577 [INFO] Cycle 6/10
2025-12-05 13:46:28,578 [INFO] Labeled set size: 12000, Unlabeled set size: 38000
2025-12-05 13:46:39,736 [INFO]   Epoch   1/200 | loss 1.0387 | acc 75.59%
2025-12-05 13:48:44,257 [INFO]   Epoch  10/200 | loss 0.5119 | acc 84.93%
2025-12-05 13:51:29,526 [INFO]   Epoch  20/200 | loss 0.4065 | acc 88.19%
2025-12-05 13:54:15,495 [INFO]   Epoch  30/200 | loss 0.4818 | acc 86.03%
2025-12-05 13:57:00,976 [INFO]   Epoch  40/200 | loss 0.3910 | acc 88.68%
2025-12-05 13:59:46,153 [INFO]   Epoch  50/200 | loss 0.3585 | acc 89.56%
2025-12-05 14:02:31,250 [INFO]   Epoch  60/200 | loss 0.4234 | acc 87.72%
2025-12-05 14:05:16,923 [INFO]   Epoch  70/200 | loss 0.3275 | acc 90.28%
2025-12-05 14:08:01,869 [INFO]   Epoch  80/200 | loss 0.3368 | acc 89.87%
2025-12-05 14:10:47,015 [INFO]   Epoch  90/200 | loss 0.4255 | acc 87.51%
2025-12-05 14:13:32,327 [INFO]   Epoch 100/200 | loss 0.4040 | acc 88.23%
2025-12-05 14:16:17,224 [INFO]   Epoch 110/200 | loss 0.3321 | acc 90.13%
2025-12-05 14:19:03,417 [INFO]   Epoch 120/200 | loss 0.3415 | acc 89.92%
2025-12-05 14:21:49,957 [INFO]   Epoch 130/200 | loss 0.4007 | acc 88.49%
2025-12-05 14:24:35,549 [INFO]   Epoch 140/200 | loss 0.3286 | acc 90.81%
2025-12-05 14:27:21,282 [INFO]   Epoch 150/200 | loss 0.3417 | acc 90.21%
2025-12-05 14:30:06,715 [INFO]   Epoch 160/200 | loss 0.3147 | acc 90.42%
2025-12-05 14:32:52,528 [INFO]   Epoch 170/200 | loss 0.0127 | acc 99.97%
2025-12-05 14:35:38,962 [INFO]   Epoch 180/200 | loss 0.0102 | acc 99.92%
2025-12-05 14:38:08,220 [INFO]   Epoch 190/200 | loss 0.0094 | acc 99.96%
2025-12-05 14:40:34,380 [INFO]   Epoch 200/200 | loss 0.0094 | acc 99.98%
2025-12-05 14:40:38,685 [INFO]   >> Test: loss 2.0523 | acc 54.24%
2025-12-05 14:47:52,702 [INFO] Cycle 7/10
2025-12-05 14:47:52,702 [INFO] Labeled set size: 14000, Unlabeled set size: 36000
2025-12-05 14:48:07,414 [INFO]   Epoch   1/200 | loss 1.2091 | acc 70.15%
2025-12-05 14:50:43,150 [INFO]   Epoch  10/200 | loss 0.6188 | acc 81.83%
2025-12-05 14:53:56,501 [INFO]   Epoch  20/200 | loss 0.4992 | acc 85.18%
2025-12-05 14:57:09,403 [INFO]   Epoch  30/200 | loss 0.4233 | acc 87.53%
2025-12-05 15:00:21,743 [INFO]   Epoch  40/200 | loss 0.4706 | acc 85.92%
2025-12-05 15:03:34,600 [INFO]   Epoch  50/200 | loss 0.4571 | acc 86.64%
2025-12-05 15:06:47,682 [INFO]   Epoch  60/200 | loss 0.4063 | acc 88.19%
2025-12-05 15:10:00,635 [INFO]   Epoch  70/200 | loss 0.4415 | acc 87.20%
2025-12-05 15:13:13,140 [INFO]   Epoch  80/200 | loss 0.4270 | acc 87.54%
2025-12-05 15:16:25,538 [INFO]   Epoch  90/200 | loss 0.4799 | acc 86.02%
2025-12-05 15:19:38,071 [INFO]   Epoch 100/200 | loss 0.4599 | acc 86.43%
2025-12-05 15:22:51,353 [INFO]   Epoch 110/200 | loss 0.4621 | acc 86.59%
2025-12-05 15:26:04,699 [INFO]   Epoch 120/200 | loss 0.5034 | acc 85.21%
2025-12-05 15:29:18,304 [INFO]   Epoch 130/200 | loss 0.4376 | acc 86.93%
2025-12-05 15:32:31,281 [INFO]   Epoch 140/200 | loss 0.4116 | acc 87.68%
2025-12-05 15:35:44,229 [INFO]   Epoch 150/200 | loss 0.4771 | acc 85.68%
2025-12-05 15:38:57,108 [INFO]   Epoch 160/200 | loss 0.4166 | acc 87.43%
2025-12-05 15:42:09,869 [INFO]   Epoch 170/200 | loss 0.0186 | acc 99.82%
2025-12-05 15:45:18,704 [INFO]   Epoch 180/200 | loss 0.0125 | acc 99.97%
2025-12-05 15:48:07,886 [INFO]   Epoch 190/200 | loss 0.0116 | acc 99.99%
2025-12-05 15:50:55,266 [INFO]   Epoch 200/200 | loss 0.0118 | acc 99.97%
2025-12-05 15:50:59,693 [INFO]   >> Test: loss 1.8545 | acc 57.84%
2025-12-05 15:58:25,672 [INFO] Cycle 8/10
2025-12-05 15:58:25,672 [INFO] Labeled set size: 16000, Unlabeled set size: 34000
2025-12-05 15:58:41,911 [INFO]   Epoch   1/200 | loss 1.1569 | acc 70.43%
2025-12-05 16:01:46,612 [INFO]   Epoch  10/200 | loss 0.6291 | acc 81.81%
2025-12-05 16:05:26,946 [INFO]   Epoch  20/200 | loss 0.5427 | acc 83.83%
2025-12-05 16:09:07,408 [INFO]   Epoch  30/200 | loss 0.5175 | acc 84.71%
2025-12-05 16:12:47,302 [INFO]   Epoch  40/200 | loss 0.5344 | acc 84.09%
2025-12-05 16:16:27,532 [INFO]   Epoch  50/200 | loss 0.4913 | acc 85.42%
2025-12-05 16:20:07,986 [INFO]   Epoch  60/200 | loss 0.5214 | acc 84.69%
2025-12-05 16:23:48,176 [INFO]   Epoch  70/200 | loss 0.4977 | acc 85.41%
2025-12-05 16:27:28,782 [INFO]   Epoch  80/200 | loss 0.5366 | acc 84.08%
2025-12-05 16:31:08,778 [INFO]   Epoch  90/200 | loss 0.4887 | acc 85.72%
2025-12-05 16:34:48,925 [INFO]   Epoch 100/200 | loss 0.4897 | acc 85.65%
2025-12-05 16:38:29,437 [INFO]   Epoch 110/200 | loss 0.5028 | acc 85.14%
2025-12-05 16:42:10,323 [INFO]   Epoch 120/200 | loss 0.4887 | acc 85.49%
2025-12-05 16:45:50,963 [INFO]   Epoch 130/200 | loss 0.5335 | acc 84.06%
2025-12-05 16:49:31,625 [INFO]   Epoch 140/200 | loss 0.4709 | acc 85.92%
2025-12-05 16:53:11,952 [INFO]   Epoch 150/200 | loss 0.5250 | acc 84.51%
2025-12-05 16:56:52,620 [INFO]   Epoch 160/200 | loss 0.4813 | acc 85.52%
2025-12-05 17:00:33,051 [INFO]   Epoch 170/200 | loss 0.0215 | acc 99.82%
2025-12-05 17:04:00,559 [INFO]   Epoch 180/200 | loss 0.0143 | acc 99.95%
2025-12-05 17:07:14,667 [INFO]   Epoch 190/200 | loss 0.0132 | acc 99.96%
2025-12-05 17:10:24,665 [INFO]   Epoch 200/200 | loss 0.0125 | acc 99.96%
2025-12-05 17:10:28,383 [INFO]   >> Test: loss 1.6670 | acc 61.27%
2025-12-05 17:17:20,443 [INFO] Cycle 9/10
2025-12-05 17:17:20,443 [INFO] Labeled set size: 18000, Unlabeled set size: 32000
2025-12-05 17:17:40,714 [INFO]   Epoch   1/200 | loss 1.2676 | acc 67.14%
2025-12-05 17:21:11,777 [INFO]   Epoch  10/200 | loss 0.6836 | acc 80.19%
2025-12-05 17:25:19,475 [INFO]   Epoch  20/200 | loss 0.5770 | acc 82.58%
2025-12-05 17:29:27,618 [INFO]   Epoch  30/200 | loss 0.5971 | acc 82.08%
2025-12-05 17:33:35,496 [INFO]   Epoch  40/200 | loss 0.5649 | acc 83.24%
2025-12-05 17:37:43,967 [INFO]   Epoch  50/200 | loss 0.5539 | acc 83.55%
2025-12-05 17:41:50,620 [INFO]   Epoch  60/200 | loss 0.6066 | acc 81.94%
2025-12-05 17:45:59,442 [INFO]   Epoch  70/200 | loss 0.5984 | acc 81.96%
2025-12-05 17:50:08,457 [INFO]   Epoch  80/200 | loss 0.5551 | acc 83.58%
2025-12-05 17:54:04,772 [INFO]   Epoch  90/200 | loss 0.5743 | acc 83.13%
2025-12-05 17:57:31,887 [INFO]   Epoch 100/200 | loss 0.5805 | acc 82.51%
2025-12-05 18:00:59,442 [INFO]   Epoch 110/200 | loss 0.5761 | acc 83.05%
2025-12-05 18:04:26,669 [INFO]   Epoch 120/200 | loss 0.5620 | acc 83.34%
2025-12-05 18:07:54,121 [INFO]   Epoch 130/200 | loss 0.5484 | acc 83.63%
2025-12-05 18:11:20,976 [INFO]   Epoch 140/200 | loss 0.5708 | acc 83.10%
2025-12-05 18:14:48,577 [INFO]   Epoch 150/200 | loss 0.5518 | acc 83.57%
2025-12-05 18:18:15,525 [INFO]   Epoch 160/200 | loss 0.5384 | acc 84.17%
2025-12-05 18:21:42,925 [INFO]   Epoch 170/200 | loss 0.0243 | acc 99.83%
2025-12-05 18:24:45,773 [INFO]   Epoch 180/200 | loss 0.0173 | acc 99.92%
2025-12-05 18:27:42,701 [INFO]   Epoch 190/200 | loss 0.0148 | acc 99.95%
2025-12-05 18:30:32,511 [INFO]   Epoch 200/200 | loss 0.0142 | acc 99.94%
2025-12-05 18:30:35,167 [INFO]   >> Test: loss 1.5752 | acc 63.02%
2025-12-05 18:35:38,928 [INFO] Cycle 10/10
2025-12-05 18:35:38,928 [INFO] Labeled set size: 20000, Unlabeled set size: 30000
2025-12-05 18:35:58,380 [INFO]   Epoch   1/200 | loss 1.3606 | acc 63.88%
2025-12-05 18:39:15,409 [INFO]   Epoch  10/200 | loss 0.7155 | acc 78.92%
2025-12-05 18:43:05,842 [INFO]   Epoch  20/200 | loss 0.6994 | acc 79.31%
2025-12-05 18:46:56,465 [INFO]   Epoch  30/200 | loss 0.6410 | acc 80.80%
2025-12-05 18:50:47,765 [INFO]   Epoch  40/200 | loss 0.6510 | acc 80.34%
2025-12-05 18:54:38,268 [INFO]   Epoch  50/200 | loss 0.6703 | acc 79.95%
2025-12-05 18:58:29,072 [INFO]   Epoch  60/200 | loss 0.6486 | acc 80.39%
2025-12-05 19:02:20,399 [INFO]   Epoch  70/200 | loss 0.6422 | acc 80.88%
2025-12-05 19:06:11,129 [INFO]   Epoch  80/200 | loss 0.6525 | acc 80.73%
2025-12-05 19:10:01,666 [INFO]   Epoch  90/200 | loss 0.6844 | acc 79.39%
2025-12-05 19:13:52,141 [INFO]   Epoch 100/200 | loss 0.6326 | acc 81.02%
2025-12-05 19:17:43,147 [INFO]   Epoch 110/200 | loss 0.6522 | acc 80.50%
2025-12-05 19:21:32,065 [INFO]   Epoch 120/200 | loss 0.6520 | acc 80.62%
2025-12-05 19:25:22,035 [INFO]   Epoch 130/200 | loss 0.6490 | acc 80.58%
2025-12-05 19:29:12,326 [INFO]   Epoch 140/200 | loss 0.6479 | acc 80.66%
2025-12-05 19:33:02,940 [INFO]   Epoch 150/200 | loss 0.6340 | acc 81.11%
2025-12-05 19:36:53,617 [INFO]   Epoch 160/200 | loss 0.6333 | acc 81.17%
2025-12-05 19:40:26,324 [INFO]   Epoch 170/200 | loss 0.0287 | acc 99.70%
2025-12-05 19:43:42,914 [INFO]   Epoch 180/200 | loss 0.0191 | acc 99.92%
2025-12-05 19:46:56,084 [INFO]   Epoch 190/200 | loss 0.0169 | acc 99.95%
2025-12-05 19:49:43,889 [INFO]   Epoch 200/200 | loss 0.0154 | acc 99.95%
2025-12-05 19:49:46,299 [INFO]   >> Test: loss 1.4484 | acc 65.36%
2025-12-05 19:52:43,676 [INFO] Saved checkpoint to: ./checkpoints/cifar100/resnet18_DQN_300.pth
