2025-12-05 10:52:33,360 [INFO] 로그 파일 경로: logs/cifar100/DQN_100step_20251205_105233.log
2025-12-05 10:52:33,523 [INFO] Using device: cuda:0
2025-12-05 10:52:38,957 [INFO] Cycle 1/10
2025-12-05 10:52:38,957 [INFO] Labeled set size: 2000, Unlabeled set size: 48000
2025-12-05 10:52:41,698 [INFO]   Epoch   1/200 | loss 4.9505 | acc 2.85%
2025-12-05 10:52:57,579 [INFO]   Epoch  10/200 | loss 3.6837 | acc 11.05%
2025-12-05 10:53:23,877 [INFO]   Epoch  20/200 | loss 2.8865 | acc 24.80%
2025-12-05 10:53:50,882 [INFO]   Epoch  30/200 | loss 1.8751 | acc 45.05%
2025-12-05 10:54:19,933 [INFO]   Epoch  40/200 | loss 0.9130 | acc 72.85%
2025-12-05 10:54:51,461 [INFO]   Epoch  50/200 | loss 0.3689 | acc 90.10%
2025-12-05 10:55:19,043 [INFO]   Epoch  60/200 | loss 0.1896 | acc 96.25%
2025-12-05 10:55:50,721 [INFO]   Epoch  70/200 | loss 0.0860 | acc 98.55%
2025-12-05 10:56:22,673 [INFO]   Epoch  80/200 | loss 0.0365 | acc 99.65%
2025-12-05 10:56:54,094 [INFO]   Epoch  90/200 | loss 0.0337 | acc 99.60%
2025-12-05 10:57:21,706 [INFO]   Epoch 100/200 | loss 0.0698 | acc 99.25%
2025-12-05 10:57:52,935 [INFO]   Epoch 110/200 | loss 0.1822 | acc 96.10%
2025-12-05 10:58:24,320 [INFO]   Epoch 120/200 | loss 0.0832 | acc 98.60%
2025-12-05 10:58:56,420 [INFO]   Epoch 130/200 | loss 0.0093 | acc 100.00%
2025-12-05 10:59:28,228 [INFO]   Epoch 140/200 | loss 0.0167 | acc 99.85%
2025-12-05 10:59:59,598 [INFO]   Epoch 150/200 | loss 0.0066 | acc 100.00%
2025-12-05 11:00:31,390 [INFO]   Epoch 160/200 | loss 0.0082 | acc 100.00%
2025-12-05 11:01:02,677 [INFO]   Epoch 170/200 | loss 0.0074 | acc 100.00%
2025-12-05 11:01:34,971 [INFO]   Epoch 180/200 | loss 0.0069 | acc 100.00%
2025-12-05 11:02:03,452 [INFO]   Epoch 190/200 | loss 0.0076 | acc 100.00%
2025-12-05 11:02:25,700 [INFO]   Epoch 200/200 | loss 0.0076 | acc 100.00%
2025-12-05 11:02:28,641 [INFO]   >> Test: loss 4.1373 | acc 21.03%
2025-12-05 11:09:58,914 [INFO] Cycle 2/10
2025-12-05 11:09:58,914 [INFO] Labeled set size: 4000, Unlabeled set size: 46000
2025-12-05 11:10:03,672 [INFO]   Epoch   1/200 | loss 1.8304 | acc 57.10%
2025-12-05 11:10:55,381 [INFO]   Epoch  10/200 | loss 0.6585 | acc 80.67%
2025-12-05 11:11:54,404 [INFO]   Epoch  20/200 | loss 0.2609 | acc 92.75%
2025-12-05 11:12:52,507 [INFO]   Epoch  30/200 | loss 0.1575 | acc 95.67%
2025-12-05 11:13:50,082 [INFO]   Epoch  40/200 | loss 0.1631 | acc 95.65%
2025-12-05 11:14:47,281 [INFO]   Epoch  50/200 | loss 0.1526 | acc 96.03%
2025-12-05 11:15:44,258 [INFO]   Epoch  60/200 | loss 0.2527 | acc 92.85%
2025-12-05 11:16:39,781 [INFO]   Epoch  70/200 | loss 0.2126 | acc 94.20%
2025-12-05 11:17:35,090 [INFO]   Epoch  80/200 | loss 0.0486 | acc 99.02%
2025-12-05 11:18:31,154 [INFO]   Epoch  90/200 | loss 0.1335 | acc 96.75%
2025-12-05 11:19:27,811 [INFO]   Epoch 100/200 | loss 0.2251 | acc 93.77%
2025-12-05 11:20:24,400 [INFO]   Epoch 110/200 | loss 0.0421 | acc 99.12%
2025-12-05 11:21:22,718 [INFO]   Epoch 120/200 | loss 0.0424 | acc 99.22%
2025-12-05 11:22:20,128 [INFO]   Epoch 130/200 | loss 0.3548 | acc 90.03%
2025-12-05 11:23:18,651 [INFO]   Epoch 140/200 | loss 0.1210 | acc 97.25%
2025-12-05 11:24:15,558 [INFO]   Epoch 150/200 | loss 0.0244 | acc 99.52%
2025-12-05 11:25:12,528 [INFO]   Epoch 160/200 | loss 0.0123 | acc 99.90%
2025-12-05 11:26:10,140 [INFO]   Epoch 170/200 | loss 0.0061 | acc 99.95%
2025-12-05 11:27:06,509 [INFO]   Epoch 180/200 | loss 0.0059 | acc 99.98%
2025-12-05 11:27:48,349 [INFO]   Epoch 190/200 | loss 0.0064 | acc 99.92%
2025-12-05 11:28:24,010 [INFO]   Epoch 200/200 | loss 0.0065 | acc 99.92%
2025-12-05 11:28:26,452 [INFO]   >> Test: loss 3.4595 | acc 27.56%
2025-12-05 11:36:13,370 [INFO] Cycle 3/10
2025-12-05 11:36:13,370 [INFO] Labeled set size: 6000, Unlabeled set size: 44000
2025-12-05 11:36:21,409 [INFO]   Epoch   1/200 | loss 2.0716 | acc 53.85%
2025-12-05 11:37:37,189 [INFO]   Epoch  10/200 | loss 0.6164 | acc 83.00%
2025-12-05 11:39:01,301 [INFO]   Epoch  20/200 | loss 0.1539 | acc 96.00%
2025-12-05 11:40:24,528 [INFO]   Epoch  30/200 | loss 0.2243 | acc 93.80%
2025-12-05 11:41:47,882 [INFO]   Epoch  40/200 | loss 0.1338 | acc 96.43%
2025-12-05 11:43:11,615 [INFO]   Epoch  50/200 | loss 0.0162 | acc 99.82%
2025-12-05 11:44:36,372 [INFO]   Epoch  60/200 | loss 0.0102 | acc 99.95%
2025-12-05 11:45:59,404 [INFO]   Epoch  70/200 | loss 0.0115 | acc 99.93%
2025-12-05 11:47:23,333 [INFO]   Epoch  80/200 | loss 0.8279 | acc 76.28%
2025-12-05 11:48:47,215 [INFO]   Epoch  90/200 | loss 0.1756 | acc 95.13%
2025-12-05 11:50:11,489 [INFO]   Epoch 100/200 | loss 0.1456 | acc 96.15%
2025-12-05 11:51:34,825 [INFO]   Epoch 110/200 | loss 0.1132 | acc 97.03%
2025-12-05 11:52:58,661 [INFO]   Epoch 120/200 | loss 0.2159 | acc 94.00%
2025-12-05 11:54:23,665 [INFO]   Epoch 130/200 | loss 0.0338 | acc 99.52%
2025-12-05 11:55:48,204 [INFO]   Epoch 140/200 | loss 0.2446 | acc 94.23%
2025-12-05 11:57:11,558 [INFO]   Epoch 150/200 | loss 0.1135 | acc 97.20%
2025-12-05 11:58:34,154 [INFO]   Epoch 160/200 | loss 0.1220 | acc 97.17%
2025-12-05 11:59:57,806 [INFO]   Epoch 170/200 | loss 0.0081 | acc 99.97%
2025-12-05 12:01:17,874 [INFO]   Epoch 180/200 | loss 0.0070 | acc 99.93%
2025-12-05 12:02:25,302 [INFO]   Epoch 190/200 | loss 0.0060 | acc 99.93%
2025-12-05 12:03:16,585 [INFO]   Epoch 200/200 | loss 0.0059 | acc 99.95%
2025-12-05 12:03:19,127 [INFO]   >> Test: loss 3.1345 | acc 36.64%
2025-12-05 12:11:51,600 [INFO] Cycle 4/10
2025-12-05 12:11:51,600 [INFO] Labeled set size: 8000, Unlabeled set size: 42000
2025-12-05 12:12:02,815 [INFO]   Epoch   1/200 | loss 1.6978 | acc 61.10%
2025-12-05 12:13:42,833 [INFO]   Epoch  10/200 | loss 0.5389 | acc 84.69%
2025-12-05 12:15:33,145 [INFO]   Epoch  20/200 | loss 0.2699 | acc 92.46%
2025-12-05 12:17:23,286 [INFO]   Epoch  30/200 | loss 0.2731 | acc 92.22%
2025-12-05 12:19:16,457 [INFO]   Epoch  40/200 | loss 0.3265 | acc 90.21%
2025-12-05 12:21:07,997 [INFO]   Epoch  50/200 | loss 0.3500 | acc 90.12%
2025-12-05 12:22:59,928 [INFO]   Epoch  60/200 | loss 0.1929 | acc 94.92%
2025-12-05 12:24:51,102 [INFO]   Epoch  70/200 | loss 0.2478 | acc 93.00%
2025-12-05 12:26:42,993 [INFO]   Epoch  80/200 | loss 0.1988 | acc 94.76%
2025-12-05 12:28:35,366 [INFO]   Epoch  90/200 | loss 0.1835 | acc 94.96%
2025-12-05 12:30:27,208 [INFO]   Epoch 100/200 | loss 0.3103 | acc 91.33%
2025-12-05 12:32:19,837 [INFO]   Epoch 110/200 | loss 0.1915 | acc 94.75%
2025-12-05 12:34:10,374 [INFO]   Epoch 120/200 | loss 0.1272 | acc 96.74%
2025-12-05 12:36:01,209 [INFO]   Epoch 130/200 | loss 0.3393 | acc 90.15%
2025-12-05 12:37:53,225 [INFO]   Epoch 140/200 | loss 0.2552 | acc 93.27%
2025-12-05 12:39:44,014 [INFO]   Epoch 150/200 | loss 0.1958 | acc 94.41%
2025-12-05 12:41:35,229 [INFO]   Epoch 160/200 | loss 0.3193 | acc 90.49%
2025-12-05 12:43:27,223 [INFO]   Epoch 170/200 | loss 0.0103 | acc 99.95%
2025-12-05 12:45:11,248 [INFO]   Epoch 180/200 | loss 0.0078 | acc 99.96%
2025-12-05 12:46:39,331 [INFO]   Epoch 190/200 | loss 0.0075 | acc 99.98%
2025-12-05 12:47:44,784 [INFO]   Epoch 200/200 | loss 0.0069 | acc 99.99%
2025-12-05 12:47:47,725 [INFO]   >> Test: loss 2.6990 | acc 43.87%
2025-12-05 12:55:45,445 [INFO] Cycle 5/10
2025-12-05 12:55:45,445 [INFO] Labeled set size: 10000, Unlabeled set size: 40000
2025-12-05 12:55:59,379 [INFO]   Epoch   1/200 | loss 1.4351 | acc 65.89%
2025-12-05 12:58:04,466 [INFO]   Epoch  10/200 | loss 0.5260 | acc 84.75%
2025-12-05 13:00:23,030 [INFO]   Epoch  20/200 | loss 0.4186 | acc 87.90%
2025-12-05 13:02:41,397 [INFO]   Epoch  30/200 | loss 0.4838 | acc 86.01%
2025-12-05 13:05:00,614 [INFO]   Epoch  40/200 | loss 0.3701 | acc 88.99%
2025-12-05 13:07:19,142 [INFO]   Epoch  50/200 | loss 0.4286 | acc 87.51%
2025-12-05 13:09:38,767 [INFO]   Epoch  60/200 | loss 0.3121 | acc 91.23%
2025-12-05 13:11:58,443 [INFO]   Epoch  70/200 | loss 0.4585 | acc 86.59%
2025-12-05 13:14:17,902 [INFO]   Epoch  80/200 | loss 0.3759 | acc 89.15%
2025-12-05 13:16:37,041 [INFO]   Epoch  90/200 | loss 0.3398 | acc 90.93%
2025-12-05 13:18:55,559 [INFO]   Epoch 100/200 | loss 0.3804 | acc 89.01%
2025-12-05 13:21:13,742 [INFO]   Epoch 110/200 | loss 0.3767 | acc 89.16%
2025-12-05 13:23:31,785 [INFO]   Epoch 120/200 | loss 0.4482 | acc 87.13%
2025-12-05 13:25:49,959 [INFO]   Epoch 130/200 | loss 0.3170 | acc 91.12%
2025-12-05 13:28:08,534 [INFO]   Epoch 140/200 | loss 0.3175 | acc 90.92%
2025-12-05 13:30:27,659 [INFO]   Epoch 150/200 | loss 0.2742 | acc 92.39%
2025-12-05 13:32:46,101 [INFO]   Epoch 160/200 | loss 0.3455 | acc 89.94%
2025-12-05 13:35:04,539 [INFO]   Epoch 170/200 | loss 0.0152 | acc 99.86%
2025-12-05 13:37:10,664 [INFO]   Epoch 180/200 | loss 0.0102 | acc 99.97%
2025-12-05 13:39:08,928 [INFO]   Epoch 190/200 | loss 0.0107 | acc 99.94%
2025-12-05 13:40:28,143 [INFO]   Epoch 200/200 | loss 0.0102 | acc 99.94%
2025-12-05 13:40:31,098 [INFO]   >> Test: loss 2.3836 | acc 49.41%
2025-12-05 13:48:20,937 [INFO] Cycle 6/10
2025-12-05 13:48:20,938 [INFO] Labeled set size: 12000, Unlabeled set size: 38000
2025-12-05 13:48:37,643 [INFO]   Epoch   1/200 | loss 1.0902 | acc 74.52%
2025-12-05 13:51:07,207 [INFO]   Epoch  10/200 | loss 0.5023 | acc 85.58%
2025-12-05 13:53:53,169 [INFO]   Epoch  20/200 | loss 0.4209 | acc 87.73%
2025-12-05 13:56:38,621 [INFO]   Epoch  30/200 | loss 0.3612 | acc 89.53%
2025-12-05 13:59:24,315 [INFO]   Epoch  40/200 | loss 0.3489 | acc 89.83%
2025-12-05 14:02:11,123 [INFO]   Epoch  50/200 | loss 0.3855 | acc 88.76%
2025-12-05 14:04:57,112 [INFO]   Epoch  60/200 | loss 0.3431 | acc 89.98%
2025-12-05 14:07:42,930 [INFO]   Epoch  70/200 | loss 0.3682 | acc 89.27%
2025-12-05 14:10:29,052 [INFO]   Epoch  80/200 | loss 0.4378 | acc 87.08%
2025-12-05 14:13:15,083 [INFO]   Epoch  90/200 | loss 0.3518 | acc 89.78%
2025-12-05 14:16:00,348 [INFO]   Epoch 100/200 | loss 0.3735 | acc 89.03%
2025-12-05 14:18:46,873 [INFO]   Epoch 110/200 | loss 0.4083 | acc 88.56%
2025-12-05 14:21:33,780 [INFO]   Epoch 120/200 | loss 0.3310 | acc 90.48%
2025-12-05 14:24:20,414 [INFO]   Epoch 130/200 | loss 0.3585 | acc 89.55%
2025-12-05 14:27:06,606 [INFO]   Epoch 140/200 | loss 0.3778 | acc 88.82%
2025-12-05 14:29:53,055 [INFO]   Epoch 150/200 | loss 0.3548 | acc 89.48%
2025-12-05 14:32:38,484 [INFO]   Epoch 160/200 | loss 0.3963 | acc 88.27%
2025-12-05 14:35:23,828 [INFO]   Epoch 170/200 | loss 0.0173 | acc 99.85%
2025-12-05 14:37:53,420 [INFO]   Epoch 180/200 | loss 0.0114 | acc 99.95%
2025-12-05 14:40:19,666 [INFO]   Epoch 190/200 | loss 0.0105 | acc 99.97%
2025-12-05 14:41:56,932 [INFO]   Epoch 200/200 | loss 0.0103 | acc 99.99%
2025-12-05 14:41:59,489 [INFO]   >> Test: loss 2.0484 | acc 54.14%
2025-12-05 14:49:48,860 [INFO] Cycle 7/10
2025-12-05 14:49:48,860 [INFO] Labeled set size: 14000, Unlabeled set size: 36000
2025-12-05 14:50:08,215 [INFO]   Epoch   1/200 | loss 1.1193 | acc 72.86%
2025-12-05 14:53:02,057 [INFO]   Epoch  10/200 | loss 0.5773 | acc 83.08%
2025-12-05 14:56:16,233 [INFO]   Epoch  20/200 | loss 0.4790 | acc 86.01%
2025-12-05 14:59:29,617 [INFO]   Epoch  30/200 | loss 0.5137 | acc 84.86%
2025-12-05 15:02:43,428 [INFO]   Epoch  40/200 | loss 0.5337 | acc 84.04%
2025-12-05 15:05:57,836 [INFO]   Epoch  50/200 | loss 0.4370 | acc 86.92%
2025-12-05 15:09:11,442 [INFO]   Epoch  60/200 | loss 0.5139 | acc 84.92%
2025-12-05 15:12:25,447 [INFO]   Epoch  70/200 | loss 0.4688 | acc 86.18%
2025-12-05 15:15:39,619 [INFO]   Epoch  80/200 | loss 0.4353 | acc 87.17%
2025-12-05 15:18:52,448 [INFO]   Epoch  90/200 | loss 0.3763 | acc 89.21%
2025-12-05 15:22:06,087 [INFO]   Epoch 100/200 | loss 0.4627 | acc 86.45%
2025-12-05 15:25:19,615 [INFO]   Epoch 110/200 | loss 0.4541 | acc 86.69%
2025-12-05 15:28:33,304 [INFO]   Epoch 120/200 | loss 0.4518 | acc 86.82%
2025-12-05 15:31:47,311 [INFO]   Epoch 130/200 | loss 0.3993 | acc 88.33%
2025-12-05 15:35:01,162 [INFO]   Epoch 140/200 | loss 0.4472 | acc 86.86%
2025-12-05 15:38:15,844 [INFO]   Epoch 150/200 | loss 0.4314 | acc 87.59%
2025-12-05 15:41:29,589 [INFO]   Epoch 160/200 | loss 0.4228 | acc 87.60%
2025-12-05 15:44:43,347 [INFO]   Epoch 170/200 | loss 0.0184 | acc 99.88%
2025-12-05 15:47:32,641 [INFO]   Epoch 180/200 | loss 0.0127 | acc 99.97%
2025-12-05 15:50:21,672 [INFO]   Epoch 190/200 | loss 0.0121 | acc 99.97%
2025-12-05 15:52:15,747 [INFO]   Epoch 200/200 | loss 0.0119 | acc 99.98%
2025-12-05 15:52:18,304 [INFO]   >> Test: loss 1.8239 | acc 58.68%
2025-12-05 16:00:10,136 [INFO] Cycle 8/10
2025-12-05 16:00:10,136 [INFO] Labeled set size: 16000, Unlabeled set size: 34000
2025-12-05 16:00:31,991 [INFO]   Epoch   1/200 | loss 1.1670 | acc 70.61%
2025-12-05 16:03:51,213 [INFO]   Epoch  10/200 | loss 0.6246 | acc 81.73%
2025-12-05 16:07:32,082 [INFO]   Epoch  20/200 | loss 0.5450 | acc 84.20%
2025-12-05 16:11:13,554 [INFO]   Epoch  30/200 | loss 0.4911 | acc 85.47%
2025-12-05 16:14:54,021 [INFO]   Epoch  40/200 | loss 0.5922 | acc 82.77%
2025-12-05 16:18:35,674 [INFO]   Epoch  50/200 | loss 0.5058 | acc 85.40%
2025-12-05 16:22:16,471 [INFO]   Epoch  60/200 | loss 0.5000 | acc 85.36%
2025-12-05 16:25:57,575 [INFO]   Epoch  70/200 | loss 0.5123 | acc 85.11%
2025-12-05 16:29:38,245 [INFO]   Epoch  80/200 | loss 0.4977 | acc 85.20%
2025-12-05 16:33:19,163 [INFO]   Epoch  90/200 | loss 0.5230 | acc 84.49%
2025-12-05 16:37:00,803 [INFO]   Epoch 100/200 | loss 0.5399 | acc 84.17%
2025-12-05 16:40:42,544 [INFO]   Epoch 110/200 | loss 0.5086 | acc 84.96%
2025-12-05 16:44:23,844 [INFO]   Epoch 120/200 | loss 0.5275 | acc 84.54%
2025-12-05 16:48:04,956 [INFO]   Epoch 130/200 | loss 0.4915 | acc 85.39%
2025-12-05 16:51:45,692 [INFO]   Epoch 140/200 | loss 0.4876 | acc 85.54%
2025-12-05 16:55:26,634 [INFO]   Epoch 150/200 | loss 0.4238 | acc 87.54%
2025-12-05 16:59:08,228 [INFO]   Epoch 160/200 | loss 0.4810 | acc 85.71%
2025-12-05 17:02:45,902 [INFO]   Epoch 170/200 | loss 0.0229 | acc 99.75%
2025-12-05 17:05:58,576 [INFO]   Epoch 180/200 | loss 0.0146 | acc 99.94%
2025-12-05 17:09:12,307 [INFO]   Epoch 190/200 | loss 0.0138 | acc 99.94%
2025-12-05 17:11:34,826 [INFO]   Epoch 200/200 | loss 0.0131 | acc 99.97%
2025-12-05 17:11:37,795 [INFO]   >> Test: loss 1.6858 | acc 60.79%
2025-12-05 17:19:10,132 [INFO] Cycle 9/10
2025-12-05 17:19:10,133 [INFO] Labeled set size: 18000, Unlabeled set size: 32000
2025-12-05 17:19:35,030 [INFO]   Epoch   1/200 | loss 1.2998 | acc 66.27%
2025-12-05 17:23:18,445 [INFO]   Epoch  10/200 | loss 0.6974 | acc 79.64%
2025-12-05 17:27:27,496 [INFO]   Epoch  20/200 | loss 0.6051 | acc 82.08%
2025-12-05 17:31:36,324 [INFO]   Epoch  30/200 | loss 0.5794 | acc 82.87%
2025-12-05 17:35:46,313 [INFO]   Epoch  40/200 | loss 0.6080 | acc 82.34%
2025-12-05 17:39:58,378 [INFO]   Epoch  50/200 | loss 0.5858 | acc 82.57%
2025-12-05 17:44:07,842 [INFO]   Epoch  60/200 | loss 0.6069 | acc 81.86%
2025-12-05 17:48:17,551 [INFO]   Epoch  70/200 | loss 0.5796 | acc 82.66%
2025-12-05 17:52:26,453 [INFO]   Epoch  80/200 | loss 0.5898 | acc 82.76%
2025-12-05 17:55:59,853 [INFO]   Epoch  90/200 | loss 0.5655 | acc 83.06%
2025-12-05 17:59:27,348 [INFO]   Epoch 100/200 | loss 0.5398 | acc 84.22%
2025-12-05 18:02:54,817 [INFO]   Epoch 110/200 | loss 0.5876 | acc 82.64%
2025-12-05 18:06:22,315 [INFO]   Epoch 120/200 | loss 0.5874 | acc 82.68%
2025-12-05 18:09:50,139 [INFO]   Epoch 130/200 | loss 0.5783 | acc 82.99%
2025-12-05 18:13:17,994 [INFO]   Epoch 140/200 | loss 0.5371 | acc 84.06%
2025-12-05 18:16:45,612 [INFO]   Epoch 150/200 | loss 0.5705 | acc 83.13%
2025-12-05 18:20:12,526 [INFO]   Epoch 160/200 | loss 0.5819 | acc 83.03%
2025-12-05 18:23:27,869 [INFO]   Epoch 170/200 | loss 0.0248 | acc 99.83%
2025-12-05 18:26:23,176 [INFO]   Epoch 180/200 | loss 0.0176 | acc 99.92%
2025-12-05 18:29:18,513 [INFO]   Epoch 190/200 | loss 0.0155 | acc 99.96%
2025-12-05 18:31:23,601 [INFO]   Epoch 200/200 | loss 0.0138 | acc 99.98%
2025-12-05 18:31:25,813 [INFO]   >> Test: loss 1.5509 | acc 63.64%
2025-12-05 18:36:56,204 [INFO] Cycle 10/10
2025-12-05 18:36:56,204 [INFO] Labeled set size: 20000, Unlabeled set size: 30000
2025-12-05 18:37:19,407 [INFO]   Epoch   1/200 | loss 1.4031 | acc 62.74%
2025-12-05 18:40:46,835 [INFO]   Epoch  10/200 | loss 0.7665 | acc 77.39%
2025-12-05 18:44:37,599 [INFO]   Epoch  20/200 | loss 0.7168 | acc 78.80%
2025-12-05 18:48:28,689 [INFO]   Epoch  30/200 | loss 0.6711 | acc 80.14%
2025-12-05 18:52:19,484 [INFO]   Epoch  40/200 | loss 0.6659 | acc 80.29%
2025-12-05 18:56:09,892 [INFO]   Epoch  50/200 | loss 0.6787 | acc 79.83%
2025-12-05 18:59:59,720 [INFO]   Epoch  60/200 | loss 0.6667 | acc 79.95%
2025-12-05 19:03:49,307 [INFO]   Epoch  70/200 | loss 0.6684 | acc 80.11%
2025-12-05 19:07:40,024 [INFO]   Epoch  80/200 | loss 0.6432 | acc 80.58%
2025-12-05 19:11:30,106 [INFO]   Epoch  90/200 | loss 0.6453 | acc 80.75%
2025-12-05 19:15:20,619 [INFO]   Epoch 100/200 | loss 0.6810 | acc 79.91%
2025-12-05 19:19:11,298 [INFO]   Epoch 110/200 | loss 0.6829 | acc 79.77%
2025-12-05 19:23:02,916 [INFO]   Epoch 120/200 | loss 0.6593 | acc 80.28%
2025-12-05 19:26:53,366 [INFO]   Epoch 130/200 | loss 0.6649 | acc 80.25%
2025-12-05 19:30:44,017 [INFO]   Epoch 140/200 | loss 0.6508 | acc 80.68%
2025-12-05 19:34:34,338 [INFO]   Epoch 150/200 | loss 0.6163 | acc 81.53%
2025-12-05 19:38:24,495 [INFO]   Epoch 160/200 | loss 0.6744 | acc 79.72%
2025-12-05 19:41:42,012 [INFO]   Epoch 170/200 | loss 0.0312 | acc 99.69%
2025-12-05 19:44:57,251 [INFO]   Epoch 180/200 | loss 0.0203 | acc 99.90%
2025-12-05 19:48:09,543 [INFO]   Epoch 190/200 | loss 0.0177 | acc 99.93%
2025-12-05 19:50:14,464 [INFO]   Epoch 200/200 | loss 0.0157 | acc 99.94%
2025-12-05 19:50:16,173 [INFO]   >> Test: loss 1.4642 | acc 65.67%
2025-12-05 19:52:57,933 [INFO] Saved checkpoint to: ./checkpoints/cifar100/resnet18_DQN_100.pth
