2025-12-05 10:52:34,814 [INFO] 로그 파일 경로: logs/cifar100/DQN_200step_20251205_105234.log
2025-12-05 10:52:34,899 [INFO] Using device: cuda:0
2025-12-05 10:52:42,073 [INFO] Cycle 1/10
2025-12-05 10:52:42,073 [INFO] Labeled set size: 2000, Unlabeled set size: 48000
2025-12-05 10:52:45,751 [INFO]   Epoch   1/200 | loss 4.9505 | acc 2.85%
2025-12-05 10:53:03,116 [INFO]   Epoch  10/200 | loss 3.6837 | acc 11.05%
2025-12-05 10:53:28,945 [INFO]   Epoch  20/200 | loss 2.8865 | acc 24.80%
2025-12-05 10:53:56,023 [INFO]   Epoch  30/200 | loss 1.8751 | acc 45.05%
2025-12-05 10:54:23,436 [INFO]   Epoch  40/200 | loss 0.9130 | acc 72.85%
2025-12-05 10:54:50,591 [INFO]   Epoch  50/200 | loss 0.3689 | acc 90.10%
2025-12-05 10:55:16,788 [INFO]   Epoch  60/200 | loss 0.1896 | acc 96.25%
2025-12-05 10:55:44,469 [INFO]   Epoch  70/200 | loss 0.0860 | acc 98.55%
2025-12-05 10:56:12,975 [INFO]   Epoch  80/200 | loss 0.0365 | acc 99.65%
2025-12-05 10:56:41,601 [INFO]   Epoch  90/200 | loss 0.0337 | acc 99.60%
2025-12-05 10:57:07,709 [INFO]   Epoch 100/200 | loss 0.0698 | acc 99.25%
2025-12-05 10:57:34,024 [INFO]   Epoch 110/200 | loss 0.1822 | acc 96.10%
2025-12-05 10:58:02,266 [INFO]   Epoch 120/200 | loss 0.0832 | acc 98.60%
2025-12-05 10:58:30,891 [INFO]   Epoch 130/200 | loss 0.0093 | acc 100.00%
2025-12-05 10:58:59,348 [INFO]   Epoch 140/200 | loss 0.0167 | acc 99.85%
2025-12-05 10:59:25,278 [INFO]   Epoch 150/200 | loss 0.0066 | acc 100.00%
2025-12-05 10:59:53,346 [INFO]   Epoch 160/200 | loss 0.0082 | acc 100.00%
2025-12-05 11:00:21,793 [INFO]   Epoch 170/200 | loss 0.0074 | acc 100.00%
2025-12-05 11:00:49,373 [INFO]   Epoch 180/200 | loss 0.0069 | acc 100.00%
2025-12-05 11:01:15,639 [INFO]   Epoch 190/200 | loss 0.0076 | acc 100.00%
2025-12-05 11:01:41,758 [INFO]   Epoch 200/200 | loss 0.0076 | acc 100.00%
2025-12-05 11:01:44,738 [INFO]   >> Test: loss 4.1373 | acc 21.03%
2025-12-05 11:09:09,070 [INFO] Cycle 2/10
2025-12-05 11:09:09,070 [INFO] Labeled set size: 4000, Unlabeled set size: 46000
2025-12-05 11:09:11,924 [INFO]   Epoch   1/200 | loss 1.8304 | acc 57.10%
2025-12-05 11:09:43,985 [INFO]   Epoch  10/200 | loss 0.6585 | acc 80.67%
2025-12-05 11:10:32,104 [INFO]   Epoch  20/200 | loss 0.2609 | acc 92.75%
2025-12-05 11:11:24,735 [INFO]   Epoch  30/200 | loss 0.1575 | acc 95.67%
2025-12-05 11:12:19,905 [INFO]   Epoch  40/200 | loss 0.1631 | acc 95.65%
2025-12-05 11:13:14,930 [INFO]   Epoch  50/200 | loss 0.1526 | acc 96.03%
2025-12-05 11:14:09,001 [INFO]   Epoch  60/200 | loss 0.2527 | acc 92.85%
2025-12-05 11:15:04,288 [INFO]   Epoch  70/200 | loss 0.2126 | acc 94.20%
2025-12-05 11:15:58,844 [INFO]   Epoch  80/200 | loss 0.0486 | acc 99.02%
2025-12-05 11:16:53,918 [INFO]   Epoch  90/200 | loss 0.1335 | acc 96.75%
2025-12-05 11:17:48,489 [INFO]   Epoch 100/200 | loss 0.2251 | acc 93.77%
2025-12-05 11:18:42,697 [INFO]   Epoch 110/200 | loss 0.0421 | acc 99.12%
2025-12-05 11:19:38,164 [INFO]   Epoch 120/200 | loss 0.0424 | acc 99.22%
2025-12-05 11:20:31,975 [INFO]   Epoch 130/200 | loss 0.3548 | acc 90.03%
2025-12-05 11:21:27,454 [INFO]   Epoch 140/200 | loss 0.1210 | acc 97.25%
2025-12-05 11:22:20,656 [INFO]   Epoch 150/200 | loss 0.0244 | acc 99.52%
2025-12-05 11:23:17,822 [INFO]   Epoch 160/200 | loss 0.0123 | acc 99.90%
2025-12-05 11:24:11,008 [INFO]   Epoch 170/200 | loss 0.0061 | acc 99.95%
2025-12-05 11:25:06,490 [INFO]   Epoch 180/200 | loss 0.0059 | acc 99.98%
2025-12-05 11:25:58,989 [INFO]   Epoch 190/200 | loss 0.0064 | acc 99.92%
2025-12-05 11:26:54,833 [INFO]   Epoch 200/200 | loss 0.0065 | acc 99.92%
2025-12-05 11:26:59,677 [INFO]   >> Test: loss 3.4595 | acc 27.56%
2025-12-05 11:34:47,169 [INFO] Cycle 3/10
2025-12-05 11:34:47,169 [INFO] Labeled set size: 6000, Unlabeled set size: 44000
2025-12-05 11:34:51,691 [INFO]   Epoch   1/200 | loss 2.0412 | acc 53.20%
2025-12-05 11:35:39,330 [INFO]   Epoch  10/200 | loss 0.6146 | acc 82.12%
2025-12-05 11:36:47,408 [INFO]   Epoch  20/200 | loss 0.1452 | acc 96.10%
2025-12-05 11:38:08,785 [INFO]   Epoch  30/200 | loss 0.2861 | acc 92.28%
2025-12-05 11:39:29,788 [INFO]   Epoch  40/200 | loss 0.1056 | acc 97.70%
2025-12-05 11:40:50,789 [INFO]   Epoch  50/200 | loss 0.0442 | acc 99.25%
2025-12-05 11:42:11,331 [INFO]   Epoch  60/200 | loss 0.8811 | acc 75.02%
2025-12-05 11:43:31,702 [INFO]   Epoch  70/200 | loss 0.0415 | acc 99.17%
2025-12-05 11:44:52,427 [INFO]   Epoch  80/200 | loss 0.0091 | acc 99.95%
2025-12-05 11:46:13,351 [INFO]   Epoch  90/200 | loss 0.0101 | acc 99.95%
2025-12-05 11:47:33,283 [INFO]   Epoch 100/200 | loss 0.7379 | acc 79.07%
2025-12-05 11:48:54,524 [INFO]   Epoch 110/200 | loss 0.1239 | acc 96.85%
2025-12-05 11:50:15,033 [INFO]   Epoch 120/200 | loss 0.1463 | acc 96.45%
2025-12-05 11:51:35,751 [INFO]   Epoch 130/200 | loss 0.1857 | acc 95.12%
2025-12-05 11:52:57,083 [INFO]   Epoch 140/200 | loss 0.0339 | acc 99.45%
2025-12-05 11:54:15,780 [INFO]   Epoch 150/200 | loss 0.0350 | acc 99.50%
2025-12-05 11:55:36,560 [INFO]   Epoch 160/200 | loss 0.1751 | acc 95.48%
2025-12-05 11:56:56,501 [INFO]   Epoch 170/200 | loss 0.0116 | acc 99.93%
2025-12-05 11:58:17,207 [INFO]   Epoch 180/200 | loss 0.0081 | acc 99.95%
2025-12-05 11:59:38,597 [INFO]   Epoch 190/200 | loss 0.0077 | acc 99.93%
2025-12-05 12:00:57,364 [INFO]   Epoch 200/200 | loss 0.0074 | acc 99.97%
2025-12-05 12:01:02,930 [INFO]   >> Test: loss 3.2223 | acc 37.10%
2025-12-05 12:09:30,004 [INFO] Cycle 4/10
2025-12-05 12:09:30,004 [INFO] Labeled set size: 8000, Unlabeled set size: 42000
2025-12-05 12:09:35,776 [INFO]   Epoch   1/200 | loss 1.5655 | acc 63.96%
2025-12-05 12:10:26,729 [INFO]   Epoch  10/200 | loss 0.4785 | acc 86.45%
2025-12-05 12:11:52,893 [INFO]   Epoch  20/200 | loss 0.2334 | acc 93.25%
2025-12-05 12:13:42,191 [INFO]   Epoch  30/200 | loss 0.1824 | acc 95.17%
2025-12-05 12:15:30,090 [INFO]   Epoch  40/200 | loss 0.3171 | acc 90.83%
2025-12-05 12:17:19,493 [INFO]   Epoch  50/200 | loss 0.1468 | acc 96.26%
2025-12-05 12:19:05,522 [INFO]   Epoch  60/200 | loss 0.2152 | acc 93.73%
2025-12-05 12:20:55,083 [INFO]   Epoch  70/200 | loss 0.3656 | acc 89.33%
2025-12-05 12:22:42,582 [INFO]   Epoch  80/200 | loss 0.1978 | acc 94.66%
2025-12-05 12:24:31,391 [INFO]   Epoch  90/200 | loss 0.2482 | acc 92.85%
2025-12-05 12:26:19,791 [INFO]   Epoch 100/200 | loss 0.2316 | acc 93.36%
2025-12-05 12:28:07,743 [INFO]   Epoch 110/200 | loss 0.1175 | acc 97.17%
2025-12-05 12:29:55,681 [INFO]   Epoch 120/200 | loss 0.2362 | acc 93.61%
2025-12-05 12:31:44,144 [INFO]   Epoch 130/200 | loss 0.1641 | acc 95.78%
2025-12-05 12:33:32,722 [INFO]   Epoch 140/200 | loss 0.1539 | acc 95.65%
2025-12-05 12:35:20,500 [INFO]   Epoch 150/200 | loss 0.2238 | acc 93.89%
2025-12-05 12:37:08,423 [INFO]   Epoch 160/200 | loss 0.2404 | acc 93.36%
2025-12-05 12:38:56,705 [INFO]   Epoch 170/200 | loss 0.0106 | acc 99.94%
2025-12-05 12:40:44,766 [INFO]   Epoch 180/200 | loss 0.0078 | acc 99.99%
2025-12-05 12:42:32,724 [INFO]   Epoch 190/200 | loss 0.0070 | acc 99.96%
2025-12-05 12:44:21,234 [INFO]   Epoch 200/200 | loss 0.0069 | acc 99.98%
2025-12-05 12:44:26,692 [INFO]   >> Test: loss 2.7084 | acc 43.85%
2025-12-05 12:52:44,195 [INFO] Cycle 5/10
2025-12-05 12:52:44,195 [INFO] Labeled set size: 10000, Unlabeled set size: 40000
2025-12-05 12:52:51,352 [INFO]   Epoch   1/200 | loss 1.3086 | acc 69.25%
2025-12-05 12:53:53,585 [INFO]   Epoch  10/200 | loss 0.5193 | acc 84.99%
2025-12-05 12:55:39,278 [INFO]   Epoch  20/200 | loss 0.3059 | acc 91.58%
2025-12-05 12:57:52,783 [INFO]   Epoch  30/200 | loss 0.4124 | acc 87.95%
2025-12-05 13:00:06,920 [INFO]   Epoch  40/200 | loss 0.5335 | acc 84.66%
2025-12-05 13:02:21,030 [INFO]   Epoch  50/200 | loss 0.4335 | acc 87.26%
2025-12-05 13:04:35,445 [INFO]   Epoch  60/200 | loss 0.3230 | acc 90.67%
2025-12-05 13:06:50,015 [INFO]   Epoch  70/200 | loss 0.4009 | acc 88.57%
2025-12-05 13:09:04,060 [INFO]   Epoch  80/200 | loss 0.3115 | acc 91.37%
2025-12-05 13:11:17,228 [INFO]   Epoch  90/200 | loss 0.3996 | acc 88.28%
2025-12-05 13:13:31,602 [INFO]   Epoch 100/200 | loss 0.3275 | acc 90.48%
2025-12-05 13:15:45,325 [INFO]   Epoch 110/200 | loss 0.2575 | acc 92.86%
2025-12-05 13:17:59,469 [INFO]   Epoch 120/200 | loss 0.3045 | acc 91.42%
2025-12-05 13:20:14,258 [INFO]   Epoch 130/200 | loss 0.2767 | acc 92.27%
2025-12-05 13:22:28,052 [INFO]   Epoch 140/200 | loss 0.2695 | acc 92.29%
2025-12-05 13:24:41,664 [INFO]   Epoch 150/200 | loss 0.3759 | acc 89.18%
2025-12-05 13:26:56,063 [INFO]   Epoch 160/200 | loss 0.2634 | acc 92.22%
2025-12-05 13:29:10,850 [INFO]   Epoch 170/200 | loss 0.0132 | acc 99.92%
2025-12-05 13:31:24,996 [INFO]   Epoch 180/200 | loss 0.0108 | acc 99.93%
2025-12-05 13:33:38,693 [INFO]   Epoch 190/200 | loss 0.0092 | acc 99.96%
2025-12-05 13:35:52,965 [INFO]   Epoch 200/200 | loss 0.0102 | acc 99.97%
2025-12-05 13:35:58,245 [INFO]   >> Test: loss 2.3403 | acc 49.76%
2025-12-05 13:44:34,348 [INFO] Cycle 6/10
2025-12-05 13:44:34,348 [INFO] Labeled set size: 12000, Unlabeled set size: 38000
2025-12-05 13:44:42,881 [INFO]   Epoch   1/200 | loss 1.1252 | acc 73.21%
2025-12-05 13:45:57,342 [INFO]   Epoch  10/200 | loss 0.4938 | acc 85.93%
2025-12-05 13:47:44,176 [INFO]   Epoch  20/200 | loss 0.4345 | acc 87.39%
2025-12-05 13:50:20,039 [INFO]   Epoch  30/200 | loss 0.3691 | acc 88.89%
2025-12-05 13:53:01,363 [INFO]   Epoch  40/200 | loss 0.4131 | acc 87.90%
2025-12-05 13:55:41,663 [INFO]   Epoch  50/200 | loss 0.4016 | acc 88.33%
2025-12-05 13:58:22,484 [INFO]   Epoch  60/200 | loss 0.4154 | acc 88.14%
2025-12-05 14:01:03,815 [INFO]   Epoch  70/200 | loss 0.3893 | acc 88.32%
2025-12-05 14:03:44,099 [INFO]   Epoch  80/200 | loss 0.3550 | acc 89.70%
2025-12-05 14:06:25,621 [INFO]   Epoch  90/200 | loss 0.3787 | acc 89.19%
2025-12-05 14:09:06,559 [INFO]   Epoch 100/200 | loss 0.3258 | acc 90.40%
2025-12-05 14:11:47,451 [INFO]   Epoch 110/200 | loss 0.3913 | acc 88.38%
2025-12-05 14:14:28,268 [INFO]   Epoch 120/200 | loss 0.4128 | acc 88.13%
2025-12-05 14:17:09,298 [INFO]   Epoch 130/200 | loss 0.3564 | acc 89.58%
2025-12-05 14:19:49,377 [INFO]   Epoch 140/200 | loss 0.3481 | acc 89.70%
2025-12-05 14:22:30,169 [INFO]   Epoch 150/200 | loss 0.4184 | acc 87.80%
2025-12-05 14:25:10,704 [INFO]   Epoch 160/200 | loss 0.3865 | acc 88.83%
2025-12-05 14:27:52,271 [INFO]   Epoch 170/200 | loss 0.0157 | acc 99.90%
2025-12-05 14:30:32,877 [INFO]   Epoch 180/200 | loss 0.0116 | acc 99.92%
2025-12-05 14:33:13,939 [INFO]   Epoch 190/200 | loss 0.0101 | acc 99.98%
2025-12-05 14:35:55,128 [INFO]   Epoch 200/200 | loss 0.0101 | acc 99.95%
2025-12-05 14:36:00,275 [INFO]   >> Test: loss 2.0343 | acc 54.16%
2025-12-05 14:45:01,439 [INFO] Cycle 7/10
2025-12-05 14:45:01,439 [INFO] Labeled set size: 14000, Unlabeled set size: 36000
2025-12-05 14:45:11,186 [INFO]   Epoch   1/200 | loss 1.1564 | acc 71.54%
2025-12-05 14:46:38,060 [INFO]   Epoch  10/200 | loss 0.5629 | acc 83.49%
2025-12-05 14:48:25,325 [INFO]   Epoch  20/200 | loss 0.4895 | acc 85.76%
2025-12-05 14:51:21,780 [INFO]   Epoch  30/200 | loss 0.4829 | acc 85.98%
2025-12-05 14:54:30,171 [INFO]   Epoch  40/200 | loss 0.4815 | acc 85.64%
2025-12-05 14:57:38,588 [INFO]   Epoch  50/200 | loss 0.4505 | acc 86.74%
2025-12-05 15:00:47,101 [INFO]   Epoch  60/200 | loss 0.4394 | acc 86.96%
2025-12-05 15:03:55,288 [INFO]   Epoch  70/200 | loss 0.4510 | acc 86.74%
2025-12-05 15:07:03,388 [INFO]   Epoch  80/200 | loss 0.4273 | acc 87.53%
2025-12-05 15:10:11,314 [INFO]   Epoch  90/200 | loss 0.4497 | acc 86.94%
2025-12-05 15:13:19,926 [INFO]   Epoch 100/200 | loss 0.4595 | acc 86.58%
2025-12-05 15:16:27,933 [INFO]   Epoch 110/200 | loss 0.4609 | acc 86.16%
2025-12-05 15:19:37,160 [INFO]   Epoch 120/200 | loss 0.4107 | acc 87.89%
2025-12-05 15:22:45,450 [INFO]   Epoch 130/200 | loss 0.4662 | acc 86.63%
2025-12-05 15:25:53,527 [INFO]   Epoch 140/200 | loss 0.4388 | acc 87.36%
2025-12-05 15:29:01,599 [INFO]   Epoch 150/200 | loss 0.4181 | acc 87.71%
2025-12-05 15:32:10,257 [INFO]   Epoch 160/200 | loss 0.4615 | acc 86.48%
2025-12-05 15:35:18,913 [INFO]   Epoch 170/200 | loss 0.0188 | acc 99.83%
2025-12-05 15:38:26,245 [INFO]   Epoch 180/200 | loss 0.0132 | acc 99.96%
2025-12-05 15:41:35,334 [INFO]   Epoch 190/200 | loss 0.0119 | acc 99.97%
2025-12-05 15:44:43,397 [INFO]   Epoch 200/200 | loss 0.0117 | acc 99.98%
2025-12-05 15:44:48,961 [INFO]   >> Test: loss 1.8258 | acc 58.15%
2025-12-05 15:54:39,428 [INFO] Cycle 8/10
2025-12-05 15:54:39,428 [INFO] Labeled set size: 16000, Unlabeled set size: 34000
2025-12-05 15:54:50,227 [INFO]   Epoch   1/200 | loss 1.1142 | acc 71.84%
2025-12-05 15:56:29,055 [INFO]   Epoch  10/200 | loss 0.6124 | acc 82.27%
2025-12-05 15:58:17,655 [INFO]   Epoch  20/200 | loss 0.5600 | acc 83.49%
2025-12-05 16:01:29,168 [INFO]   Epoch  30/200 | loss 0.5586 | acc 83.66%
2025-12-05 16:05:04,513 [INFO]   Epoch  40/200 | loss 0.5398 | acc 84.15%
2025-12-05 16:08:38,748 [INFO]   Epoch  50/200 | loss 0.5081 | acc 84.84%
2025-12-05 16:12:13,960 [INFO]   Epoch  60/200 | loss 0.5085 | acc 84.93%
2025-12-05 16:15:49,803 [INFO]   Epoch  70/200 | loss 0.5102 | acc 84.89%
2025-12-05 16:19:24,755 [INFO]   Epoch  80/200 | loss 0.4796 | acc 85.75%
2025-12-05 16:23:00,077 [INFO]   Epoch  90/200 | loss 0.5171 | acc 84.69%
2025-12-05 16:26:34,708 [INFO]   Epoch 100/200 | loss 0.5382 | acc 84.48%
2025-12-05 16:30:08,911 [INFO]   Epoch 110/200 | loss 0.5126 | acc 84.90%
2025-12-05 16:33:43,382 [INFO]   Epoch 120/200 | loss 0.4620 | acc 86.27%
2025-12-05 16:37:18,396 [INFO]   Epoch 130/200 | loss 0.5362 | acc 84.11%
2025-12-05 16:40:52,930 [INFO]   Epoch 140/200 | loss 0.5089 | acc 84.75%
2025-12-05 16:44:27,611 [INFO]   Epoch 150/200 | loss 0.4972 | acc 85.16%
2025-12-05 16:48:03,179 [INFO]   Epoch 160/200 | loss 0.4335 | acc 87.12%
2025-12-05 16:51:37,947 [INFO]   Epoch 170/200 | loss 0.0194 | acc 99.84%
2025-12-05 16:55:12,822 [INFO]   Epoch 180/200 | loss 0.0139 | acc 99.94%
2025-12-05 16:58:47,240 [INFO]   Epoch 190/200 | loss 0.0128 | acc 99.97%
2025-12-05 17:02:22,741 [INFO]   Epoch 200/200 | loss 0.0128 | acc 99.98%
2025-12-05 17:02:27,938 [INFO]   >> Test: loss 1.6510 | acc 60.98%
2025-12-05 17:12:26,265 [INFO] Cycle 9/10
2025-12-05 17:12:26,266 [INFO] Labeled set size: 18000, Unlabeled set size: 32000
2025-12-05 17:12:38,487 [INFO]   Epoch   1/200 | loss 1.3149 | acc 65.72%
2025-12-05 17:14:29,506 [INFO]   Epoch  10/200 | loss 0.7105 | acc 78.97%
2025-12-05 17:16:33,120 [INFO]   Epoch  20/200 | loss 0.5993 | acc 82.51%
2025-12-05 17:19:34,600 [INFO]   Epoch  30/200 | loss 0.5869 | acc 82.82%
2025-12-05 17:23:35,873 [INFO]   Epoch  40/200 | loss 0.5879 | acc 82.79%
2025-12-05 17:27:37,020 [INFO]   Epoch  50/200 | loss 0.5892 | acc 82.39%
2025-12-05 17:31:38,341 [INFO]   Epoch  60/200 | loss 0.5854 | acc 82.83%
2025-12-05 17:35:41,686 [INFO]   Epoch  70/200 | loss 0.6103 | acc 81.72%
2025-12-05 17:39:49,325 [INFO]   Epoch  80/200 | loss 0.5720 | acc 83.17%
2025-12-05 17:43:50,757 [INFO]   Epoch  90/200 | loss 0.5999 | acc 82.30%
2025-12-05 17:47:57,786 [INFO]   Epoch 100/200 | loss 0.5604 | acc 83.31%
2025-12-05 17:51:59,017 [INFO]   Epoch 110/200 | loss 0.5882 | acc 82.49%
2025-12-05 17:55:31,027 [INFO]   Epoch 120/200 | loss 0.5774 | acc 82.61%
2025-12-05 17:58:52,574 [INFO]   Epoch 130/200 | loss 0.5524 | acc 83.59%
2025-12-05 18:02:13,355 [INFO]   Epoch 140/200 | loss 0.5905 | acc 82.62%
2025-12-05 18:05:34,565 [INFO]   Epoch 150/200 | loss 0.5595 | acc 83.33%
2025-12-05 18:08:55,487 [INFO]   Epoch 160/200 | loss 0.5267 | acc 84.48%
2025-12-05 18:12:16,432 [INFO]   Epoch 170/200 | loss 0.0239 | acc 99.77%
2025-12-05 18:15:37,582 [INFO]   Epoch 180/200 | loss 0.0165 | acc 99.96%
2025-12-05 18:18:59,221 [INFO]   Epoch 190/200 | loss 0.0150 | acc 99.94%
2025-12-05 18:22:20,345 [INFO]   Epoch 200/200 | loss 0.0141 | acc 99.96%
2025-12-05 18:22:24,874 [INFO]   >> Test: loss 1.5202 | acc 63.79%
2025-12-05 18:30:59,375 [INFO] Cycle 10/10
2025-12-05 18:30:59,375 [INFO] Labeled set size: 20000, Unlabeled set size: 30000
2025-12-05 18:31:11,864 [INFO]   Epoch   1/200 | loss 1.3628 | acc 64.32%
2025-12-05 18:32:35,546 [INFO]   Epoch  10/200 | loss 0.7920 | acc 76.53%
2025-12-05 18:34:03,832 [INFO]   Epoch  20/200 | loss 0.6635 | acc 80.49%
2025-12-05 18:35:37,318 [INFO]   Epoch  30/200 | loss 0.6506 | acc 80.69%
2025-12-05 18:39:07,556 [INFO]   Epoch  40/200 | loss 0.6628 | acc 80.29%
2025-12-05 18:42:50,952 [INFO]   Epoch  50/200 | loss 0.6766 | acc 80.06%
2025-12-05 18:46:34,543 [INFO]   Epoch  60/200 | loss 0.6673 | acc 80.23%
2025-12-05 18:50:17,986 [INFO]   Epoch  70/200 | loss 0.6662 | acc 80.26%
2025-12-05 18:54:00,531 [INFO]   Epoch  80/200 | loss 0.6676 | acc 80.23%
2025-12-05 18:57:43,463 [INFO]   Epoch  90/200 | loss 0.6531 | acc 80.50%
2025-12-05 19:01:27,173 [INFO]   Epoch 100/200 | loss 0.6354 | acc 81.06%
2025-12-05 19:05:10,420 [INFO]   Epoch 110/200 | loss 0.6456 | acc 80.97%
2025-12-05 19:08:53,666 [INFO]   Epoch 120/200 | loss 0.6945 | acc 79.44%
2025-12-05 19:12:37,887 [INFO]   Epoch 130/200 | loss 0.6549 | acc 80.62%
2025-12-05 19:16:21,003 [INFO]   Epoch 140/200 | loss 0.6449 | acc 80.78%
2025-12-05 19:20:03,053 [INFO]   Epoch 150/200 | loss 0.6537 | acc 80.86%
2025-12-05 19:23:46,505 [INFO]   Epoch 160/200 | loss 0.6500 | acc 80.83%
2025-12-05 19:27:30,172 [INFO]   Epoch 170/200 | loss 0.0290 | acc 99.76%
2025-12-05 19:31:13,292 [INFO]   Epoch 180/200 | loss 0.0187 | acc 99.94%
2025-12-05 19:34:57,046 [INFO]   Epoch 190/200 | loss 0.0176 | acc 99.94%
2025-12-05 19:38:40,829 [INFO]   Epoch 200/200 | loss 0.0154 | acc 99.96%
2025-12-05 19:38:45,385 [INFO]   >> Test: loss 1.4418 | acc 65.52%
2025-12-05 19:47:16,887 [INFO] Saved checkpoint to: ./checkpoints/cifar100/resnet18_DQN_200.pth
