2025-12-05 10:52:31,905 [INFO] 로그 파일 경로: logs/cifar100/random_20251205_105231.log
2025-12-05 10:52:32,025 [INFO] Using device: cuda:0
2025-12-05 10:52:36,992 [INFO] Cycle 1/10
2025-12-05 10:52:36,992 [INFO] Labeled set size: 2000, Unlabeled set size: 48000
2025-12-05 10:52:38,912 [INFO]   Epoch   1/200 | loss 4.9505 | acc 2.85%
2025-12-05 10:52:53,191 [INFO]   Epoch  10/200 | loss 3.6837 | acc 11.05%
2025-12-05 10:53:21,364 [INFO]   Epoch  20/200 | loss 2.8865 | acc 24.80%
2025-12-05 10:53:49,866 [INFO]   Epoch  30/200 | loss 1.8751 | acc 45.05%
2025-12-05 10:54:17,202 [INFO]   Epoch  40/200 | loss 0.9130 | acc 72.85%
2025-12-05 10:54:48,625 [INFO]   Epoch  50/200 | loss 0.3689 | acc 90.10%
2025-12-05 10:55:18,919 [INFO]   Epoch  60/200 | loss 0.1896 | acc 96.25%
2025-12-05 10:55:50,774 [INFO]   Epoch  70/200 | loss 0.0860 | acc 98.55%
2025-12-05 10:56:22,807 [INFO]   Epoch  80/200 | loss 0.0365 | acc 99.65%
2025-12-05 10:56:54,138 [INFO]   Epoch  90/200 | loss 0.0337 | acc 99.60%
2025-12-05 10:57:24,604 [INFO]   Epoch 100/200 | loss 0.0698 | acc 99.25%
2025-12-05 10:57:56,138 [INFO]   Epoch 110/200 | loss 0.1822 | acc 96.10%
2025-12-05 10:58:27,830 [INFO]   Epoch 120/200 | loss 0.0832 | acc 98.60%
2025-12-05 10:58:59,691 [INFO]   Epoch 130/200 | loss 0.0093 | acc 100.00%
2025-12-05 10:59:31,536 [INFO]   Epoch 140/200 | loss 0.0167 | acc 99.85%
2025-12-05 11:00:02,804 [INFO]   Epoch 150/200 | loss 0.0066 | acc 100.00%
2025-12-05 11:00:34,459 [INFO]   Epoch 160/200 | loss 0.0082 | acc 100.00%
2025-12-05 11:01:05,995 [INFO]   Epoch 170/200 | loss 0.0074 | acc 100.00%
2025-12-05 11:01:38,181 [INFO]   Epoch 180/200 | loss 0.0069 | acc 100.00%
2025-12-05 11:02:05,915 [INFO]   Epoch 190/200 | loss 0.0076 | acc 100.00%
2025-12-05 11:02:27,869 [INFO]   Epoch 200/200 | loss 0.0076 | acc 100.00%
2025-12-05 11:02:29,932 [INFO]   >> Test: loss 4.1373 | acc 21.03%
2025-12-05 11:02:30,749 [INFO] Cycle 2/10
2025-12-05 11:02:30,749 [INFO] Labeled set size: 4000, Unlabeled set size: 46000
2025-12-05 11:02:33,208 [INFO]   Epoch   1/200 | loss 3.0194 | acc 31.95%
2025-12-05 11:02:55,338 [INFO]   Epoch  10/200 | loss 1.1156 | acc 67.53%
2025-12-05 11:03:20,069 [INFO]   Epoch  20/200 | loss 0.3302 | acc 90.97%
2025-12-05 11:03:44,948 [INFO]   Epoch  30/200 | loss 0.1575 | acc 96.25%
2025-12-05 11:04:09,255 [INFO]   Epoch  40/200 | loss 0.1480 | acc 96.43%
2025-12-05 11:04:33,583 [INFO]   Epoch  50/200 | loss 0.2003 | acc 94.65%
2025-12-05 11:04:58,032 [INFO]   Epoch  60/200 | loss 0.0712 | acc 98.85%
2025-12-05 11:05:22,967 [INFO]   Epoch  70/200 | loss 0.2334 | acc 94.47%
2025-12-05 11:05:47,778 [INFO]   Epoch  80/200 | loss 0.1429 | acc 96.53%
2025-12-05 11:06:12,006 [INFO]   Epoch  90/200 | loss 0.0196 | acc 99.67%
2025-12-05 11:06:36,856 [INFO]   Epoch 100/200 | loss 0.0342 | acc 99.62%
2025-12-05 11:07:01,252 [INFO]   Epoch 110/200 | loss 0.0517 | acc 99.35%
2025-12-05 11:07:25,557 [INFO]   Epoch 120/200 | loss 0.1896 | acc 95.33%
2025-12-05 11:07:49,883 [INFO]   Epoch 130/200 | loss 0.0810 | acc 98.62%
2025-12-05 11:08:14,228 [INFO]   Epoch 140/200 | loss 0.1220 | acc 97.45%
2025-12-05 11:08:38,952 [INFO]   Epoch 150/200 | loss 0.3091 | acc 91.27%
2025-12-05 11:09:03,328 [INFO]   Epoch 160/200 | loss 0.0933 | acc 97.80%
2025-12-05 11:09:34,617 [INFO]   Epoch 170/200 | loss 0.0069 | acc 99.98%
2025-12-05 11:10:20,086 [INFO]   Epoch 180/200 | loss 0.0063 | acc 100.00%
2025-12-05 11:11:18,817 [INFO]   Epoch 190/200 | loss 0.0055 | acc 100.00%
2025-12-05 11:12:17,778 [INFO]   Epoch 200/200 | loss 0.0049 | acc 100.00%
2025-12-05 11:12:23,164 [INFO]   >> Test: loss 3.7651 | acc 30.81%
2025-12-05 11:12:24,131 [INFO] Cycle 3/10
2025-12-05 11:12:24,131 [INFO] Labeled set size: 6000, Unlabeled set size: 44000
2025-12-05 11:12:32,194 [INFO]   Epoch   1/200 | loss 1.6995 | acc 62.57%
2025-12-05 11:13:41,613 [INFO]   Epoch  10/200 | loss 0.3388 | acc 90.35%
2025-12-05 11:15:01,216 [INFO]   Epoch  20/200 | loss 0.1498 | acc 95.92%
2025-12-05 11:16:21,074 [INFO]   Epoch  30/200 | loss 0.2226 | acc 93.38%
2025-12-05 11:17:42,529 [INFO]   Epoch  40/200 | loss 0.1012 | acc 97.58%
2025-12-05 11:19:03,619 [INFO]   Epoch  50/200 | loss 0.0559 | acc 98.83%
2025-12-05 11:20:24,315 [INFO]   Epoch  60/200 | loss 0.0117 | acc 99.95%
2025-12-05 11:21:41,894 [INFO]   Epoch  70/200 | loss 0.0110 | acc 100.00%
2025-12-05 11:22:59,814 [INFO]   Epoch  80/200 | loss 0.9991 | acc 71.32%
2025-12-05 11:24:16,965 [INFO]   Epoch  90/200 | loss 0.1816 | acc 95.10%
2025-12-05 11:25:36,350 [INFO]   Epoch 100/200 | loss 0.2179 | acc 94.03%
2025-12-05 11:26:55,745 [INFO]   Epoch 110/200 | loss 0.2271 | acc 93.90%
2025-12-05 11:27:55,353 [INFO]   Epoch 120/200 | loss 0.1080 | acc 97.47%
2025-12-05 11:28:39,197 [INFO]   Epoch 130/200 | loss 0.3912 | acc 88.35%
2025-12-05 11:29:12,860 [INFO]   Epoch 140/200 | loss 0.0276 | acc 99.48%
2025-12-05 11:29:46,778 [INFO]   Epoch 150/200 | loss 0.0071 | acc 100.00%
2025-12-05 11:30:20,400 [INFO]   Epoch 160/200 | loss 0.0100 | acc 100.00%
2025-12-05 11:30:54,150 [INFO]   Epoch 170/200 | loss 0.0083 | acc 100.00%
2025-12-05 11:31:27,889 [INFO]   Epoch 180/200 | loss 0.0083 | acc 100.00%
2025-12-05 11:32:01,523 [INFO]   Epoch 190/200 | loss 0.0086 | acc 100.00%
2025-12-05 11:32:35,224 [INFO]   Epoch 200/200 | loss 0.0086 | acc 100.00%
2025-12-05 11:32:37,248 [INFO]   >> Test: loss 2.4952 | acc 42.19%
2025-12-05 11:32:37,993 [INFO] Cycle 4/10
2025-12-05 11:32:37,993 [INFO] Labeled set size: 8000, Unlabeled set size: 42000
2025-12-05 11:32:42,252 [INFO]   Epoch   1/200 | loss 2.3297 | acc 42.70%
2025-12-05 11:33:20,803 [INFO]   Epoch  10/200 | loss 0.6363 | acc 81.46%
2025-12-05 11:34:04,185 [INFO]   Epoch  20/200 | loss 0.3051 | acc 91.11%
2025-12-05 11:34:46,991 [INFO]   Epoch  30/200 | loss 0.2162 | acc 93.80%
2025-12-05 11:35:58,288 [INFO]   Epoch  40/200 | loss 0.3445 | acc 89.48%
2025-12-05 11:37:41,571 [INFO]   Epoch  50/200 | loss 0.2634 | acc 92.41%
2025-12-05 11:39:30,569 [INFO]   Epoch  60/200 | loss 0.1602 | acc 95.59%
2025-12-05 11:41:20,056 [INFO]   Epoch  70/200 | loss 0.2070 | acc 94.30%
2025-12-05 11:43:09,963 [INFO]   Epoch  80/200 | loss 0.2854 | acc 91.61%
2025-12-05 11:44:59,667 [INFO]   Epoch  90/200 | loss 0.1496 | acc 95.97%
2025-12-05 11:46:49,344 [INFO]   Epoch 100/200 | loss 0.2269 | acc 93.69%
2025-12-05 11:48:38,526 [INFO]   Epoch 110/200 | loss 0.4485 | acc 87.71%
2025-12-05 11:50:27,332 [INFO]   Epoch 120/200 | loss 0.1178 | acc 96.99%
2025-12-05 11:52:16,932 [INFO]   Epoch 130/200 | loss 0.2006 | acc 94.45%
2025-12-05 11:54:05,529 [INFO]   Epoch 140/200 | loss 0.2744 | acc 92.47%
2025-12-05 11:55:52,376 [INFO]   Epoch 150/200 | loss 0.1411 | acc 96.41%
2025-12-05 11:57:41,617 [INFO]   Epoch 160/200 | loss 0.2206 | acc 93.94%
2025-12-05 11:59:29,984 [INFO]   Epoch 170/200 | loss 0.0107 | acc 99.99%
2025-12-05 12:01:16,592 [INFO]   Epoch 180/200 | loss 0.0081 | acc 99.98%
2025-12-05 12:02:39,583 [INFO]   Epoch 190/200 | loss 0.0071 | acc 100.00%
2025-12-05 12:03:35,380 [INFO]   Epoch 200/200 | loss 0.0072 | acc 99.99%
2025-12-05 12:03:37,409 [INFO]   >> Test: loss 2.5145 | acc 46.77%
2025-12-05 12:03:38,157 [INFO] Cycle 5/10
2025-12-05 12:03:38,157 [INFO] Labeled set size: 10000, Unlabeled set size: 40000
2025-12-05 12:03:43,390 [INFO]   Epoch   1/200 | loss 0.9336 | acc 77.70%
2025-12-05 12:04:30,583 [INFO]   Epoch  10/200 | loss 0.5824 | acc 83.34%
2025-12-05 12:05:22,830 [INFO]   Epoch  20/200 | loss 0.3596 | acc 89.54%
2025-12-05 12:06:15,106 [INFO]   Epoch  30/200 | loss 0.3557 | acc 89.32%
2025-12-05 12:07:06,348 [INFO]   Epoch  40/200 | loss 0.3592 | acc 89.47%
2025-12-05 12:07:57,926 [INFO]   Epoch  50/200 | loss 0.2818 | acc 91.97%
2025-12-05 12:08:48,783 [INFO]   Epoch  60/200 | loss 0.2968 | acc 91.34%
2025-12-05 12:09:43,759 [INFO]   Epoch  70/200 | loss 0.3865 | acc 88.75%
2025-12-05 12:11:08,041 [INFO]   Epoch  80/200 | loss 0.3802 | acc 88.96%
2025-12-05 12:13:11,448 [INFO]   Epoch  90/200 | loss 0.2994 | acc 91.45%
2025-12-05 12:15:29,511 [INFO]   Epoch 100/200 | loss 0.4887 | acc 85.49%
2025-12-05 12:17:47,439 [INFO]   Epoch 110/200 | loss 0.4531 | acc 87.25%
2025-12-05 12:20:04,885 [INFO]   Epoch 120/200 | loss 0.3267 | acc 90.65%
2025-12-05 12:22:22,877 [INFO]   Epoch 130/200 | loss 0.3084 | acc 91.15%
2025-12-05 12:24:40,616 [INFO]   Epoch 140/200 | loss 0.1747 | acc 95.15%
2025-12-05 12:26:59,119 [INFO]   Epoch 150/200 | loss 0.2980 | acc 91.17%
2025-12-05 12:29:17,072 [INFO]   Epoch 160/200 | loss 0.3314 | acc 90.33%
2025-12-05 12:31:34,391 [INFO]   Epoch 170/200 | loss 0.0165 | acc 99.92%
2025-12-05 12:33:52,614 [INFO]   Epoch 180/200 | loss 0.0111 | acc 99.98%
2025-12-05 12:36:10,814 [INFO]   Epoch 190/200 | loss 0.0104 | acc 99.98%
2025-12-05 12:38:28,556 [INFO]   Epoch 200/200 | loss 0.0114 | acc 99.96%
2025-12-05 12:38:34,044 [INFO]   >> Test: loss 2.2509 | acc 51.39%
2025-12-05 12:38:34,757 [INFO] Cycle 6/10
2025-12-05 12:38:34,757 [INFO] Labeled set size: 12000, Unlabeled set size: 38000
2025-12-05 12:38:51,035 [INFO]   Epoch   1/200 | loss 0.7575 | acc 81.27%
2025-12-05 12:41:18,533 [INFO]   Epoch  10/200 | loss 0.4120 | acc 87.79%
2025-12-05 12:44:01,841 [INFO]   Epoch  20/200 | loss 0.3244 | acc 90.58%
2025-12-05 12:46:24,219 [INFO]   Epoch  30/200 | loss 0.3136 | acc 90.69%
2025-12-05 12:47:55,175 [INFO]   Epoch  40/200 | loss 0.3331 | acc 89.99%
2025-12-05 12:48:57,118 [INFO]   Epoch  50/200 | loss 0.3288 | acc 89.91%
2025-12-05 12:49:58,599 [INFO]   Epoch  60/200 | loss 0.3041 | acc 91.06%
2025-12-05 12:51:00,277 [INFO]   Epoch  70/200 | loss 0.2873 | acc 91.51%
2025-12-05 12:52:01,551 [INFO]   Epoch  80/200 | loss 0.3200 | acc 90.53%
2025-12-05 12:53:09,108 [INFO]   Epoch  90/200 | loss 0.3214 | acc 90.48%
2025-12-05 12:54:50,277 [INFO]   Epoch 100/200 | loss 0.3122 | acc 90.77%
2025-12-05 12:57:21,971 [INFO]   Epoch 110/200 | loss 0.3361 | acc 90.20%
2025-12-05 13:00:07,177 [INFO]   Epoch 120/200 | loss 0.3111 | acc 90.86%
2025-12-05 13:02:51,573 [INFO]   Epoch 130/200 | loss 0.3144 | acc 90.87%
2025-12-05 13:05:36,022 [INFO]   Epoch 140/200 | loss 0.2705 | acc 92.11%
2025-12-05 13:08:20,683 [INFO]   Epoch 150/200 | loss 0.3202 | acc 90.58%
2025-12-05 13:11:05,343 [INFO]   Epoch 160/200 | loss 0.2664 | acc 92.14%
2025-12-05 13:13:49,409 [INFO]   Epoch 170/200 | loss 0.0132 | acc 99.92%
2025-12-05 13:16:33,972 [INFO]   Epoch 180/200 | loss 0.0100 | acc 99.96%
2025-12-05 13:19:18,355 [INFO]   Epoch 190/200 | loss 0.0095 | acc 99.98%
2025-12-05 13:22:02,633 [INFO]   Epoch 200/200 | loss 0.0100 | acc 99.98%
2025-12-05 13:22:07,841 [INFO]   >> Test: loss 1.9264 | acc 56.05%
2025-12-05 13:22:08,522 [INFO] Cycle 7/10
2025-12-05 13:22:08,522 [INFO] Labeled set size: 14000, Unlabeled set size: 36000
2025-12-05 13:22:27,641 [INFO]   Epoch   1/200 | loss 0.8776 | acc 77.25%
2025-12-05 13:25:20,059 [INFO]   Epoch  10/200 | loss 0.4595 | acc 86.46%
2025-12-05 13:28:31,548 [INFO]   Epoch  20/200 | loss 0.3764 | acc 89.08%
2025-12-05 13:31:42,720 [INFO]   Epoch  30/200 | loss 0.3832 | acc 88.64%
2025-12-05 13:34:52,863 [INFO]   Epoch  40/200 | loss 0.3749 | acc 88.84%
2025-12-05 13:37:47,284 [INFO]   Epoch  50/200 | loss 0.3362 | acc 90.06%
2025-12-05 13:40:05,658 [INFO]   Epoch  60/200 | loss 0.3976 | acc 87.73%
2025-12-05 13:41:22,476 [INFO]   Epoch  70/200 | loss 0.3563 | acc 89.07%
2025-12-05 13:42:33,912 [INFO]   Epoch  80/200 | loss 0.3547 | acc 89.61%
2025-12-05 13:43:44,651 [INFO]   Epoch  90/200 | loss 0.3302 | acc 90.34%
2025-12-05 13:45:02,939 [INFO]   Epoch 100/200 | loss 0.3492 | acc 89.26%
2025-12-05 13:46:43,823 [INFO]   Epoch 110/200 | loss 0.3938 | acc 88.62%
2025-12-05 13:49:32,460 [INFO]   Epoch 120/200 | loss 0.3387 | acc 89.77%
2025-12-05 13:52:44,996 [INFO]   Epoch 130/200 | loss 0.3514 | acc 89.62%
2025-12-05 13:55:58,201 [INFO]   Epoch 140/200 | loss 0.3400 | acc 89.97%
2025-12-05 13:59:11,011 [INFO]   Epoch 150/200 | loss 0.3815 | acc 88.65%
2025-12-05 14:02:23,798 [INFO]   Epoch 160/200 | loss 0.3602 | acc 89.33%
2025-12-05 14:05:37,119 [INFO]   Epoch 170/200 | loss 0.0160 | acc 99.92%
2025-12-05 14:08:50,038 [INFO]   Epoch 180/200 | loss 0.0125 | acc 99.94%
2025-12-05 14:12:02,926 [INFO]   Epoch 190/200 | loss 0.0117 | acc 99.95%
2025-12-05 14:15:16,095 [INFO]   Epoch 200/200 | loss 0.0117 | acc 99.98%
2025-12-05 14:15:21,728 [INFO]   >> Test: loss 1.7742 | acc 58.91%
2025-12-05 14:15:22,437 [INFO] Cycle 8/10
2025-12-05 14:15:22,437 [INFO] Labeled set size: 16000, Unlabeled set size: 34000
2025-12-05 14:15:44,339 [INFO]   Epoch   1/200 | loss 0.8170 | acc 78.48%
2025-12-05 14:19:00,603 [INFO]   Epoch  10/200 | loss 0.4975 | acc 85.26%
2025-12-05 14:22:39,108 [INFO]   Epoch  20/200 | loss 0.3817 | acc 88.52%
2025-12-05 14:26:17,779 [INFO]   Epoch  30/200 | loss 0.4190 | acc 87.40%
2025-12-05 14:29:57,413 [INFO]   Epoch  40/200 | loss 0.4517 | acc 86.58%
2025-12-05 14:33:36,827 [INFO]   Epoch  50/200 | loss 0.3753 | acc 88.49%
2025-12-05 14:37:05,780 [INFO]   Epoch  60/200 | loss 0.4221 | acc 87.28%
2025-12-05 14:40:15,705 [INFO]   Epoch  70/200 | loss 0.4007 | acc 88.01%
2025-12-05 14:42:13,747 [INFO]   Epoch  80/200 | loss 0.3780 | acc 88.71%
2025-12-05 14:43:33,843 [INFO]   Epoch  90/200 | loss 0.3603 | acc 89.42%
2025-12-05 14:44:53,945 [INFO]   Epoch 100/200 | loss 0.4061 | acc 87.79%
2025-12-05 14:46:40,504 [INFO]   Epoch 110/200 | loss 0.3899 | acc 88.24%
2025-12-05 14:48:52,902 [INFO]   Epoch 120/200 | loss 0.4088 | acc 87.76%
2025-12-05 14:52:24,591 [INFO]   Epoch 130/200 | loss 0.4058 | acc 87.85%
2025-12-05 14:56:05,489 [INFO]   Epoch 140/200 | loss 0.3809 | acc 88.55%
2025-12-05 14:59:45,916 [INFO]   Epoch 150/200 | loss 0.4126 | acc 87.73%
2025-12-05 15:03:26,421 [INFO]   Epoch 160/200 | loss 0.3920 | acc 88.28%
2025-12-05 15:07:07,029 [INFO]   Epoch 170/200 | loss 0.0193 | acc 99.85%
2025-12-05 15:10:47,698 [INFO]   Epoch 180/200 | loss 0.0142 | acc 99.94%
2025-12-05 15:14:27,497 [INFO]   Epoch 190/200 | loss 0.0129 | acc 99.96%
2025-12-05 15:18:07,847 [INFO]   Epoch 200/200 | loss 0.0124 | acc 99.96%
2025-12-05 15:18:13,443 [INFO]   >> Test: loss 1.6523 | acc 61.03%
2025-12-05 15:18:14,104 [INFO] Cycle 9/10
2025-12-05 15:18:14,105 [INFO] Labeled set size: 18000, Unlabeled set size: 32000
2025-12-05 15:18:38,901 [INFO]   Epoch   1/200 | loss 0.8996 | acc 75.64%
2025-12-05 15:22:21,451 [INFO]   Epoch  10/200 | loss 0.5129 | acc 84.38%
2025-12-05 15:26:28,169 [INFO]   Epoch  20/200 | loss 0.4668 | acc 86.06%
2025-12-05 15:30:35,810 [INFO]   Epoch  30/200 | loss 0.4941 | acc 84.85%
2025-12-05 15:34:42,974 [INFO]   Epoch  40/200 | loss 0.4533 | acc 86.40%
2025-12-05 15:38:50,383 [INFO]   Epoch  50/200 | loss 0.4388 | acc 86.93%
2025-12-05 15:42:57,633 [INFO]   Epoch  60/200 | loss 0.4564 | acc 86.34%
2025-12-05 15:46:48,188 [INFO]   Epoch  70/200 | loss 0.4587 | acc 86.18%
2025-12-05 15:50:24,932 [INFO]   Epoch  80/200 | loss 0.4354 | acc 87.01%
2025-12-05 15:52:34,856 [INFO]   Epoch  90/200 | loss 0.4099 | acc 87.42%
2025-12-05 15:54:02,257 [INFO]   Epoch 100/200 | loss 0.4402 | acc 86.63%
2025-12-05 15:55:50,589 [INFO]   Epoch 110/200 | loss 0.4336 | acc 86.89%
2025-12-05 15:57:52,781 [INFO]   Epoch 120/200 | loss 0.4378 | acc 86.73%
2025-12-05 16:01:09,818 [INFO]   Epoch 130/200 | loss 0.4660 | acc 86.24%
2025-12-05 16:05:18,577 [INFO]   Epoch 140/200 | loss 0.4540 | acc 86.60%
2025-12-05 16:09:26,585 [INFO]   Epoch 150/200 | loss 0.4235 | acc 87.16%
2025-12-05 16:13:34,758 [INFO]   Epoch 160/200 | loss 0.4305 | acc 87.34%
2025-12-05 16:17:42,853 [INFO]   Epoch 170/200 | loss 0.0231 | acc 99.79%
2025-12-05 16:21:51,306 [INFO]   Epoch 180/200 | loss 0.0154 | acc 99.93%
2025-12-05 16:25:59,405 [INFO]   Epoch 190/200 | loss 0.0135 | acc 99.94%
2025-12-05 16:30:07,439 [INFO]   Epoch 200/200 | loss 0.0138 | acc 99.94%
2025-12-05 16:30:12,775 [INFO]   >> Test: loss 1.5460 | acc 63.27%
2025-12-05 16:30:13,316 [INFO] Cycle 10/10
2025-12-05 16:30:13,317 [INFO] Labeled set size: 20000, Unlabeled set size: 30000
2025-12-05 16:30:40,962 [INFO]   Epoch   1/200 | loss 1.0108 | acc 72.73%
2025-12-05 16:34:48,419 [INFO]   Epoch  10/200 | loss 0.5841 | acc 82.50%
2025-12-05 16:39:23,635 [INFO]   Epoch  20/200 | loss 0.5475 | acc 83.59%
2025-12-05 16:43:58,853 [INFO]   Epoch  30/200 | loss 0.5404 | acc 83.75%
2025-12-05 16:48:33,948 [INFO]   Epoch  40/200 | loss 0.4945 | acc 84.94%
2025-12-05 16:53:09,870 [INFO]   Epoch  50/200 | loss 0.5093 | acc 84.99%
2025-12-05 16:57:44,894 [INFO]   Epoch  60/200 | loss 0.4662 | acc 86.09%
2025-12-05 17:02:20,000 [INFO]   Epoch  70/200 | loss 0.5100 | acc 84.60%
2025-12-05 17:06:20,755 [INFO]   Epoch  80/200 | loss 0.5187 | acc 84.61%
2025-12-05 17:10:19,024 [INFO]   Epoch  90/200 | loss 0.5432 | acc 83.65%
2025-12-05 17:12:21,883 [INFO]   Epoch 100/200 | loss 0.4784 | acc 85.61%
2025-12-05 17:14:37,204 [INFO]   Epoch 110/200 | loss 0.4804 | acc 85.58%
2025-12-05 17:16:54,426 [INFO]   Epoch 120/200 | loss 0.4995 | acc 84.84%
2025-12-05 17:20:47,802 [INFO]   Epoch 130/200 | loss 0.5042 | acc 84.69%
2025-12-05 17:25:23,474 [INFO]   Epoch 140/200 | loss 0.5216 | acc 84.30%
2025-12-05 17:29:59,288 [INFO]   Epoch 150/200 | loss 0.4988 | acc 85.10%
2025-12-05 17:34:35,085 [INFO]   Epoch 160/200 | loss 0.5405 | acc 83.98%
2025-12-05 17:39:11,367 [INFO]   Epoch 170/200 | loss 0.0261 | acc 99.80%
2025-12-05 17:43:46,550 [INFO]   Epoch 180/200 | loss 0.0187 | acc 99.87%
2025-12-05 17:48:24,070 [INFO]   Epoch 190/200 | loss 0.0166 | acc 99.89%
2025-12-05 17:52:59,700 [INFO]   Epoch 200/200 | loss 0.0144 | acc 99.97%
2025-12-05 17:53:05,230 [INFO]   >> Test: loss 1.4913 | acc 64.28%
2025-12-05 17:53:06,252 [INFO] Saved checkpoint to: ./checkpoints/cifar100/resnet18_random.pth
