2025-12-05 22:27:33,577 [INFO] 로그 파일 경로: logs/cifar10/DQN_200step_20251205_222733.log
2025-12-05 22:27:33,666 [INFO] Using device: cuda:0
2025-12-05 22:27:40,718 [INFO] Cycle 1/10
2025-12-05 22:27:40,718 [INFO] Labeled set size: 1000, Unlabeled set size: 49000
2025-12-05 22:27:43,263 [INFO]   Epoch   1/200 | loss 5.0802 | acc 12.50%
2025-12-05 22:27:54,539 [INFO]   Epoch  10/200 | loss 2.0153 | acc 21.40%
2025-12-05 22:28:10,784 [INFO]   Epoch  20/200 | loss 1.7631 | acc 32.50%
2025-12-05 22:28:25,398 [INFO]   Epoch  30/200 | loss 1.5550 | acc 42.20%
2025-12-05 22:28:40,642 [INFO]   Epoch  40/200 | loss 1.3766 | acc 48.50%
2025-12-05 22:28:54,853 [INFO]   Epoch  50/200 | loss 1.2681 | acc 52.90%
2025-12-05 22:29:11,315 [INFO]   Epoch  60/200 | loss 1.0534 | acc 61.00%
2025-12-05 22:29:25,922 [INFO]   Epoch  70/200 | loss 0.8879 | acc 67.60%
2025-12-05 22:29:39,848 [INFO]   Epoch  80/200 | loss 0.6542 | acc 75.90%
2025-12-05 22:29:55,226 [INFO]   Epoch  90/200 | loss 0.4933 | acc 82.60%
2025-12-05 22:30:10,340 [INFO]   Epoch 100/200 | loss 0.4284 | acc 84.90%
2025-12-05 22:30:25,487 [INFO]   Epoch 110/200 | loss 0.1886 | acc 94.50%
2025-12-05 22:30:39,563 [INFO]   Epoch 120/200 | loss 0.2150 | acc 92.90%
2025-12-05 22:30:53,286 [INFO]   Epoch 130/200 | loss 0.1214 | acc 96.60%
2025-12-05 22:31:07,095 [INFO]   Epoch 140/200 | loss 0.1082 | acc 96.70%
2025-12-05 22:31:22,377 [INFO]   Epoch 150/200 | loss 0.0992 | acc 96.50%
2025-12-05 22:31:37,593 [INFO]   Epoch 160/200 | loss 0.0664 | acc 98.00%
2025-12-05 22:31:53,223 [INFO]   Epoch 170/200 | loss 0.0092 | acc 99.80%
2025-12-05 22:32:06,773 [INFO]   Epoch 180/200 | loss 0.0080 | acc 99.90%
2025-12-05 22:32:19,025 [INFO]   Epoch 190/200 | loss 0.0070 | acc 99.90%
2025-12-05 22:32:34,039 [INFO]   Epoch 200/200 | loss 0.0080 | acc 99.80%
2025-12-05 22:32:36,247 [INFO]   >> Test: loss 3.2863 | acc 43.50%
2025-12-05 22:38:06,787 [INFO] Cycle 2/10
2025-12-05 22:38:06,787 [INFO] Labeled set size: 2000, Unlabeled set size: 48000
2025-12-05 22:38:09,059 [INFO]   Epoch   1/200 | loss 1.6984 | acc 56.55%
2025-12-05 22:38:29,297 [INFO]   Epoch  10/200 | loss 0.5058 | acc 82.70%
2025-12-05 22:38:53,695 [INFO]   Epoch  20/200 | loss 0.3418 | acc 87.45%
2025-12-05 22:39:21,977 [INFO]   Epoch  30/200 | loss 0.1808 | acc 94.00%
2025-12-05 22:39:47,551 [INFO]   Epoch  40/200 | loss 0.1633 | acc 94.30%
2025-12-05 22:40:15,302 [INFO]   Epoch  50/200 | loss 0.0806 | acc 97.30%
2025-12-05 22:40:40,143 [INFO]   Epoch  60/200 | loss 0.1078 | acc 96.55%
2025-12-05 22:41:03,988 [INFO]   Epoch  70/200 | loss 0.1091 | acc 96.60%
2025-12-05 22:41:27,318 [INFO]   Epoch  80/200 | loss 0.0856 | acc 97.30%
2025-12-05 22:41:55,444 [INFO]   Epoch  90/200 | loss 0.1096 | acc 96.40%
2025-12-05 22:42:19,786 [INFO]   Epoch 100/200 | loss 0.1138 | acc 96.40%
2025-12-05 22:42:45,892 [INFO]   Epoch 110/200 | loss 0.0648 | acc 98.05%
2025-12-05 22:43:10,903 [INFO]   Epoch 120/200 | loss 0.1187 | acc 96.65%
2025-12-05 22:43:33,957 [INFO]   Epoch 130/200 | loss 0.0806 | acc 97.25%
2025-12-05 22:43:59,210 [INFO]   Epoch 140/200 | loss 0.0736 | acc 97.50%
2025-12-05 22:44:22,346 [INFO]   Epoch 150/200 | loss 0.0172 | acc 99.65%
2025-12-05 22:44:40,371 [INFO]   Epoch 160/200 | loss 0.1537 | acc 94.85%
2025-12-05 22:45:00,459 [INFO]   Epoch 170/200 | loss 0.0065 | acc 99.95%
2025-12-05 22:45:20,142 [INFO]   Epoch 180/200 | loss 0.0048 | acc 100.00%
2025-12-05 22:45:39,769 [INFO]   Epoch 190/200 | loss 0.0037 | acc 100.00%
2025-12-05 22:45:59,136 [INFO]   Epoch 200/200 | loss 0.0032 | acc 100.00%
2025-12-05 22:46:01,610 [INFO]   >> Test: loss 2.2594 | acc 53.17%
2025-12-05 22:51:53,872 [INFO] Cycle 3/10
2025-12-05 22:51:53,873 [INFO] Labeled set size: 3000, Unlabeled set size: 47000
2025-12-05 22:51:56,703 [INFO]   Epoch   1/200 | loss 1.2062 | acc 65.90%
2025-12-05 22:52:22,519 [INFO]   Epoch  10/200 | loss 0.4618 | acc 84.07%
2025-12-05 22:52:52,084 [INFO]   Epoch  20/200 | loss 0.2309 | acc 92.23%
2025-12-05 22:53:26,039 [INFO]   Epoch  30/200 | loss 0.1482 | acc 95.00%
2025-12-05 22:54:01,605 [INFO]   Epoch  40/200 | loss 0.1385 | acc 95.37%
2025-12-05 22:54:36,813 [INFO]   Epoch  50/200 | loss 0.0928 | acc 97.17%
2025-12-05 22:55:12,499 [INFO]   Epoch  60/200 | loss 0.2175 | acc 92.57%
2025-12-05 22:55:51,052 [INFO]   Epoch  70/200 | loss 0.0882 | acc 97.10%
2025-12-05 22:56:31,025 [INFO]   Epoch  80/200 | loss 0.1152 | acc 96.07%
2025-12-05 22:57:06,357 [INFO]   Epoch  90/200 | loss 0.1006 | acc 96.63%
2025-12-05 22:57:41,615 [INFO]   Epoch 100/200 | loss 0.1191 | acc 95.97%
2025-12-05 22:58:13,646 [INFO]   Epoch 110/200 | loss 0.1190 | acc 96.07%
2025-12-05 22:58:51,991 [INFO]   Epoch 120/200 | loss 0.1132 | acc 96.30%
2025-12-05 22:59:31,291 [INFO]   Epoch 130/200 | loss 0.1898 | acc 93.67%
2025-12-05 23:00:03,633 [INFO]   Epoch 140/200 | loss 0.1150 | acc 96.00%
2025-12-05 23:00:30,161 [INFO]   Epoch 150/200 | loss 0.0410 | acc 98.93%
2025-12-05 23:00:58,483 [INFO]   Epoch 160/200 | loss 0.1828 | acc 93.67%
2025-12-05 23:01:24,902 [INFO]   Epoch 170/200 | loss 0.0081 | acc 99.90%
2025-12-05 23:01:54,695 [INFO]   Epoch 180/200 | loss 0.0044 | acc 100.00%
2025-12-05 23:02:21,517 [INFO]   Epoch 190/200 | loss 0.0037 | acc 100.00%
2025-12-05 23:02:48,256 [INFO]   Epoch 200/200 | loss 0.0030 | acc 100.00%
2025-12-05 23:02:51,343 [INFO]   >> Test: loss 1.5237 | acc 65.51%
2025-12-05 23:09:09,754 [INFO] Cycle 4/10
2025-12-05 23:09:09,755 [INFO] Labeled set size: 4000, Unlabeled set size: 46000
2025-12-05 23:09:13,428 [INFO]   Epoch   1/200 | loss 0.8958 | acc 73.58%
2025-12-05 23:09:46,212 [INFO]   Epoch  10/200 | loss 0.3280 | acc 89.28%
2025-12-05 23:10:22,845 [INFO]   Epoch  20/200 | loss 0.1732 | acc 94.30%
2025-12-05 23:11:01,987 [INFO]   Epoch  30/200 | loss 0.1409 | acc 95.23%
2025-12-05 23:11:48,361 [INFO]   Epoch  40/200 | loss 0.1237 | acc 95.97%
2025-12-05 23:12:34,372 [INFO]   Epoch  50/200 | loss 0.1026 | acc 96.73%
2025-12-05 23:13:24,670 [INFO]   Epoch  60/200 | loss 0.2389 | acc 92.25%
2025-12-05 23:14:10,461 [INFO]   Epoch  70/200 | loss 0.1856 | acc 94.08%
2025-12-05 23:15:00,418 [INFO]   Epoch  80/200 | loss 0.1532 | acc 94.70%
2025-12-05 23:15:46,409 [INFO]   Epoch  90/200 | loss 0.1256 | acc 96.08%
2025-12-05 23:16:35,253 [INFO]   Epoch 100/200 | loss 0.1052 | acc 96.62%
2025-12-05 23:17:25,607 [INFO]   Epoch 110/200 | loss 0.1264 | acc 96.10%
2025-12-05 23:18:11,370 [INFO]   Epoch 120/200 | loss 0.0821 | acc 97.52%
2025-12-05 23:18:56,206 [INFO]   Epoch 130/200 | loss 0.1895 | acc 93.60%
2025-12-05 23:19:38,652 [INFO]   Epoch 140/200 | loss 0.1615 | acc 94.88%
2025-12-05 23:20:15,015 [INFO]   Epoch 150/200 | loss 0.1533 | acc 94.97%
2025-12-05 23:20:48,420 [INFO]   Epoch 160/200 | loss 0.1169 | acc 96.45%
2025-12-05 23:21:23,146 [INFO]   Epoch 170/200 | loss 0.0074 | acc 99.92%
2025-12-05 23:21:59,198 [INFO]   Epoch 180/200 | loss 0.0048 | acc 99.98%
2025-12-05 23:22:32,916 [INFO]   Epoch 190/200 | loss 0.0038 | acc 99.98%
2025-12-05 23:23:08,765 [INFO]   Epoch 200/200 | loss 0.0031 | acc 100.00%
2025-12-05 23:23:10,977 [INFO]   >> Test: loss 1.1176 | acc 72.61%
2025-12-05 23:30:05,022 [INFO] Cycle 5/10
2025-12-05 23:30:05,022 [INFO] Labeled set size: 5000, Unlabeled set size: 45000
2025-12-05 23:30:09,251 [INFO]   Epoch   1/200 | loss 0.6328 | acc 80.78%
2025-12-05 23:30:47,657 [INFO]   Epoch  10/200 | loss 0.3099 | acc 89.90%
2025-12-05 23:31:31,773 [INFO]   Epoch  20/200 | loss 0.1800 | acc 94.32%
2025-12-05 23:32:15,852 [INFO]   Epoch  30/200 | loss 0.3777 | acc 87.38%
2025-12-05 23:33:09,115 [INFO]   Epoch  40/200 | loss 0.8184 | acc 75.34%
2025-12-05 23:34:06,888 [INFO]   Epoch  50/200 | loss 0.3236 | acc 89.04%
2025-12-05 23:35:05,999 [INFO]   Epoch  60/200 | loss 0.2813 | acc 90.96%
2025-12-05 23:36:05,150 [INFO]   Epoch  70/200 | loss 0.2537 | acc 91.62%
2025-12-05 23:37:02,995 [INFO]   Epoch  80/200 | loss 0.6534 | acc 79.28%
2025-12-05 23:38:01,915 [INFO]   Epoch  90/200 | loss 0.1960 | acc 93.94%
2025-12-05 23:38:58,718 [INFO]   Epoch 100/200 | loss 0.3429 | acc 88.96%
2025-12-05 23:39:57,460 [INFO]   Epoch 110/200 | loss 0.4569 | acc 84.48%
2025-12-05 23:40:59,165 [INFO]   Epoch 120/200 | loss 0.3263 | acc 89.54%
2025-12-05 23:41:53,651 [INFO]   Epoch 130/200 | loss 0.1507 | acc 95.14%
2025-12-05 23:42:41,288 [INFO]   Epoch 140/200 | loss 0.3380 | acc 88.28%
2025-12-05 23:43:22,871 [INFO]   Epoch 150/200 | loss 0.4720 | acc 84.34%
2025-12-05 23:44:04,130 [INFO]   Epoch 160/200 | loss 0.3319 | acc 88.74%
2025-12-05 23:44:47,003 [INFO]   Epoch 170/200 | loss 0.0300 | acc 99.38%
2025-12-05 23:45:29,506 [INFO]   Epoch 180/200 | loss 0.0183 | acc 99.78%
2025-12-05 23:46:10,339 [INFO]   Epoch 190/200 | loss 0.0141 | acc 99.80%
2025-12-05 23:46:55,482 [INFO]   Epoch 200/200 | loss 0.0135 | acc 99.74%
2025-12-05 23:46:58,144 [INFO]   >> Test: loss 0.8061 | acc 81.07%
2025-12-05 23:54:26,039 [INFO] Cycle 6/10
2025-12-05 23:54:26,039 [INFO] Labeled set size: 6000, Unlabeled set size: 44000
2025-12-05 23:54:31,120 [INFO]   Epoch   1/200 | loss 0.4966 | acc 85.12%
2025-12-05 23:55:18,767 [INFO]   Epoch  10/200 | loss 0.2180 | acc 92.77%
2025-12-05 23:56:10,334 [INFO]   Epoch  20/200 | loss 0.1691 | acc 94.27%
2025-12-05 23:57:02,761 [INFO]   Epoch  30/200 | loss 0.1842 | acc 93.73%
2025-12-05 23:58:00,181 [INFO]   Epoch  40/200 | loss 0.1746 | acc 94.20%
2025-12-05 23:59:12,831 [INFO]   Epoch  50/200 | loss 0.1851 | acc 93.65%
2025-12-06 00:00:20,070 [INFO]   Epoch  60/200 | loss 0.1875 | acc 93.55%
2025-12-06 00:01:30,634 [INFO]   Epoch  70/200 | loss 0.1342 | acc 95.70%
2025-12-06 00:02:38,089 [INFO]   Epoch  80/200 | loss 0.1786 | acc 94.12%
2025-12-06 00:03:48,341 [INFO]   Epoch  90/200 | loss 0.1426 | acc 95.25%
2025-12-06 00:05:01,607 [INFO]   Epoch 100/200 | loss 0.1636 | acc 94.57%
2025-12-06 00:06:12,625 [INFO]   Epoch 110/200 | loss 0.1725 | acc 94.08%
2025-12-06 00:07:21,581 [INFO]   Epoch 120/200 | loss 0.1693 | acc 94.47%
2025-12-06 00:08:21,297 [INFO]   Epoch 130/200 | loss 0.1510 | acc 95.00%
2025-12-06 00:09:11,881 [INFO]   Epoch 140/200 | loss 0.1484 | acc 95.07%
2025-12-06 00:10:02,194 [INFO]   Epoch 150/200 | loss 0.1255 | acc 95.88%
2025-12-06 00:10:51,484 [INFO]   Epoch 160/200 | loss 0.1787 | acc 94.15%
2025-12-06 00:11:41,688 [INFO]   Epoch 170/200 | loss 0.0096 | acc 99.93%
2025-12-06 00:12:32,170 [INFO]   Epoch 180/200 | loss 0.0053 | acc 99.97%
2025-12-06 00:13:23,680 [INFO]   Epoch 190/200 | loss 0.0041 | acc 100.00%
2025-12-06 00:14:12,590 [INFO]   Epoch 200/200 | loss 0.0033 | acc 100.00%
2025-12-06 00:14:15,905 [INFO]   >> Test: loss 0.6393 | acc 84.01%
2025-12-06 00:22:17,680 [INFO] Cycle 7/10
2025-12-06 00:22:17,680 [INFO] Labeled set size: 7000, Unlabeled set size: 43000
2025-12-06 00:22:23,493 [INFO]   Epoch   1/200 | loss 0.5425 | acc 83.29%
2025-12-06 00:23:16,364 [INFO]   Epoch  10/200 | loss 0.2564 | acc 91.87%
2025-12-06 00:24:15,217 [INFO]   Epoch  20/200 | loss 0.2360 | acc 91.83%
2025-12-06 00:25:13,597 [INFO]   Epoch  30/200 | loss 0.2072 | acc 93.21%
2025-12-06 00:26:13,695 [INFO]   Epoch  40/200 | loss 0.2182 | acc 92.60%
2025-12-06 00:27:30,918 [INFO]   Epoch  50/200 | loss 0.2013 | acc 93.03%
2025-12-06 00:28:52,011 [INFO]   Epoch  60/200 | loss 0.1818 | acc 93.79%
2025-12-06 00:30:13,656 [INFO]   Epoch  70/200 | loss 0.1836 | acc 93.44%
2025-12-06 00:31:35,769 [INFO]   Epoch  80/200 | loss 0.1713 | acc 94.21%
2025-12-06 00:32:57,874 [INFO]   Epoch  90/200 | loss 0.2249 | acc 92.50%
2025-12-06 00:34:18,701 [INFO]   Epoch 100/200 | loss 0.2327 | acc 91.94%
2025-12-06 00:35:39,407 [INFO]   Epoch 110/200 | loss 0.1934 | acc 93.39%
2025-12-06 00:37:01,667 [INFO]   Epoch 120/200 | loss 0.1388 | acc 95.49%
2025-12-06 00:38:19,035 [INFO]   Epoch 130/200 | loss 0.1943 | acc 93.21%
2025-12-06 00:39:14,138 [INFO]   Epoch 140/200 | loss 0.1343 | acc 95.33%
2025-12-06 00:40:14,432 [INFO]   Epoch 150/200 | loss 0.1629 | acc 94.51%
2025-12-06 00:41:11,955 [INFO]   Epoch 160/200 | loss 0.1623 | acc 94.53%
2025-12-06 00:42:09,999 [INFO]   Epoch 170/200 | loss 0.0090 | acc 99.89%
2025-12-06 00:43:10,553 [INFO]   Epoch 180/200 | loss 0.0052 | acc 100.00%
2025-12-06 00:44:05,315 [INFO]   Epoch 190/200 | loss 0.0043 | acc 100.00%
2025-12-06 00:45:02,023 [INFO]   Epoch 200/200 | loss 0.0038 | acc 99.97%
2025-12-06 00:45:05,110 [INFO]   >> Test: loss 0.5538 | acc 85.77%
2025-12-06 00:53:27,767 [INFO] Cycle 8/10
2025-12-06 00:53:27,767 [INFO] Labeled set size: 8000, Unlabeled set size: 42000
2025-12-06 00:53:34,374 [INFO]   Epoch   1/200 | loss 0.5352 | acc 82.29%
2025-12-06 00:54:34,633 [INFO]   Epoch  10/200 | loss 0.2802 | acc 90.67%
2025-12-06 00:55:41,593 [INFO]   Epoch  20/200 | loss 0.2440 | acc 91.54%
2025-12-06 00:56:48,454 [INFO]   Epoch  30/200 | loss 0.2089 | acc 92.89%
2025-12-06 00:58:03,531 [INFO]   Epoch  40/200 | loss 0.2210 | acc 92.60%
2025-12-06 00:59:35,285 [INFO]   Epoch  50/200 | loss 0.2333 | acc 91.75%
2025-12-06 01:01:11,203 [INFO]   Epoch  60/200 | loss 0.2029 | acc 93.26%
2025-12-06 01:02:48,053 [INFO]   Epoch  70/200 | loss 0.2115 | acc 92.76%
2025-12-06 01:04:24,958 [INFO]   Epoch  80/200 | loss 0.2282 | acc 92.09%
2025-12-06 01:05:58,671 [INFO]   Epoch  90/200 | loss 0.2033 | acc 93.12%
2025-12-06 01:07:32,249 [INFO]   Epoch 100/200 | loss 0.1994 | acc 93.39%
2025-12-06 01:09:05,564 [INFO]   Epoch 110/200 | loss 0.2201 | acc 92.84%
2025-12-06 01:10:37,666 [INFO]   Epoch 120/200 | loss 0.2072 | acc 93.25%
2025-12-06 01:12:05,391 [INFO]   Epoch 130/200 | loss 0.2166 | acc 92.44%
2025-12-06 01:13:15,399 [INFO]   Epoch 140/200 | loss 0.2155 | acc 92.54%
2025-12-06 01:14:18,241 [INFO]   Epoch 150/200 | loss 0.1898 | acc 93.56%
2025-12-06 01:15:27,411 [INFO]   Epoch 160/200 | loss 0.2234 | acc 92.59%
2025-12-06 01:16:30,397 [INFO]   Epoch 170/200 | loss 0.0113 | acc 99.91%
2025-12-06 01:17:38,953 [INFO]   Epoch 180/200 | loss 0.0060 | acc 99.99%
2025-12-06 01:18:45,003 [INFO]   Epoch 190/200 | loss 0.0042 | acc 100.00%
2025-12-06 01:19:49,205 [INFO]   Epoch 200/200 | loss 0.0040 | acc 99.99%
2025-12-06 01:19:52,627 [INFO]   >> Test: loss 0.4914 | acc 87.13%
2025-12-06 01:28:35,096 [INFO] Cycle 9/10
2025-12-06 01:28:35,097 [INFO] Labeled set size: 9000, Unlabeled set size: 41000
2025-12-06 01:28:42,842 [INFO]   Epoch   1/200 | loss 0.5001 | acc 83.98%
2025-12-06 01:29:52,024 [INFO]   Epoch  10/200 | loss 0.2768 | acc 90.69%
2025-12-06 01:31:07,859 [INFO]   Epoch  20/200 | loss 0.2395 | acc 91.82%
2025-12-06 01:32:24,378 [INFO]   Epoch  30/200 | loss 0.2492 | acc 91.84%
2025-12-06 01:33:48,517 [INFO]   Epoch  40/200 | loss 0.2064 | acc 93.57%
2025-12-06 01:35:34,500 [INFO]   Epoch  50/200 | loss 0.2481 | acc 91.89%
2025-12-06 01:37:20,612 [INFO]   Epoch  60/200 | loss 0.2349 | acc 92.02%
2025-12-06 01:39:01,588 [INFO]   Epoch  70/200 | loss 0.2891 | acc 90.18%
2025-12-06 01:40:45,185 [INFO]   Epoch  80/200 | loss 0.2314 | acc 91.91%
2025-12-06 01:42:32,377 [INFO]   Epoch  90/200 | loss 0.2220 | acc 92.22%
2025-12-06 01:44:18,161 [INFO]   Epoch 100/200 | loss 0.2347 | acc 92.19%
2025-12-06 01:46:04,169 [INFO]   Epoch 110/200 | loss 0.2603 | acc 91.11%
2025-12-06 01:47:49,014 [INFO]   Epoch 120/200 | loss 0.2051 | acc 93.09%
2025-12-06 01:49:29,753 [INFO]   Epoch 130/200 | loss 0.2018 | acc 93.24%
2025-12-06 01:50:47,732 [INFO]   Epoch 140/200 | loss 0.2241 | acc 92.52%
2025-12-06 01:52:03,846 [INFO]   Epoch 150/200 | loss 0.2008 | acc 93.36%
2025-12-06 01:53:18,267 [INFO]   Epoch 160/200 | loss 0.2240 | acc 92.42%
2025-12-06 01:54:31,739 [INFO]   Epoch 170/200 | loss 0.0126 | acc 99.86%
2025-12-06 01:55:45,331 [INFO]   Epoch 180/200 | loss 0.0077 | acc 99.88%
2025-12-06 01:56:59,062 [INFO]   Epoch 190/200 | loss 0.0051 | acc 99.98%
2025-12-06 01:58:12,412 [INFO]   Epoch 200/200 | loss 0.0042 | acc 100.00%
2025-12-06 01:58:15,615 [INFO]   >> Test: loss 0.4421 | acc 88.48%
2025-12-06 02:07:13,932 [INFO] Cycle 10/10
2025-12-06 02:07:13,933 [INFO] Labeled set size: 10000, Unlabeled set size: 40000
2025-12-06 02:07:22,224 [INFO]   Epoch   1/200 | loss 0.4854 | acc 84.02%
2025-12-06 02:08:37,150 [INFO]   Epoch  10/200 | loss 0.3700 | acc 87.33%
2025-12-06 02:10:00,276 [INFO]   Epoch  20/200 | loss 0.3338 | acc 88.53%
2025-12-06 02:11:23,145 [INFO]   Epoch  30/200 | loss 0.3334 | acc 88.16%
2025-12-06 02:12:53,577 [INFO]   Epoch  40/200 | loss 0.3007 | acc 90.06%
2025-12-06 02:14:48,259 [INFO]   Epoch  50/200 | loss 0.2866 | acc 90.10%
2025-12-06 02:16:43,236 [INFO]   Epoch  60/200 | loss 0.3239 | acc 88.77%
2025-12-06 02:18:40,753 [INFO]   Epoch  70/200 | loss 0.2448 | acc 91.30%
2025-12-06 02:20:38,688 [INFO]   Epoch  80/200 | loss 0.2889 | acc 90.20%
2025-12-06 02:22:35,874 [INFO]   Epoch  90/200 | loss 0.2884 | acc 90.09%
2025-12-06 02:24:32,688 [INFO]   Epoch 100/200 | loss 0.3128 | acc 89.36%
2025-12-06 02:26:29,682 [INFO]   Epoch 110/200 | loss 0.3864 | acc 86.82%
2025-12-06 02:28:25,169 [INFO]   Epoch 120/200 | loss 0.3381 | acc 88.36%
2025-12-06 02:30:20,836 [INFO]   Epoch 130/200 | loss 0.2077 | acc 92.98%
2025-12-06 02:31:59,979 [INFO]   Epoch 140/200 | loss 0.2419 | acc 91.59%
2025-12-06 02:33:20,983 [INFO]   Epoch 150/200 | loss 0.2553 | acc 91.04%
2025-12-06 02:34:44,054 [INFO]   Epoch 160/200 | loss 0.3775 | acc 87.33%
2025-12-06 02:36:05,821 [INFO]   Epoch 170/200 | loss 0.0154 | acc 99.77%
2025-12-06 02:37:27,865 [INFO]   Epoch 180/200 | loss 0.0096 | acc 99.89%
2025-12-06 02:38:50,010 [INFO]   Epoch 190/200 | loss 0.0069 | acc 99.97%
2025-12-06 02:40:07,783 [INFO]   Epoch 200/200 | loss 0.0050 | acc 99.99%
2025-12-06 02:40:10,919 [INFO]   >> Test: loss 0.4415 | acc 89.23%
2025-12-06 02:45:08,622 [INFO] Saved checkpoint to: ./checkpoints/cifar10/resnet18_DQN_200.pth
