2025-12-05 22:27:39,218 [INFO] 로그 파일 경로: logs/cifar10/DQN_200step_20251205_222739.log
2025-12-05 22:27:39,310 [INFO] Using device: cuda:0
2025-12-05 22:27:47,647 [INFO] Cycle 1/10
2025-12-05 22:27:47,647 [INFO] Labeled set size: 1000, Unlabeled set size: 49000
2025-12-05 22:27:50,135 [INFO]   Epoch   1/200 | loss 4.8057 | acc 10.80%
2025-12-05 22:28:00,568 [INFO]   Epoch  10/200 | loss 1.8841 | acc 28.30%
2025-12-05 22:28:12,173 [INFO]   Epoch  20/200 | loss 1.6835 | acc 36.00%
2025-12-05 22:28:24,494 [INFO]   Epoch  30/200 | loss 1.5311 | acc 43.10%
2025-12-05 22:28:37,195 [INFO]   Epoch  40/200 | loss 1.3538 | acc 49.70%
2025-12-05 22:28:49,428 [INFO]   Epoch  50/200 | loss 1.1822 | acc 56.70%
2025-12-05 22:29:01,577 [INFO]   Epoch  60/200 | loss 1.0304 | acc 61.40%
2025-12-05 22:29:13,401 [INFO]   Epoch  70/200 | loss 0.8385 | acc 70.10%
2025-12-05 22:29:25,158 [INFO]   Epoch  80/200 | loss 0.5280 | acc 81.20%
2025-12-05 22:29:38,072 [INFO]   Epoch  90/200 | loss 0.4225 | acc 85.30%
2025-12-05 22:29:49,839 [INFO]   Epoch 100/200 | loss 0.3810 | acc 87.50%
2025-12-05 22:30:01,931 [INFO]   Epoch 110/200 | loss 0.2159 | acc 92.90%
2025-12-05 22:30:14,574 [INFO]   Epoch 120/200 | loss 0.1416 | acc 95.90%
2025-12-05 22:30:27,305 [INFO]   Epoch 130/200 | loss 0.0968 | acc 96.90%
2025-12-05 22:30:40,232 [INFO]   Epoch 140/200 | loss 0.1140 | acc 95.90%
2025-12-05 22:30:53,920 [INFO]   Epoch 150/200 | loss 0.0765 | acc 98.00%
2025-12-05 22:31:06,871 [INFO]   Epoch 160/200 | loss 0.1302 | acc 95.80%
2025-12-05 22:31:18,979 [INFO]   Epoch 170/200 | loss 0.0103 | acc 100.00%
2025-12-05 22:31:31,363 [INFO]   Epoch 180/200 | loss 0.0096 | acc 99.80%
2025-12-05 22:31:44,829 [INFO]   Epoch 190/200 | loss 0.0059 | acc 100.00%
2025-12-05 22:31:56,551 [INFO]   Epoch 200/200 | loss 0.0069 | acc 99.90%
2025-12-05 22:31:58,592 [INFO]   >> Test: loss 3.1135 | acc 48.57%
2025-12-05 22:37:19,503 [INFO] Cycle 2/10
2025-12-05 22:37:19,503 [INFO] Labeled set size: 2000, Unlabeled set size: 48000
2025-12-05 22:37:20,878 [INFO]   Epoch   1/200 | loss 1.6148 | acc 58.90%
2025-12-05 22:37:33,274 [INFO]   Epoch  10/200 | loss 0.4333 | acc 84.85%
2025-12-05 22:37:47,711 [INFO]   Epoch  20/200 | loss 0.2876 | acc 89.45%
2025-12-05 22:38:03,516 [INFO]   Epoch  30/200 | loss 0.1494 | acc 95.20%
2025-12-05 22:38:22,140 [INFO]   Epoch  40/200 | loss 0.1454 | acc 95.00%
2025-12-05 22:38:42,860 [INFO]   Epoch  50/200 | loss 0.0996 | acc 96.90%
2025-12-05 22:39:05,343 [INFO]   Epoch  60/200 | loss 0.0772 | acc 97.50%
2025-12-05 22:39:27,522 [INFO]   Epoch  70/200 | loss 0.0860 | acc 96.90%
2025-12-05 22:39:47,787 [INFO]   Epoch  80/200 | loss 0.0635 | acc 97.80%
2025-12-05 22:40:09,811 [INFO]   Epoch  90/200 | loss 0.1284 | acc 95.35%
2025-12-05 22:40:32,056 [INFO]   Epoch 100/200 | loss 0.0377 | acc 99.10%
2025-12-05 22:40:53,901 [INFO]   Epoch 110/200 | loss 0.0557 | acc 98.20%
2025-12-05 22:41:15,786 [INFO]   Epoch 120/200 | loss 0.0718 | acc 97.60%
2025-12-05 22:41:38,042 [INFO]   Epoch 130/200 | loss 0.0738 | acc 97.90%
2025-12-05 22:41:58,533 [INFO]   Epoch 140/200 | loss 0.0800 | acc 97.45%
2025-12-05 22:42:20,760 [INFO]   Epoch 150/200 | loss 0.0426 | acc 98.80%
2025-12-05 22:42:42,864 [INFO]   Epoch 160/200 | loss 0.0815 | acc 97.30%
2025-12-05 22:43:03,265 [INFO]   Epoch 170/200 | loss 0.0045 | acc 100.00%
2025-12-05 22:43:26,432 [INFO]   Epoch 180/200 | loss 0.0034 | acc 100.00%
2025-12-05 22:43:48,935 [INFO]   Epoch 190/200 | loss 0.0026 | acc 100.00%
2025-12-05 22:44:10,747 [INFO]   Epoch 200/200 | loss 0.0026 | acc 100.00%
2025-12-05 22:44:13,573 [INFO]   >> Test: loss 1.9303 | acc 60.59%
2025-12-05 22:50:05,029 [INFO] Cycle 3/10
2025-12-05 22:50:05,030 [INFO] Labeled set size: 3000, Unlabeled set size: 47000
2025-12-05 22:50:07,332 [INFO]   Epoch   1/200 | loss 1.2588 | acc 65.07%
2025-12-05 22:50:27,786 [INFO]   Epoch  10/200 | loss 0.3975 | acc 86.93%
2025-12-05 22:50:51,087 [INFO]   Epoch  20/200 | loss 0.2457 | acc 91.83%
2025-12-05 22:51:15,132 [INFO]   Epoch  30/200 | loss 0.1135 | acc 95.87%
2025-12-05 22:51:38,241 [INFO]   Epoch  40/200 | loss 0.1660 | acc 94.33%
2025-12-05 22:52:02,247 [INFO]   Epoch  50/200 | loss 0.1115 | acc 96.40%
2025-12-05 22:52:28,006 [INFO]   Epoch  60/200 | loss 0.1277 | acc 95.83%
2025-12-05 22:52:55,718 [INFO]   Epoch  70/200 | loss 0.1182 | acc 96.20%
2025-12-05 22:53:27,261 [INFO]   Epoch  80/200 | loss 0.1296 | acc 95.77%
2025-12-05 22:54:01,572 [INFO]   Epoch  90/200 | loss 0.0864 | acc 97.60%
2025-12-05 22:54:33,296 [INFO]   Epoch 100/200 | loss 0.0673 | acc 97.77%
2025-12-05 22:55:07,706 [INFO]   Epoch 110/200 | loss 0.1012 | acc 96.80%
2025-12-05 22:55:42,072 [INFO]   Epoch 120/200 | loss 0.1194 | acc 95.90%
2025-12-05 22:56:14,967 [INFO]   Epoch 130/200 | loss 0.0852 | acc 97.23%
2025-12-05 22:56:46,821 [INFO]   Epoch 140/200 | loss 0.0414 | acc 99.07%
2025-12-05 22:57:20,504 [INFO]   Epoch 150/200 | loss 0.1500 | acc 94.87%
2025-12-05 22:57:53,306 [INFO]   Epoch 160/200 | loss 0.1183 | acc 96.07%
2025-12-05 22:58:27,008 [INFO]   Epoch 170/200 | loss 0.0062 | acc 100.00%
2025-12-05 22:58:59,803 [INFO]   Epoch 180/200 | loss 0.0039 | acc 100.00%
2025-12-05 22:59:31,353 [INFO]   Epoch 190/200 | loss 0.0039 | acc 100.00%
2025-12-05 23:00:01,323 [INFO]   Epoch 200/200 | loss 0.0030 | acc 100.00%
2025-12-05 23:00:03,914 [INFO]   >> Test: loss 1.3630 | acc 70.21%
2025-12-05 23:06:31,374 [INFO] Cycle 4/10
2025-12-05 23:06:31,374 [INFO] Labeled set size: 4000, Unlabeled set size: 46000
2025-12-05 23:06:34,327 [INFO]   Epoch   1/200 | loss 0.8193 | acc 74.62%
2025-12-05 23:07:01,148 [INFO]   Epoch  10/200 | loss 0.3305 | acc 89.10%
2025-12-05 23:07:31,161 [INFO]   Epoch  20/200 | loss 0.2452 | acc 91.88%
2025-12-05 23:08:01,019 [INFO]   Epoch  30/200 | loss 0.1238 | acc 95.90%
2025-12-05 23:08:30,310 [INFO]   Epoch  40/200 | loss 0.1023 | acc 96.67%
2025-12-05 23:08:58,807 [INFO]   Epoch  50/200 | loss 0.2327 | acc 92.33%
2025-12-05 23:09:31,231 [INFO]   Epoch  60/200 | loss 0.1036 | acc 96.78%
2025-12-05 23:10:04,502 [INFO]   Epoch  70/200 | loss 0.2096 | acc 93.77%
2025-12-05 23:10:37,731 [INFO]   Epoch  80/200 | loss 0.1706 | acc 94.08%
2025-12-05 23:11:18,982 [INFO]   Epoch  90/200 | loss 0.1932 | acc 93.42%
2025-12-05 23:12:03,716 [INFO]   Epoch 100/200 | loss 0.1326 | acc 95.73%
2025-12-05 23:12:48,970 [INFO]   Epoch 110/200 | loss 0.1304 | acc 95.62%
2025-12-05 23:13:31,023 [INFO]   Epoch 120/200 | loss 0.1180 | acc 96.00%
2025-12-05 23:14:15,834 [INFO]   Epoch 130/200 | loss 0.1221 | acc 95.83%
2025-12-05 23:15:00,888 [INFO]   Epoch 140/200 | loss 0.1203 | acc 95.90%
2025-12-05 23:15:46,348 [INFO]   Epoch 150/200 | loss 0.1480 | acc 95.25%
2025-12-05 23:16:31,769 [INFO]   Epoch 160/200 | loss 0.2113 | acc 93.10%
2025-12-05 23:17:17,655 [INFO]   Epoch 170/200 | loss 0.0100 | acc 99.92%
2025-12-05 23:18:02,646 [INFO]   Epoch 180/200 | loss 0.0049 | acc 100.00%
2025-12-05 23:18:48,978 [INFO]   Epoch 190/200 | loss 0.0040 | acc 100.00%
2025-12-05 23:19:31,517 [INFO]   Epoch 200/200 | loss 0.0032 | acc 100.00%
2025-12-05 23:19:34,569 [INFO]   >> Test: loss 0.9230 | acc 77.51%
2025-12-05 23:26:36,479 [INFO] Cycle 5/10
2025-12-05 23:26:36,479 [INFO] Labeled set size: 5000, Unlabeled set size: 45000
2025-12-05 23:26:39,721 [INFO]   Epoch   1/200 | loss 0.6118 | acc 80.82%
2025-12-05 23:27:08,765 [INFO]   Epoch  10/200 | loss 0.4668 | acc 84.24%
2025-12-05 23:27:41,828 [INFO]   Epoch  20/200 | loss 0.2720 | acc 90.92%
2025-12-05 23:28:15,000 [INFO]   Epoch  30/200 | loss 0.1268 | acc 95.80%
2025-12-05 23:28:48,076 [INFO]   Epoch  40/200 | loss 0.4156 | acc 86.34%
2025-12-05 23:29:21,295 [INFO]   Epoch  50/200 | loss 0.1080 | acc 96.60%
2025-12-05 23:29:54,609 [INFO]   Epoch  60/200 | loss 0.2616 | acc 91.80%
2025-12-05 23:30:33,779 [INFO]   Epoch  70/200 | loss 0.4053 | acc 86.78%
2025-12-05 23:31:14,635 [INFO]   Epoch  80/200 | loss 0.1090 | acc 96.48%
2025-12-05 23:31:57,913 [INFO]   Epoch  90/200 | loss 0.4028 | acc 86.74%
2025-12-05 23:32:43,658 [INFO]   Epoch 100/200 | loss 0.3322 | acc 89.20%
2025-12-05 23:33:41,400 [INFO]   Epoch 110/200 | loss 0.3220 | acc 89.50%
2025-12-05 23:34:38,356 [INFO]   Epoch 120/200 | loss 0.3900 | acc 87.22%
2025-12-05 23:35:36,007 [INFO]   Epoch 130/200 | loss 0.2994 | acc 90.22%
2025-12-05 23:36:32,711 [INFO]   Epoch 140/200 | loss 0.2102 | acc 93.40%
2025-12-05 23:37:30,101 [INFO]   Epoch 150/200 | loss 0.1594 | acc 94.80%
2025-12-05 23:38:21,211 [INFO]   Epoch 160/200 | loss 0.2408 | acc 91.96%
2025-12-05 23:39:19,000 [INFO]   Epoch 170/200 | loss 0.0223 | acc 99.58%
2025-12-05 23:40:15,930 [INFO]   Epoch 180/200 | loss 0.0128 | acc 99.82%
2025-12-05 23:41:11,767 [INFO]   Epoch 190/200 | loss 0.0112 | acc 99.88%
2025-12-05 23:42:04,472 [INFO]   Epoch 200/200 | loss 0.0160 | acc 99.64%
2025-12-05 23:42:08,480 [INFO]   >> Test: loss 0.7892 | acc 81.96%
2025-12-05 23:49:58,323 [INFO] Cycle 6/10
2025-12-05 23:49:58,323 [INFO] Labeled set size: 6000, Unlabeled set size: 44000
2025-12-05 23:50:02,513 [INFO]   Epoch   1/200 | loss 0.4800 | acc 85.38%
2025-12-05 23:50:40,096 [INFO]   Epoch  10/200 | loss 0.1952 | acc 93.52%
2025-12-05 23:51:20,442 [INFO]   Epoch  20/200 | loss 0.1861 | acc 93.75%
2025-12-05 23:52:00,068 [INFO]   Epoch  30/200 | loss 0.1898 | acc 93.82%
2025-12-05 23:52:39,676 [INFO]   Epoch  40/200 | loss 0.2053 | acc 93.38%
2025-12-05 23:53:19,485 [INFO]   Epoch  50/200 | loss 0.1712 | acc 94.27%
2025-12-05 23:53:59,031 [INFO]   Epoch  60/200 | loss 0.1610 | acc 94.65%
2025-12-05 23:54:41,764 [INFO]   Epoch  70/200 | loss 0.1392 | acc 95.42%
2025-12-05 23:55:31,351 [INFO]   Epoch  80/200 | loss 0.1666 | acc 94.30%
2025-12-05 23:56:20,865 [INFO]   Epoch  90/200 | loss 0.2116 | acc 93.08%
2025-12-05 23:57:09,371 [INFO]   Epoch 100/200 | loss 0.1729 | acc 93.88%
2025-12-05 23:58:07,390 [INFO]   Epoch 110/200 | loss 0.1724 | acc 94.25%
2025-12-05 23:59:13,181 [INFO]   Epoch 120/200 | loss 0.1812 | acc 93.67%
2025-12-06 00:00:20,304 [INFO]   Epoch 130/200 | loss 0.1654 | acc 94.73%
2025-12-06 00:01:28,101 [INFO]   Epoch 140/200 | loss 0.1737 | acc 94.05%
2025-12-06 00:02:34,930 [INFO]   Epoch 150/200 | loss 0.1521 | acc 94.95%
2025-12-06 00:03:40,955 [INFO]   Epoch 160/200 | loss 0.1504 | acc 95.27%
2025-12-06 00:04:46,810 [INFO]   Epoch 170/200 | loss 0.0093 | acc 99.90%
2025-12-06 00:05:52,956 [INFO]   Epoch 180/200 | loss 0.0045 | acc 100.00%
2025-12-06 00:07:00,852 [INFO]   Epoch 190/200 | loss 0.0037 | acc 100.00%
2025-12-06 00:08:05,275 [INFO]   Epoch 200/200 | loss 0.0038 | acc 100.00%
2025-12-06 00:08:09,214 [INFO]   >> Test: loss 0.5913 | acc 85.19%
2025-12-06 00:16:35,975 [INFO] Cycle 7/10
2025-12-06 00:16:35,975 [INFO] Labeled set size: 7000, Unlabeled set size: 43000
2025-12-06 00:16:42,737 [INFO]   Epoch   1/200 | loss 0.5609 | acc 83.03%
2025-12-06 00:17:40,950 [INFO]   Epoch  10/200 | loss 0.3158 | acc 89.37%
2025-12-06 00:18:31,624 [INFO]   Epoch  20/200 | loss 0.2301 | acc 92.20%
2025-12-06 00:19:19,392 [INFO]   Epoch  30/200 | loss 0.2042 | acc 93.23%
2025-12-06 00:20:06,974 [INFO]   Epoch  40/200 | loss 0.1906 | acc 93.69%
2025-12-06 00:20:53,906 [INFO]   Epoch  50/200 | loss 0.2094 | acc 92.87%
2025-12-06 00:21:39,979 [INFO]   Epoch  60/200 | loss 0.1891 | acc 93.77%
2025-12-06 00:22:28,356 [INFO]   Epoch  70/200 | loss 0.1925 | acc 93.60%
2025-12-06 00:23:26,412 [INFO]   Epoch  80/200 | loss 0.1907 | acc 93.86%
2025-12-06 00:24:24,358 [INFO]   Epoch  90/200 | loss 0.2110 | acc 93.20%
2025-12-06 00:25:22,200 [INFO]   Epoch 100/200 | loss 0.1990 | acc 93.30%
2025-12-06 00:26:23,260 [INFO]   Epoch 110/200 | loss 0.1382 | acc 95.66%
2025-12-06 00:27:43,280 [INFO]   Epoch 120/200 | loss 0.2038 | acc 93.31%
2025-12-06 00:29:03,837 [INFO]   Epoch 130/200 | loss 0.1976 | acc 93.49%
2025-12-06 00:30:24,056 [INFO]   Epoch 140/200 | loss 0.1981 | acc 93.70%
2025-12-06 00:31:44,142 [INFO]   Epoch 150/200 | loss 0.1644 | acc 94.71%
2025-12-06 00:33:05,775 [INFO]   Epoch 160/200 | loss 0.1688 | acc 94.43%
2025-12-06 00:34:25,885 [INFO]   Epoch 170/200 | loss 0.0090 | acc 99.86%
2025-12-06 00:35:46,936 [INFO]   Epoch 180/200 | loss 0.0055 | acc 99.99%
2025-12-06 00:37:06,602 [INFO]   Epoch 190/200 | loss 0.0041 | acc 100.00%
2025-12-06 00:38:19,830 [INFO]   Epoch 200/200 | loss 0.0034 | acc 99.99%
2025-12-06 00:38:23,800 [INFO]   >> Test: loss 0.5251 | acc 86.20%
2025-12-06 00:47:10,484 [INFO] Cycle 8/10
2025-12-06 00:47:10,484 [INFO] Labeled set size: 8000, Unlabeled set size: 42000
2025-12-06 00:47:18,298 [INFO]   Epoch   1/200 | loss 0.4802 | acc 84.35%
2025-12-06 00:48:28,821 [INFO]   Epoch  10/200 | loss 0.2770 | acc 90.67%
2025-12-06 00:49:33,118 [INFO]   Epoch  20/200 | loss 0.2316 | acc 91.70%
2025-12-06 00:50:27,679 [INFO]   Epoch  30/200 | loss 0.2451 | acc 91.72%
2025-12-06 00:51:21,037 [INFO]   Epoch  40/200 | loss 0.1979 | acc 93.27%
2025-12-06 00:52:13,080 [INFO]   Epoch  50/200 | loss 0.1794 | acc 94.00%
2025-12-06 00:53:05,653 [INFO]   Epoch  60/200 | loss 0.2182 | acc 92.60%
2025-12-06 00:54:05,972 [INFO]   Epoch  70/200 | loss 0.1779 | acc 93.74%
2025-12-06 00:55:12,154 [INFO]   Epoch  80/200 | loss 0.1737 | acc 94.34%
2025-12-06 00:56:18,208 [INFO]   Epoch  90/200 | loss 0.1647 | acc 94.96%
2025-12-06 00:57:23,914 [INFO]   Epoch 100/200 | loss 0.1668 | acc 94.50%
2025-12-06 00:58:52,990 [INFO]   Epoch 110/200 | loss 0.2117 | acc 92.96%
2025-12-06 01:00:22,705 [INFO]   Epoch 120/200 | loss 0.1904 | acc 93.58%
2025-12-06 01:01:51,208 [INFO]   Epoch 130/200 | loss 0.1847 | acc 93.73%
2025-12-06 01:03:20,761 [INFO]   Epoch 140/200 | loss 0.2554 | acc 91.24%
2025-12-06 01:04:49,572 [INFO]   Epoch 150/200 | loss 0.2218 | acc 92.49%
2025-12-06 01:06:18,373 [INFO]   Epoch 160/200 | loss 0.1635 | acc 94.65%
2025-12-06 01:07:50,736 [INFO]   Epoch 170/200 | loss 0.0094 | acc 99.91%
2025-12-06 01:09:23,572 [INFO]   Epoch 180/200 | loss 0.0057 | acc 99.96%
2025-12-06 01:10:55,204 [INFO]   Epoch 190/200 | loss 0.0041 | acc 99.99%
2025-12-06 01:12:19,939 [INFO]   Epoch 200/200 | loss 0.0036 | acc 99.99%
2025-12-06 01:12:23,728 [INFO]   >> Test: loss 0.4697 | acc 88.24%
2025-12-06 01:21:02,190 [INFO] Cycle 9/10
2025-12-06 01:21:02,190 [INFO] Labeled set size: 9000, Unlabeled set size: 41000
2025-12-06 01:21:10,913 [INFO]   Epoch   1/200 | loss 0.4843 | acc 84.17%
2025-12-06 01:22:29,548 [INFO]   Epoch  10/200 | loss 0.2958 | acc 89.56%
2025-12-06 01:23:55,312 [INFO]   Epoch  20/200 | loss 0.2667 | acc 91.07%
2025-12-06 01:25:15,574 [INFO]   Epoch  30/200 | loss 0.2313 | acc 92.16%
2025-12-06 01:26:16,467 [INFO]   Epoch  40/200 | loss 0.2418 | acc 92.03%
2025-12-06 01:27:17,258 [INFO]   Epoch  50/200 | loss 0.2424 | acc 91.80%
2025-12-06 01:28:17,630 [INFO]   Epoch  60/200 | loss 0.2183 | acc 92.68%
2025-12-06 01:29:28,960 [INFO]   Epoch  70/200 | loss 0.2562 | acc 91.34%
2025-12-06 01:30:44,458 [INFO]   Epoch  80/200 | loss 0.2961 | acc 90.22%
2025-12-06 01:31:55,829 [INFO]   Epoch  90/200 | loss 0.2337 | acc 91.79%
2025-12-06 01:33:10,436 [INFO]   Epoch 100/200 | loss 0.2140 | acc 92.92%
2025-12-06 01:34:49,033 [INFO]   Epoch 110/200 | loss 0.2044 | acc 93.22%
2025-12-06 01:36:30,826 [INFO]   Epoch 120/200 | loss 0.2633 | acc 90.80%
2025-12-06 01:38:14,623 [INFO]   Epoch 130/200 | loss 0.2467 | acc 91.62%
2025-12-06 01:39:56,384 [INFO]   Epoch 140/200 | loss 0.2199 | acc 92.19%
2025-12-06 01:41:38,810 [INFO]   Epoch 150/200 | loss 0.2051 | acc 92.86%
2025-12-06 01:43:22,212 [INFO]   Epoch 160/200 | loss 0.2039 | acc 93.23%
2025-12-06 01:45:05,106 [INFO]   Epoch 170/200 | loss 0.0111 | acc 99.86%
2025-12-06 01:46:47,824 [INFO]   Epoch 180/200 | loss 0.0063 | acc 99.98%
2025-12-06 01:48:31,590 [INFO]   Epoch 190/200 | loss 0.0051 | acc 99.98%
2025-12-06 01:50:06,153 [INFO]   Epoch 200/200 | loss 0.0037 | acc 100.00%
2025-12-06 01:50:09,502 [INFO]   >> Test: loss 0.4090 | acc 89.58%
2025-12-06 01:58:56,823 [INFO] Cycle 10/10
2025-12-06 01:58:56,823 [INFO] Labeled set size: 10000, Unlabeled set size: 40000
2025-12-06 01:59:06,594 [INFO]   Epoch   1/200 | loss 0.4697 | acc 84.65%
2025-12-06 02:00:34,592 [INFO]   Epoch  10/200 | loss 0.3102 | acc 89.16%
2025-12-06 02:02:12,329 [INFO]   Epoch  20/200 | loss 0.3087 | acc 89.35%
2025-12-06 02:03:50,891 [INFO]   Epoch  30/200 | loss 0.2799 | acc 90.33%
2025-12-06 02:05:00,721 [INFO]   Epoch  40/200 | loss 0.3921 | acc 86.83%
2025-12-06 02:06:06,057 [INFO]   Epoch  50/200 | loss 0.2133 | acc 92.68%
2025-12-06 02:07:10,548 [INFO]   Epoch  60/200 | loss 0.2702 | acc 90.83%
2025-12-06 02:08:31,955 [INFO]   Epoch  70/200 | loss 0.2710 | acc 90.95%
2025-12-06 02:09:54,658 [INFO]   Epoch  80/200 | loss 0.3124 | acc 89.46%
2025-12-06 02:11:16,954 [INFO]   Epoch  90/200 | loss 0.3507 | acc 88.00%
2025-12-06 02:12:45,033 [INFO]   Epoch 100/200 | loss 0.2846 | acc 90.30%
2025-12-06 02:14:40,286 [INFO]   Epoch 110/200 | loss 0.2792 | acc 90.73%
2025-12-06 02:16:34,690 [INFO]   Epoch 120/200 | loss 0.3211 | acc 88.95%
2025-12-06 02:18:28,834 [INFO]   Epoch 130/200 | loss 0.2830 | acc 90.18%
2025-12-06 02:20:24,047 [INFO]   Epoch 140/200 | loss 0.2252 | acc 92.37%
2025-12-06 02:22:18,144 [INFO]   Epoch 150/200 | loss 0.2490 | acc 91.49%
2025-12-06 02:24:13,447 [INFO]   Epoch 160/200 | loss 0.3223 | acc 89.13%
2025-12-06 02:26:07,313 [INFO]   Epoch 170/200 | loss 0.0156 | acc 99.76%
2025-12-06 02:28:02,238 [INFO]   Epoch 180/200 | loss 0.0081 | acc 99.91%
2025-12-06 02:29:57,669 [INFO]   Epoch 190/200 | loss 0.0064 | acc 99.95%
2025-12-06 02:31:44,223 [INFO]   Epoch 200/200 | loss 0.0065 | acc 99.93%
2025-12-06 02:31:48,219 [INFO]   >> Test: loss 0.3660 | acc 90.50%
2025-12-06 02:40:25,219 [INFO] Saved checkpoint to: ./checkpoints/cifar10/resnet18_DQN_200.pth
