2025-12-05 22:27:30,179 [INFO] 로그 파일 경로: logs/cifar10/DQN_200step_20251205_222730.log
2025-12-05 22:27:30,266 [INFO] Using device: cuda:0
2025-12-05 22:27:35,703 [INFO] Cycle 1/10
2025-12-05 22:27:35,703 [INFO] Labeled set size: 1000, Unlabeled set size: 49000
2025-12-05 22:27:37,466 [INFO]   Epoch   1/200 | loss 3.8757 | acc 10.70%
2025-12-05 22:27:46,866 [INFO]   Epoch  10/200 | loss 1.9730 | acc 22.90%
2025-12-05 22:28:02,829 [INFO]   Epoch  20/200 | loss 1.8414 | acc 30.00%
2025-12-05 22:28:19,009 [INFO]   Epoch  30/200 | loss 1.6695 | acc 36.40%
2025-12-05 22:28:35,570 [INFO]   Epoch  40/200 | loss 1.4862 | acc 43.70%
2025-12-05 22:28:52,890 [INFO]   Epoch  50/200 | loss 1.2961 | acc 52.80%
2025-12-05 22:29:10,397 [INFO]   Epoch  60/200 | loss 1.1172 | acc 58.30%
2025-12-05 22:29:27,681 [INFO]   Epoch  70/200 | loss 0.9262 | acc 66.40%
2025-12-05 22:29:44,852 [INFO]   Epoch  80/200 | loss 0.6789 | acc 75.00%
2025-12-05 22:30:01,582 [INFO]   Epoch  90/200 | loss 0.4964 | acc 81.70%
2025-12-05 22:30:18,927 [INFO]   Epoch 100/200 | loss 0.3811 | acc 85.50%
2025-12-05 22:30:36,159 [INFO]   Epoch 110/200 | loss 0.3589 | acc 86.90%
2025-12-05 22:30:53,272 [INFO]   Epoch 120/200 | loss 0.2252 | acc 92.00%
2025-12-05 22:31:10,394 [INFO]   Epoch 130/200 | loss 0.0990 | acc 96.80%
2025-12-05 22:31:27,755 [INFO]   Epoch 140/200 | loss 0.0712 | acc 97.60%
2025-12-05 22:31:44,850 [INFO]   Epoch 150/200 | loss 0.1545 | acc 94.40%
2025-12-05 22:32:01,162 [INFO]   Epoch 160/200 | loss 0.0651 | acc 98.10%
2025-12-05 22:32:15,907 [INFO]   Epoch 170/200 | loss 0.0114 | acc 99.80%
2025-12-05 22:32:31,192 [INFO]   Epoch 180/200 | loss 0.0095 | acc 99.90%
2025-12-05 22:32:44,339 [INFO]   Epoch 190/200 | loss 0.0059 | acc 99.90%
2025-12-05 22:32:54,953 [INFO]   Epoch 200/200 | loss 0.0045 | acc 100.00%
2025-12-05 22:32:56,881 [INFO]   >> Test: loss 3.1382 | acc 47.78%
2025-12-05 22:38:36,970 [INFO] Cycle 2/10
2025-12-05 22:38:36,970 [INFO] Labeled set size: 2000, Unlabeled set size: 48000
2025-12-05 22:38:39,699 [INFO]   Epoch   1/200 | loss 1.5773 | acc 58.30%
2025-12-05 22:39:05,160 [INFO]   Epoch  10/200 | loss 0.4659 | acc 83.80%
2025-12-05 22:39:33,291 [INFO]   Epoch  20/200 | loss 0.2606 | acc 91.55%
2025-12-05 22:40:01,554 [INFO]   Epoch  30/200 | loss 0.1954 | acc 92.95%
2025-12-05 22:40:29,073 [INFO]   Epoch  40/200 | loss 0.1624 | acc 95.00%
2025-12-05 22:40:56,579 [INFO]   Epoch  50/200 | loss 0.1052 | acc 96.60%
2025-12-05 22:41:24,380 [INFO]   Epoch  60/200 | loss 0.0867 | acc 97.35%
2025-12-05 22:41:52,688 [INFO]   Epoch  70/200 | loss 0.1314 | acc 96.10%
2025-12-05 22:42:20,098 [INFO]   Epoch  80/200 | loss 0.0883 | acc 96.90%
2025-12-05 22:42:48,750 [INFO]   Epoch  90/200 | loss 0.0859 | acc 97.20%
2025-12-05 22:43:16,122 [INFO]   Epoch 100/200 | loss 0.1277 | acc 95.70%
2025-12-05 22:43:40,543 [INFO]   Epoch 110/200 | loss 0.0437 | acc 98.45%
2025-12-05 22:44:05,470 [INFO]   Epoch 120/200 | loss 0.0488 | acc 98.25%
2025-12-05 22:44:28,860 [INFO]   Epoch 130/200 | loss 0.1322 | acc 95.85%
2025-12-05 22:44:47,795 [INFO]   Epoch 140/200 | loss 0.0446 | acc 98.85%
2025-12-05 22:45:09,498 [INFO]   Epoch 150/200 | loss 0.0184 | acc 99.65%
2025-12-05 22:45:31,143 [INFO]   Epoch 160/200 | loss 0.0228 | acc 99.40%
2025-12-05 22:45:52,576 [INFO]   Epoch 170/200 | loss 0.0033 | acc 99.95%
2025-12-05 22:46:12,254 [INFO]   Epoch 180/200 | loss 0.0020 | acc 100.00%
2025-12-05 22:46:30,572 [INFO]   Epoch 190/200 | loss 0.0016 | acc 100.00%
2025-12-05 22:46:45,371 [INFO]   Epoch 200/200 | loss 0.0012 | acc 100.00%
2025-12-05 22:46:47,249 [INFO]   >> Test: loss 1.9908 | acc 58.95%
2025-12-05 22:53:03,595 [INFO] Cycle 3/10
2025-12-05 22:53:03,596 [INFO] Labeled set size: 3000, Unlabeled set size: 47000
2025-12-05 22:53:07,738 [INFO]   Epoch   1/200 | loss 1.2018 | acc 63.90%
2025-12-05 22:53:42,309 [INFO]   Epoch  10/200 | loss 0.4837 | acc 83.40%
2025-12-05 22:54:21,247 [INFO]   Epoch  20/200 | loss 0.2619 | acc 91.07%
2025-12-05 22:55:00,585 [INFO]   Epoch  30/200 | loss 0.1460 | acc 95.13%
2025-12-05 22:55:35,493 [INFO]   Epoch  40/200 | loss 0.1345 | acc 95.30%
2025-12-05 22:56:14,955 [INFO]   Epoch  50/200 | loss 0.1512 | acc 95.27%
2025-12-05 22:56:54,469 [INFO]   Epoch  60/200 | loss 0.1304 | acc 96.00%
2025-12-05 22:57:33,861 [INFO]   Epoch  70/200 | loss 0.1598 | acc 94.80%
2025-12-05 22:58:12,863 [INFO]   Epoch  80/200 | loss 0.0890 | acc 97.30%
2025-12-05 22:58:52,036 [INFO]   Epoch  90/200 | loss 0.1072 | acc 96.13%
2025-12-05 22:59:31,559 [INFO]   Epoch 100/200 | loss 0.0973 | acc 96.87%
2025-12-05 23:00:06,147 [INFO]   Epoch 110/200 | loss 0.0793 | acc 97.50%
2025-12-05 23:00:31,789 [INFO]   Epoch 120/200 | loss 0.1706 | acc 94.23%
2025-12-05 23:01:01,495 [INFO]   Epoch 130/200 | loss 0.0845 | acc 97.23%
2025-12-05 23:01:30,975 [INFO]   Epoch 140/200 | loss 0.1564 | acc 95.03%
2025-12-05 23:02:00,809 [INFO]   Epoch 150/200 | loss 0.0990 | acc 96.50%
2025-12-05 23:02:30,392 [INFO]   Epoch 160/200 | loss 0.1078 | acc 96.33%
2025-12-05 23:02:58,679 [INFO]   Epoch 170/200 | loss 0.0055 | acc 99.97%
2025-12-05 23:03:23,858 [INFO]   Epoch 180/200 | loss 0.0039 | acc 99.97%
2025-12-05 23:03:48,256 [INFO]   Epoch 190/200 | loss 0.0027 | acc 100.00%
2025-12-05 23:04:07,741 [INFO]   Epoch 200/200 | loss 0.0026 | acc 100.00%
2025-12-05 23:04:09,641 [INFO]   >> Test: loss 1.3988 | acc 69.61%
2025-12-05 23:11:04,485 [INFO] Cycle 4/10
2025-12-05 23:11:04,485 [INFO] Labeled set size: 4000, Unlabeled set size: 46000
2025-12-05 23:11:09,322 [INFO]   Epoch   1/200 | loss 0.8401 | acc 74.60%
2025-12-05 23:11:53,229 [INFO]   Epoch  10/200 | loss 0.3283 | acc 88.70%
2025-12-05 23:12:43,766 [INFO]   Epoch  20/200 | loss 0.2263 | acc 92.25%
2025-12-05 23:13:35,003 [INFO]   Epoch  30/200 | loss 0.1564 | acc 94.67%
2025-12-05 23:14:25,106 [INFO]   Epoch  40/200 | loss 0.1280 | acc 95.90%
2025-12-05 23:15:15,959 [INFO]   Epoch  50/200 | loss 0.1825 | acc 93.83%
2025-12-05 23:16:06,034 [INFO]   Epoch  60/200 | loss 0.2387 | acc 92.25%
2025-12-05 23:16:56,027 [INFO]   Epoch  70/200 | loss 0.2022 | acc 93.23%
2025-12-05 23:17:46,231 [INFO]   Epoch  80/200 | loss 0.1211 | acc 96.25%
2025-12-05 23:18:36,396 [INFO]   Epoch  90/200 | loss 0.1267 | acc 96.10%
2025-12-05 23:19:24,840 [INFO]   Epoch 100/200 | loss 0.0959 | acc 96.95%
2025-12-05 23:20:03,594 [INFO]   Epoch 110/200 | loss 0.1473 | acc 94.88%
2025-12-05 23:20:40,788 [INFO]   Epoch 120/200 | loss 0.1369 | acc 95.75%
2025-12-05 23:21:14,325 [INFO]   Epoch 130/200 | loss 0.1317 | acc 95.45%
2025-12-05 23:21:51,613 [INFO]   Epoch 140/200 | loss 0.2363 | acc 92.35%
2025-12-05 23:22:28,975 [INFO]   Epoch 150/200 | loss 0.1022 | acc 96.33%
2025-12-05 23:23:06,848 [INFO]   Epoch 160/200 | loss 0.1925 | acc 94.20%
2025-12-05 23:23:38,349 [INFO]   Epoch 170/200 | loss 0.0104 | acc 99.83%
2025-12-05 23:24:09,489 [INFO]   Epoch 180/200 | loss 0.0058 | acc 99.98%
2025-12-05 23:24:40,250 [INFO]   Epoch 190/200 | loss 0.0051 | acc 99.95%
2025-12-05 23:25:04,518 [INFO]   Epoch 200/200 | loss 0.0037 | acc 100.00%
2025-12-05 23:25:06,392 [INFO]   >> Test: loss 0.9712 | acc 76.34%
2025-12-05 23:32:49,563 [INFO] Cycle 5/10
2025-12-05 23:32:49,563 [INFO] Labeled set size: 5000, Unlabeled set size: 45000
2025-12-05 23:32:55,488 [INFO]   Epoch   1/200 | loss 0.5925 | acc 82.42%
2025-12-05 23:33:48,210 [INFO]   Epoch  10/200 | loss 0.4914 | acc 83.30%
2025-12-05 23:34:48,377 [INFO]   Epoch  20/200 | loss 0.5304 | acc 83.22%
2025-12-05 23:35:48,288 [INFO]   Epoch  30/200 | loss 0.6273 | acc 79.54%
2025-12-05 23:36:48,339 [INFO]   Epoch  40/200 | loss 0.2637 | acc 91.00%
2025-12-05 23:37:49,294 [INFO]   Epoch  50/200 | loss 0.4946 | acc 84.28%
2025-12-05 23:38:51,415 [INFO]   Epoch  60/200 | loss 0.2618 | acc 91.56%
2025-12-05 23:39:51,040 [INFO]   Epoch  70/200 | loss 0.5598 | acc 81.84%
2025-12-05 23:40:53,274 [INFO]   Epoch  80/200 | loss 0.2687 | acc 91.36%
2025-12-05 23:41:53,329 [INFO]   Epoch  90/200 | loss 0.3120 | acc 89.24%
2025-12-05 23:42:41,801 [INFO]   Epoch 100/200 | loss 0.1925 | acc 93.20%
2025-12-05 23:43:27,581 [INFO]   Epoch 110/200 | loss 0.1782 | acc 94.06%
2025-12-05 23:44:13,135 [INFO]   Epoch 120/200 | loss 0.2034 | acc 93.52%
2025-12-05 23:44:57,343 [INFO]   Epoch 130/200 | loss 0.1688 | acc 94.90%
2025-12-05 23:45:43,172 [INFO]   Epoch 140/200 | loss 0.2677 | acc 91.16%
2025-12-05 23:46:28,424 [INFO]   Epoch 150/200 | loss 0.2635 | acc 91.36%
2025-12-05 23:47:07,308 [INFO]   Epoch 160/200 | loss 0.3662 | acc 87.84%
2025-12-05 23:47:44,759 [INFO]   Epoch 170/200 | loss 0.0268 | acc 99.66%
2025-12-05 23:48:22,266 [INFO]   Epoch 180/200 | loss 0.0200 | acc 99.74%
2025-12-05 23:48:59,451 [INFO]   Epoch 190/200 | loss 0.0170 | acc 99.70%
2025-12-05 23:49:29,180 [INFO]   Epoch 200/200 | loss 0.0164 | acc 99.80%
2025-12-05 23:49:31,071 [INFO]   >> Test: loss 0.8670 | acc 80.50%
2025-12-05 23:57:59,794 [INFO] Cycle 6/10
2025-12-05 23:57:59,794 [INFO] Labeled set size: 6000, Unlabeled set size: 44000
2025-12-05 23:58:07,040 [INFO]   Epoch   1/200 | loss 0.4728 | acc 85.77%
2025-12-05 23:59:13,329 [INFO]   Epoch  10/200 | loss 0.2095 | acc 93.25%
2025-12-06 00:00:25,760 [INFO]   Epoch  20/200 | loss 0.1977 | acc 93.57%
2025-12-06 00:01:37,944 [INFO]   Epoch  30/200 | loss 0.1631 | acc 94.30%
2025-12-06 00:02:49,951 [INFO]   Epoch  40/200 | loss 0.1564 | acc 94.80%
2025-12-06 00:04:02,859 [INFO]   Epoch  50/200 | loss 0.1924 | acc 93.57%
2025-12-06 00:05:16,295 [INFO]   Epoch  60/200 | loss 0.1969 | acc 93.35%
2025-12-06 00:06:29,205 [INFO]   Epoch  70/200 | loss 0.1478 | acc 95.05%
2025-12-06 00:07:40,143 [INFO]   Epoch  80/200 | loss 0.1400 | acc 95.00%
2025-12-06 00:08:33,609 [INFO]   Epoch  90/200 | loss 0.1567 | acc 94.83%
2025-12-06 00:09:24,335 [INFO]   Epoch 100/200 | loss 0.1602 | acc 94.85%
2025-12-06 00:10:18,580 [INFO]   Epoch 110/200 | loss 0.2015 | acc 93.40%
2025-12-06 00:11:12,022 [INFO]   Epoch 120/200 | loss 0.1440 | acc 95.30%
2025-12-06 00:12:05,262 [INFO]   Epoch 130/200 | loss 0.1717 | acc 94.45%
2025-12-06 00:12:54,973 [INFO]   Epoch 140/200 | loss 0.1224 | acc 96.02%
2025-12-06 00:13:45,512 [INFO]   Epoch 150/200 | loss 0.1292 | acc 96.03%
2025-12-06 00:14:34,684 [INFO]   Epoch 160/200 | loss 0.1215 | acc 95.82%
2025-12-06 00:15:18,229 [INFO]   Epoch 170/200 | loss 0.0063 | acc 99.97%
2025-12-06 00:16:01,314 [INFO]   Epoch 180/200 | loss 0.0047 | acc 99.95%
2025-12-06 00:16:54,201 [INFO]   Epoch 190/200 | loss 0.0035 | acc 100.00%
2025-12-06 00:17:51,789 [INFO]   Epoch 200/200 | loss 0.0031 | acc 100.00%
2025-12-06 00:17:54,374 [INFO]   >> Test: loss 0.6223 | acc 84.53%
2025-12-06 00:26:31,695 [INFO] Cycle 7/10
2025-12-06 00:26:31,696 [INFO] Labeled set size: 7000, Unlabeled set size: 43000
2025-12-06 00:26:39,824 [INFO]   Epoch   1/200 | loss 0.5813 | acc 82.17%
2025-12-06 00:27:53,228 [INFO]   Epoch  10/200 | loss 0.2917 | acc 90.03%
2025-12-06 00:29:15,233 [INFO]   Epoch  20/200 | loss 0.2507 | acc 91.47%
2025-12-06 00:30:36,410 [INFO]   Epoch  30/200 | loss 0.2303 | acc 91.84%
2025-12-06 00:31:57,224 [INFO]   Epoch  40/200 | loss 0.1810 | acc 94.09%
2025-12-06 00:33:18,962 [INFO]   Epoch  50/200 | loss 0.1752 | acc 94.29%
2025-12-06 00:34:41,094 [INFO]   Epoch  60/200 | loss 0.1700 | acc 94.57%
2025-12-06 00:36:03,819 [INFO]   Epoch  70/200 | loss 0.1744 | acc 94.03%
2025-12-06 00:37:26,519 [INFO]   Epoch  80/200 | loss 0.1885 | acc 93.93%
2025-12-06 00:38:37,712 [INFO]   Epoch  90/200 | loss 0.1917 | acc 93.60%
2025-12-06 00:39:38,088 [INFO]   Epoch 100/200 | loss 0.1845 | acc 93.74%
2025-12-06 00:40:33,805 [INFO]   Epoch 110/200 | loss 0.1919 | acc 93.39%
2025-12-06 00:41:33,357 [INFO]   Epoch 120/200 | loss 0.1804 | acc 94.00%
2025-12-06 00:42:29,916 [INFO]   Epoch 130/200 | loss 0.1723 | acc 94.03%
2025-12-06 00:43:28,977 [INFO]   Epoch 140/200 | loss 0.1880 | acc 93.66%
2025-12-06 00:44:26,001 [INFO]   Epoch 150/200 | loss 0.1582 | acc 94.87%
2025-12-06 00:45:19,380 [INFO]   Epoch 160/200 | loss 0.1794 | acc 94.10%
2025-12-06 00:46:04,521 [INFO]   Epoch 170/200 | loss 0.0089 | acc 99.93%
2025-12-06 00:46:52,212 [INFO]   Epoch 180/200 | loss 0.0058 | acc 99.97%
2025-12-06 00:47:58,463 [INFO]   Epoch 190/200 | loss 0.0040 | acc 100.00%
2025-12-06 00:49:06,237 [INFO]   Epoch 200/200 | loss 0.0036 | acc 100.00%
2025-12-06 00:49:09,755 [INFO]   >> Test: loss 0.5558 | acc 86.04%
2025-12-06 00:57:40,065 [INFO] Cycle 8/10
2025-12-06 00:57:40,065 [INFO] Labeled set size: 8000, Unlabeled set size: 42000
2025-12-06 00:57:49,604 [INFO]   Epoch   1/200 | loss 0.4899 | acc 84.41%
2025-12-06 00:59:15,217 [INFO]   Epoch  10/200 | loss 0.2886 | acc 90.36%
2025-12-06 01:00:51,889 [INFO]   Epoch  20/200 | loss 0.2622 | acc 91.15%
2025-12-06 01:02:28,892 [INFO]   Epoch  30/200 | loss 0.2189 | acc 92.62%
2025-12-06 01:04:05,816 [INFO]   Epoch  40/200 | loss 0.1859 | acc 93.67%
2025-12-06 01:05:42,191 [INFO]   Epoch  50/200 | loss 0.2152 | acc 93.01%
2025-12-06 01:07:15,674 [INFO]   Epoch  60/200 | loss 0.2313 | acc 92.06%
2025-12-06 01:08:48,562 [INFO]   Epoch  70/200 | loss 0.1625 | acc 94.51%
2025-12-06 01:10:22,525 [INFO]   Epoch  80/200 | loss 0.2524 | acc 91.44%
2025-12-06 01:11:54,626 [INFO]   Epoch  90/200 | loss 0.1987 | acc 93.11%
2025-12-06 01:13:08,577 [INFO]   Epoch 100/200 | loss 0.1943 | acc 93.47%
2025-12-06 01:14:17,678 [INFO]   Epoch 110/200 | loss 0.2090 | acc 92.94%
2025-12-06 01:15:27,896 [INFO]   Epoch 120/200 | loss 0.2041 | acc 93.14%
2025-12-06 01:16:37,045 [INFO]   Epoch 130/200 | loss 0.2401 | acc 91.64%
2025-12-06 01:17:41,299 [INFO]   Epoch 140/200 | loss 0.1983 | acc 93.39%
2025-12-06 01:18:46,885 [INFO]   Epoch 150/200 | loss 0.2428 | acc 92.22%
2025-12-06 01:19:55,228 [INFO]   Epoch 160/200 | loss 0.1882 | acc 93.77%
2025-12-06 01:20:56,222 [INFO]   Epoch 170/200 | loss 0.0102 | acc 99.83%
2025-12-06 01:22:17,412 [INFO]   Epoch 180/200 | loss 0.0052 | acc 100.00%
2025-12-06 01:23:39,285 [INFO]   Epoch 190/200 | loss 0.0046 | acc 99.99%
2025-12-06 01:24:59,068 [INFO]   Epoch 200/200 | loss 0.0037 | acc 99.99%
2025-12-06 01:25:02,479 [INFO]   >> Test: loss 0.4960 | acc 87.49%
2025-12-06 01:33:24,194 [INFO] Cycle 9/10
2025-12-06 01:33:24,194 [INFO] Labeled set size: 9000, Unlabeled set size: 41000
2025-12-06 01:33:34,151 [INFO]   Epoch   1/200 | loss 0.4844 | acc 84.59%
2025-12-06 01:35:04,668 [INFO]   Epoch  10/200 | loss 0.3103 | acc 89.41%
2025-12-06 01:36:49,254 [INFO]   Epoch  20/200 | loss 0.2541 | acc 91.17%
2025-12-06 01:38:36,686 [INFO]   Epoch  30/200 | loss 0.2285 | acc 92.21%
2025-12-06 01:40:23,542 [INFO]   Epoch  40/200 | loss 0.2705 | acc 90.54%
2025-12-06 01:42:11,254 [INFO]   Epoch  50/200 | loss 0.2659 | acc 90.92%
2025-12-06 01:43:57,143 [INFO]   Epoch  60/200 | loss 0.2752 | acc 90.57%
2025-12-06 01:45:43,049 [INFO]   Epoch  70/200 | loss 0.2351 | acc 91.78%
2025-12-06 01:47:28,596 [INFO]   Epoch  80/200 | loss 0.2372 | acc 91.51%
2025-12-06 01:49:13,640 [INFO]   Epoch  90/200 | loss 0.2243 | acc 92.58%
2025-12-06 01:50:39,736 [INFO]   Epoch 100/200 | loss 0.2467 | acc 91.69%
2025-12-06 01:51:52,767 [INFO]   Epoch 110/200 | loss 0.2676 | acc 90.77%
2025-12-06 01:53:05,840 [INFO]   Epoch 120/200 | loss 0.2773 | acc 90.59%
2025-12-06 01:54:20,210 [INFO]   Epoch 130/200 | loss 0.2206 | acc 92.67%
2025-12-06 01:55:34,724 [INFO]   Epoch 140/200 | loss 0.2471 | acc 91.47%
2025-12-06 01:56:48,920 [INFO]   Epoch 150/200 | loss 0.2440 | acc 92.01%
2025-12-06 01:58:03,696 [INFO]   Epoch 160/200 | loss 0.2163 | acc 92.71%
2025-12-06 01:59:23,463 [INFO]   Epoch 170/200 | loss 0.0111 | acc 99.90%
2025-12-06 02:00:54,617 [INFO]   Epoch 180/200 | loss 0.0059 | acc 99.97%
2025-12-06 02:02:25,992 [INFO]   Epoch 190/200 | loss 0.0047 | acc 99.98%
2025-12-06 02:03:55,988 [INFO]   Epoch 200/200 | loss 0.0039 | acc 100.00%
2025-12-06 02:03:59,720 [INFO]   >> Test: loss 0.4410 | acc 88.90%
2025-12-06 02:12:20,857 [INFO] Cycle 10/10
2025-12-06 02:12:20,858 [INFO] Labeled set size: 10000, Unlabeled set size: 40000
2025-12-06 02:12:32,876 [INFO]   Epoch   1/200 | loss 0.4898 | acc 83.90%
2025-12-06 02:14:19,973 [INFO]   Epoch  10/200 | loss 0.3688 | acc 87.85%
2025-12-06 02:16:18,202 [INFO]   Epoch  20/200 | loss 0.3673 | acc 87.48%
2025-12-06 02:18:16,969 [INFO]   Epoch  30/200 | loss 0.2815 | acc 90.43%
2025-12-06 02:20:15,205 [INFO]   Epoch  40/200 | loss 0.3505 | acc 87.92%
2025-12-06 02:22:12,712 [INFO]   Epoch  50/200 | loss 0.2253 | acc 92.38%
2025-12-06 02:24:09,423 [INFO]   Epoch  60/200 | loss 0.2889 | acc 89.86%
2025-12-06 02:26:07,235 [INFO]   Epoch  70/200 | loss 0.3438 | acc 88.47%
2025-12-06 02:28:04,867 [INFO]   Epoch  80/200 | loss 0.2959 | acc 89.79%
2025-12-06 02:30:01,625 [INFO]   Epoch  90/200 | loss 0.2866 | acc 90.67%
2025-12-06 02:31:48,295 [INFO]   Epoch 100/200 | loss 0.3290 | acc 88.91%
2025-12-06 02:33:10,331 [INFO]   Epoch 110/200 | loss 0.3637 | acc 87.72%
2025-12-06 02:34:30,141 [INFO]   Epoch 120/200 | loss 0.2303 | acc 91.85%
2025-12-06 02:35:52,603 [INFO]   Epoch 130/200 | loss 0.2976 | acc 89.90%
2025-12-06 02:37:15,031 [INFO]   Epoch 140/200 | loss 0.2560 | acc 91.11%
2025-12-06 02:38:37,420 [INFO]   Epoch 150/200 | loss 0.3014 | acc 89.95%
2025-12-06 02:39:59,593 [INFO]   Epoch 160/200 | loss 0.2057 | acc 92.92%
2025-12-06 02:41:00,601 [INFO]   Epoch 170/200 | loss 0.0137 | acc 99.84%
2025-12-06 02:41:58,360 [INFO]   Epoch 180/200 | loss 0.0076 | acc 99.93%
2025-12-06 02:42:55,884 [INFO]   Epoch 190/200 | loss 0.0053 | acc 99.97%
2025-12-06 02:43:53,010 [INFO]   Epoch 200/200 | loss 0.0053 | acc 99.96%
2025-12-06 02:43:54,939 [INFO]   >> Test: loss 0.4329 | acc 89.25%
2025-12-06 02:47:03,982 [INFO] Saved checkpoint to: ./checkpoints/cifar10/resnet18_DQN_200.pth
