2025-12-05 22:27:23,609 [INFO] 로그 파일 경로: logs/cifar10/DQN_200step_20251205_222723.log
2025-12-05 22:27:23,711 [INFO] Using device: cuda:0
2025-12-05 22:27:28,176 [INFO] Cycle 1/10
2025-12-05 22:27:28,176 [INFO] Labeled set size: 1000, Unlabeled set size: 49000
2025-12-05 22:27:29,682 [INFO]   Epoch   1/200 | loss 4.5353 | acc 10.70%
2025-12-05 22:27:37,033 [INFO]   Epoch  10/200 | loss 2.0255 | acc 23.60%
2025-12-05 22:27:48,303 [INFO]   Epoch  20/200 | loss 1.7559 | acc 34.00%
2025-12-05 22:28:04,343 [INFO]   Epoch  30/200 | loss 1.5620 | acc 40.50%
2025-12-05 22:28:20,496 [INFO]   Epoch  40/200 | loss 1.3555 | acc 49.30%
2025-12-05 22:28:37,281 [INFO]   Epoch  50/200 | loss 1.2297 | acc 52.30%
2025-12-05 22:28:54,733 [INFO]   Epoch  60/200 | loss 1.0072 | acc 61.90%
2025-12-05 22:29:12,179 [INFO]   Epoch  70/200 | loss 0.8387 | acc 68.20%
2025-12-05 22:29:27,853 [INFO]   Epoch  80/200 | loss 0.6296 | acc 77.30%
2025-12-05 22:29:44,844 [INFO]   Epoch  90/200 | loss 0.5081 | acc 81.50%
2025-12-05 22:30:01,642 [INFO]   Epoch 100/200 | loss 0.2790 | acc 90.90%
2025-12-05 22:30:18,923 [INFO]   Epoch 110/200 | loss 0.2502 | acc 91.80%
2025-12-05 22:30:36,208 [INFO]   Epoch 120/200 | loss 0.1166 | acc 96.00%
2025-12-05 22:30:53,302 [INFO]   Epoch 130/200 | loss 0.1503 | acc 94.80%
2025-12-05 22:31:10,117 [INFO]   Epoch 140/200 | loss 0.1449 | acc 94.80%
2025-12-05 22:31:25,632 [INFO]   Epoch 150/200 | loss 0.0642 | acc 98.10%
2025-12-05 22:31:43,075 [INFO]   Epoch 160/200 | loss 0.0649 | acc 98.10%
2025-12-05 22:31:58,106 [INFO]   Epoch 170/200 | loss 0.0100 | acc 100.00%
2025-12-05 22:32:13,124 [INFO]   Epoch 180/200 | loss 0.0091 | acc 100.00%
2025-12-05 22:32:28,253 [INFO]   Epoch 190/200 | loss 0.0053 | acc 100.00%
2025-12-05 22:32:41,885 [INFO]   Epoch 200/200 | loss 0.0063 | acc 99.90%
2025-12-05 22:32:44,226 [INFO]   >> Test: loss 3.1958 | acc 45.58%
2025-12-05 22:38:17,170 [INFO] Cycle 2/10
2025-12-05 22:38:17,171 [INFO] Labeled set size: 2000, Unlabeled set size: 48000
2025-12-05 22:38:19,621 [INFO]   Epoch   1/200 | loss 1.7259 | acc 56.00%
2025-12-05 22:38:42,449 [INFO]   Epoch  10/200 | loss 0.5782 | acc 79.75%
2025-12-05 22:39:10,758 [INFO]   Epoch  20/200 | loss 0.3350 | acc 88.15%
2025-12-05 22:39:38,898 [INFO]   Epoch  30/200 | loss 0.2431 | acc 91.45%
2025-12-05 22:40:06,900 [INFO]   Epoch  40/200 | loss 0.1685 | acc 94.00%
2025-12-05 22:40:34,875 [INFO]   Epoch  50/200 | loss 0.1002 | acc 96.25%
2025-12-05 22:40:59,420 [INFO]   Epoch  60/200 | loss 0.1174 | acc 96.25%
2025-12-05 22:41:24,421 [INFO]   Epoch  70/200 | loss 0.1263 | acc 95.95%
2025-12-05 22:41:52,683 [INFO]   Epoch  80/200 | loss 0.0443 | acc 98.65%
2025-12-05 22:42:17,516 [INFO]   Epoch  90/200 | loss 0.1366 | acc 94.85%
2025-12-05 22:42:45,818 [INFO]   Epoch 100/200 | loss 0.1162 | acc 96.35%
2025-12-05 22:43:11,386 [INFO]   Epoch 110/200 | loss 0.0503 | acc 98.65%
2025-12-05 22:43:36,432 [INFO]   Epoch 120/200 | loss 0.0674 | acc 98.15%
2025-12-05 22:44:02,867 [INFO]   Epoch 130/200 | loss 0.0637 | acc 97.95%
2025-12-05 22:44:26,747 [INFO]   Epoch 140/200 | loss 0.0681 | acc 97.80%
2025-12-05 22:44:47,466 [INFO]   Epoch 150/200 | loss 0.1375 | acc 95.35%
2025-12-05 22:45:09,542 [INFO]   Epoch 160/200 | loss 0.0469 | acc 98.70%
2025-12-05 22:45:31,202 [INFO]   Epoch 170/200 | loss 0.0057 | acc 99.95%
2025-12-05 22:45:52,475 [INFO]   Epoch 180/200 | loss 0.0032 | acc 100.00%
2025-12-05 22:46:12,319 [INFO]   Epoch 190/200 | loss 0.0027 | acc 100.00%
2025-12-05 22:46:30,652 [INFO]   Epoch 200/200 | loss 0.0024 | acc 100.00%
2025-12-05 22:46:32,823 [INFO]   >> Test: loss 2.2199 | acc 54.39%
2025-12-05 22:52:36,913 [INFO] Cycle 3/10
2025-12-05 22:52:36,913 [INFO] Labeled set size: 3000, Unlabeled set size: 47000
2025-12-05 22:52:40,267 [INFO]   Epoch   1/200 | loss 1.2147 | acc 66.37%
2025-12-05 22:53:09,821 [INFO]   Epoch  10/200 | loss 0.3952 | acc 86.23%
2025-12-05 22:53:45,875 [INFO]   Epoch  20/200 | loss 0.2758 | acc 90.47%
2025-12-05 22:54:21,231 [INFO]   Epoch  30/200 | loss 0.1408 | acc 95.53%
2025-12-05 22:54:56,651 [INFO]   Epoch  40/200 | loss 0.1259 | acc 95.93%
2025-12-05 22:55:35,328 [INFO]   Epoch  50/200 | loss 0.1296 | acc 96.13%
2025-12-05 22:56:14,924 [INFO]   Epoch  60/200 | loss 0.0903 | acc 97.10%
2025-12-05 22:56:54,433 [INFO]   Epoch  70/200 | loss 0.1552 | acc 94.93%
2025-12-05 22:57:33,908 [INFO]   Epoch  80/200 | loss 0.1152 | acc 96.40%
2025-12-05 22:58:12,697 [INFO]   Epoch  90/200 | loss 0.1010 | acc 96.73%
2025-12-05 22:58:52,018 [INFO]   Epoch 100/200 | loss 0.1909 | acc 93.40%
2025-12-05 22:59:31,580 [INFO]   Epoch 110/200 | loss 0.0718 | acc 97.57%
2025-12-05 23:00:06,388 [INFO]   Epoch 120/200 | loss 0.1031 | acc 96.87%
2025-12-05 23:00:34,547 [INFO]   Epoch 130/200 | loss 0.0671 | acc 98.03%
2025-12-05 23:01:04,448 [INFO]   Epoch 140/200 | loss 0.1273 | acc 95.43%
2025-12-05 23:01:33,950 [INFO]   Epoch 150/200 | loss 0.1269 | acc 95.83%
2025-12-05 23:02:03,709 [INFO]   Epoch 160/200 | loss 0.0853 | acc 97.37%
2025-12-05 23:02:33,271 [INFO]   Epoch 170/200 | loss 0.0055 | acc 99.97%
2025-12-05 23:03:01,313 [INFO]   Epoch 180/200 | loss 0.0044 | acc 99.93%
2025-12-05 23:03:26,373 [INFO]   Epoch 190/200 | loss 0.0031 | acc 100.00%
2025-12-05 23:03:50,796 [INFO]   Epoch 200/200 | loss 0.0039 | acc 99.97%
2025-12-05 23:03:53,287 [INFO]   >> Test: loss 1.6590 | acc 63.13%
2025-12-05 23:10:34,381 [INFO] Cycle 4/10
2025-12-05 23:10:34,381 [INFO] Labeled set size: 4000, Unlabeled set size: 46000
2025-12-05 23:10:38,373 [INFO]   Epoch   1/200 | loss 0.7015 | acc 78.92%
2025-12-05 23:11:17,567 [INFO]   Epoch  10/200 | loss 0.2545 | acc 91.33%
2025-12-05 23:12:03,573 [INFO]   Epoch  20/200 | loss 0.2144 | acc 93.03%
2025-12-05 23:12:53,817 [INFO]   Epoch  30/200 | loss 0.1949 | acc 93.23%
2025-12-05 23:13:45,175 [INFO]   Epoch  40/200 | loss 0.1928 | acc 93.83%
2025-12-05 23:14:35,625 [INFO]   Epoch  50/200 | loss 0.1375 | acc 95.35%
2025-12-05 23:15:25,965 [INFO]   Epoch  60/200 | loss 0.1411 | acc 95.47%
2025-12-05 23:16:11,799 [INFO]   Epoch  70/200 | loss 0.0983 | acc 96.70%
2025-12-05 23:17:01,027 [INFO]   Epoch  80/200 | loss 0.1199 | acc 96.35%
2025-12-05 23:17:51,289 [INFO]   Epoch  90/200 | loss 0.1188 | acc 96.05%
2025-12-05 23:18:41,320 [INFO]   Epoch 100/200 | loss 0.1484 | acc 95.05%
2025-12-05 23:19:24,857 [INFO]   Epoch 110/200 | loss 0.1782 | acc 93.97%
2025-12-05 23:20:03,657 [INFO]   Epoch 120/200 | loss 0.0914 | acc 97.20%
2025-12-05 23:20:40,982 [INFO]   Epoch 130/200 | loss 0.1118 | acc 96.25%
2025-12-05 23:21:17,992 [INFO]   Epoch 140/200 | loss 0.1597 | acc 94.95%
2025-12-05 23:21:55,463 [INFO]   Epoch 150/200 | loss 0.2564 | acc 91.92%
2025-12-05 23:22:32,661 [INFO]   Epoch 160/200 | loss 0.0880 | acc 97.32%
2025-12-05 23:23:10,466 [INFO]   Epoch 170/200 | loss 0.0064 | acc 99.95%
2025-12-05 23:23:41,483 [INFO]   Epoch 180/200 | loss 0.0036 | acc 100.00%
2025-12-05 23:24:12,627 [INFO]   Epoch 190/200 | loss 0.0028 | acc 100.00%
2025-12-05 23:24:43,428 [INFO]   Epoch 200/200 | loss 0.0026 | acc 100.00%
2025-12-05 23:24:46,178 [INFO]   >> Test: loss 1.1249 | acc 72.96%
2025-12-05 23:32:13,310 [INFO] Cycle 5/10
2025-12-05 23:32:13,310 [INFO] Labeled set size: 5000, Unlabeled set size: 45000
2025-12-05 23:32:18,272 [INFO]   Epoch   1/200 | loss 0.6408 | acc 80.40%
2025-12-05 23:33:06,118 [INFO]   Epoch  10/200 | loss 0.3808 | acc 88.04%
2025-12-05 23:34:05,196 [INFO]   Epoch  20/200 | loss 0.3171 | acc 89.58%
2025-12-05 23:35:03,615 [INFO]   Epoch  30/200 | loss 0.1357 | acc 95.62%
2025-12-05 23:36:00,538 [INFO]   Epoch  40/200 | loss 0.5933 | acc 81.66%
2025-12-05 23:37:00,309 [INFO]   Epoch  50/200 | loss 0.4533 | acc 85.56%
2025-12-05 23:38:01,950 [INFO]   Epoch  60/200 | loss 0.3040 | acc 90.30%
2025-12-05 23:39:03,341 [INFO]   Epoch  70/200 | loss 0.2777 | acc 90.64%
2025-12-05 23:40:03,208 [INFO]   Epoch  80/200 | loss 0.1271 | acc 95.62%
2025-12-05 23:41:05,588 [INFO]   Epoch  90/200 | loss 0.3654 | acc 88.52%
2025-12-05 23:42:04,264 [INFO]   Epoch 100/200 | loss 0.3368 | acc 88.64%
2025-12-05 23:42:50,745 [INFO]   Epoch 110/200 | loss 0.2385 | acc 91.86%
2025-12-05 23:43:36,943 [INFO]   Epoch 120/200 | loss 0.2716 | acc 91.70%
2025-12-05 23:44:20,348 [INFO]   Epoch 130/200 | loss 0.2792 | acc 90.78%
2025-12-05 23:45:01,819 [INFO]   Epoch 140/200 | loss 0.3101 | acc 89.82%
2025-12-05 23:45:47,685 [INFO]   Epoch 150/200 | loss 0.2570 | acc 91.50%
2025-12-05 23:46:33,290 [INFO]   Epoch 160/200 | loss 0.2369 | acc 92.34%
2025-12-05 23:47:14,838 [INFO]   Epoch 170/200 | loss 0.0342 | acc 99.22%
2025-12-05 23:47:52,235 [INFO]   Epoch 180/200 | loss 0.0206 | acc 99.66%
2025-12-05 23:48:29,778 [INFO]   Epoch 190/200 | loss 0.0163 | acc 99.74%
2025-12-05 23:49:06,946 [INFO]   Epoch 200/200 | loss 0.0108 | acc 99.84%
2025-12-05 23:49:09,697 [INFO]   >> Test: loss 0.8371 | acc 80.63%
2025-12-05 23:57:19,923 [INFO] Cycle 6/10
2025-12-05 23:57:19,923 [INFO] Labeled set size: 6000, Unlabeled set size: 44000
2025-12-05 23:57:25,957 [INFO]   Epoch   1/200 | loss 0.4590 | acc 85.60%
2025-12-05 23:58:22,046 [INFO]   Epoch  10/200 | loss 0.2140 | acc 92.92%
2025-12-05 23:59:35,066 [INFO]   Epoch  20/200 | loss 0.2144 | acc 92.43%
2025-12-06 00:00:47,048 [INFO]   Epoch  30/200 | loss 0.1697 | acc 94.33%
2025-12-06 00:01:59,633 [INFO]   Epoch  40/200 | loss 0.1720 | acc 94.35%
2025-12-06 00:03:11,546 [INFO]   Epoch  50/200 | loss 0.1600 | acc 94.83%
2025-12-06 00:04:24,712 [INFO]   Epoch  60/200 | loss 0.1571 | acc 94.75%
2025-12-06 00:05:38,312 [INFO]   Epoch  70/200 | loss 0.1569 | acc 94.92%
2025-12-06 00:06:50,825 [INFO]   Epoch  80/200 | loss 0.1858 | acc 93.95%
2025-12-06 00:07:58,719 [INFO]   Epoch  90/200 | loss 0.1975 | acc 93.30%
2025-12-06 00:08:52,649 [INFO]   Epoch 100/200 | loss 0.1602 | acc 94.72%
2025-12-06 00:09:46,136 [INFO]   Epoch 110/200 | loss 0.1182 | acc 95.90%
2025-12-06 00:10:39,940 [INFO]   Epoch 120/200 | loss 0.1543 | acc 95.02%
2025-12-06 00:11:33,649 [INFO]   Epoch 130/200 | loss 0.1791 | acc 94.20%
2025-12-06 00:12:26,979 [INFO]   Epoch 140/200 | loss 0.1343 | acc 95.43%
2025-12-06 00:13:19,236 [INFO]   Epoch 150/200 | loss 0.1504 | acc 95.02%
2025-12-06 00:14:12,559 [INFO]   Epoch 160/200 | loss 0.1632 | acc 94.42%
2025-12-06 00:14:56,522 [INFO]   Epoch 170/200 | loss 0.0081 | acc 99.93%
2025-12-06 00:15:39,867 [INFO]   Epoch 180/200 | loss 0.0048 | acc 99.98%
2025-12-06 00:16:25,828 [INFO]   Epoch 190/200 | loss 0.0041 | acc 99.98%
2025-12-06 00:17:25,293 [INFO]   Epoch 200/200 | loss 0.0034 | acc 100.00%
2025-12-06 00:17:29,319 [INFO]   >> Test: loss 0.6304 | acc 84.54%
2025-12-06 00:26:01,560 [INFO] Cycle 7/10
2025-12-06 00:26:01,561 [INFO] Labeled set size: 7000, Unlabeled set size: 43000
2025-12-06 00:26:08,684 [INFO]   Epoch   1/200 | loss 0.5534 | acc 82.77%
2025-12-06 00:27:19,438 [INFO]   Epoch  10/200 | loss 0.2770 | acc 91.00%
2025-12-06 00:28:41,326 [INFO]   Epoch  20/200 | loss 0.2153 | acc 92.79%
2025-12-06 00:30:03,070 [INFO]   Epoch  30/200 | loss 0.2221 | acc 92.31%
2025-12-06 00:31:24,072 [INFO]   Epoch  40/200 | loss 0.2286 | acc 92.24%
2025-12-06 00:32:44,924 [INFO]   Epoch  50/200 | loss 0.2524 | acc 91.70%
2025-12-06 00:34:05,778 [INFO]   Epoch  60/200 | loss 0.1838 | acc 93.79%
2025-12-06 00:35:27,237 [INFO]   Epoch  70/200 | loss 0.1855 | acc 93.71%
2025-12-06 00:36:47,817 [INFO]   Epoch  80/200 | loss 0.1672 | acc 94.40%
2025-12-06 00:38:05,674 [INFO]   Epoch  90/200 | loss 0.1708 | acc 94.37%
2025-12-06 00:39:07,781 [INFO]   Epoch 100/200 | loss 0.2021 | acc 93.16%
2025-12-06 00:40:08,622 [INFO]   Epoch 110/200 | loss 0.1700 | acc 94.19%
2025-12-06 00:41:08,985 [INFO]   Epoch 120/200 | loss 0.1677 | acc 94.16%
2025-12-06 00:42:10,077 [INFO]   Epoch 130/200 | loss 0.1728 | acc 94.19%
2025-12-06 00:43:10,919 [INFO]   Epoch 140/200 | loss 0.1587 | acc 94.47%
2025-12-06 00:44:11,362 [INFO]   Epoch 150/200 | loss 0.1771 | acc 94.30%
2025-12-06 00:45:08,291 [INFO]   Epoch 160/200 | loss 0.1375 | acc 95.19%
2025-12-06 00:45:53,468 [INFO]   Epoch 170/200 | loss 0.0090 | acc 99.94%
2025-12-06 00:46:38,678 [INFO]   Epoch 180/200 | loss 0.0052 | acc 99.94%
2025-12-06 00:47:41,998 [INFO]   Epoch 190/200 | loss 0.0044 | acc 99.97%
2025-12-06 00:48:52,345 [INFO]   Epoch 200/200 | loss 0.0036 | acc 99.99%
2025-12-06 00:48:56,073 [INFO]   >> Test: loss 0.5605 | acc 86.29%
2025-12-06 00:57:24,101 [INFO] Cycle 8/10
2025-12-06 00:57:24,101 [INFO] Labeled set size: 8000, Unlabeled set size: 42000
2025-12-06 00:57:32,224 [INFO]   Epoch   1/200 | loss 0.5120 | acc 83.83%
2025-12-06 00:58:56,184 [INFO]   Epoch  10/200 | loss 0.3060 | acc 89.70%
2025-12-06 01:00:32,462 [INFO]   Epoch  20/200 | loss 0.2521 | acc 91.46%
2025-12-06 01:02:09,550 [INFO]   Epoch  30/200 | loss 0.1999 | acc 93.05%
2025-12-06 01:03:46,362 [INFO]   Epoch  40/200 | loss 0.1954 | acc 93.31%
2025-12-06 01:05:23,048 [INFO]   Epoch  50/200 | loss 0.1849 | acc 93.62%
2025-12-06 01:06:57,049 [INFO]   Epoch  60/200 | loss 0.2168 | acc 92.79%
2025-12-06 01:08:29,458 [INFO]   Epoch  70/200 | loss 0.2250 | acc 92.22%
2025-12-06 01:10:03,364 [INFO]   Epoch  80/200 | loss 0.1729 | acc 94.45%
2025-12-06 01:11:37,532 [INFO]   Epoch  90/200 | loss 0.1776 | acc 94.05%
2025-12-06 01:12:54,427 [INFO]   Epoch 100/200 | loss 0.1867 | acc 94.04%
2025-12-06 01:14:03,935 [INFO]   Epoch 110/200 | loss 0.1861 | acc 93.92%
2025-12-06 01:15:14,129 [INFO]   Epoch 120/200 | loss 0.2407 | acc 91.97%
2025-12-06 01:16:23,307 [INFO]   Epoch 130/200 | loss 0.1735 | acc 94.33%
2025-12-06 01:17:32,459 [INFO]   Epoch 140/200 | loss 0.2011 | acc 93.23%
2025-12-06 01:18:39,834 [INFO]   Epoch 150/200 | loss 0.1734 | acc 94.33%
2025-12-06 01:19:49,046 [INFO]   Epoch 160/200 | loss 0.1615 | acc 94.58%
2025-12-06 01:20:49,323 [INFO]   Epoch 170/200 | loss 0.0084 | acc 99.99%
2025-12-06 01:22:09,218 [INFO]   Epoch 180/200 | loss 0.0065 | acc 99.95%
2025-12-06 01:23:31,060 [INFO]   Epoch 190/200 | loss 0.0047 | acc 99.98%
2025-12-06 01:24:52,747 [INFO]   Epoch 200/200 | loss 0.0033 | acc 100.00%
2025-12-06 01:24:56,727 [INFO]   >> Test: loss 0.4857 | acc 87.66%
2025-12-06 01:33:17,732 [INFO] Cycle 9/10
2025-12-06 01:33:17,733 [INFO] Labeled set size: 9000, Unlabeled set size: 41000
2025-12-06 01:33:27,153 [INFO]   Epoch   1/200 | loss 0.4905 | acc 84.10%
2025-12-06 01:35:02,833 [INFO]   Epoch  10/200 | loss 0.2875 | acc 90.00%
2025-12-06 01:36:49,184 [INFO]   Epoch  20/200 | loss 0.2624 | acc 91.09%
2025-12-06 01:38:36,737 [INFO]   Epoch  30/200 | loss 0.2109 | acc 93.02%
2025-12-06 01:40:23,494 [INFO]   Epoch  40/200 | loss 0.2470 | acc 91.77%
2025-12-06 01:42:06,757 [INFO]   Epoch  50/200 | loss 0.2582 | acc 91.04%
2025-12-06 01:43:50,608 [INFO]   Epoch  60/200 | loss 0.2342 | acc 92.30%
2025-12-06 01:45:34,677 [INFO]   Epoch  70/200 | loss 0.2310 | acc 92.23%
2025-12-06 01:47:18,802 [INFO]   Epoch  80/200 | loss 0.2376 | acc 92.02%
2025-12-06 01:49:03,175 [INFO]   Epoch  90/200 | loss 0.2069 | acc 93.01%
2025-12-06 01:50:32,082 [INFO]   Epoch 100/200 | loss 0.2053 | acc 93.19%
2025-12-06 01:51:49,005 [INFO]   Epoch 110/200 | loss 0.1991 | acc 93.34%
2025-12-06 01:53:04,062 [INFO]   Epoch 120/200 | loss 0.2117 | acc 92.92%
2025-12-06 01:54:18,884 [INFO]   Epoch 130/200 | loss 0.2103 | acc 93.12%
2025-12-06 01:55:33,568 [INFO]   Epoch 140/200 | loss 0.2625 | acc 91.13%
2025-12-06 01:56:48,335 [INFO]   Epoch 150/200 | loss 0.2248 | acc 92.38%
2025-12-06 01:58:03,087 [INFO]   Epoch 160/200 | loss 0.2275 | acc 92.23%
2025-12-06 01:59:23,519 [INFO]   Epoch 170/200 | loss 0.0116 | acc 99.86%
2025-12-06 02:00:54,634 [INFO]   Epoch 180/200 | loss 0.0069 | acc 99.94%
2025-12-06 02:02:26,203 [INFO]   Epoch 190/200 | loss 0.0046 | acc 99.99%
2025-12-06 02:03:56,337 [INFO]   Epoch 200/200 | loss 0.0042 | acc 99.99%
2025-12-06 02:04:00,098 [INFO]   >> Test: loss 0.4471 | acc 88.55%
2025-12-06 02:12:21,292 [INFO] Cycle 10/10
2025-12-06 02:12:21,293 [INFO] Labeled set size: 10000, Unlabeled set size: 40000
2025-12-06 02:12:33,136 [INFO]   Epoch   1/200 | loss 0.5136 | acc 83.62%
2025-12-06 02:14:19,931 [INFO]   Epoch  10/200 | loss 0.4299 | acc 85.40%
2025-12-06 02:16:18,068 [INFO]   Epoch  20/200 | loss 0.2875 | acc 90.24%
2025-12-06 02:18:16,531 [INFO]   Epoch  30/200 | loss 0.2395 | acc 91.77%
2025-12-06 02:20:09,993 [INFO]   Epoch  40/200 | loss 0.3803 | acc 87.20%
2025-12-06 02:22:05,775 [INFO]   Epoch  50/200 | loss 0.2976 | acc 89.83%
2025-12-06 02:24:02,341 [INFO]   Epoch  60/200 | loss 0.2573 | acc 91.22%
2025-12-06 02:25:56,838 [INFO]   Epoch  70/200 | loss 0.3504 | acc 88.47%
2025-12-06 02:27:53,257 [INFO]   Epoch  80/200 | loss 0.3408 | acc 88.36%
2025-12-06 02:29:49,836 [INFO]   Epoch  90/200 | loss 0.2587 | acc 91.15%
2025-12-06 02:31:39,038 [INFO]   Epoch 100/200 | loss 0.2064 | acc 92.97%
2025-12-06 02:33:04,140 [INFO]   Epoch 110/200 | loss 0.3768 | acc 87.23%
2025-12-06 02:34:28,135 [INFO]   Epoch 120/200 | loss 0.2639 | acc 90.86%
2025-12-06 02:35:51,013 [INFO]   Epoch 130/200 | loss 0.4017 | acc 86.53%
2025-12-06 02:37:14,012 [INFO]   Epoch 140/200 | loss 0.2691 | acc 90.88%
2025-12-06 02:38:36,784 [INFO]   Epoch 150/200 | loss 0.3257 | acc 88.99%
2025-12-06 02:39:59,342 [INFO]   Epoch 160/200 | loss 0.2787 | acc 90.36%
2025-12-06 02:41:00,684 [INFO]   Epoch 170/200 | loss 0.0152 | acc 99.72%
2025-12-06 02:41:58,470 [INFO]   Epoch 180/200 | loss 0.0089 | acc 99.89%
2025-12-06 02:42:55,959 [INFO]   Epoch 190/200 | loss 0.0070 | acc 99.94%
2025-12-06 02:43:53,170 [INFO]   Epoch 200/200 | loss 0.0047 | acc 99.98%
2025-12-06 02:43:55,053 [INFO]   >> Test: loss 0.4327 | acc 89.56%
2025-12-06 02:47:04,109 [INFO] Saved checkpoint to: ./checkpoints/cifar10/resnet18_DQN_200.pth
