2025-12-05 22:27:36,250 [INFO] 로그 파일 경로: logs/cifar10/DQN_200step_20251205_222736.log
2025-12-05 22:27:36,343 [INFO] Using device: cuda:0
2025-12-05 22:27:43,425 [INFO] Cycle 1/10
2025-12-05 22:27:43,425 [INFO] Labeled set size: 1000, Unlabeled set size: 49000
2025-12-05 22:27:45,788 [INFO]   Epoch   1/200 | loss 4.1538 | acc 12.40%
2025-12-05 22:27:55,825 [INFO]   Epoch  10/200 | loss 1.8180 | acc 31.50%
2025-12-05 22:28:06,577 [INFO]   Epoch  20/200 | loss 1.6140 | acc 40.20%
2025-12-05 22:28:18,737 [INFO]   Epoch  30/200 | loss 1.4483 | acc 46.80%
2025-12-05 22:28:30,738 [INFO]   Epoch  40/200 | loss 1.2263 | acc 56.10%
2025-12-05 22:28:43,209 [INFO]   Epoch  50/200 | loss 1.0586 | acc 59.80%
2025-12-05 22:28:56,129 [INFO]   Epoch  60/200 | loss 0.8086 | acc 71.50%
2025-12-05 22:29:08,325 [INFO]   Epoch  70/200 | loss 0.5980 | acc 77.00%
2025-12-05 22:29:19,657 [INFO]   Epoch  80/200 | loss 0.4341 | acc 84.90%
2025-12-05 22:29:31,267 [INFO]   Epoch  90/200 | loss 0.3956 | acc 86.80%
2025-12-05 22:29:44,505 [INFO]   Epoch 100/200 | loss 0.1908 | acc 93.60%
2025-12-05 22:29:56,706 [INFO]   Epoch 110/200 | loss 0.2523 | acc 91.50%
2025-12-05 22:30:08,777 [INFO]   Epoch 120/200 | loss 0.0862 | acc 97.50%
2025-12-05 22:30:21,114 [INFO]   Epoch 130/200 | loss 0.1291 | acc 96.80%
2025-12-05 22:30:33,966 [INFO]   Epoch 140/200 | loss 0.1099 | acc 96.60%
2025-12-05 22:30:47,700 [INFO]   Epoch 150/200 | loss 0.0382 | acc 99.20%
2025-12-05 22:31:00,340 [INFO]   Epoch 160/200 | loss 0.0239 | acc 99.50%
2025-12-05 22:31:12,225 [INFO]   Epoch 170/200 | loss 0.0046 | acc 100.00%
2025-12-05 22:31:24,090 [INFO]   Epoch 180/200 | loss 0.0056 | acc 99.90%
2025-12-05 22:31:36,674 [INFO]   Epoch 190/200 | loss 0.0025 | acc 100.00%
2025-12-05 22:31:49,752 [INFO]   Epoch 200/200 | loss 0.0025 | acc 100.00%
2025-12-05 22:31:52,173 [INFO]   >> Test: loss 3.3067 | acc 46.46%
2025-12-05 22:37:13,818 [INFO] Cycle 2/10
2025-12-05 22:37:13,818 [INFO] Labeled set size: 2000, Unlabeled set size: 48000
2025-12-05 22:37:15,110 [INFO]   Epoch   1/200 | loss 1.2580 | acc 68.45%
2025-12-05 22:37:27,046 [INFO]   Epoch  10/200 | loss 0.4462 | acc 84.45%
2025-12-05 22:37:40,751 [INFO]   Epoch  20/200 | loss 0.2886 | acc 89.90%
2025-12-05 22:37:55,624 [INFO]   Epoch  30/200 | loss 0.1979 | acc 93.40%
2025-12-05 22:38:13,225 [INFO]   Epoch  40/200 | loss 0.1490 | acc 95.30%
2025-12-05 22:38:33,599 [INFO]   Epoch  50/200 | loss 0.1250 | acc 96.10%
2025-12-05 22:38:56,151 [INFO]   Epoch  60/200 | loss 0.1504 | acc 95.55%
2025-12-05 22:39:16,743 [INFO]   Epoch  70/200 | loss 0.1179 | acc 95.90%
2025-12-05 22:39:38,916 [INFO]   Epoch  80/200 | loss 0.0896 | acc 97.00%
2025-12-05 22:40:00,973 [INFO]   Epoch  90/200 | loss 0.0509 | acc 98.90%
2025-12-05 22:40:23,093 [INFO]   Epoch 100/200 | loss 0.0892 | acc 97.20%
2025-12-05 22:40:45,549 [INFO]   Epoch 110/200 | loss 0.1069 | acc 96.65%
2025-12-05 22:41:07,216 [INFO]   Epoch 120/200 | loss 0.1002 | acc 96.50%
2025-12-05 22:41:27,546 [INFO]   Epoch 130/200 | loss 0.0892 | acc 96.80%
2025-12-05 22:41:49,614 [INFO]   Epoch 140/200 | loss 0.0691 | acc 98.00%
2025-12-05 22:42:11,851 [INFO]   Epoch 150/200 | loss 0.0956 | acc 97.15%
2025-12-05 22:42:33,822 [INFO]   Epoch 160/200 | loss 0.0828 | acc 97.20%
2025-12-05 22:42:54,413 [INFO]   Epoch 170/200 | loss 0.0064 | acc 100.00%
2025-12-05 22:43:16,492 [INFO]   Epoch 180/200 | loss 0.0043 | acc 99.95%
2025-12-05 22:43:39,623 [INFO]   Epoch 190/200 | loss 0.0029 | acc 100.00%
2025-12-05 22:44:02,177 [INFO]   Epoch 200/200 | loss 0.0026 | acc 100.00%
2025-12-05 22:44:04,361 [INFO]   >> Test: loss 2.2268 | acc 54.66%
2025-12-05 22:49:58,177 [INFO] Cycle 3/10
2025-12-05 22:49:58,178 [INFO] Labeled set size: 3000, Unlabeled set size: 47000
2025-12-05 22:49:59,905 [INFO]   Epoch   1/200 | loss 1.1948 | acc 66.43%
2025-12-05 22:50:18,735 [INFO]   Epoch  10/200 | loss 0.4018 | acc 85.80%
2025-12-05 22:50:41,753 [INFO]   Epoch  20/200 | loss 0.2191 | acc 92.50%
2025-12-05 22:51:05,424 [INFO]   Epoch  30/200 | loss 0.1705 | acc 94.27%
2025-12-05 22:51:28,931 [INFO]   Epoch  40/200 | loss 0.1265 | acc 96.07%
2025-12-05 22:51:51,520 [INFO]   Epoch  50/200 | loss 0.2114 | acc 93.20%
2025-12-05 22:52:16,122 [INFO]   Epoch  60/200 | loss 0.0781 | acc 97.57%
2025-12-05 22:52:41,891 [INFO]   Epoch  70/200 | loss 0.1254 | acc 96.17%
2025-12-05 22:53:11,921 [INFO]   Epoch  80/200 | loss 0.1308 | acc 96.00%
2025-12-05 22:53:46,386 [INFO]   Epoch  90/200 | loss 0.1393 | acc 95.63%
2025-12-05 22:54:20,321 [INFO]   Epoch 100/200 | loss 0.0480 | acc 98.50%
2025-12-05 22:54:52,837 [INFO]   Epoch 110/200 | loss 0.1843 | acc 94.10%
2025-12-05 22:55:27,471 [INFO]   Epoch 120/200 | loss 0.1040 | acc 96.47%
2025-12-05 22:56:01,448 [INFO]   Epoch 130/200 | loss 0.1274 | acc 95.37%
2025-12-05 22:56:33,279 [INFO]   Epoch 140/200 | loss 0.0597 | acc 98.53%
2025-12-05 22:57:06,366 [INFO]   Epoch 150/200 | loss 0.0821 | acc 97.33%
2025-12-05 22:57:38,594 [INFO]   Epoch 160/200 | loss 0.1167 | acc 96.10%
2025-12-05 22:58:12,816 [INFO]   Epoch 170/200 | loss 0.0070 | acc 99.93%
2025-12-05 22:58:45,006 [INFO]   Epoch 180/200 | loss 0.0036 | acc 100.00%
2025-12-05 22:59:15,870 [INFO]   Epoch 190/200 | loss 0.0032 | acc 100.00%
2025-12-05 22:59:47,293 [INFO]   Epoch 200/200 | loss 0.0027 | acc 100.00%
2025-12-05 22:59:51,044 [INFO]   >> Test: loss 1.6863 | acc 62.47%
2025-12-05 23:06:22,917 [INFO] Cycle 4/10
2025-12-05 23:06:22,917 [INFO] Labeled set size: 4000, Unlabeled set size: 46000
2025-12-05 23:06:25,065 [INFO]   Epoch   1/200 | loss 0.8079 | acc 76.72%
2025-12-05 23:06:49,172 [INFO]   Epoch  10/200 | loss 0.2900 | acc 90.45%
2025-12-05 23:07:19,101 [INFO]   Epoch  20/200 | loss 0.2802 | acc 90.70%
2025-12-05 23:07:48,955 [INFO]   Epoch  30/200 | loss 0.2946 | acc 89.75%
2025-12-05 23:08:18,446 [INFO]   Epoch  40/200 | loss 0.1536 | acc 95.23%
2025-12-05 23:08:47,094 [INFO]   Epoch  50/200 | loss 0.1623 | acc 94.80%
2025-12-05 23:09:15,566 [INFO]   Epoch  60/200 | loss 0.1355 | acc 95.47%
2025-12-05 23:09:49,516 [INFO]   Epoch  70/200 | loss 0.1195 | acc 96.30%
2025-12-05 23:10:22,760 [INFO]   Epoch  80/200 | loss 0.1018 | acc 96.80%
2025-12-05 23:10:59,379 [INFO]   Epoch  90/200 | loss 0.0924 | acc 97.10%
2025-12-05 23:11:44,129 [INFO]   Epoch 100/200 | loss 0.1881 | acc 93.95%
2025-12-05 23:12:28,832 [INFO]   Epoch 110/200 | loss 0.0308 | acc 99.00%
2025-12-05 23:13:13,068 [INFO]   Epoch 120/200 | loss 0.1339 | acc 95.55%
2025-12-05 23:13:55,144 [INFO]   Epoch 130/200 | loss 0.1865 | acc 93.62%
2025-12-05 23:14:40,425 [INFO]   Epoch 140/200 | loss 0.1972 | acc 93.45%
2025-12-05 23:15:24,547 [INFO]   Epoch 150/200 | loss 0.2053 | acc 93.08%
2025-12-05 23:16:10,007 [INFO]   Epoch 160/200 | loss 0.1110 | acc 96.62%
2025-12-05 23:16:55,832 [INFO]   Epoch 170/200 | loss 0.0068 | acc 99.90%
2025-12-05 23:17:40,999 [INFO]   Epoch 180/200 | loss 0.0035 | acc 100.00%
2025-12-05 23:18:26,277 [INFO]   Epoch 190/200 | loss 0.0033 | acc 100.00%
2025-12-05 23:19:11,411 [INFO]   Epoch 200/200 | loss 0.0028 | acc 100.00%
2025-12-05 23:19:15,771 [INFO]   >> Test: loss 1.2180 | acc 71.47%
2025-12-05 23:26:25,422 [INFO] Cycle 5/10
2025-12-05 23:26:25,422 [INFO] Labeled set size: 5000, Unlabeled set size: 45000
2025-12-05 23:26:28,030 [INFO]   Epoch   1/200 | loss 0.7030 | acc 79.16%
2025-12-05 23:26:54,955 [INFO]   Epoch  10/200 | loss 0.3696 | acc 87.62%
2025-12-05 23:27:27,665 [INFO]   Epoch  20/200 | loss 0.3625 | acc 88.10%
2025-12-05 23:28:00,706 [INFO]   Epoch  30/200 | loss 0.5428 | acc 81.84%
2025-12-05 23:28:33,902 [INFO]   Epoch  40/200 | loss 0.2688 | acc 90.50%
2025-12-05 23:29:06,807 [INFO]   Epoch  50/200 | loss 0.3557 | acc 87.72%
2025-12-05 23:29:39,845 [INFO]   Epoch  60/200 | loss 0.3218 | acc 89.22%
2025-12-05 23:30:14,790 [INFO]   Epoch  70/200 | loss 0.3048 | acc 90.44%
2025-12-05 23:30:56,622 [INFO]   Epoch  80/200 | loss 0.3053 | acc 89.72%
2025-12-05 23:31:39,609 [INFO]   Epoch  90/200 | loss 0.4088 | acc 86.44%
2025-12-05 23:32:21,252 [INFO]   Epoch 100/200 | loss 0.2677 | acc 91.56%
2025-12-05 23:33:14,117 [INFO]   Epoch 110/200 | loss 0.2113 | acc 92.92%
2025-12-05 23:34:12,085 [INFO]   Epoch 120/200 | loss 0.2171 | acc 93.10%
2025-12-05 23:35:09,182 [INFO]   Epoch 130/200 | loss 0.3637 | acc 87.98%
2025-12-05 23:36:05,863 [INFO]   Epoch 140/200 | loss 0.2866 | acc 90.70%
2025-12-05 23:37:02,934 [INFO]   Epoch 150/200 | loss 0.2576 | acc 91.54%
2025-12-05 23:37:58,348 [INFO]   Epoch 160/200 | loss 0.3563 | acc 88.06%
2025-12-05 23:38:53,386 [INFO]   Epoch 170/200 | loss 0.0372 | acc 99.32%
2025-12-05 23:39:51,344 [INFO]   Epoch 180/200 | loss 0.0167 | acc 99.84%
2025-12-05 23:40:47,448 [INFO]   Epoch 190/200 | loss 0.0109 | acc 99.94%
2025-12-05 23:41:44,871 [INFO]   Epoch 200/200 | loss 0.0124 | acc 99.80%
2025-12-05 23:41:48,749 [INFO]   >> Test: loss 0.8313 | acc 79.78%
2025-12-05 23:49:46,492 [INFO] Cycle 6/10
2025-12-05 23:49:46,492 [INFO] Labeled set size: 6000, Unlabeled set size: 44000
2025-12-05 23:49:49,472 [INFO]   Epoch   1/200 | loss 0.4966 | acc 84.32%
2025-12-05 23:50:23,420 [INFO]   Epoch  10/200 | loss 0.2335 | acc 92.00%
2025-12-05 23:51:04,099 [INFO]   Epoch  20/200 | loss 0.2195 | acc 92.88%
2025-12-05 23:51:43,551 [INFO]   Epoch  30/200 | loss 0.1700 | acc 94.15%
2025-12-05 23:52:22,709 [INFO]   Epoch  40/200 | loss 0.1910 | acc 93.47%
2025-12-05 23:53:02,003 [INFO]   Epoch  50/200 | loss 0.1549 | acc 94.78%
2025-12-05 23:53:41,555 [INFO]   Epoch  60/200 | loss 0.1846 | acc 93.55%
2025-12-05 23:54:20,831 [INFO]   Epoch  70/200 | loss 0.1567 | acc 94.48%
2025-12-05 23:55:08,278 [INFO]   Epoch  80/200 | loss 0.1273 | acc 95.85%
2025-12-05 23:55:59,441 [INFO]   Epoch  90/200 | loss 0.2073 | acc 92.82%
2025-12-05 23:56:47,068 [INFO]   Epoch 100/200 | loss 0.1639 | acc 94.52%
2025-12-05 23:57:41,095 [INFO]   Epoch 110/200 | loss 0.1819 | acc 93.70%
2025-12-05 23:58:43,896 [INFO]   Epoch 120/200 | loss 0.1463 | acc 94.97%
2025-12-05 23:59:49,796 [INFO]   Epoch 130/200 | loss 0.1556 | acc 94.93%
2025-12-06 00:00:58,150 [INFO]   Epoch 140/200 | loss 0.1036 | acc 96.87%
2025-12-06 00:02:03,071 [INFO]   Epoch 150/200 | loss 0.1613 | acc 94.63%
2025-12-06 00:03:10,744 [INFO]   Epoch 160/200 | loss 0.1250 | acc 96.03%
2025-12-06 00:04:14,437 [INFO]   Epoch 170/200 | loss 0.0070 | acc 99.93%
2025-12-06 00:05:20,505 [INFO]   Epoch 180/200 | loss 0.0049 | acc 100.00%
2025-12-06 00:06:27,860 [INFO]   Epoch 190/200 | loss 0.0034 | acc 100.00%
2025-12-06 00:07:35,578 [INFO]   Epoch 200/200 | loss 0.0031 | acc 100.00%
2025-12-06 00:07:40,158 [INFO]   >> Test: loss 0.6206 | acc 84.16%
2025-12-06 00:16:09,896 [INFO] Cycle 7/10
2025-12-06 00:16:09,896 [INFO] Labeled set size: 7000, Unlabeled set size: 43000
2025-12-06 00:16:15,573 [INFO]   Epoch   1/200 | loss 0.5213 | acc 83.93%
2025-12-06 00:17:10,308 [INFO]   Epoch  10/200 | loss 0.2741 | acc 90.66%
2025-12-06 00:18:07,276 [INFO]   Epoch  20/200 | loss 0.2322 | acc 92.19%
2025-12-06 00:18:55,522 [INFO]   Epoch  30/200 | loss 0.1968 | acc 93.21%
2025-12-06 00:19:43,035 [INFO]   Epoch  40/200 | loss 0.1919 | acc 93.73%
2025-12-06 00:20:30,262 [INFO]   Epoch  50/200 | loss 0.1495 | acc 95.00%
2025-12-06 00:21:16,628 [INFO]   Epoch  60/200 | loss 0.1386 | acc 95.66%
2025-12-06 00:22:02,621 [INFO]   Epoch  70/200 | loss 0.1891 | acc 93.79%
2025-12-06 00:22:56,470 [INFO]   Epoch  80/200 | loss 0.1665 | acc 94.56%
2025-12-06 00:23:54,269 [INFO]   Epoch  90/200 | loss 0.1446 | acc 95.00%
2025-12-06 00:24:52,148 [INFO]   Epoch 100/200 | loss 0.1579 | acc 94.84%
2025-12-06 00:25:49,954 [INFO]   Epoch 110/200 | loss 0.1907 | acc 93.61%
2025-12-06 00:26:59,977 [INFO]   Epoch 120/200 | loss 0.1650 | acc 94.30%
2025-12-06 00:28:20,524 [INFO]   Epoch 130/200 | loss 0.1583 | acc 94.74%
2025-12-06 00:29:41,155 [INFO]   Epoch 140/200 | loss 0.1981 | acc 93.57%
2025-12-06 00:31:02,838 [INFO]   Epoch 150/200 | loss 0.1678 | acc 94.33%
2025-12-06 00:32:23,106 [INFO]   Epoch 160/200 | loss 0.1924 | acc 93.47%
2025-12-06 00:33:43,586 [INFO]   Epoch 170/200 | loss 0.0083 | acc 99.94%
2025-12-06 00:35:04,501 [INFO]   Epoch 180/200 | loss 0.0050 | acc 99.99%
2025-12-06 00:36:24,331 [INFO]   Epoch 190/200 | loss 0.0037 | acc 99.99%
2025-12-06 00:37:44,394 [INFO]   Epoch 200/200 | loss 0.0038 | acc 100.00%
2025-12-06 00:37:48,744 [INFO]   >> Test: loss 0.5318 | acc 86.07%
2025-12-06 00:46:39,111 [INFO] Cycle 8/10
2025-12-06 00:46:39,112 [INFO] Labeled set size: 8000, Unlabeled set size: 42000
2025-12-06 00:46:45,615 [INFO]   Epoch   1/200 | loss 0.5720 | acc 82.08%
2025-12-06 00:47:50,417 [INFO]   Epoch  10/200 | loss 0.2573 | acc 91.46%
2025-12-06 00:49:06,368 [INFO]   Epoch  20/200 | loss 0.2408 | acc 92.04%
2025-12-06 00:50:00,550 [INFO]   Epoch  30/200 | loss 0.1927 | acc 93.41%
2025-12-06 00:50:54,112 [INFO]   Epoch  40/200 | loss 0.2184 | acc 92.56%
2025-12-06 00:51:46,551 [INFO]   Epoch  50/200 | loss 0.1910 | acc 93.51%
2025-12-06 00:52:39,042 [INFO]   Epoch  60/200 | loss 0.2060 | acc 93.20%
2025-12-06 00:53:31,896 [INFO]   Epoch  70/200 | loss 0.2180 | acc 92.80%
2025-12-06 00:54:38,322 [INFO]   Epoch  80/200 | loss 0.2172 | acc 92.75%
2025-12-06 00:55:44,357 [INFO]   Epoch  90/200 | loss 0.1967 | acc 93.36%
2025-12-06 00:56:50,238 [INFO]   Epoch 100/200 | loss 0.2002 | acc 93.23%
2025-12-06 00:58:05,261 [INFO]   Epoch 110/200 | loss 0.2182 | acc 92.34%
2025-12-06 00:59:36,558 [INFO]   Epoch 120/200 | loss 0.1897 | acc 93.41%
2025-12-06 01:01:05,812 [INFO]   Epoch 130/200 | loss 0.1997 | acc 93.40%
2025-12-06 01:02:33,908 [INFO]   Epoch 140/200 | loss 0.2002 | acc 93.09%
2025-12-06 01:04:01,955 [INFO]   Epoch 150/200 | loss 0.2638 | acc 91.00%
2025-12-06 01:05:32,103 [INFO]   Epoch 160/200 | loss 0.2090 | acc 92.97%
2025-12-06 01:07:03,845 [INFO]   Epoch 170/200 | loss 0.0090 | acc 99.85%
2025-12-06 01:08:35,800 [INFO]   Epoch 180/200 | loss 0.0056 | acc 99.98%
2025-12-06 01:10:07,409 [INFO]   Epoch 190/200 | loss 0.0042 | acc 99.98%
2025-12-06 01:11:38,975 [INFO]   Epoch 200/200 | loss 0.0034 | acc 100.00%
2025-12-06 01:11:43,274 [INFO]   >> Test: loss 0.4814 | acc 87.17%
2025-12-06 01:20:27,790 [INFO] Cycle 9/10
2025-12-06 01:20:27,790 [INFO] Labeled set size: 9000, Unlabeled set size: 41000
2025-12-06 01:20:34,850 [INFO]   Epoch   1/200 | loss 0.4737 | acc 84.80%
2025-12-06 01:21:46,511 [INFO]   Epoch  10/200 | loss 0.3133 | acc 89.12%
2025-12-06 01:23:13,567 [INFO]   Epoch  20/200 | loss 0.2374 | acc 91.81%
2025-12-06 01:24:39,419 [INFO]   Epoch  30/200 | loss 0.2257 | acc 92.23%
2025-12-06 01:25:46,045 [INFO]   Epoch  40/200 | loss 0.2534 | acc 91.28%
2025-12-06 01:26:46,632 [INFO]   Epoch  50/200 | loss 0.2198 | acc 92.56%
2025-12-06 01:27:47,400 [INFO]   Epoch  60/200 | loss 0.2218 | acc 92.58%
2025-12-06 01:28:49,873 [INFO]   Epoch  70/200 | loss 0.2336 | acc 91.98%
2025-12-06 01:30:01,345 [INFO]   Epoch  80/200 | loss 0.2074 | acc 92.82%
2025-12-06 01:31:15,626 [INFO]   Epoch  90/200 | loss 0.2274 | acc 92.31%
2025-12-06 01:32:31,453 [INFO]   Epoch 100/200 | loss 0.2410 | acc 91.92%
2025-12-06 01:33:49,510 [INFO]   Epoch 110/200 | loss 0.2452 | acc 91.68%
2025-12-06 01:35:33,149 [INFO]   Epoch 120/200 | loss 0.1960 | acc 93.37%
2025-12-06 01:37:14,655 [INFO]   Epoch 130/200 | loss 0.2518 | acc 91.68%
2025-12-06 01:38:57,568 [INFO]   Epoch 140/200 | loss 0.2065 | acc 92.97%
2025-12-06 01:40:40,042 [INFO]   Epoch 150/200 | loss 0.2209 | acc 92.44%
2025-12-06 01:42:21,454 [INFO]   Epoch 160/200 | loss 0.1838 | acc 94.08%
2025-12-06 01:44:04,386 [INFO]   Epoch 170/200 | loss 0.0101 | acc 99.88%
2025-12-06 01:45:46,950 [INFO]   Epoch 180/200 | loss 0.0063 | acc 99.96%
2025-12-06 01:47:29,643 [INFO]   Epoch 190/200 | loss 0.0051 | acc 99.97%
2025-12-06 01:49:13,717 [INFO]   Epoch 200/200 | loss 0.0042 | acc 99.98%
2025-12-06 01:49:18,251 [INFO]   >> Test: loss 0.4452 | acc 88.76%
2025-12-06 01:58:16,203 [INFO] Cycle 10/10
2025-12-06 01:58:16,203 [INFO] Labeled set size: 10000, Unlabeled set size: 40000
2025-12-06 01:58:24,256 [INFO]   Epoch   1/200 | loss 0.4723 | acc 84.53%
2025-12-06 01:59:45,538 [INFO]   Epoch  10/200 | loss 0.3184 | acc 88.95%
2025-12-06 02:01:23,326 [INFO]   Epoch  20/200 | loss 0.3638 | acc 88.22%
2025-12-06 02:03:01,470 [INFO]   Epoch  30/200 | loss 0.2230 | acc 92.45%
2025-12-06 02:04:27,186 [INFO]   Epoch  40/200 | loss 0.2877 | acc 90.40%
2025-12-06 02:05:33,332 [INFO]   Epoch  50/200 | loss 0.2660 | acc 90.71%
2025-12-06 02:06:37,697 [INFO]   Epoch  60/200 | loss 0.2525 | acc 91.48%
2025-12-06 02:07:49,632 [INFO]   Epoch  70/200 | loss 0.2803 | acc 90.41%
2025-12-06 02:09:12,035 [INFO]   Epoch  80/200 | loss 0.2738 | acc 90.65%
2025-12-06 02:10:34,482 [INFO]   Epoch  90/200 | loss 0.2468 | acc 91.71%
2025-12-06 02:11:56,818 [INFO]   Epoch 100/200 | loss 0.2576 | acc 90.96%
2025-12-06 02:13:41,893 [INFO]   Epoch 110/200 | loss 0.2626 | acc 91.01%
2025-12-06 02:15:36,291 [INFO]   Epoch 120/200 | loss 0.2616 | acc 91.28%
2025-12-06 02:17:30,194 [INFO]   Epoch 130/200 | loss 0.2533 | acc 91.25%
2025-12-06 02:19:25,547 [INFO]   Epoch 140/200 | loss 0.2574 | acc 91.10%
2025-12-06 02:21:19,778 [INFO]   Epoch 150/200 | loss 0.2127 | acc 92.73%
2025-12-06 02:23:14,704 [INFO]   Epoch 160/200 | loss 0.2902 | acc 90.09%
2025-12-06 02:25:08,566 [INFO]   Epoch 170/200 | loss 0.0151 | acc 99.76%
2025-12-06 02:27:04,132 [INFO]   Epoch 180/200 | loss 0.0084 | acc 99.90%
2025-12-06 02:28:59,436 [INFO]   Epoch 190/200 | loss 0.0063 | acc 99.97%
2025-12-06 02:30:52,492 [INFO]   Epoch 200/200 | loss 0.0045 | acc 99.97%
2025-12-06 02:30:56,710 [INFO]   >> Test: loss 0.4111 | acc 89.62%
2025-12-06 02:39:47,647 [INFO] Saved checkpoint to: ./checkpoints/cifar10/resnet18_DQN_200.pth
