2025-12-07 05:12:29,327 [INFO] 로그 파일 경로: logs/cifar100/DQN_100step_20251207_051229.log
2025-12-07 05:12:29,485 [INFO] Using device: cuda:0
2025-12-07 05:12:31,777 [INFO] Cycle 1/10
2025-12-07 05:12:31,777 [INFO] Labeled set size: 2000, Unlabeled set size: 48000
2025-12-07 05:12:34,068 [INFO]   Epoch   1/200 | loss 5.0903 | acc 2.65%
2025-12-07 05:12:49,656 [INFO]   Epoch  10/200 | loss 3.5427 | acc 13.60%
2025-12-07 05:13:09,919 [INFO]   Epoch  20/200 | loss 2.9195 | acc 23.50%
2025-12-07 05:13:30,497 [INFO]   Epoch  30/200 | loss 1.9094 | acc 45.55%
2025-12-07 05:13:51,162 [INFO]   Epoch  40/200 | loss 0.9094 | acc 72.85%
2025-12-07 05:14:11,821 [INFO]   Epoch  50/200 | loss 0.4089 | acc 87.90%
2025-12-07 05:14:32,438 [INFO]   Epoch  60/200 | loss 0.1340 | acc 97.10%
2025-12-07 05:14:53,337 [INFO]   Epoch  70/200 | loss 0.0363 | acc 99.60%
2025-12-07 05:15:13,990 [INFO]   Epoch  80/200 | loss 0.0254 | acc 99.75%
2025-12-07 05:15:34,027 [INFO]   Epoch  90/200 | loss 0.0891 | acc 98.20%
2025-12-07 05:15:54,956 [INFO]   Epoch 100/200 | loss 0.2502 | acc 93.40%
2025-12-07 05:16:15,253 [INFO]   Epoch 110/200 | loss 0.0366 | acc 99.45%
2025-12-07 05:16:35,152 [INFO]   Epoch 120/200 | loss 0.0346 | acc 99.40%
2025-12-07 05:17:00,581 [INFO]   Epoch 130/200 | loss 0.1575 | acc 96.90%
2025-12-07 05:17:22,684 [INFO]   Epoch 140/200 | loss 0.1074 | acc 97.70%
2025-12-07 05:17:42,861 [INFO]   Epoch 150/200 | loss 0.0687 | acc 98.85%
2025-12-07 05:18:04,680 [INFO]   Epoch 160/200 | loss 0.1022 | acc 98.05%
2025-12-07 05:18:24,411 [INFO]   Epoch 170/200 | loss 0.0084 | acc 100.00%
2025-12-07 05:18:44,591 [INFO]   Epoch 180/200 | loss 0.0066 | acc 100.00%
2025-12-07 05:19:03,317 [INFO]   Epoch 190/200 | loss 0.0062 | acc 100.00%
2025-12-07 05:19:16,088 [INFO]   Epoch 200/200 | loss 0.0055 | acc 100.00%
2025-12-07 05:19:18,034 [INFO]   >> Test: loss 4.7599 | acc 19.20%
2025-12-07 05:22:48,965 [INFO] Cycle 2/10
2025-12-07 05:22:48,965 [INFO] Labeled set size: 4000, Unlabeled set size: 46000
2025-12-07 05:22:52,138 [INFO]   Epoch   1/200 | loss 3.0733 | acc 33.48%
2025-12-07 05:23:28,744 [INFO]   Epoch  10/200 | loss 1.0327 | acc 71.53%
2025-12-07 05:24:11,376 [INFO]   Epoch  20/200 | loss 0.4180 | acc 88.10%
2025-12-07 05:24:50,374 [INFO]   Epoch  30/200 | loss 0.2134 | acc 94.53%
2025-12-07 05:25:33,099 [INFO]   Epoch  40/200 | loss 0.2171 | acc 94.55%
2025-12-07 05:26:12,112 [INFO]   Epoch  50/200 | loss 0.1165 | acc 97.08%
2025-12-07 05:26:55,196 [INFO]   Epoch  60/200 | loss 0.5838 | acc 82.88%
2025-12-07 05:27:33,982 [INFO]   Epoch  70/200 | loss 0.0738 | acc 98.38%
2025-12-07 05:28:15,013 [INFO]   Epoch  80/200 | loss 0.0846 | acc 98.45%
2025-12-07 05:28:55,942 [INFO]   Epoch  90/200 | loss 0.3365 | acc 90.83%
2025-12-07 05:29:35,058 [INFO]   Epoch 100/200 | loss 0.1014 | acc 97.62%
2025-12-07 05:30:15,726 [INFO]   Epoch 110/200 | loss 0.0443 | acc 99.40%
2025-12-07 05:30:56,357 [INFO]   Epoch 120/200 | loss 0.0074 | acc 100.00%
2025-12-07 05:31:38,169 [INFO]   Epoch 130/200 | loss 0.0245 | acc 99.80%
2025-12-07 05:32:20,047 [INFO]   Epoch 140/200 | loss 0.0994 | acc 98.58%
2025-12-07 05:32:59,685 [INFO]   Epoch 150/200 | loss 0.3192 | acc 91.12%
2025-12-07 05:33:41,857 [INFO]   Epoch 160/200 | loss 0.1139 | acc 97.22%
2025-12-07 05:34:24,664 [INFO]   Epoch 170/200 | loss 0.0100 | acc 99.95%
2025-12-07 05:35:03,877 [INFO]   Epoch 180/200 | loss 0.0077 | acc 100.00%
2025-12-07 05:35:45,953 [INFO]   Epoch 190/200 | loss 0.0063 | acc 100.00%
2025-12-07 05:36:26,723 [INFO]   Epoch 200/200 | loss 0.0052 | acc 100.00%
2025-12-07 05:36:29,058 [INFO]   >> Test: loss 3.9020 | acc 28.19%
2025-12-07 05:39:44,396 [INFO] Cycle 3/10
2025-12-07 05:39:44,396 [INFO] Labeled set size: 6000, Unlabeled set size: 44000
2025-12-07 05:39:49,420 [INFO]   Epoch   1/200 | loss 1.9441 | acc 58.32%
2025-12-07 05:40:42,914 [INFO]   Epoch  10/200 | loss 0.4648 | acc 87.20%
2025-12-07 05:41:44,483 [INFO]   Epoch  20/200 | loss 0.2293 | acc 93.50%
2025-12-07 05:42:46,004 [INFO]   Epoch  30/200 | loss 0.1560 | acc 96.03%
2025-12-07 05:43:46,841 [INFO]   Epoch  40/200 | loss 0.3576 | acc 89.72%
2025-12-07 05:44:49,228 [INFO]   Epoch  50/200 | loss 0.0526 | acc 99.03%
2025-12-07 05:45:51,701 [INFO]   Epoch  60/200 | loss 0.0085 | acc 99.98%
2025-12-07 05:46:53,535 [INFO]   Epoch  70/200 | loss 0.0103 | acc 100.00%
2025-12-07 05:47:55,040 [INFO]   Epoch  80/200 | loss 0.0116 | acc 100.00%
2025-12-07 05:48:56,534 [INFO]   Epoch  90/200 | loss 1.2288 | acc 64.78%
2025-12-07 05:49:57,848 [INFO]   Epoch 100/200 | loss 0.3671 | acc 89.38%
2025-12-07 05:50:58,929 [INFO]   Epoch 110/200 | loss 0.1361 | acc 96.55%
2025-12-07 05:52:00,916 [INFO]   Epoch 120/200 | loss 0.4939 | acc 85.53%
2025-12-07 05:53:03,095 [INFO]   Epoch 130/200 | loss 0.0678 | acc 98.70%
2025-12-07 05:54:05,790 [INFO]   Epoch 140/200 | loss 0.0543 | acc 99.23%
2025-12-07 05:55:07,326 [INFO]   Epoch 150/200 | loss 0.1973 | acc 94.67%
2025-12-07 05:56:08,771 [INFO]   Epoch 160/200 | loss 0.1090 | acc 97.07%
2025-12-07 05:57:10,097 [INFO]   Epoch 170/200 | loss 0.0084 | acc 99.95%
2025-12-07 05:58:11,486 [INFO]   Epoch 180/200 | loss 0.0060 | acc 100.00%
2025-12-07 05:59:12,333 [INFO]   Epoch 190/200 | loss 0.0059 | acc 100.00%
2025-12-07 06:00:13,971 [INFO]   Epoch 200/200 | loss 0.0058 | acc 100.00%
2025-12-07 06:00:17,498 [INFO]   >> Test: loss 3.0050 | acc 38.73%
2025-12-07 06:03:26,413 [INFO] Cycle 4/10
2025-12-07 06:03:26,413 [INFO] Labeled set size: 8000, Unlabeled set size: 42000
2025-12-07 06:03:30,940 [INFO]   Epoch   1/200 | loss 1.3519 | acc 67.88%
2025-12-07 06:04:43,032 [INFO]   Epoch  10/200 | loss 0.4435 | acc 87.11%
2025-12-07 06:06:06,540 [INFO]   Epoch  20/200 | loss 0.2789 | acc 91.76%
2025-12-07 06:07:30,551 [INFO]   Epoch  30/200 | loss 0.3062 | acc 91.17%
2025-12-07 06:08:51,884 [INFO]   Epoch  40/200 | loss 0.3409 | acc 89.96%
2025-12-07 06:10:13,229 [INFO]   Epoch  50/200 | loss 0.1833 | acc 94.85%
2025-12-07 06:11:34,993 [INFO]   Epoch  60/200 | loss 0.2781 | acc 91.84%
2025-12-07 06:12:57,240 [INFO]   Epoch  70/200 | loss 0.3210 | acc 90.69%
2025-12-07 06:14:19,324 [INFO]   Epoch  80/200 | loss 0.2447 | acc 92.70%
2025-12-07 06:15:41,715 [INFO]   Epoch  90/200 | loss 0.2755 | acc 91.90%
2025-12-07 06:17:04,988 [INFO]   Epoch 100/200 | loss 0.2304 | acc 93.26%
2025-12-07 06:18:28,129 [INFO]   Epoch 110/200 | loss 0.2856 | acc 92.19%
2025-12-07 06:19:51,191 [INFO]   Epoch 120/200 | loss 0.2332 | acc 93.54%
2025-12-07 06:21:13,365 [INFO]   Epoch 130/200 | loss 0.3524 | acc 90.00%
2025-12-07 06:22:35,338 [INFO]   Epoch 140/200 | loss 0.0984 | acc 97.42%
2025-12-07 06:23:57,464 [INFO]   Epoch 150/200 | loss 0.2613 | acc 93.05%
2025-12-07 06:25:19,497 [INFO]   Epoch 160/200 | loss 0.2900 | acc 91.62%
2025-12-07 06:26:40,710 [INFO]   Epoch 170/200 | loss 0.0112 | acc 99.96%
2025-12-07 06:28:03,629 [INFO]   Epoch 180/200 | loss 0.0081 | acc 99.96%
2025-12-07 06:29:23,981 [INFO]   Epoch 190/200 | loss 0.0076 | acc 99.94%
2025-12-07 06:30:43,992 [INFO]   Epoch 200/200 | loss 0.0070 | acc 99.98%
2025-12-07 06:30:47,570 [INFO]   >> Test: loss 2.6240 | acc 44.44%
2025-12-07 06:33:53,633 [INFO] Cycle 5/10
2025-12-07 06:33:53,633 [INFO] Labeled set size: 10000, Unlabeled set size: 40000
2025-12-07 06:33:59,122 [INFO]   Epoch   1/200 | loss 1.4025 | acc 66.89%
2025-12-07 06:35:27,253 [INFO]   Epoch  10/200 | loss 0.7185 | acc 79.36%
2025-12-07 06:37:11,317 [INFO]   Epoch  20/200 | loss 0.4477 | acc 86.98%
2025-12-07 06:38:55,149 [INFO]   Epoch  30/200 | loss 0.2998 | acc 91.45%
2025-12-07 06:40:37,968 [INFO]   Epoch  40/200 | loss 0.4379 | acc 87.49%
2025-12-07 06:42:20,917 [INFO]   Epoch  50/200 | loss 0.4494 | acc 87.45%
2025-12-07 06:44:03,696 [INFO]   Epoch  60/200 | loss 0.3162 | acc 90.79%
2025-12-07 06:45:45,694 [INFO]   Epoch  70/200 | loss 0.5790 | acc 83.78%
2025-12-07 06:47:28,558 [INFO]   Epoch  80/200 | loss 0.3098 | acc 91.22%
2025-12-07 06:49:11,247 [INFO]   Epoch  90/200 | loss 0.3289 | acc 90.64%
2025-12-07 06:50:53,711 [INFO]   Epoch 100/200 | loss 0.3128 | acc 90.96%
2025-12-07 06:52:36,586 [INFO]   Epoch 110/200 | loss 0.2894 | acc 91.66%
2025-12-07 06:54:19,797 [INFO]   Epoch 120/200 | loss 0.3240 | acc 90.56%
2025-12-07 06:56:03,784 [INFO]   Epoch 130/200 | loss 0.3308 | acc 90.49%
2025-12-07 06:57:47,410 [INFO]   Epoch 140/200 | loss 0.5062 | acc 85.49%
2025-12-07 06:59:31,208 [INFO]   Epoch 150/200 | loss 0.3775 | acc 89.37%
2025-12-07 07:01:14,965 [INFO]   Epoch 160/200 | loss 0.4469 | acc 87.02%
2025-12-07 07:02:59,047 [INFO]   Epoch 170/200 | loss 0.0170 | acc 99.90%
2025-12-07 07:04:41,055 [INFO]   Epoch 180/200 | loss 0.0127 | acc 99.95%
2025-12-07 07:06:22,483 [INFO]   Epoch 190/200 | loss 0.0122 | acc 99.93%
2025-12-07 07:08:02,308 [INFO]   Epoch 200/200 | loss 0.0103 | acc 99.98%
2025-12-07 07:08:05,899 [INFO]   >> Test: loss 2.3000 | acc 50.59%
2025-12-07 07:11:06,390 [INFO] Cycle 6/10
2025-12-07 07:11:06,390 [INFO] Labeled set size: 12000, Unlabeled set size: 38000
2025-12-07 07:11:12,863 [INFO]   Epoch   1/200 | loss 1.0734 | acc 74.35%
2025-12-07 07:12:58,076 [INFO]   Epoch  10/200 | loss 0.4561 | acc 86.96%
2025-12-07 07:15:02,985 [INFO]   Epoch  20/200 | loss 0.4191 | acc 87.86%
2025-12-07 07:17:06,613 [INFO]   Epoch  30/200 | loss 0.4411 | acc 86.97%
2025-12-07 07:19:10,009 [INFO]   Epoch  40/200 | loss 0.3907 | acc 88.38%
2025-12-07 07:21:13,367 [INFO]   Epoch  50/200 | loss 0.3490 | acc 89.86%
2025-12-07 07:23:16,885 [INFO]   Epoch  60/200 | loss 0.3883 | acc 88.82%
2025-12-07 07:25:20,140 [INFO]   Epoch  70/200 | loss 0.3905 | acc 88.48%
2025-12-07 07:27:23,586 [INFO]   Epoch  80/200 | loss 0.3669 | acc 89.18%
2025-12-07 07:29:26,963 [INFO]   Epoch  90/200 | loss 0.3723 | acc 89.35%
2025-12-07 07:31:30,305 [INFO]   Epoch 100/200 | loss 0.3862 | acc 88.68%
2025-12-07 07:33:33,306 [INFO]   Epoch 110/200 | loss 0.3970 | acc 88.07%
2025-12-07 07:35:36,770 [INFO]   Epoch 120/200 | loss 0.3502 | acc 89.83%
2025-12-07 07:37:40,026 [INFO]   Epoch 130/200 | loss 0.4072 | acc 88.22%
2025-12-07 07:39:43,490 [INFO]   Epoch 140/200 | loss 0.3611 | acc 89.27%
2025-12-07 07:41:46,861 [INFO]   Epoch 150/200 | loss 0.3676 | acc 89.30%
2025-12-07 07:43:50,725 [INFO]   Epoch 160/200 | loss 0.3733 | acc 89.01%
2025-12-07 07:45:55,531 [INFO]   Epoch 170/200 | loss 0.0168 | acc 99.88%
2025-12-07 07:48:00,455 [INFO]   Epoch 180/200 | loss 0.0118 | acc 99.93%
2025-12-07 07:50:04,743 [INFO]   Epoch 190/200 | loss 0.0104 | acc 99.96%
2025-12-07 07:52:05,440 [INFO]   Epoch 200/200 | loss 0.0103 | acc 99.98%
2025-12-07 07:52:08,851 [INFO]   >> Test: loss 1.9975 | acc 54.94%
2025-12-07 07:55:02,969 [INFO] Cycle 7/10
2025-12-07 07:55:02,969 [INFO] Labeled set size: 14000, Unlabeled set size: 36000
2025-12-07 07:55:10,201 [INFO]   Epoch   1/200 | loss 1.1266 | acc 72.38%
2025-12-07 07:57:12,864 [INFO]   Epoch  10/200 | loss 0.6413 | acc 81.21%
2025-12-07 07:59:38,144 [INFO]   Epoch  20/200 | loss 0.4870 | acc 85.54%
2025-12-07 08:02:03,198 [INFO]   Epoch  30/200 | loss 0.4758 | acc 86.54%
2025-12-07 08:04:27,354 [INFO]   Epoch  40/200 | loss 0.4615 | acc 86.46%
2025-12-07 08:06:50,566 [INFO]   Epoch  50/200 | loss 0.4311 | acc 86.96%
2025-12-07 08:09:14,392 [INFO]   Epoch  60/200 | loss 0.4504 | acc 87.16%
2025-12-07 08:11:38,332 [INFO]   Epoch  70/200 | loss 0.4520 | acc 87.03%
2025-12-07 08:14:02,272 [INFO]   Epoch  80/200 | loss 0.4641 | acc 86.49%
2025-12-07 08:16:26,392 [INFO]   Epoch  90/200 | loss 0.4388 | acc 87.30%
2025-12-07 08:18:50,462 [INFO]   Epoch 100/200 | loss 0.4271 | acc 87.48%
2025-12-07 08:21:14,339 [INFO]   Epoch 110/200 | loss 0.4754 | acc 85.97%
2025-12-07 08:23:38,295 [INFO]   Epoch 120/200 | loss 0.4657 | acc 86.14%
2025-12-07 08:26:02,279 [INFO]   Epoch 130/200 | loss 0.4228 | acc 87.67%
2025-12-07 08:28:26,088 [INFO]   Epoch 140/200 | loss 0.4280 | acc 87.47%
2025-12-07 08:30:49,825 [INFO]   Epoch 150/200 | loss 0.4260 | acc 87.68%
2025-12-07 08:33:13,695 [INFO]   Epoch 160/200 | loss 0.4444 | acc 86.94%
2025-12-07 08:35:37,570 [INFO]   Epoch 170/200 | loss 0.0185 | acc 99.85%
2025-12-07 08:38:02,069 [INFO]   Epoch 180/200 | loss 0.0142 | acc 99.93%
2025-12-07 08:40:26,949 [INFO]   Epoch 190/200 | loss 0.0119 | acc 99.98%
2025-12-07 08:42:48,868 [INFO]   Epoch 200/200 | loss 0.0123 | acc 99.96%
2025-12-07 08:42:52,352 [INFO]   >> Test: loss 1.7967 | acc 58.79%
2025-12-07 08:45:40,683 [INFO] Cycle 8/10
2025-12-07 08:45:40,683 [INFO] Labeled set size: 16000, Unlabeled set size: 34000
2025-12-07 08:45:49,562 [INFO]   Epoch   1/200 | loss 1.1369 | acc 71.23%
2025-12-07 08:48:07,623 [INFO]   Epoch  10/200 | loss 0.6330 | acc 81.72%
2025-12-07 08:50:52,070 [INFO]   Epoch  20/200 | loss 0.5518 | acc 83.78%
2025-12-07 08:53:36,004 [INFO]   Epoch  30/200 | loss 0.5197 | acc 84.86%
2025-12-07 08:56:21,918 [INFO]   Epoch  40/200 | loss 0.5757 | acc 83.18%
2025-12-07 08:59:07,666 [INFO]   Epoch  50/200 | loss 0.5413 | acc 84.09%
2025-12-07 09:01:53,565 [INFO]   Epoch  60/200 | loss 0.5308 | acc 84.55%
2025-12-07 09:04:39,076 [INFO]   Epoch  70/200 | loss 0.4909 | acc 85.42%
2025-12-07 09:07:24,377 [INFO]   Epoch  80/200 | loss 0.5393 | acc 84.09%
2025-12-07 09:10:09,621 [INFO]   Epoch  90/200 | loss 0.4893 | acc 85.48%
2025-12-07 09:12:54,909 [INFO]   Epoch 100/200 | loss 0.5409 | acc 83.98%
2025-12-07 09:15:40,231 [INFO]   Epoch 110/200 | loss 0.5106 | acc 84.82%
2025-12-07 09:18:25,386 [INFO]   Epoch 120/200 | loss 0.5014 | acc 85.21%
2025-12-07 09:21:10,778 [INFO]   Epoch 130/200 | loss 0.4999 | acc 85.12%
2025-12-07 09:23:55,942 [INFO]   Epoch 140/200 | loss 0.4916 | acc 85.95%
2025-12-07 09:26:41,118 [INFO]   Epoch 150/200 | loss 0.4844 | acc 85.97%
2025-12-07 09:29:26,323 [INFO]   Epoch 160/200 | loss 0.4842 | acc 85.60%
2025-12-07 09:32:11,859 [INFO]   Epoch 170/200 | loss 0.0222 | acc 99.85%
2025-12-07 09:34:57,013 [INFO]   Epoch 180/200 | loss 0.0153 | acc 99.94%
2025-12-07 09:37:41,336 [INFO]   Epoch 190/200 | loss 0.0135 | acc 99.95%
2025-12-07 09:40:21,265 [INFO]   Epoch 200/200 | loss 0.0134 | acc 99.97%
2025-12-07 09:40:24,720 [INFO]   >> Test: loss 1.6596 | acc 61.48%
2025-12-07 09:43:03,717 [INFO] Cycle 9/10
2025-12-07 09:43:03,717 [INFO] Labeled set size: 18000, Unlabeled set size: 32000
2025-12-07 09:43:17,369 [INFO]   Epoch   1/200 | loss 1.2728 | acc 66.90%
2025-12-07 09:45:55,700 [INFO]   Epoch  10/200 | loss 0.7034 | acc 79.18%
2025-12-07 09:49:01,309 [INFO]   Epoch  20/200 | loss 0.6311 | acc 81.28%
2025-12-07 09:52:06,495 [INFO]   Epoch  30/200 | loss 0.6101 | acc 82.09%
2025-12-07 09:55:11,637 [INFO]   Epoch  40/200 | loss 0.5891 | acc 82.70%
2025-12-07 09:58:17,052 [INFO]   Epoch  50/200 | loss 0.5960 | acc 82.26%
2025-12-07 10:01:22,347 [INFO]   Epoch  60/200 | loss 0.6513 | acc 80.84%
2025-12-07 10:04:27,546 [INFO]   Epoch  70/200 | loss 0.6009 | acc 82.02%
2025-12-07 10:07:32,742 [INFO]   Epoch  80/200 | loss 0.5513 | acc 83.82%
2025-12-07 10:10:37,963 [INFO]   Epoch  90/200 | loss 0.6077 | acc 81.97%
2025-12-07 10:13:43,153 [INFO]   Epoch 100/200 | loss 0.5908 | acc 82.45%
2025-12-07 10:16:48,541 [INFO]   Epoch 110/200 | loss 0.5678 | acc 83.03%
2025-12-07 10:19:53,906 [INFO]   Epoch 120/200 | loss 0.5959 | acc 82.35%
2025-12-07 10:22:59,303 [INFO]   Epoch 130/200 | loss 0.5822 | acc 82.66%
2025-12-07 10:26:04,488 [INFO]   Epoch 140/200 | loss 0.5655 | acc 83.21%
2025-12-07 10:29:09,932 [INFO]   Epoch 150/200 | loss 0.5676 | acc 83.12%
2025-12-07 10:32:15,430 [INFO]   Epoch 160/200 | loss 0.5907 | acc 82.29%
2025-12-07 10:35:20,780 [INFO]   Epoch 170/200 | loss 0.0250 | acc 99.82%
2025-12-07 10:38:26,070 [INFO]   Epoch 180/200 | loss 0.0183 | acc 99.91%
2025-12-07 10:41:31,336 [INFO]   Epoch 190/200 | loss 0.0157 | acc 99.93%
2025-12-07 10:44:31,692 [INFO]   Epoch 200/200 | loss 0.0141 | acc 99.96%
2025-12-07 10:44:35,175 [INFO]   >> Test: loss 1.5370 | acc 63.86%
2025-12-07 10:47:06,921 [INFO] Cycle 10/10
2025-12-07 10:47:06,922 [INFO] Labeled set size: 20000, Unlabeled set size: 30000
2025-12-07 10:47:22,267 [INFO]   Epoch   1/200 | loss 1.3949 | acc 63.03%
2025-12-07 10:50:19,302 [INFO]   Epoch  10/200 | loss 0.8112 | acc 76.19%
2025-12-07 10:53:45,299 [INFO]   Epoch  20/200 | loss 0.7566 | acc 77.81%
2025-12-07 10:57:11,384 [INFO]   Epoch  30/200 | loss 0.6785 | acc 80.14%
2025-12-07 11:00:37,161 [INFO]   Epoch  40/200 | loss 0.6717 | acc 79.94%
2025-12-07 11:04:03,000 [INFO]   Epoch  50/200 | loss 0.6914 | acc 79.18%
2025-12-07 11:07:28,897 [INFO]   Epoch  60/200 | loss 0.6948 | acc 79.12%
2025-12-07 11:10:55,140 [INFO]   Epoch  70/200 | loss 0.6511 | acc 80.30%
2025-12-07 11:14:20,817 [INFO]   Epoch  80/200 | loss 0.6661 | acc 80.36%
2025-12-07 11:17:47,059 [INFO]   Epoch  90/200 | loss 0.7075 | acc 78.89%
2025-12-07 11:21:12,760 [INFO]   Epoch 100/200 | loss 0.6857 | acc 79.70%
2025-12-07 11:24:38,756 [INFO]   Epoch 110/200 | loss 0.6594 | acc 80.35%
2025-12-07 11:28:04,602 [INFO]   Epoch 120/200 | loss 0.6767 | acc 79.85%
2025-12-07 11:31:30,401 [INFO]   Epoch 130/200 | loss 0.6450 | acc 80.55%
2025-12-07 11:34:56,341 [INFO]   Epoch 140/200 | loss 0.6689 | acc 79.84%
2025-12-07 11:38:22,457 [INFO]   Epoch 150/200 | loss 0.6479 | acc 80.86%
2025-12-07 11:41:48,449 [INFO]   Epoch 160/200 | loss 0.6489 | acc 80.56%
2025-12-07 11:45:14,255 [INFO]   Epoch 170/200 | loss 0.0310 | acc 99.76%
2025-12-07 11:48:40,096 [INFO]   Epoch 180/200 | loss 0.0215 | acc 99.87%
2025-12-07 11:52:06,179 [INFO]   Epoch 190/200 | loss 0.0177 | acc 99.94%
2025-12-07 11:55:27,050 [INFO]   Epoch 200/200 | loss 0.0164 | acc 99.94%
2025-12-07 11:55:30,491 [INFO]   >> Test: loss 1.4501 | acc 65.71%
2025-12-07 11:57:49,248 [INFO] Saved checkpoint to: ./checkpoints/cifar100/resnet18_DQN_100.pth
