2025-12-07 05:12:39,910 [INFO] 로그 파일 경로: logs/cifar100/DQN_100step_20251207_051239.log
2025-12-07 05:12:40,032 [INFO] Using device: cuda:0
2025-12-07 05:12:42,625 [INFO] Cycle 1/10
2025-12-07 05:12:42,626 [INFO] Labeled set size: 2000, Unlabeled set size: 48000
2025-12-07 05:12:45,439 [INFO]   Epoch   1/200 | loss 5.0031 | acc 2.15%
2025-12-07 05:13:03,385 [INFO]   Epoch  10/200 | loss 3.6142 | acc 12.85%
2025-12-07 05:13:23,651 [INFO]   Epoch  20/200 | loss 2.9456 | acc 22.95%
2025-12-07 05:13:44,145 [INFO]   Epoch  30/200 | loss 2.0385 | acc 41.20%
2025-12-07 05:14:04,705 [INFO]   Epoch  40/200 | loss 0.9353 | acc 72.35%
2025-12-07 05:14:25,343 [INFO]   Epoch  50/200 | loss 0.3724 | acc 90.20%
2025-12-07 05:14:45,697 [INFO]   Epoch  60/200 | loss 0.1356 | acc 96.95%
2025-12-07 05:15:06,108 [INFO]   Epoch  70/200 | loss 0.0419 | acc 99.40%
2025-12-07 05:15:27,041 [INFO]   Epoch  80/200 | loss 0.0332 | acc 99.50%
2025-12-07 05:15:46,620 [INFO]   Epoch  90/200 | loss 0.0262 | acc 99.80%
2025-12-07 05:16:06,572 [INFO]   Epoch 100/200 | loss 0.0834 | acc 98.25%
2025-12-07 05:16:28,446 [INFO]   Epoch 110/200 | loss 0.3919 | acc 90.25%
2025-12-07 05:16:50,177 [INFO]   Epoch 120/200 | loss 0.0526 | acc 99.15%
2025-12-07 05:17:14,237 [INFO]   Epoch 130/200 | loss 0.0218 | acc 99.65%
2025-12-07 05:17:34,114 [INFO]   Epoch 140/200 | loss 0.0185 | acc 99.80%
2025-12-07 05:17:55,191 [INFO]   Epoch 150/200 | loss 0.0092 | acc 100.00%
2025-12-07 05:18:15,821 [INFO]   Epoch 160/200 | loss 0.0076 | acc 100.00%
2025-12-07 05:18:35,732 [INFO]   Epoch 170/200 | loss 0.0075 | acc 100.00%
2025-12-07 05:18:55,594 [INFO]   Epoch 180/200 | loss 0.0073 | acc 100.00%
2025-12-07 05:19:11,180 [INFO]   Epoch 190/200 | loss 0.0072 | acc 100.00%
2025-12-07 05:19:21,636 [INFO]   Epoch 200/200 | loss 0.0069 | acc 100.00%
2025-12-07 05:19:23,049 [INFO]   >> Test: loss 4.0846 | acc 21.92%
2025-12-07 05:22:58,652 [INFO] Cycle 2/10
2025-12-07 05:22:58,652 [INFO] Labeled set size: 4000, Unlabeled set size: 46000
2025-12-07 05:23:03,011 [INFO]   Epoch   1/200 | loss 3.2190 | acc 27.93%
2025-12-07 05:23:41,576 [INFO]   Epoch  10/200 | loss 1.1341 | acc 68.25%
2025-12-07 05:24:24,367 [INFO]   Epoch  20/200 | loss 0.4280 | acc 88.00%
2025-12-07 05:25:03,341 [INFO]   Epoch  30/200 | loss 0.0668 | acc 98.72%
2025-12-07 05:25:46,215 [INFO]   Epoch  40/200 | loss 0.0133 | acc 99.95%
2025-12-07 05:26:27,817 [INFO]   Epoch  50/200 | loss 0.0169 | acc 99.90%
2025-12-07 05:27:08,081 [INFO]   Epoch  60/200 | loss 0.6475 | acc 81.92%
2025-12-07 05:27:46,998 [INFO]   Epoch  70/200 | loss 0.1447 | acc 96.40%
2025-12-07 05:28:29,948 [INFO]   Epoch  80/200 | loss 0.1278 | acc 97.30%
2025-12-07 05:29:09,156 [INFO]   Epoch  90/200 | loss 0.1946 | acc 94.97%
2025-12-07 05:29:50,138 [INFO]   Epoch 100/200 | loss 0.0996 | acc 97.72%
2025-12-07 05:30:30,615 [INFO]   Epoch 110/200 | loss 0.0094 | acc 99.98%
2025-12-07 05:31:12,669 [INFO]   Epoch 120/200 | loss 0.0113 | acc 99.95%
2025-12-07 05:31:54,702 [INFO]   Epoch 130/200 | loss 0.0097 | acc 100.00%
2025-12-07 05:32:34,866 [INFO]   Epoch 140/200 | loss 0.0368 | acc 99.83%
2025-12-07 05:33:16,031 [INFO]   Epoch 150/200 | loss 0.3120 | acc 91.15%
2025-12-07 05:33:57,831 [INFO]   Epoch 160/200 | loss 0.0733 | acc 98.35%
2025-12-07 05:34:37,631 [INFO]   Epoch 170/200 | loss 0.0078 | acc 100.00%
2025-12-07 05:35:18,563 [INFO]   Epoch 180/200 | loss 0.0063 | acc 100.00%
2025-12-07 05:35:58,787 [INFO]   Epoch 190/200 | loss 0.0059 | acc 100.00%
2025-12-07 05:36:32,975 [INFO]   Epoch 200/200 | loss 0.0059 | acc 100.00%
2025-12-07 05:36:34,452 [INFO]   >> Test: loss 3.6963 | acc 31.92%
2025-12-07 05:39:57,421 [INFO] Cycle 3/10
2025-12-07 05:39:57,421 [INFO] Labeled set size: 6000, Unlabeled set size: 44000
2025-12-07 05:40:03,516 [INFO]   Epoch   1/200 | loss 1.9264 | acc 58.32%
2025-12-07 05:40:58,943 [INFO]   Epoch  10/200 | loss 0.5050 | acc 85.93%
2025-12-07 05:42:00,374 [INFO]   Epoch  20/200 | loss 0.2842 | acc 92.17%
2025-12-07 05:43:02,346 [INFO]   Epoch  30/200 | loss 0.0886 | acc 98.13%
2025-12-07 05:44:05,135 [INFO]   Epoch  40/200 | loss 0.0403 | acc 99.48%
2025-12-07 05:45:07,458 [INFO]   Epoch  50/200 | loss 0.0091 | acc 99.98%
2025-12-07 05:46:08,964 [INFO]   Epoch  60/200 | loss 0.0108 | acc 100.00%
2025-12-07 05:47:10,486 [INFO]   Epoch  70/200 | loss 2.7112 | acc 31.07%
2025-12-07 05:48:12,067 [INFO]   Epoch  80/200 | loss 0.5517 | acc 83.58%
2025-12-07 05:49:13,641 [INFO]   Epoch  90/200 | loss 0.1976 | acc 94.82%
2025-12-07 05:50:14,896 [INFO]   Epoch 100/200 | loss 0.2904 | acc 91.95%
2025-12-07 05:51:17,127 [INFO]   Epoch 110/200 | loss 0.1378 | acc 96.73%
2025-12-07 05:52:19,040 [INFO]   Epoch 120/200 | loss 0.3081 | acc 91.25%
2025-12-07 05:53:21,039 [INFO]   Epoch 130/200 | loss 0.0316 | acc 99.57%
2025-12-07 05:54:21,907 [INFO]   Epoch 140/200 | loss 0.0086 | acc 100.00%
2025-12-07 05:55:23,448 [INFO]   Epoch 150/200 | loss 0.0102 | acc 100.00%
2025-12-07 05:56:24,987 [INFO]   Epoch 160/200 | loss 1.3548 | acc 62.18%
2025-12-07 05:57:26,471 [INFO]   Epoch 170/200 | loss 0.0698 | acc 99.67%
2025-12-07 05:58:28,252 [INFO]   Epoch 180/200 | loss 0.0310 | acc 99.93%
2025-12-07 05:59:30,338 [INFO]   Epoch 190/200 | loss 0.0203 | acc 100.00%
2025-12-07 06:00:23,740 [INFO]   Epoch 200/200 | loss 0.0161 | acc 100.00%
2025-12-07 06:00:25,345 [INFO]   >> Test: loss 2.7497 | acc 42.16%
2025-12-07 06:03:36,590 [INFO] Cycle 4/10
2025-12-07 06:03:36,590 [INFO] Labeled set size: 8000, Unlabeled set size: 42000
2025-12-07 06:03:44,810 [INFO]   Epoch   1/200 | loss 2.2167 | acc 46.55%
2025-12-07 06:04:59,584 [INFO]   Epoch  10/200 | loss 0.7334 | acc 78.53%
2025-12-07 06:06:23,297 [INFO]   Epoch  20/200 | loss 0.3471 | acc 89.91%
2025-12-07 06:07:47,385 [INFO]   Epoch  30/200 | loss 0.3420 | acc 89.72%
2025-12-07 06:09:10,939 [INFO]   Epoch  40/200 | loss 0.2955 | acc 91.62%
2025-12-07 06:10:33,444 [INFO]   Epoch  50/200 | loss 0.2406 | acc 93.41%
2025-12-07 06:11:55,260 [INFO]   Epoch  60/200 | loss 0.2692 | acc 92.35%
2025-12-07 06:13:17,537 [INFO]   Epoch  70/200 | loss 0.2635 | acc 92.50%
2025-12-07 06:14:39,667 [INFO]   Epoch  80/200 | loss 0.3144 | acc 90.97%
2025-12-07 06:16:01,197 [INFO]   Epoch  90/200 | loss 0.2766 | acc 92.06%
2025-12-07 06:17:23,126 [INFO]   Epoch 100/200 | loss 0.2014 | acc 94.39%
2025-12-07 06:18:45,180 [INFO]   Epoch 110/200 | loss 0.3042 | acc 91.41%
2025-12-07 06:20:08,009 [INFO]   Epoch 120/200 | loss 0.2701 | acc 92.20%
2025-12-07 06:21:30,605 [INFO]   Epoch 130/200 | loss 0.1939 | acc 95.03%
2025-12-07 06:22:52,692 [INFO]   Epoch 140/200 | loss 0.2782 | acc 92.11%
2025-12-07 06:24:14,663 [INFO]   Epoch 150/200 | loss 0.2820 | acc 91.89%
2025-12-07 06:25:36,843 [INFO]   Epoch 160/200 | loss 0.2816 | acc 91.76%
2025-12-07 06:26:57,561 [INFO]   Epoch 170/200 | loss 0.0101 | acc 99.98%
2025-12-07 06:28:20,546 [INFO]   Epoch 180/200 | loss 0.0083 | acc 99.98%
2025-12-07 06:29:43,093 [INFO]   Epoch 190/200 | loss 0.0071 | acc 100.00%
2025-12-07 06:30:57,232 [INFO]   Epoch 200/200 | loss 0.0070 | acc 100.00%
2025-12-07 06:30:59,242 [INFO]   >> Test: loss 2.4528 | acc 48.99%
2025-12-07 06:34:03,198 [INFO] Cycle 5/10
2025-12-07 06:34:03,198 [INFO] Labeled set size: 10000, Unlabeled set size: 40000
2025-12-07 06:34:11,744 [INFO]   Epoch   1/200 | loss 1.3996 | acc 67.13%
2025-12-07 06:35:43,114 [INFO]   Epoch  10/200 | loss 0.7200 | acc 79.20%
2025-12-07 06:37:26,194 [INFO]   Epoch  20/200 | loss 0.4778 | acc 85.79%
2025-12-07 06:39:09,027 [INFO]   Epoch  30/200 | loss 0.3622 | acc 89.73%
2025-12-07 06:40:51,795 [INFO]   Epoch  40/200 | loss 0.4301 | acc 87.87%
2025-12-07 06:42:34,563 [INFO]   Epoch  50/200 | loss 0.4458 | acc 87.06%
2025-12-07 06:44:17,500 [INFO]   Epoch  60/200 | loss 0.3996 | acc 88.39%
2025-12-07 06:46:01,398 [INFO]   Epoch  70/200 | loss 0.3923 | acc 88.55%
2025-12-07 06:47:45,107 [INFO]   Epoch  80/200 | loss 0.4119 | acc 88.35%
2025-12-07 06:49:28,771 [INFO]   Epoch  90/200 | loss 0.2981 | acc 91.54%
2025-12-07 06:51:12,558 [INFO]   Epoch 100/200 | loss 0.2976 | acc 91.43%
2025-12-07 06:52:55,298 [INFO]   Epoch 110/200 | loss 0.2720 | acc 92.31%
2025-12-07 06:54:37,491 [INFO]   Epoch 120/200 | loss 0.3671 | acc 89.31%
2025-12-07 06:56:20,062 [INFO]   Epoch 130/200 | loss 0.4659 | acc 86.50%
2025-12-07 06:58:02,888 [INFO]   Epoch 140/200 | loss 0.3277 | acc 90.28%
2025-12-07 06:59:45,619 [INFO]   Epoch 150/200 | loss 0.3759 | acc 88.98%
2025-12-07 07:01:28,176 [INFO]   Epoch 160/200 | loss 0.3672 | acc 89.24%
2025-12-07 07:03:09,797 [INFO]   Epoch 170/200 | loss 0.0171 | acc 99.89%
2025-12-07 07:04:53,863 [INFO]   Epoch 180/200 | loss 0.0125 | acc 99.97%
2025-12-07 07:06:38,098 [INFO]   Epoch 190/200 | loss 0.0095 | acc 100.00%
2025-12-07 07:08:15,035 [INFO]   Epoch 200/200 | loss 0.0097 | acc 99.99%
2025-12-07 07:08:17,203 [INFO]   >> Test: loss 2.1697 | acc 53.63%
2025-12-07 07:11:15,970 [INFO] Cycle 6/10
2025-12-07 07:11:15,970 [INFO] Labeled set size: 12000, Unlabeled set size: 38000
2025-12-07 07:11:25,893 [INFO]   Epoch   1/200 | loss 1.1189 | acc 73.32%
2025-12-07 07:13:11,089 [INFO]   Epoch  10/200 | loss 0.5414 | acc 84.00%
2025-12-07 07:15:15,548 [INFO]   Epoch  20/200 | loss 0.5022 | acc 85.42%
2025-12-07 07:17:19,823 [INFO]   Epoch  30/200 | loss 0.4519 | acc 86.72%
2025-12-07 07:19:24,059 [INFO]   Epoch  40/200 | loss 0.4257 | acc 87.67%
2025-12-07 07:21:28,288 [INFO]   Epoch  50/200 | loss 0.4175 | acc 87.69%
2025-12-07 07:23:32,636 [INFO]   Epoch  60/200 | loss 0.4189 | acc 87.54%
2025-12-07 07:25:36,911 [INFO]   Epoch  70/200 | loss 0.3826 | acc 88.82%
2025-12-07 07:27:41,220 [INFO]   Epoch  80/200 | loss 0.4566 | acc 86.58%
2025-12-07 07:29:45,359 [INFO]   Epoch  90/200 | loss 0.4891 | acc 85.96%
2025-12-07 07:31:49,552 [INFO]   Epoch 100/200 | loss 0.3267 | acc 90.44%
2025-12-07 07:33:53,216 [INFO]   Epoch 110/200 | loss 0.4031 | acc 88.15%
2025-12-07 07:35:56,632 [INFO]   Epoch 120/200 | loss 0.3889 | acc 88.62%
2025-12-07 07:38:00,035 [INFO]   Epoch 130/200 | loss 0.4473 | acc 86.74%
2025-12-07 07:40:03,504 [INFO]   Epoch 140/200 | loss 0.3475 | acc 89.91%
2025-12-07 07:42:06,798 [INFO]   Epoch 150/200 | loss 0.4001 | acc 88.26%
2025-12-07 07:44:09,461 [INFO]   Epoch 160/200 | loss 0.3866 | acc 88.38%
2025-12-07 07:46:11,368 [INFO]   Epoch 170/200 | loss 0.0165 | acc 99.91%
2025-12-07 07:48:13,612 [INFO]   Epoch 180/200 | loss 0.0120 | acc 99.98%
2025-12-07 07:50:17,333 [INFO]   Epoch 190/200 | loss 0.0104 | acc 99.99%
2025-12-07 07:52:14,766 [INFO]   Epoch 200/200 | loss 0.0105 | acc 100.00%
2025-12-07 07:52:17,467 [INFO]   >> Test: loss 1.9357 | acc 57.39%
2025-12-07 07:55:10,046 [INFO] Cycle 7/10
2025-12-07 07:55:10,046 [INFO] Labeled set size: 14000, Unlabeled set size: 36000
2025-12-07 07:55:22,084 [INFO]   Epoch   1/200 | loss 1.1990 | acc 70.15%
2025-12-07 07:57:26,201 [INFO]   Epoch  10/200 | loss 0.6213 | acc 81.99%
2025-12-07 07:59:50,023 [INFO]   Epoch  20/200 | loss 0.5302 | acc 84.62%
2025-12-07 08:02:13,836 [INFO]   Epoch  30/200 | loss 0.5097 | acc 85.28%
2025-12-07 08:04:37,112 [INFO]   Epoch  40/200 | loss 0.4884 | acc 85.45%
2025-12-07 08:07:00,299 [INFO]   Epoch  50/200 | loss 0.5209 | acc 84.70%
2025-12-07 08:09:24,038 [INFO]   Epoch  60/200 | loss 0.4856 | acc 85.47%
2025-12-07 08:11:48,118 [INFO]   Epoch  70/200 | loss 0.5244 | acc 84.37%
2025-12-07 08:14:12,083 [INFO]   Epoch  80/200 | loss 0.4583 | acc 86.53%
2025-12-07 08:16:36,274 [INFO]   Epoch  90/200 | loss 0.4793 | acc 85.83%
2025-12-07 08:19:00,333 [INFO]   Epoch 100/200 | loss 0.4428 | acc 86.61%
2025-12-07 08:21:24,268 [INFO]   Epoch 110/200 | loss 0.4564 | acc 86.60%
2025-12-07 08:23:48,230 [INFO]   Epoch 120/200 | loss 0.4877 | acc 85.81%
2025-12-07 08:26:12,128 [INFO]   Epoch 130/200 | loss 0.4782 | acc 86.12%
2025-12-07 08:28:36,402 [INFO]   Epoch 140/200 | loss 0.5049 | acc 85.43%
2025-12-07 08:31:01,376 [INFO]   Epoch 150/200 | loss 0.4638 | acc 86.42%
2025-12-07 08:33:26,661 [INFO]   Epoch 160/200 | loss 0.4637 | acc 86.45%
2025-12-07 08:35:51,587 [INFO]   Epoch 170/200 | loss 0.0189 | acc 99.94%
2025-12-07 08:38:16,021 [INFO]   Epoch 180/200 | loss 0.0133 | acc 99.96%
2025-12-07 08:40:40,004 [INFO]   Epoch 190/200 | loss 0.0125 | acc 99.99%
2025-12-07 08:42:57,343 [INFO]   Epoch 200/200 | loss 0.0124 | acc 99.99%
2025-12-07 08:42:59,777 [INFO]   >> Test: loss 1.7508 | acc 60.43%
2025-12-07 08:45:46,855 [INFO] Cycle 8/10
2025-12-07 08:45:46,855 [INFO] Labeled set size: 16000, Unlabeled set size: 34000
2025-12-07 08:46:00,275 [INFO]   Epoch   1/200 | loss 1.2232 | acc 68.84%
2025-12-07 08:48:21,515 [INFO]   Epoch  10/200 | loss 0.6647 | acc 80.67%
2025-12-07 08:51:06,722 [INFO]   Epoch  20/200 | loss 0.6278 | acc 81.33%
2025-12-07 08:53:52,294 [INFO]   Epoch  30/200 | loss 0.5777 | acc 83.09%
2025-12-07 08:56:38,395 [INFO]   Epoch  40/200 | loss 0.5162 | acc 84.74%
2025-12-07 08:59:24,071 [INFO]   Epoch  50/200 | loss 0.5281 | acc 84.26%
2025-12-07 09:02:08,158 [INFO]   Epoch  60/200 | loss 0.5883 | acc 82.75%
2025-12-07 09:04:51,726 [INFO]   Epoch  70/200 | loss 0.5688 | acc 83.03%
2025-12-07 09:07:36,039 [INFO]   Epoch  80/200 | loss 0.5196 | acc 84.72%
2025-12-07 09:10:20,630 [INFO]   Epoch  90/200 | loss 0.5098 | acc 84.64%
2025-12-07 09:13:05,104 [INFO]   Epoch 100/200 | loss 0.5274 | acc 84.49%
2025-12-07 09:15:49,652 [INFO]   Epoch 110/200 | loss 0.5067 | acc 85.35%
2025-12-07 09:18:34,100 [INFO]   Epoch 120/200 | loss 0.5689 | acc 82.98%
2025-12-07 09:21:18,782 [INFO]   Epoch 130/200 | loss 0.5548 | acc 83.11%
2025-12-07 09:24:03,097 [INFO]   Epoch 140/200 | loss 0.5246 | acc 84.53%
2025-12-07 09:26:47,675 [INFO]   Epoch 150/200 | loss 0.5434 | acc 84.09%
2025-12-07 09:29:32,197 [INFO]   Epoch 160/200 | loss 0.5336 | acc 84.16%
2025-12-07 09:32:16,232 [INFO]   Epoch 170/200 | loss 0.0239 | acc 99.89%
2025-12-07 09:35:00,038 [INFO]   Epoch 180/200 | loss 0.0156 | acc 99.96%
2025-12-07 09:37:44,429 [INFO]   Epoch 190/200 | loss 0.0151 | acc 99.98%
2025-12-07 09:40:23,669 [INFO]   Epoch 200/200 | loss 0.0134 | acc 99.99%
2025-12-07 09:40:26,639 [INFO]   >> Test: loss 1.6198 | acc 62.61%
2025-12-07 09:43:05,113 [INFO] Cycle 9/10
2025-12-07 09:43:05,113 [INFO] Labeled set size: 18000, Unlabeled set size: 32000
2025-12-07 09:43:19,676 [INFO]   Epoch   1/200 | loss 1.3555 | acc 64.11%
2025-12-07 09:45:58,493 [INFO]   Epoch  10/200 | loss 0.7608 | acc 77.87%
2025-12-07 09:49:04,102 [INFO]   Epoch  20/200 | loss 0.6541 | acc 80.60%
2025-12-07 09:52:09,298 [INFO]   Epoch  30/200 | loss 0.6691 | acc 79.91%
2025-12-07 09:55:14,357 [INFO]   Epoch  40/200 | loss 0.6281 | acc 81.23%
2025-12-07 09:58:19,729 [INFO]   Epoch  50/200 | loss 0.6723 | acc 80.07%
2025-12-07 10:01:24,996 [INFO]   Epoch  60/200 | loss 0.6182 | acc 81.71%
2025-12-07 10:04:30,188 [INFO]   Epoch  70/200 | loss 0.6187 | acc 81.44%
2025-12-07 10:07:35,511 [INFO]   Epoch  80/200 | loss 0.6106 | acc 81.83%
2025-12-07 10:10:40,759 [INFO]   Epoch  90/200 | loss 0.6198 | acc 81.80%
2025-12-07 10:13:46,092 [INFO]   Epoch 100/200 | loss 0.6100 | acc 81.67%
2025-12-07 10:16:51,480 [INFO]   Epoch 110/200 | loss 0.6377 | acc 81.11%
2025-12-07 10:19:56,802 [INFO]   Epoch 120/200 | loss 0.6224 | acc 81.38%
2025-12-07 10:23:02,146 [INFO]   Epoch 130/200 | loss 0.5995 | acc 82.37%
2025-12-07 10:26:07,279 [INFO]   Epoch 140/200 | loss 0.5949 | acc 82.35%
2025-12-07 10:29:12,600 [INFO]   Epoch 150/200 | loss 0.5738 | acc 82.80%
2025-12-07 10:32:17,953 [INFO]   Epoch 160/200 | loss 0.6380 | acc 81.11%
2025-12-07 10:35:23,227 [INFO]   Epoch 170/200 | loss 0.0288 | acc 99.81%
2025-12-07 10:38:28,457 [INFO]   Epoch 180/200 | loss 0.0186 | acc 99.94%
2025-12-07 10:41:33,780 [INFO]   Epoch 190/200 | loss 0.0171 | acc 99.96%
2025-12-07 10:44:33,582 [INFO]   Epoch 200/200 | loss 0.0152 | acc 100.00%
2025-12-07 10:44:36,742 [INFO]   >> Test: loss 1.5126 | acc 65.18%
2025-12-07 10:47:07,965 [INFO] Cycle 10/10
2025-12-07 10:47:07,965 [INFO] Labeled set size: 20000, Unlabeled set size: 30000
2025-12-07 10:47:23,986 [INFO]   Epoch   1/200 | loss 1.4056 | acc 62.60%
2025-12-07 10:50:21,312 [INFO]   Epoch  10/200 | loss 0.8082 | acc 76.14%
2025-12-07 10:53:47,226 [INFO]   Epoch  20/200 | loss 0.7146 | acc 78.69%
2025-12-07 10:57:13,205 [INFO]   Epoch  30/200 | loss 0.7474 | acc 77.67%
2025-12-07 11:00:39,029 [INFO]   Epoch  40/200 | loss 0.6805 | acc 79.80%
2025-12-07 11:04:04,807 [INFO]   Epoch  50/200 | loss 0.7339 | acc 78.39%
2025-12-07 11:07:30,772 [INFO]   Epoch  60/200 | loss 0.7117 | acc 79.20%
2025-12-07 11:10:56,843 [INFO]   Epoch  70/200 | loss 0.7142 | acc 78.82%
2025-12-07 11:14:22,544 [INFO]   Epoch  80/200 | loss 0.7238 | acc 78.38%
2025-12-07 11:17:48,705 [INFO]   Epoch  90/200 | loss 0.6968 | acc 79.17%
2025-12-07 11:21:14,462 [INFO]   Epoch 100/200 | loss 0.7194 | acc 78.20%
2025-12-07 11:24:40,468 [INFO]   Epoch 110/200 | loss 0.7454 | acc 77.78%
2025-12-07 11:28:06,430 [INFO]   Epoch 120/200 | loss 0.6935 | acc 79.78%
2025-12-07 11:31:32,215 [INFO]   Epoch 130/200 | loss 0.6714 | acc 80.16%
2025-12-07 11:34:58,208 [INFO]   Epoch 140/200 | loss 0.6792 | acc 79.70%
2025-12-07 11:38:24,328 [INFO]   Epoch 150/200 | loss 0.6838 | acc 79.49%
2025-12-07 11:41:50,314 [INFO]   Epoch 160/200 | loss 0.7186 | acc 78.51%
2025-12-07 11:45:16,113 [INFO]   Epoch 170/200 | loss 0.0346 | acc 99.67%
2025-12-07 11:48:42,054 [INFO]   Epoch 180/200 | loss 0.0220 | acc 99.90%
2025-12-07 11:52:08,055 [INFO]   Epoch 190/200 | loss 0.0182 | acc 99.94%
2025-12-07 11:55:28,503 [INFO]   Epoch 200/200 | loss 0.0166 | acc 99.98%
2025-12-07 11:55:31,728 [INFO]   >> Test: loss 1.4320 | acc 67.16%
2025-12-07 11:57:49,678 [INFO] Saved checkpoint to: ./checkpoints/cifar100/resnet18_DQN_100.pth
