2025-12-07 05:12:11,661 [INFO] 로그 파일 경로: logs/cifar100/DQN_100step_20251207_051211.log
2025-12-07 05:12:11,817 [INFO] Using device: cuda:0
2025-12-07 05:12:13,330 [INFO] Cycle 1/10
2025-12-07 05:12:13,330 [INFO] Labeled set size: 2000, Unlabeled set size: 48000
2025-12-07 05:12:14,392 [INFO]   Epoch   1/200 | loss 5.0998 | acc 2.45%
2025-12-07 05:12:20,259 [INFO]   Epoch  10/200 | loss 3.7635 | acc 9.10%
2025-12-07 05:12:30,841 [INFO]   Epoch  20/200 | loss 3.1158 | acc 18.85%
2025-12-07 05:12:46,923 [INFO]   Epoch  30/200 | loss 2.2375 | acc 38.60%
2025-12-07 05:13:07,434 [INFO]   Epoch  40/200 | loss 1.3059 | acc 61.75%
2025-12-07 05:13:27,807 [INFO]   Epoch  50/200 | loss 0.4741 | acc 86.50%
2025-12-07 05:13:48,280 [INFO]   Epoch  60/200 | loss 0.2525 | acc 93.25%
2025-12-07 05:14:08,887 [INFO]   Epoch  70/200 | loss 0.1037 | acc 97.65%
2025-12-07 05:14:29,643 [INFO]   Epoch  80/200 | loss 0.0206 | acc 99.85%
2025-12-07 05:14:50,412 [INFO]   Epoch  90/200 | loss 0.0250 | acc 99.80%
2025-12-07 05:15:10,772 [INFO]   Epoch 100/200 | loss 0.0138 | acc 100.00%
2025-12-07 05:15:31,547 [INFO]   Epoch 110/200 | loss 0.0876 | acc 98.50%
2025-12-07 05:15:53,243 [INFO]   Epoch 120/200 | loss 0.2756 | acc 93.95%
2025-12-07 05:16:15,280 [INFO]   Epoch 130/200 | loss 0.0398 | acc 99.45%
2025-12-07 05:16:35,784 [INFO]   Epoch 140/200 | loss 0.0220 | acc 99.75%
2025-12-07 05:17:00,581 [INFO]   Epoch 150/200 | loss 0.0370 | acc 99.50%
2025-12-07 05:17:22,862 [INFO]   Epoch 160/200 | loss 0.0682 | acc 98.80%
2025-12-07 05:17:45,004 [INFO]   Epoch 170/200 | loss 0.0087 | acc 100.00%
2025-12-07 05:18:04,982 [INFO]   Epoch 180/200 | loss 0.0074 | acc 100.00%
2025-12-07 05:18:27,004 [INFO]   Epoch 190/200 | loss 0.0064 | acc 100.00%
2025-12-07 05:18:48,936 [INFO]   Epoch 200/200 | loss 0.0061 | acc 100.00%
2025-12-07 05:18:52,991 [INFO]   >> Test: loss 4.6219 | acc 18.45%
2025-12-07 05:22:32,367 [INFO] Cycle 2/10
2025-12-07 05:22:32,367 [INFO] Labeled set size: 4000, Unlabeled set size: 46000
2025-12-07 05:22:34,118 [INFO]   Epoch   1/200 | loss 2.1912 | acc 50.02%
2025-12-07 05:22:58,613 [INFO]   Epoch  10/200 | loss 0.7242 | acc 78.27%
2025-12-07 05:23:38,960 [INFO]   Epoch  20/200 | loss 0.3053 | acc 91.17%
2025-12-07 05:24:20,086 [INFO]   Epoch  30/200 | loss 0.2383 | acc 93.47%
2025-12-07 05:25:03,345 [INFO]   Epoch  40/200 | loss 0.2745 | acc 92.15%
2025-12-07 05:25:46,250 [INFO]   Epoch  50/200 | loss 0.1198 | acc 96.97%
2025-12-07 05:26:29,498 [INFO]   Epoch  60/200 | loss 0.0957 | acc 98.00%
2025-12-07 05:27:12,438 [INFO]   Epoch  70/200 | loss 0.3148 | acc 91.07%
2025-12-07 05:27:55,547 [INFO]   Epoch  80/200 | loss 0.1145 | acc 96.90%
2025-12-07 05:28:38,855 [INFO]   Epoch  90/200 | loss 0.0429 | acc 99.25%
2025-12-07 05:29:22,146 [INFO]   Epoch 100/200 | loss 0.1672 | acc 95.53%
2025-12-07 05:30:05,215 [INFO]   Epoch 110/200 | loss 0.2161 | acc 94.27%
2025-12-07 05:30:47,448 [INFO]   Epoch 120/200 | loss 0.1118 | acc 97.30%
2025-12-07 05:31:29,678 [INFO]   Epoch 130/200 | loss 0.0898 | acc 98.08%
2025-12-07 05:32:12,058 [INFO]   Epoch 140/200 | loss 0.2169 | acc 94.53%
2025-12-07 05:32:54,555 [INFO]   Epoch 150/200 | loss 0.1612 | acc 95.35%
2025-12-07 05:33:37,558 [INFO]   Epoch 160/200 | loss 0.0285 | acc 99.60%
2025-12-07 05:34:20,543 [INFO]   Epoch 170/200 | loss 0.0060 | acc 100.00%
2025-12-07 05:35:03,211 [INFO]   Epoch 180/200 | loss 0.0052 | acc 99.98%
2025-12-07 05:35:45,970 [INFO]   Epoch 190/200 | loss 0.0052 | acc 99.98%
2025-12-07 05:36:27,058 [INFO]   Epoch 200/200 | loss 0.0051 | acc 100.00%
2025-12-07 05:36:29,521 [INFO]   >> Test: loss 3.8050 | acc 25.66%
2025-12-07 05:39:44,738 [INFO] Cycle 3/10
2025-12-07 05:39:44,738 [INFO] Labeled set size: 6000, Unlabeled set size: 44000
2025-12-07 05:39:49,907 [INFO]   Epoch   1/200 | loss 1.9116 | acc 58.57%
2025-12-07 05:40:44,128 [INFO]   Epoch  10/200 | loss 0.5788 | acc 83.52%
2025-12-07 05:41:46,752 [INFO]   Epoch  20/200 | loss 0.2219 | acc 93.58%
2025-12-07 05:42:49,641 [INFO]   Epoch  30/200 | loss 0.1250 | acc 96.77%
2025-12-07 05:43:52,463 [INFO]   Epoch  40/200 | loss 0.1806 | acc 95.38%
2025-12-07 05:44:53,552 [INFO]   Epoch  50/200 | loss 0.0225 | acc 99.72%
2025-12-07 05:45:55,123 [INFO]   Epoch  60/200 | loss 0.0096 | acc 99.97%
2025-12-07 05:46:56,561 [INFO]   Epoch  70/200 | loss 0.0117 | acc 99.95%
2025-12-07 05:47:58,197 [INFO]   Epoch  80/200 | loss 0.8313 | acc 77.02%
2025-12-07 05:48:59,829 [INFO]   Epoch  90/200 | loss 0.1941 | acc 95.13%
2025-12-07 05:50:02,055 [INFO]   Epoch 100/200 | loss 0.2207 | acc 93.60%
2025-12-07 05:51:04,775 [INFO]   Epoch 110/200 | loss 0.1357 | acc 96.48%
2025-12-07 05:52:07,047 [INFO]   Epoch 120/200 | loss 0.0494 | acc 99.07%
2025-12-07 05:53:09,396 [INFO]   Epoch 130/200 | loss 0.6773 | acc 80.27%
2025-12-07 05:54:12,305 [INFO]   Epoch 140/200 | loss 0.0402 | acc 99.35%
2025-12-07 05:55:14,771 [INFO]   Epoch 150/200 | loss 0.0261 | acc 99.70%
2025-12-07 05:56:17,174 [INFO]   Epoch 160/200 | loss 0.1309 | acc 97.77%
2025-12-07 05:57:19,538 [INFO]   Epoch 170/200 | loss 0.0105 | acc 99.98%
2025-12-07 05:58:21,990 [INFO]   Epoch 180/200 | loss 0.0084 | acc 99.93%
2025-12-07 05:59:24,806 [INFO]   Epoch 190/200 | loss 0.0075 | acc 99.95%
2025-12-07 06:00:22,487 [INFO]   Epoch 200/200 | loss 0.0070 | acc 99.97%
2025-12-07 06:00:24,440 [INFO]   >> Test: loss 2.9159 | acc 35.08%
2025-12-07 06:03:34,656 [INFO] Cycle 4/10
2025-12-07 06:03:34,656 [INFO] Labeled set size: 8000, Unlabeled set size: 42000
2025-12-07 06:03:42,289 [INFO]   Epoch   1/200 | loss 2.6342 | acc 37.44%
2025-12-07 06:04:55,188 [INFO]   Epoch  10/200 | loss 0.7930 | acc 76.96%
2025-12-07 06:06:16,281 [INFO]   Epoch  20/200 | loss 0.3052 | acc 91.27%
2025-12-07 06:07:39,046 [INFO]   Epoch  30/200 | loss 0.2462 | acc 93.03%
2025-12-07 06:09:02,689 [INFO]   Epoch  40/200 | loss 0.3202 | acc 90.59%
2025-12-07 06:10:25,991 [INFO]   Epoch  50/200 | loss 0.2284 | acc 93.49%
2025-12-07 06:11:49,243 [INFO]   Epoch  60/200 | loss 0.2215 | acc 93.94%
2025-12-07 06:13:12,137 [INFO]   Epoch  70/200 | loss 0.2993 | acc 91.33%
2025-12-07 06:14:35,219 [INFO]   Epoch  80/200 | loss 0.1525 | acc 95.96%
2025-12-07 06:15:58,439 [INFO]   Epoch  90/200 | loss 0.1830 | acc 94.88%
2025-12-07 06:17:21,623 [INFO]   Epoch 100/200 | loss 0.5968 | acc 83.14%
2025-12-07 06:18:44,788 [INFO]   Epoch 110/200 | loss 0.1529 | acc 95.97%
2025-12-07 06:20:08,013 [INFO]   Epoch 120/200 | loss 0.1859 | acc 94.88%
2025-12-07 06:21:31,266 [INFO]   Epoch 130/200 | loss 0.3875 | acc 88.75%
2025-12-07 06:22:54,290 [INFO]   Epoch 140/200 | loss 0.1480 | acc 96.06%
2025-12-07 06:24:17,424 [INFO]   Epoch 150/200 | loss 0.2088 | acc 94.08%
2025-12-07 06:25:40,444 [INFO]   Epoch 160/200 | loss 0.1944 | acc 94.54%
2025-12-07 06:27:04,542 [INFO]   Epoch 170/200 | loss 0.0086 | acc 99.95%
2025-12-07 06:28:28,996 [INFO]   Epoch 180/200 | loss 0.0069 | acc 99.96%
2025-12-07 06:29:53,054 [INFO]   Epoch 190/200 | loss 0.0068 | acc 99.98%
2025-12-07 06:31:02,148 [INFO]   Epoch 200/200 | loss 0.0067 | acc 99.96%
2025-12-07 06:31:03,630 [INFO]   >> Test: loss 2.6739 | acc 43.81%
2025-12-07 06:34:14,641 [INFO] Cycle 5/10
2025-12-07 06:34:14,641 [INFO] Labeled set size: 10000, Unlabeled set size: 40000
2025-12-07 06:34:24,911 [INFO]   Epoch   1/200 | loss 1.4975 | acc 64.98%
2025-12-07 06:35:58,485 [INFO]   Epoch  10/200 | loss 0.6057 | acc 82.81%
2025-12-07 06:37:42,525 [INFO]   Epoch  20/200 | loss 0.4308 | acc 87.43%
2025-12-07 06:39:26,500 [INFO]   Epoch  30/200 | loss 0.3656 | acc 89.63%
2025-12-07 06:41:10,494 [INFO]   Epoch  40/200 | loss 0.3539 | acc 89.47%
2025-12-07 06:42:54,249 [INFO]   Epoch  50/200 | loss 0.3721 | acc 89.13%
2025-12-07 06:44:38,329 [INFO]   Epoch  60/200 | loss 0.3047 | acc 90.92%
2025-12-07 06:46:22,206 [INFO]   Epoch  70/200 | loss 0.3725 | acc 89.44%
2025-12-07 06:48:05,898 [INFO]   Epoch  80/200 | loss 0.3917 | acc 88.52%
2025-12-07 06:49:49,559 [INFO]   Epoch  90/200 | loss 0.4967 | acc 85.94%
2025-12-07 06:51:33,596 [INFO]   Epoch 100/200 | loss 0.2238 | acc 93.65%
2025-12-07 06:53:17,321 [INFO]   Epoch 110/200 | loss 0.2803 | acc 92.03%
2025-12-07 06:55:01,494 [INFO]   Epoch 120/200 | loss 0.2653 | acc 92.62%
2025-12-07 06:56:45,277 [INFO]   Epoch 130/200 | loss 0.3194 | acc 90.83%
2025-12-07 06:58:29,001 [INFO]   Epoch 140/200 | loss 0.3521 | acc 89.70%
2025-12-07 07:00:12,705 [INFO]   Epoch 150/200 | loss 0.2906 | acc 91.73%
2025-12-07 07:01:56,697 [INFO]   Epoch 160/200 | loss 0.4997 | acc 85.63%
2025-12-07 07:03:40,865 [INFO]   Epoch 170/200 | loss 0.0187 | acc 99.88%
2025-12-07 07:05:25,164 [INFO]   Epoch 180/200 | loss 0.0135 | acc 99.91%
2025-12-07 07:07:09,503 [INFO]   Epoch 190/200 | loss 0.0113 | acc 99.97%
2025-12-07 07:08:27,139 [INFO]   Epoch 200/200 | loss 0.0112 | acc 99.96%
2025-12-07 07:08:28,594 [INFO]   >> Test: loss 2.3468 | acc 50.40%
2025-12-07 07:11:43,113 [INFO] Cycle 6/10
2025-12-07 07:11:43,114 [INFO] Labeled set size: 12000, Unlabeled set size: 38000
2025-12-07 07:11:55,586 [INFO]   Epoch   1/200 | loss 1.0242 | acc 76.22%
2025-12-07 07:13:48,170 [INFO]   Epoch  10/200 | loss 0.5530 | acc 84.12%
2025-12-07 07:15:52,956 [INFO]   Epoch  20/200 | loss 0.4449 | acc 87.23%
2025-12-07 07:17:57,168 [INFO]   Epoch  30/200 | loss 0.4367 | acc 87.06%
2025-12-07 07:20:01,386 [INFO]   Epoch  40/200 | loss 0.4037 | acc 88.15%
2025-12-07 07:22:05,663 [INFO]   Epoch  50/200 | loss 0.4064 | acc 87.91%
2025-12-07 07:24:09,961 [INFO]   Epoch  60/200 | loss 0.3969 | acc 88.33%
2025-12-07 07:26:14,289 [INFO]   Epoch  70/200 | loss 0.4143 | acc 87.94%
2025-12-07 07:28:18,533 [INFO]   Epoch  80/200 | loss 0.3760 | acc 88.99%
2025-12-07 07:30:22,696 [INFO]   Epoch  90/200 | loss 0.3580 | acc 89.17%
2025-12-07 07:32:27,006 [INFO]   Epoch 100/200 | loss 0.4061 | acc 88.21%
2025-12-07 07:34:31,401 [INFO]   Epoch 110/200 | loss 0.3550 | acc 89.57%
2025-12-07 07:36:35,610 [INFO]   Epoch 120/200 | loss 0.3226 | acc 90.61%
2025-12-07 07:38:39,832 [INFO]   Epoch 130/200 | loss 0.3010 | acc 91.17%
2025-12-07 07:40:43,992 [INFO]   Epoch 140/200 | loss 0.3905 | acc 88.42%
2025-12-07 07:42:48,223 [INFO]   Epoch 150/200 | loss 0.3283 | acc 90.39%
2025-12-07 07:44:53,033 [INFO]   Epoch 160/200 | loss 0.3525 | acc 89.90%
2025-12-07 07:46:57,984 [INFO]   Epoch 170/200 | loss 0.0154 | acc 99.90%
2025-12-07 07:49:02,026 [INFO]   Epoch 180/200 | loss 0.0114 | acc 99.94%
2025-12-07 07:51:04,305 [INFO]   Epoch 190/200 | loss 0.0102 | acc 99.98%
2025-12-07 07:52:32,578 [INFO]   Epoch 200/200 | loss 0.0100 | acc 99.98%
2025-12-07 07:52:34,049 [INFO]   >> Test: loss 2.0095 | acc 54.67%
2025-12-07 07:55:49,067 [INFO] Cycle 7/10
2025-12-07 07:55:49,067 [INFO] Labeled set size: 14000, Unlabeled set size: 36000
2025-12-07 07:56:03,424 [INFO]   Epoch   1/200 | loss 1.1692 | acc 71.50%
2025-12-07 07:58:13,084 [INFO]   Epoch  10/200 | loss 0.5661 | acc 83.51%
2025-12-07 08:00:37,070 [INFO]   Epoch  20/200 | loss 0.4800 | acc 85.88%
2025-12-07 08:03:01,305 [INFO]   Epoch  30/200 | loss 0.4387 | acc 87.05%
2025-12-07 08:05:26,552 [INFO]   Epoch  40/200 | loss 0.4752 | acc 86.14%
2025-12-07 08:07:51,363 [INFO]   Epoch  50/200 | loss 0.5019 | acc 85.21%
2025-12-07 08:10:16,136 [INFO]   Epoch  60/200 | loss 0.4486 | acc 86.76%
2025-12-07 08:12:40,997 [INFO]   Epoch  70/200 | loss 0.4578 | acc 86.55%
2025-12-07 08:15:05,715 [INFO]   Epoch  80/200 | loss 0.4924 | acc 85.44%
2025-12-07 08:17:30,459 [INFO]   Epoch  90/200 | loss 0.4647 | acc 86.09%
2025-12-07 08:19:55,234 [INFO]   Epoch 100/200 | loss 0.4445 | acc 86.96%
2025-12-07 08:22:19,938 [INFO]   Epoch 110/200 | loss 0.4588 | acc 86.39%
2025-12-07 08:24:44,716 [INFO]   Epoch 120/200 | loss 0.4593 | acc 86.75%
2025-12-07 08:27:09,380 [INFO]   Epoch 130/200 | loss 0.3713 | acc 88.77%
2025-12-07 08:29:34,386 [INFO]   Epoch 140/200 | loss 0.4070 | acc 87.78%
2025-12-07 08:31:59,620 [INFO]   Epoch 150/200 | loss 0.4717 | acc 85.90%
2025-12-07 08:34:24,709 [INFO]   Epoch 160/200 | loss 0.4479 | acc 86.76%
2025-12-07 08:36:49,626 [INFO]   Epoch 170/200 | loss 0.0196 | acc 99.89%
2025-12-07 08:39:14,505 [INFO]   Epoch 180/200 | loss 0.0141 | acc 99.94%
2025-12-07 08:41:39,375 [INFO]   Epoch 190/200 | loss 0.0125 | acc 99.96%
2025-12-07 08:43:20,864 [INFO]   Epoch 200/200 | loss 0.0120 | acc 99.98%
2025-12-07 08:43:22,342 [INFO]   >> Test: loss 1.8350 | acc 58.08%
2025-12-07 08:46:37,723 [INFO] Cycle 8/10
2025-12-07 08:46:37,724 [INFO] Labeled set size: 16000, Unlabeled set size: 34000
2025-12-07 08:46:54,169 [INFO]   Epoch   1/200 | loss 1.1670 | acc 70.33%
2025-12-07 08:49:22,379 [INFO]   Epoch  10/200 | loss 0.6259 | acc 81.77%
2025-12-07 08:52:06,890 [INFO]   Epoch  20/200 | loss 0.5732 | acc 83.11%
2025-12-07 08:54:48,499 [INFO]   Epoch  30/200 | loss 0.5593 | acc 83.41%
2025-12-07 08:57:30,580 [INFO]   Epoch  40/200 | loss 0.5348 | acc 84.17%
2025-12-07 09:00:14,175 [INFO]   Epoch  50/200 | loss 0.5268 | acc 84.28%
2025-12-07 09:02:59,870 [INFO]   Epoch  60/200 | loss 0.5098 | acc 84.95%
2025-12-07 09:05:45,257 [INFO]   Epoch  70/200 | loss 0.5435 | acc 83.73%
2025-12-07 09:08:30,534 [INFO]   Epoch  80/200 | loss 0.4923 | acc 85.34%
2025-12-07 09:11:15,872 [INFO]   Epoch  90/200 | loss 0.4916 | acc 85.54%
2025-12-07 09:14:01,164 [INFO]   Epoch 100/200 | loss 0.5245 | acc 84.44%
2025-12-07 09:16:46,352 [INFO]   Epoch 110/200 | loss 0.5009 | acc 85.10%
2025-12-07 09:19:31,640 [INFO]   Epoch 120/200 | loss 0.5042 | acc 85.08%
2025-12-07 09:22:16,946 [INFO]   Epoch 130/200 | loss 0.5099 | acc 84.80%
2025-12-07 09:25:02,037 [INFO]   Epoch 140/200 | loss 0.4460 | acc 86.81%
2025-12-07 09:27:47,241 [INFO]   Epoch 150/200 | loss 0.4864 | acc 85.59%
2025-12-07 09:30:32,495 [INFO]   Epoch 160/200 | loss 0.4883 | acc 85.57%
2025-12-07 09:33:18,346 [INFO]   Epoch 170/200 | loss 0.0208 | acc 99.92%
2025-12-07 09:36:03,651 [INFO]   Epoch 180/200 | loss 0.0157 | acc 99.95%
2025-12-07 09:38:48,846 [INFO]   Epoch 190/200 | loss 0.0135 | acc 99.99%
2025-12-07 09:40:49,043 [INFO]   Epoch 200/200 | loss 0.0131 | acc 99.98%
2025-12-07 09:40:50,501 [INFO]   >> Test: loss 1.6375 | acc 61.91%
2025-12-07 09:43:59,428 [INFO] Cycle 9/10
2025-12-07 09:43:59,428 [INFO] Labeled set size: 18000, Unlabeled set size: 32000
2025-12-07 09:44:17,955 [INFO]   Epoch   1/200 | loss 1.2405 | acc 67.71%
2025-12-07 09:47:05,083 [INFO]   Epoch  10/200 | loss 0.7267 | acc 78.63%
2025-12-07 09:50:10,772 [INFO]   Epoch  20/200 | loss 0.6034 | acc 81.53%
2025-12-07 09:53:15,903 [INFO]   Epoch  30/200 | loss 0.5843 | acc 82.81%
2025-12-07 09:56:21,293 [INFO]   Epoch  40/200 | loss 0.6048 | acc 81.96%
2025-12-07 09:59:26,836 [INFO]   Epoch  50/200 | loss 0.5867 | acc 82.67%
2025-12-07 10:02:32,151 [INFO]   Epoch  60/200 | loss 0.5739 | acc 83.06%
2025-12-07 10:05:37,389 [INFO]   Epoch  70/200 | loss 0.5644 | acc 83.48%
2025-12-07 10:08:42,751 [INFO]   Epoch  80/200 | loss 0.6133 | acc 82.10%
2025-12-07 10:11:48,089 [INFO]   Epoch  90/200 | loss 0.5921 | acc 82.33%
2025-12-07 10:14:53,478 [INFO]   Epoch 100/200 | loss 0.5701 | acc 82.84%
2025-12-07 10:17:59,111 [INFO]   Epoch 110/200 | loss 0.5800 | acc 82.68%
2025-12-07 10:21:04,424 [INFO]   Epoch 120/200 | loss 0.5390 | acc 83.96%
2025-12-07 10:24:09,626 [INFO]   Epoch 130/200 | loss 0.5635 | acc 83.45%
2025-12-07 10:27:15,036 [INFO]   Epoch 140/200 | loss 0.5405 | acc 84.05%
2025-12-07 10:30:20,480 [INFO]   Epoch 150/200 | loss 0.5779 | acc 82.89%
2025-12-07 10:33:25,874 [INFO]   Epoch 160/200 | loss 0.5486 | acc 83.68%
2025-12-07 10:36:31,274 [INFO]   Epoch 170/200 | loss 0.0246 | acc 99.81%
2025-12-07 10:39:36,568 [INFO]   Epoch 180/200 | loss 0.0167 | acc 99.94%
2025-12-07 10:42:41,945 [INFO]   Epoch 190/200 | loss 0.0149 | acc 99.97%
2025-12-07 10:45:00,478 [INFO]   Epoch 200/200 | loss 0.0148 | acc 99.97%
2025-12-07 10:45:01,951 [INFO]   >> Test: loss 1.5300 | acc 63.89%
2025-12-07 10:48:04,898 [INFO] Cycle 10/10
2025-12-07 10:48:04,898 [INFO] Labeled set size: 20000, Unlabeled set size: 30000
2025-12-07 10:48:25,505 [INFO]   Epoch   1/200 | loss 1.3292 | acc 64.31%
2025-12-07 10:51:31,134 [INFO]   Epoch  10/200 | loss 0.7415 | acc 77.75%
2025-12-07 10:54:57,069 [INFO]   Epoch  20/200 | loss 0.6597 | acc 80.28%
2025-12-07 10:58:23,031 [INFO]   Epoch  30/200 | loss 0.6678 | acc 80.09%
2025-12-07 11:01:48,784 [INFO]   Epoch  40/200 | loss 0.6288 | acc 81.33%
2025-12-07 11:05:14,846 [INFO]   Epoch  50/200 | loss 0.7209 | acc 78.53%
2025-12-07 11:08:40,872 [INFO]   Epoch  60/200 | loss 0.6768 | acc 79.62%
2025-12-07 11:12:07,143 [INFO]   Epoch  70/200 | loss 0.6704 | acc 80.05%
2025-12-07 11:15:33,341 [INFO]   Epoch  80/200 | loss 0.6874 | acc 79.38%
2025-12-07 11:18:59,272 [INFO]   Epoch  90/200 | loss 0.6840 | acc 79.40%
2025-12-07 11:22:25,348 [INFO]   Epoch 100/200 | loss 0.6464 | acc 80.84%
2025-12-07 11:25:51,380 [INFO]   Epoch 110/200 | loss 0.6543 | acc 80.59%
2025-12-07 11:29:17,185 [INFO]   Epoch 120/200 | loss 0.6667 | acc 80.31%
2025-12-07 11:32:43,110 [INFO]   Epoch 130/200 | loss 0.6117 | acc 81.51%
2025-12-07 11:36:09,219 [INFO]   Epoch 140/200 | loss 0.6591 | acc 80.37%
2025-12-07 11:39:35,410 [INFO]   Epoch 150/200 | loss 0.6499 | acc 80.48%
2025-12-07 11:43:01,299 [INFO]   Epoch 160/200 | loss 0.6530 | acc 80.50%
2025-12-07 11:46:27,230 [INFO]   Epoch 170/200 | loss 0.0301 | acc 99.78%
2025-12-07 11:49:53,135 [INFO]   Epoch 180/200 | loss 0.0196 | acc 99.92%
2025-12-07 11:53:19,271 [INFO]   Epoch 190/200 | loss 0.0172 | acc 99.95%
2025-12-07 11:55:56,676 [INFO]   Epoch 200/200 | loss 0.0162 | acc 99.98%
2025-12-07 11:55:58,150 [INFO]   >> Test: loss 1.4383 | acc 65.90%
2025-12-07 11:57:56,957 [INFO] Saved checkpoint to: ./checkpoints/cifar100/resnet18_DQN_100.pth
