2025-12-07 05:12:21,298 [INFO] 로그 파일 경로: logs/cifar100/DQN_100step_20251207_051221.log
2025-12-07 05:12:21,443 [INFO] Using device: cuda:0
2025-12-07 05:12:23,534 [INFO] Cycle 1/10
2025-12-07 05:12:23,534 [INFO] Labeled set size: 2000, Unlabeled set size: 48000
2025-12-07 05:12:25,388 [INFO]   Epoch   1/200 | loss 5.0972 | acc 2.65%
2025-12-07 05:12:37,261 [INFO]   Epoch  10/200 | loss 3.5829 | acc 12.20%
2025-12-07 05:12:55,773 [INFO]   Epoch  20/200 | loss 2.8325 | acc 25.50%
2025-12-07 05:13:16,052 [INFO]   Epoch  30/200 | loss 1.9711 | acc 42.80%
2025-12-07 05:13:36,691 [INFO]   Epoch  40/200 | loss 1.0399 | acc 69.15%
2025-12-07 05:13:57,163 [INFO]   Epoch  50/200 | loss 0.4752 | acc 86.20%
2025-12-07 05:14:17,334 [INFO]   Epoch  60/200 | loss 0.1382 | acc 96.90%
2025-12-07 05:14:37,916 [INFO]   Epoch  70/200 | loss 0.1043 | acc 97.60%
2025-12-07 05:14:58,589 [INFO]   Epoch  80/200 | loss 0.0663 | acc 98.95%
2025-12-07 05:15:19,002 [INFO]   Epoch  90/200 | loss 0.0466 | acc 99.10%
2025-12-07 05:15:39,922 [INFO]   Epoch 100/200 | loss 0.0307 | acc 99.55%
2025-12-07 05:15:59,858 [INFO]   Epoch 110/200 | loss 0.1537 | acc 97.10%
2025-12-07 05:16:20,183 [INFO]   Epoch 120/200 | loss 0.1749 | acc 95.75%
2025-12-07 05:16:41,458 [INFO]   Epoch 130/200 | loss 0.0927 | acc 98.10%
2025-12-07 05:17:07,378 [INFO]   Epoch 140/200 | loss 0.0076 | acc 99.95%
2025-12-07 05:17:27,246 [INFO]   Epoch 150/200 | loss 0.0065 | acc 100.00%
2025-12-07 05:17:47,326 [INFO]   Epoch 160/200 | loss 0.0083 | acc 99.95%
2025-12-07 05:18:09,426 [INFO]   Epoch 170/200 | loss 0.0065 | acc 100.00%
2025-12-07 05:18:30,509 [INFO]   Epoch 180/200 | loss 0.0066 | acc 100.00%
2025-12-07 05:18:50,966 [INFO]   Epoch 190/200 | loss 0.0067 | acc 100.00%
2025-12-07 05:19:08,430 [INFO]   Epoch 200/200 | loss 0.0064 | acc 100.00%
2025-12-07 05:19:11,064 [INFO]   >> Test: loss 4.2890 | acc 20.16%
2025-12-07 05:22:42,156 [INFO] Cycle 2/10
2025-12-07 05:22:42,157 [INFO] Labeled set size: 4000, Unlabeled set size: 46000
2025-12-07 05:22:45,180 [INFO]   Epoch   1/200 | loss 2.0282 | acc 53.33%
2025-12-07 05:23:20,168 [INFO]   Epoch  10/200 | loss 0.6943 | acc 79.17%
2025-12-07 05:24:00,803 [INFO]   Epoch  20/200 | loss 0.3110 | acc 90.80%
2025-12-07 05:24:41,637 [INFO]   Epoch  30/200 | loss 0.2128 | acc 94.27%
2025-12-07 05:25:20,587 [INFO]   Epoch  40/200 | loss 0.0831 | acc 97.97%
2025-12-07 05:26:03,379 [INFO]   Epoch  50/200 | loss 0.2102 | acc 94.17%
2025-12-07 05:26:45,844 [INFO]   Epoch  60/200 | loss 0.0627 | acc 98.80%
2025-12-07 05:27:25,324 [INFO]   Epoch  70/200 | loss 0.1033 | acc 97.45%
2025-12-07 05:28:04,345 [INFO]   Epoch  80/200 | loss 0.4482 | acc 87.12%
2025-12-07 05:28:47,492 [INFO]   Epoch  90/200 | loss 0.0745 | acc 98.40%
2025-12-07 05:29:28,171 [INFO]   Epoch 100/200 | loss 0.1781 | acc 95.28%
2025-12-07 05:30:09,287 [INFO]   Epoch 110/200 | loss 0.1588 | acc 96.25%
2025-12-07 05:30:50,030 [INFO]   Epoch 120/200 | loss 0.1990 | acc 94.97%
2025-12-07 05:31:30,644 [INFO]   Epoch 130/200 | loss 0.0770 | acc 98.20%
2025-12-07 05:32:12,026 [INFO]   Epoch 140/200 | loss 0.1300 | acc 97.17%
2025-12-07 05:32:54,480 [INFO]   Epoch 150/200 | loss 0.0754 | acc 98.45%
2025-12-07 05:33:33,253 [INFO]   Epoch 160/200 | loss 0.3466 | acc 89.95%
2025-12-07 05:34:15,879 [INFO]   Epoch 170/200 | loss 0.0140 | acc 99.85%
2025-12-07 05:34:55,001 [INFO]   Epoch 180/200 | loss 0.0099 | acc 99.95%
2025-12-07 05:35:37,402 [INFO]   Epoch 190/200 | loss 0.0090 | acc 99.92%
2025-12-07 05:36:17,657 [INFO]   Epoch 200/200 | loss 0.0071 | acc 99.98%
2025-12-07 05:36:20,894 [INFO]   >> Test: loss 3.8775 | acc 27.64%
2025-12-07 05:39:39,325 [INFO] Cycle 3/10
2025-12-07 05:39:39,326 [INFO] Labeled set size: 6000, Unlabeled set size: 44000
2025-12-07 05:39:41,679 [INFO]   Epoch   1/200 | loss 1.9383 | acc 56.55%
2025-12-07 05:40:31,541 [INFO]   Epoch  10/200 | loss 0.5017 | acc 85.83%
2025-12-07 05:41:34,095 [INFO]   Epoch  20/200 | loss 0.1437 | acc 96.25%
2025-12-07 05:42:36,262 [INFO]   Epoch  30/200 | loss 0.2862 | acc 91.75%
2025-12-07 05:43:37,277 [INFO]   Epoch  40/200 | loss 0.0664 | acc 98.53%
2025-12-07 05:44:38,010 [INFO]   Epoch  50/200 | loss 0.0255 | acc 99.67%
2025-12-07 05:45:39,456 [INFO]   Epoch  60/200 | loss 0.2493 | acc 92.87%
2025-12-07 05:46:41,922 [INFO]   Epoch  70/200 | loss 0.0279 | acc 99.55%
2025-12-07 05:47:44,463 [INFO]   Epoch  80/200 | loss 0.0085 | acc 99.98%
2025-12-07 05:48:46,924 [INFO]   Epoch  90/200 | loss 0.6028 | acc 82.70%
2025-12-07 05:49:49,286 [INFO]   Epoch 100/200 | loss 0.1477 | acc 96.15%
2025-12-07 05:50:50,772 [INFO]   Epoch 110/200 | loss 0.0601 | acc 98.80%
2025-12-07 05:51:51,846 [INFO]   Epoch 120/200 | loss 0.4425 | acc 87.75%
2025-12-07 05:52:52,021 [INFO]   Epoch 130/200 | loss 0.0474 | acc 99.12%
2025-12-07 05:53:53,540 [INFO]   Epoch 140/200 | loss 0.0344 | acc 99.35%
2025-12-07 05:54:55,987 [INFO]   Epoch 150/200 | loss 0.4976 | acc 86.27%
2025-12-07 05:55:58,388 [INFO]   Epoch 160/200 | loss 0.1099 | acc 97.22%
2025-12-07 05:57:00,755 [INFO]   Epoch 170/200 | loss 0.0082 | acc 99.95%
2025-12-07 05:58:03,116 [INFO]   Epoch 180/200 | loss 0.0063 | acc 99.98%
2025-12-07 05:59:04,988 [INFO]   Epoch 190/200 | loss 0.0054 | acc 99.98%
2025-12-07 06:00:05,079 [INFO]   Epoch 200/200 | loss 0.0055 | acc 99.98%
2025-12-07 06:00:08,942 [INFO]   >> Test: loss 3.1223 | acc 37.69%
2025-12-07 06:03:23,220 [INFO] Cycle 4/10
2025-12-07 06:03:23,221 [INFO] Labeled set size: 8000, Unlabeled set size: 42000
2025-12-07 06:03:26,277 [INFO]   Epoch   1/200 | loss 1.5890 | acc 63.30%
2025-12-07 06:04:34,707 [INFO]   Epoch  10/200 | loss 0.4247 | acc 87.98%
2025-12-07 06:05:58,175 [INFO]   Epoch  20/200 | loss 0.3282 | acc 90.65%
2025-12-07 06:07:20,702 [INFO]   Epoch  30/200 | loss 0.3407 | acc 90.16%
2025-12-07 06:08:40,124 [INFO]   Epoch  40/200 | loss 0.2253 | acc 93.54%
2025-12-07 06:10:01,171 [INFO]   Epoch  50/200 | loss 0.2612 | acc 93.00%
2025-12-07 06:11:24,283 [INFO]   Epoch  60/200 | loss 0.1509 | acc 96.01%
2025-12-07 06:12:47,157 [INFO]   Epoch  70/200 | loss 0.2717 | acc 92.36%
2025-12-07 06:14:10,162 [INFO]   Epoch  80/200 | loss 0.1407 | acc 96.47%
2025-12-07 06:15:33,268 [INFO]   Epoch  90/200 | loss 0.1772 | acc 95.25%
2025-12-07 06:16:56,230 [INFO]   Epoch 100/200 | loss 0.3682 | acc 89.75%
2025-12-07 06:18:18,212 [INFO]   Epoch 110/200 | loss 0.1853 | acc 94.91%
2025-12-07 06:19:40,216 [INFO]   Epoch 120/200 | loss 0.1960 | acc 94.71%
2025-12-07 06:21:02,121 [INFO]   Epoch 130/200 | loss 0.4112 | acc 88.65%
2025-12-07 06:22:24,275 [INFO]   Epoch 140/200 | loss 0.1672 | acc 95.47%
2025-12-07 06:23:46,317 [INFO]   Epoch 150/200 | loss 0.1874 | acc 95.00%
2025-12-07 06:25:08,252 [INFO]   Epoch 160/200 | loss 0.2771 | acc 92.00%
2025-12-07 06:26:30,805 [INFO]   Epoch 170/200 | loss 0.0104 | acc 99.95%
2025-12-07 06:27:51,731 [INFO]   Epoch 180/200 | loss 0.0075 | acc 99.98%
2025-12-07 06:29:11,166 [INFO]   Epoch 190/200 | loss 0.0066 | acc 99.96%
2025-12-07 06:30:34,504 [INFO]   Epoch 200/200 | loss 0.0067 | acc 99.98%
2025-12-07 06:30:38,611 [INFO]   >> Test: loss 2.7027 | acc 43.70%
2025-12-07 06:33:49,875 [INFO] Cycle 5/10
2025-12-07 06:33:49,875 [INFO] Labeled set size: 10000, Unlabeled set size: 40000
2025-12-07 06:33:53,607 [INFO]   Epoch   1/200 | loss 1.3384 | acc 68.85%
2025-12-07 06:35:16,577 [INFO]   Epoch  10/200 | loss 0.5384 | acc 84.31%
2025-12-07 06:36:59,737 [INFO]   Epoch  20/200 | loss 0.2444 | acc 93.14%
2025-12-07 06:38:42,684 [INFO]   Epoch  30/200 | loss 0.3743 | acc 89.30%
2025-12-07 06:40:25,484 [INFO]   Epoch  40/200 | loss 0.4279 | acc 87.97%
2025-12-07 06:42:08,215 [INFO]   Epoch  50/200 | loss 0.4505 | acc 86.97%
2025-12-07 06:43:51,008 [INFO]   Epoch  60/200 | loss 0.4611 | acc 86.83%
2025-12-07 06:45:32,949 [INFO]   Epoch  70/200 | loss 0.4823 | acc 86.00%
2025-12-07 06:47:15,729 [INFO]   Epoch  80/200 | loss 0.3329 | acc 90.44%
2025-12-07 06:48:58,451 [INFO]   Epoch  90/200 | loss 0.2875 | acc 92.05%
2025-12-07 06:50:41,608 [INFO]   Epoch 100/200 | loss 0.2972 | acc 91.63%
2025-12-07 06:52:25,386 [INFO]   Epoch 110/200 | loss 0.2830 | acc 92.00%
2025-12-07 06:54:09,241 [INFO]   Epoch 120/200 | loss 0.3025 | acc 91.33%
2025-12-07 06:55:52,629 [INFO]   Epoch 130/200 | loss 0.3403 | acc 90.39%
2025-12-07 06:57:35,451 [INFO]   Epoch 140/200 | loss 0.2919 | acc 91.75%
2025-12-07 06:59:18,264 [INFO]   Epoch 150/200 | loss 0.3026 | acc 91.33%
2025-12-07 07:01:01,090 [INFO]   Epoch 160/200 | loss 0.1854 | acc 95.04%
2025-12-07 07:02:42,754 [INFO]   Epoch 170/200 | loss 0.0123 | acc 99.96%
2025-12-07 07:04:23,919 [INFO]   Epoch 180/200 | loss 0.0092 | acc 99.99%
2025-12-07 07:06:06,971 [INFO]   Epoch 190/200 | loss 0.0085 | acc 99.98%
2025-12-07 07:07:50,999 [INFO]   Epoch 200/200 | loss 0.0095 | acc 99.98%
2025-12-07 07:07:55,271 [INFO]   >> Test: loss 2.3716 | acc 49.60%
2025-12-07 07:11:01,871 [INFO] Cycle 6/10
2025-12-07 07:11:01,871 [INFO] Labeled set size: 12000, Unlabeled set size: 38000
2025-12-07 07:11:06,372 [INFO]   Epoch   1/200 | loss 1.0817 | acc 74.68%
2025-12-07 07:12:44,291 [INFO]   Epoch  10/200 | loss 0.5255 | acc 85.22%
2025-12-07 07:14:46,378 [INFO]   Epoch  20/200 | loss 0.4206 | acc 87.33%
2025-12-07 07:16:49,406 [INFO]   Epoch  30/200 | loss 0.3903 | acc 88.45%
2025-12-07 07:18:52,618 [INFO]   Epoch  40/200 | loss 0.3961 | acc 88.45%
2025-12-07 07:20:55,941 [INFO]   Epoch  50/200 | loss 0.3981 | acc 88.39%
2025-12-07 07:22:59,583 [INFO]   Epoch  60/200 | loss 0.3628 | acc 89.33%
2025-12-07 07:25:02,706 [INFO]   Epoch  70/200 | loss 0.3888 | acc 88.48%
2025-12-07 07:27:06,167 [INFO]   Epoch  80/200 | loss 0.3264 | acc 90.57%
2025-12-07 07:29:09,528 [INFO]   Epoch  90/200 | loss 0.3580 | acc 89.54%
2025-12-07 07:31:12,767 [INFO]   Epoch 100/200 | loss 0.3437 | acc 90.18%
2025-12-07 07:33:16,803 [INFO]   Epoch 110/200 | loss 0.3652 | acc 89.41%
2025-12-07 07:35:21,012 [INFO]   Epoch 120/200 | loss 0.3499 | acc 89.77%
2025-12-07 07:37:25,288 [INFO]   Epoch 130/200 | loss 0.4218 | acc 87.67%
2025-12-07 07:39:29,281 [INFO]   Epoch 140/200 | loss 0.3666 | acc 89.31%
2025-12-07 07:41:33,032 [INFO]   Epoch 150/200 | loss 0.3498 | acc 89.58%
2025-12-07 07:43:35,997 [INFO]   Epoch 160/200 | loss 0.4348 | acc 87.13%
2025-12-07 07:45:38,062 [INFO]   Epoch 170/200 | loss 0.0166 | acc 99.89%
2025-12-07 07:47:39,905 [INFO]   Epoch 180/200 | loss 0.0108 | acc 100.00%
2025-12-07 07:49:42,873 [INFO]   Epoch 190/200 | loss 0.0103 | acc 99.98%
2025-12-07 07:51:45,229 [INFO]   Epoch 200/200 | loss 0.0098 | acc 99.99%
2025-12-07 07:51:49,639 [INFO]   >> Test: loss 2.0594 | acc 54.58%
2025-12-07 07:54:54,704 [INFO] Cycle 7/10
2025-12-07 07:54:54,705 [INFO] Labeled set size: 14000, Unlabeled set size: 36000
2025-12-07 07:54:59,895 [INFO]   Epoch   1/200 | loss 1.1762 | acc 70.73%
2025-12-07 07:56:47,864 [INFO]   Epoch  10/200 | loss 0.5850 | acc 83.07%
2025-12-07 07:59:11,786 [INFO]   Epoch  20/200 | loss 0.5330 | acc 84.17%
2025-12-07 08:01:35,509 [INFO]   Epoch  30/200 | loss 0.5120 | acc 84.86%
2025-12-07 08:03:59,407 [INFO]   Epoch  40/200 | loss 0.4792 | acc 86.06%
2025-12-07 08:06:24,422 [INFO]   Epoch  50/200 | loss 0.4210 | acc 87.79%
2025-12-07 08:08:49,170 [INFO]   Epoch  60/200 | loss 0.4652 | acc 86.41%
2025-12-07 08:11:14,057 [INFO]   Epoch  70/200 | loss 0.4456 | acc 86.96%
2025-12-07 08:13:38,846 [INFO]   Epoch  80/200 | loss 0.4890 | acc 85.60%
2025-12-07 08:16:03,492 [INFO]   Epoch  90/200 | loss 0.4590 | acc 86.54%
2025-12-07 08:18:28,351 [INFO]   Epoch 100/200 | loss 0.4144 | acc 87.70%
2025-12-07 08:20:53,037 [INFO]   Epoch 110/200 | loss 0.4099 | acc 87.84%
2025-12-07 08:23:17,779 [INFO]   Epoch 120/200 | loss 0.4185 | acc 87.77%
2025-12-07 08:25:42,553 [INFO]   Epoch 130/200 | loss 0.4394 | acc 87.01%
2025-12-07 08:28:07,257 [INFO]   Epoch 140/200 | loss 0.3914 | acc 88.56%
2025-12-07 08:30:31,220 [INFO]   Epoch 150/200 | loss 0.4424 | acc 86.94%
2025-12-07 08:32:55,096 [INFO]   Epoch 160/200 | loss 0.4176 | acc 87.87%
2025-12-07 08:35:18,880 [INFO]   Epoch 170/200 | loss 0.0176 | acc 99.88%
2025-12-07 08:37:42,610 [INFO]   Epoch 180/200 | loss 0.0126 | acc 99.96%
2025-12-07 08:40:06,602 [INFO]   Epoch 190/200 | loss 0.0123 | acc 99.96%
2025-12-07 08:42:30,516 [INFO]   Epoch 200/200 | loss 0.0115 | acc 99.98%
2025-12-07 08:42:34,917 [INFO]   >> Test: loss 1.8611 | acc 57.99%
2025-12-07 08:45:33,402 [INFO] Cycle 8/10
2025-12-07 08:45:33,403 [INFO] Labeled set size: 16000, Unlabeled set size: 34000
2025-12-07 08:45:39,256 [INFO]   Epoch   1/200 | loss 1.1699 | acc 70.42%
2025-12-07 08:47:48,416 [INFO]   Epoch  10/200 | loss 0.6307 | acc 81.57%
2025-12-07 08:50:33,735 [INFO]   Epoch  20/200 | loss 0.5284 | acc 84.56%
2025-12-07 08:53:19,102 [INFO]   Epoch  30/200 | loss 0.5565 | acc 83.59%
2025-12-07 08:56:04,511 [INFO]   Epoch  40/200 | loss 0.5328 | acc 84.42%
2025-12-07 08:58:47,802 [INFO]   Epoch  50/200 | loss 0.5340 | acc 84.06%
2025-12-07 09:01:31,207 [INFO]   Epoch  60/200 | loss 0.5373 | acc 84.00%
2025-12-07 09:04:14,796 [INFO]   Epoch  70/200 | loss 0.5234 | acc 84.88%
2025-12-07 09:06:58,913 [INFO]   Epoch  80/200 | loss 0.4975 | acc 84.98%
2025-12-07 09:09:43,446 [INFO]   Epoch  90/200 | loss 0.4736 | acc 85.83%
2025-12-07 09:12:27,847 [INFO]   Epoch 100/200 | loss 0.4426 | acc 86.91%
2025-12-07 09:15:12,343 [INFO]   Epoch 110/200 | loss 0.5027 | acc 85.08%
2025-12-07 09:17:56,596 [INFO]   Epoch 120/200 | loss 0.5141 | acc 84.88%
2025-12-07 09:20:41,173 [INFO]   Epoch 130/200 | loss 0.4784 | acc 86.11%
2025-12-07 09:23:25,585 [INFO]   Epoch 140/200 | loss 0.5078 | acc 84.93%
2025-12-07 09:26:10,048 [INFO]   Epoch 150/200 | loss 0.4635 | acc 86.39%
2025-12-07 09:28:54,357 [INFO]   Epoch 160/200 | loss 0.5153 | acc 84.72%
2025-12-07 09:31:38,779 [INFO]   Epoch 170/200 | loss 0.0212 | acc 99.88%
2025-12-07 09:34:24,380 [INFO]   Epoch 180/200 | loss 0.0141 | acc 99.98%
2025-12-07 09:37:09,698 [INFO]   Epoch 190/200 | loss 0.0132 | acc 99.96%
2025-12-07 09:39:54,788 [INFO]   Epoch 200/200 | loss 0.0130 | acc 99.97%
2025-12-07 09:39:59,076 [INFO]   >> Test: loss 1.6882 | acc 61.17%
2025-12-07 09:42:52,559 [INFO] Cycle 9/10
2025-12-07 09:42:52,559 [INFO] Labeled set size: 18000, Unlabeled set size: 32000
2025-12-07 09:42:59,119 [INFO]   Epoch   1/200 | loss 1.2502 | acc 67.34%
2025-12-07 09:45:23,695 [INFO]   Epoch  10/200 | loss 0.6342 | acc 81.53%
2025-12-07 09:48:29,320 [INFO]   Epoch  20/200 | loss 0.6228 | acc 81.82%
2025-12-07 09:51:34,594 [INFO]   Epoch  30/200 | loss 0.5959 | acc 82.24%
2025-12-07 09:54:39,577 [INFO]   Epoch  40/200 | loss 0.5805 | acc 82.86%
2025-12-07 09:57:44,995 [INFO]   Epoch  50/200 | loss 0.5968 | acc 82.11%
2025-12-07 10:00:50,175 [INFO]   Epoch  60/200 | loss 0.5829 | acc 82.61%
2025-12-07 10:03:55,431 [INFO]   Epoch  70/200 | loss 0.5845 | acc 82.66%
2025-12-07 10:07:00,521 [INFO]   Epoch  80/200 | loss 0.6227 | acc 81.77%
2025-12-07 10:10:05,698 [INFO]   Epoch  90/200 | loss 0.6134 | acc 82.03%
2025-12-07 10:13:10,905 [INFO]   Epoch 100/200 | loss 0.5493 | acc 83.79%
2025-12-07 10:16:16,325 [INFO]   Epoch 110/200 | loss 0.5812 | acc 82.80%
2025-12-07 10:19:21,620 [INFO]   Epoch 120/200 | loss 0.5560 | acc 83.23%
2025-12-07 10:22:26,829 [INFO]   Epoch 130/200 | loss 0.5766 | acc 82.97%
2025-12-07 10:25:32,030 [INFO]   Epoch 140/200 | loss 0.5384 | acc 84.05%
2025-12-07 10:28:37,299 [INFO]   Epoch 150/200 | loss 0.5600 | acc 83.43%
2025-12-07 10:31:42,509 [INFO]   Epoch 160/200 | loss 0.5344 | acc 84.13%
2025-12-07 10:34:47,800 [INFO]   Epoch 170/200 | loss 0.0254 | acc 99.81%
2025-12-07 10:37:53,035 [INFO]   Epoch 180/200 | loss 0.0172 | acc 99.95%
2025-12-07 10:40:58,313 [INFO]   Epoch 190/200 | loss 0.0151 | acc 99.96%
2025-12-07 10:44:03,567 [INFO]   Epoch 200/200 | loss 0.0144 | acc 99.97%
2025-12-07 10:44:07,926 [INFO]   >> Test: loss 1.5635 | acc 63.13%
2025-12-07 10:46:55,245 [INFO] Cycle 10/10
2025-12-07 10:46:55,245 [INFO] Labeled set size: 20000, Unlabeled set size: 30000
2025-12-07 10:47:02,504 [INFO]   Epoch   1/200 | loss 1.3673 | acc 64.05%
2025-12-07 10:49:45,779 [INFO]   Epoch  10/200 | loss 0.7516 | acc 78.03%
2025-12-07 10:53:11,743 [INFO]   Epoch  20/200 | loss 0.6899 | acc 79.53%
2025-12-07 10:56:37,799 [INFO]   Epoch  30/200 | loss 0.6808 | acc 79.88%
2025-12-07 11:00:03,668 [INFO]   Epoch  40/200 | loss 0.6386 | acc 81.16%
2025-12-07 11:03:29,328 [INFO]   Epoch  50/200 | loss 0.6431 | acc 80.71%
2025-12-07 11:06:55,339 [INFO]   Epoch  60/200 | loss 0.6614 | acc 80.41%
2025-12-07 11:10:21,393 [INFO]   Epoch  70/200 | loss 0.6689 | acc 80.08%
2025-12-07 11:13:47,180 [INFO]   Epoch  80/200 | loss 0.6605 | acc 80.36%
2025-12-07 11:17:13,244 [INFO]   Epoch  90/200 | loss 0.6728 | acc 80.02%
2025-12-07 11:20:38,933 [INFO]   Epoch 100/200 | loss 0.6333 | acc 81.11%
2025-12-07 11:24:04,798 [INFO]   Epoch 110/200 | loss 0.6619 | acc 80.47%
2025-12-07 11:27:30,792 [INFO]   Epoch 120/200 | loss 0.6341 | acc 81.16%
2025-12-07 11:30:56,541 [INFO]   Epoch 130/200 | loss 0.6418 | acc 80.98%
2025-12-07 11:34:22,543 [INFO]   Epoch 140/200 | loss 0.6279 | acc 81.45%
2025-12-07 11:37:48,528 [INFO]   Epoch 150/200 | loss 0.6421 | acc 80.75%
2025-12-07 11:41:14,553 [INFO]   Epoch 160/200 | loss 0.6204 | acc 81.57%
2025-12-07 11:44:40,491 [INFO]   Epoch 170/200 | loss 0.0300 | acc 99.74%
2025-12-07 11:48:06,377 [INFO]   Epoch 180/200 | loss 0.0190 | acc 99.91%
2025-12-07 11:51:32,393 [INFO]   Epoch 190/200 | loss 0.0158 | acc 99.98%
2025-12-07 11:54:58,156 [INFO]   Epoch 200/200 | loss 0.0153 | acc 99.98%
2025-12-07 11:55:02,387 [INFO]   >> Test: loss 1.4622 | acc 65.61%
2025-12-07 11:57:43,451 [INFO] Saved checkpoint to: ./checkpoints/cifar100/resnet18_DQN_100.pth
