2025-12-07 05:12:16,736 [INFO] 로그 파일 경로: logs/cifar100/DQN_100step_20251207_051216.log
2025-12-07 05:12:16,880 [INFO] Using device: cuda:0
2025-12-07 05:12:18,741 [INFO] Cycle 1/10
2025-12-07 05:12:18,742 [INFO] Labeled set size: 2000, Unlabeled set size: 48000
2025-12-07 05:12:20,089 [INFO]   Epoch   1/200 | loss 5.0890 | acc 2.25%
2025-12-07 05:12:29,310 [INFO]   Epoch  10/200 | loss 3.6121 | acc 11.85%
2025-12-07 05:12:44,826 [INFO]   Epoch  20/200 | loss 3.0087 | acc 22.40%
2025-12-07 05:13:05,157 [INFO]   Epoch  30/200 | loss 2.1561 | acc 39.25%
2025-12-07 05:13:24,997 [INFO]   Epoch  40/200 | loss 1.1296 | acc 67.10%
2025-12-07 05:13:45,051 [INFO]   Epoch  50/200 | loss 0.4943 | acc 85.20%
2025-12-07 05:14:05,626 [INFO]   Epoch  60/200 | loss 0.2067 | acc 95.20%
2025-12-07 05:14:26,278 [INFO]   Epoch  70/200 | loss 0.1016 | acc 98.10%
2025-12-07 05:14:47,044 [INFO]   Epoch  80/200 | loss 0.0410 | acc 99.55%
2025-12-07 05:15:08,141 [INFO]   Epoch  90/200 | loss 0.0405 | acc 99.45%
2025-12-07 05:15:29,236 [INFO]   Epoch 100/200 | loss 0.0844 | acc 98.75%
2025-12-07 05:15:51,024 [INFO]   Epoch 110/200 | loss 0.0252 | acc 99.80%
2025-12-07 05:16:11,770 [INFO]   Epoch 120/200 | loss 0.0615 | acc 99.40%
2025-12-07 05:16:32,743 [INFO]   Epoch 130/200 | loss 0.3635 | acc 90.35%
2025-12-07 05:16:56,027 [INFO]   Epoch 140/200 | loss 0.0498 | acc 99.20%
2025-12-07 05:17:18,429 [INFO]   Epoch 150/200 | loss 0.0055 | acc 100.00%
2025-12-07 05:17:40,657 [INFO]   Epoch 160/200 | loss 0.0062 | acc 100.00%
2025-12-07 05:18:02,719 [INFO]   Epoch 170/200 | loss 0.0063 | acc 100.00%
2025-12-07 05:18:22,606 [INFO]   Epoch 180/200 | loss 0.0061 | acc 100.00%
2025-12-07 05:18:43,680 [INFO]   Epoch 190/200 | loss 0.0062 | acc 100.00%
2025-12-07 05:19:02,119 [INFO]   Epoch 200/200 | loss 0.0064 | acc 100.00%
2025-12-07 05:19:05,469 [INFO]   >> Test: loss 4.4960 | acc 19.37%
2025-12-07 05:22:37,445 [INFO] Cycle 2/10
2025-12-07 05:22:37,445 [INFO] Labeled set size: 4000, Unlabeled set size: 46000
2025-12-07 05:22:39,794 [INFO]   Epoch   1/200 | loss 3.1134 | acc 33.83%
2025-12-07 05:23:09,923 [INFO]   Epoch  10/200 | loss 0.9045 | acc 75.12%
2025-12-07 05:23:50,129 [INFO]   Epoch  20/200 | loss 0.3714 | acc 89.80%
2025-12-07 05:24:32,997 [INFO]   Epoch  30/200 | loss 0.1428 | acc 96.65%
2025-12-07 05:25:16,123 [INFO]   Epoch  40/200 | loss 0.1123 | acc 97.52%
2025-12-07 05:25:54,911 [INFO]   Epoch  50/200 | loss 0.3911 | acc 88.92%
2025-12-07 05:26:38,075 [INFO]   Epoch  60/200 | loss 0.0508 | acc 99.02%
2025-12-07 05:27:21,035 [INFO]   Epoch  70/200 | loss 0.0089 | acc 99.95%
2025-12-07 05:28:04,216 [INFO]   Epoch  80/200 | loss 0.0111 | acc 99.98%
2025-12-07 05:28:47,448 [INFO]   Epoch  90/200 | loss 0.1673 | acc 97.65%
2025-12-07 05:29:30,800 [INFO]   Epoch 100/200 | loss 0.3871 | acc 88.75%
2025-12-07 05:30:13,639 [INFO]   Epoch 110/200 | loss 0.0552 | acc 98.88%
2025-12-07 05:30:55,635 [INFO]   Epoch 120/200 | loss 0.0085 | acc 99.98%
2025-12-07 05:31:36,099 [INFO]   Epoch 130/200 | loss 0.0119 | acc 99.95%
2025-12-07 05:32:16,377 [INFO]   Epoch 140/200 | loss 2.0020 | acc 47.05%
2025-12-07 05:32:58,777 [INFO]   Epoch 150/200 | loss 0.1297 | acc 96.70%
2025-12-07 05:33:39,210 [INFO]   Epoch 160/200 | loss 0.0139 | acc 99.88%
2025-12-07 05:34:20,541 [INFO]   Epoch 170/200 | loss 0.0062 | acc 99.95%
2025-12-07 05:35:03,201 [INFO]   Epoch 180/200 | loss 0.0051 | acc 100.00%
2025-12-07 05:35:44,245 [INFO]   Epoch 190/200 | loss 0.0053 | acc 99.95%
2025-12-07 05:36:23,670 [INFO]   Epoch 200/200 | loss 0.0055 | acc 99.98%
2025-12-07 05:36:27,114 [INFO]   >> Test: loss 3.7514 | acc 28.54%
2025-12-07 05:39:42,197 [INFO] Cycle 3/10
2025-12-07 05:39:42,197 [INFO] Labeled set size: 6000, Unlabeled set size: 44000
2025-12-07 05:39:45,652 [INFO]   Epoch   1/200 | loss 2.0526 | acc 55.13%
2025-12-07 05:40:38,605 [INFO]   Epoch  10/200 | loss 0.4441 | acc 87.60%
2025-12-07 05:41:40,524 [INFO]   Epoch  20/200 | loss 0.2202 | acc 93.92%
2025-12-07 05:42:43,378 [INFO]   Epoch  30/200 | loss 0.0963 | acc 97.87%
2025-12-07 05:43:46,347 [INFO]   Epoch  40/200 | loss 0.4865 | acc 86.30%
2025-12-07 05:44:49,199 [INFO]   Epoch  50/200 | loss 0.0129 | acc 99.93%
2025-12-07 05:45:51,835 [INFO]   Epoch  60/200 | loss 0.0103 | acc 99.97%
2025-12-07 05:46:54,490 [INFO]   Epoch  70/200 | loss 0.0117 | acc 99.98%
2025-12-07 05:47:57,011 [INFO]   Epoch  80/200 | loss 1.1605 | acc 68.22%
2025-12-07 05:48:59,458 [INFO]   Epoch  90/200 | loss 0.1879 | acc 95.10%
2025-12-07 05:50:02,003 [INFO]   Epoch 100/200 | loss 0.1614 | acc 95.90%
2025-12-07 05:51:04,554 [INFO]   Epoch 110/200 | loss 0.3978 | acc 88.47%
2025-12-07 05:52:06,608 [INFO]   Epoch 120/200 | loss 0.0550 | acc 98.98%
2025-12-07 05:53:09,314 [INFO]   Epoch 130/200 | loss 0.0083 | acc 99.97%
2025-12-07 05:54:10,490 [INFO]   Epoch 140/200 | loss 0.0107 | acc 99.98%
2025-12-07 05:55:12,090 [INFO]   Epoch 150/200 | loss 1.7371 | acc 53.52%
2025-12-07 05:56:13,623 [INFO]   Epoch 160/200 | loss 0.2941 | acc 91.75%
2025-12-07 05:57:15,123 [INFO]   Epoch 170/200 | loss 0.0167 | acc 99.87%
2025-12-07 05:58:16,566 [INFO]   Epoch 180/200 | loss 0.0118 | acc 99.93%
2025-12-07 05:59:18,555 [INFO]   Epoch 190/200 | loss 0.0095 | acc 99.95%
2025-12-07 06:00:18,765 [INFO]   Epoch 200/200 | loss 0.0092 | acc 99.98%
2025-12-07 06:00:21,589 [INFO]   >> Test: loss 3.1200 | acc 39.88%
2025-12-07 06:03:29,683 [INFO] Cycle 4/10
2025-12-07 06:03:29,683 [INFO] Labeled set size: 8000, Unlabeled set size: 42000
2025-12-07 06:03:35,126 [INFO]   Epoch   1/200 | loss 1.6616 | acc 62.44%
2025-12-07 06:04:47,577 [INFO]   Epoch  10/200 | loss 0.5413 | acc 84.08%
2025-12-07 06:06:08,687 [INFO]   Epoch  20/200 | loss 0.3581 | acc 89.60%
2025-12-07 06:07:30,657 [INFO]   Epoch  30/200 | loss 0.3098 | acc 91.42%
2025-12-07 06:08:54,310 [INFO]   Epoch  40/200 | loss 0.2516 | acc 92.88%
2025-12-07 06:10:17,586 [INFO]   Epoch  50/200 | loss 0.3189 | acc 90.72%
2025-12-07 06:11:40,075 [INFO]   Epoch  60/200 | loss 0.1876 | acc 95.09%
2025-12-07 06:13:02,297 [INFO]   Epoch  70/200 | loss 0.3453 | acc 90.03%
2025-12-07 06:14:24,538 [INFO]   Epoch  80/200 | loss 0.3656 | acc 89.60%
2025-12-07 06:15:46,418 [INFO]   Epoch  90/200 | loss 0.1184 | acc 96.99%
2025-12-07 06:17:08,134 [INFO]   Epoch 100/200 | loss 0.2718 | acc 92.33%
2025-12-07 06:18:30,107 [INFO]   Epoch 110/200 | loss 0.3399 | acc 90.24%
2025-12-07 06:19:52,089 [INFO]   Epoch 120/200 | loss 0.1264 | acc 96.75%
2025-12-07 06:21:14,628 [INFO]   Epoch 130/200 | loss 0.2857 | acc 91.92%
2025-12-07 06:22:37,766 [INFO]   Epoch 140/200 | loss 0.3113 | acc 91.12%
2025-12-07 06:24:00,852 [INFO]   Epoch 150/200 | loss 0.1501 | acc 96.00%
2025-12-07 06:25:23,899 [INFO]   Epoch 160/200 | loss 0.2256 | acc 93.62%
2025-12-07 06:26:47,674 [INFO]   Epoch 170/200 | loss 0.0114 | acc 99.95%
2025-12-07 06:28:12,106 [INFO]   Epoch 180/200 | loss 0.0082 | acc 99.96%
2025-12-07 06:29:36,276 [INFO]   Epoch 190/200 | loss 0.0076 | acc 99.98%
2025-12-07 06:30:54,360 [INFO]   Epoch 200/200 | loss 0.0076 | acc 99.98%
2025-12-07 06:30:57,282 [INFO]   >> Test: loss 2.5796 | acc 46.29%
2025-12-07 06:34:00,663 [INFO] Cycle 5/10
2025-12-07 06:34:00,663 [INFO] Labeled set size: 10000, Unlabeled set size: 40000
2025-12-07 06:34:08,587 [INFO]   Epoch   1/200 | loss 1.3059 | acc 70.22%
2025-12-07 06:35:39,228 [INFO]   Epoch  10/200 | loss 0.5657 | acc 83.56%
2025-12-07 06:37:22,394 [INFO]   Epoch  20/200 | loss 0.3937 | acc 88.47%
2025-12-07 06:39:05,778 [INFO]   Epoch  30/200 | loss 0.4460 | acc 87.24%
2025-12-07 06:40:49,695 [INFO]   Epoch  40/200 | loss 0.5020 | acc 85.38%
2025-12-07 06:42:33,443 [INFO]   Epoch  50/200 | loss 0.3070 | acc 91.25%
2025-12-07 06:44:17,336 [INFO]   Epoch  60/200 | loss 0.4943 | acc 85.29%
2025-12-07 06:46:00,976 [INFO]   Epoch  70/200 | loss 0.4264 | acc 87.58%
2025-12-07 06:47:43,895 [INFO]   Epoch  80/200 | loss 0.4434 | acc 86.99%
2025-12-07 06:49:26,828 [INFO]   Epoch  90/200 | loss 0.3730 | acc 88.98%
2025-12-07 06:51:09,317 [INFO]   Epoch 100/200 | loss 0.3309 | acc 90.37%
2025-12-07 06:52:52,040 [INFO]   Epoch 110/200 | loss 0.3728 | acc 89.15%
2025-12-07 06:54:34,278 [INFO]   Epoch 120/200 | loss 0.2723 | acc 92.22%
2025-12-07 06:56:16,893 [INFO]   Epoch 130/200 | loss 0.4140 | acc 88.19%
2025-12-07 06:57:59,626 [INFO]   Epoch 140/200 | loss 0.4119 | acc 88.28%
2025-12-07 06:59:42,454 [INFO]   Epoch 150/200 | loss 0.3600 | acc 89.97%
2025-12-07 07:01:25,529 [INFO]   Epoch 160/200 | loss 0.3119 | acc 90.98%
2025-12-07 07:03:09,579 [INFO]   Epoch 170/200 | loss 0.0148 | acc 99.88%
2025-12-07 07:04:53,800 [INFO]   Epoch 180/200 | loss 0.0099 | acc 99.98%
2025-12-07 07:06:36,145 [INFO]   Epoch 190/200 | loss 0.0086 | acc 99.97%
2025-12-07 07:08:12,045 [INFO]   Epoch 200/200 | loss 0.0091 | acc 99.99%
2025-12-07 07:08:15,010 [INFO]   >> Test: loss 2.2101 | acc 52.42%
2025-12-07 07:11:12,818 [INFO] Cycle 6/10
2025-12-07 07:11:12,818 [INFO] Labeled set size: 12000, Unlabeled set size: 38000
2025-12-07 07:11:22,448 [INFO]   Epoch   1/200 | loss 1.1553 | acc 72.23%
2025-12-07 07:13:10,546 [INFO]   Epoch  10/200 | loss 0.6165 | acc 81.88%
2025-12-07 07:15:13,566 [INFO]   Epoch  20/200 | loss 0.4190 | acc 87.69%
2025-12-07 07:17:16,888 [INFO]   Epoch  30/200 | loss 0.4376 | acc 87.38%
2025-12-07 07:19:20,250 [INFO]   Epoch  40/200 | loss 0.4067 | acc 88.10%
2025-12-07 07:21:23,638 [INFO]   Epoch  50/200 | loss 0.4090 | acc 87.65%
2025-12-07 07:23:27,153 [INFO]   Epoch  60/200 | loss 0.3934 | acc 88.41%
2025-12-07 07:25:30,521 [INFO]   Epoch  70/200 | loss 0.4589 | acc 86.58%
2025-12-07 07:27:34,062 [INFO]   Epoch  80/200 | loss 0.4134 | acc 87.92%
2025-12-07 07:29:37,457 [INFO]   Epoch  90/200 | loss 0.4083 | acc 88.16%
2025-12-07 07:31:40,914 [INFO]   Epoch 100/200 | loss 0.3803 | acc 88.75%
2025-12-07 07:33:44,164 [INFO]   Epoch 110/200 | loss 0.4185 | acc 87.83%
2025-12-07 07:35:47,592 [INFO]   Epoch 120/200 | loss 0.3825 | acc 88.57%
2025-12-07 07:37:51,011 [INFO]   Epoch 130/200 | loss 0.3577 | acc 89.49%
2025-12-07 07:39:54,488 [INFO]   Epoch 140/200 | loss 0.4006 | acc 88.23%
2025-12-07 07:41:58,564 [INFO]   Epoch 150/200 | loss 0.3907 | acc 88.68%
2025-12-07 07:44:03,233 [INFO]   Epoch 160/200 | loss 0.3528 | acc 89.73%
2025-12-07 07:46:08,082 [INFO]   Epoch 170/200 | loss 0.0161 | acc 99.93%
2025-12-07 07:48:12,906 [INFO]   Epoch 180/200 | loss 0.0114 | acc 99.97%
2025-12-07 07:50:17,274 [INFO]   Epoch 190/200 | loss 0.0102 | acc 99.98%
2025-12-07 07:52:14,821 [INFO]   Epoch 200/200 | loss 0.0106 | acc 99.98%
2025-12-07 07:52:17,524 [INFO]   >> Test: loss 1.9306 | acc 57.40%
2025-12-07 07:55:10,226 [INFO] Cycle 7/10
2025-12-07 07:55:10,226 [INFO] Labeled set size: 14000, Unlabeled set size: 36000
2025-12-07 07:55:22,316 [INFO]   Epoch   1/200 | loss 1.1905 | acc 70.30%
2025-12-07 07:57:27,429 [INFO]   Epoch  10/200 | loss 0.5972 | acc 82.92%
2025-12-07 07:59:52,654 [INFO]   Epoch  20/200 | loss 0.4570 | acc 86.50%
2025-12-07 08:02:17,741 [INFO]   Epoch  30/200 | loss 0.5443 | acc 83.94%
2025-12-07 08:04:42,803 [INFO]   Epoch  40/200 | loss 0.4817 | acc 85.57%
2025-12-07 08:07:07,658 [INFO]   Epoch  50/200 | loss 0.5026 | acc 85.29%
2025-12-07 08:09:31,521 [INFO]   Epoch  60/200 | loss 0.5155 | acc 84.72%
2025-12-07 08:11:55,505 [INFO]   Epoch  70/200 | loss 0.4829 | acc 85.91%
2025-12-07 08:14:19,419 [INFO]   Epoch  80/200 | loss 0.5189 | acc 84.77%
2025-12-07 08:16:43,718 [INFO]   Epoch  90/200 | loss 0.4850 | acc 85.42%
2025-12-07 08:19:07,770 [INFO]   Epoch 100/200 | loss 0.4763 | acc 85.83%
2025-12-07 08:21:31,720 [INFO]   Epoch 110/200 | loss 0.4807 | acc 85.68%
2025-12-07 08:23:55,689 [INFO]   Epoch 120/200 | loss 0.4836 | acc 85.98%
2025-12-07 08:26:19,558 [INFO]   Epoch 130/200 | loss 0.4897 | acc 85.52%
2025-12-07 08:28:43,351 [INFO]   Epoch 140/200 | loss 0.4678 | acc 86.22%
2025-12-07 08:31:07,217 [INFO]   Epoch 150/200 | loss 0.4632 | acc 86.54%
2025-12-07 08:33:31,164 [INFO]   Epoch 160/200 | loss 0.4564 | acc 86.64%
2025-12-07 08:35:54,972 [INFO]   Epoch 170/200 | loss 0.0192 | acc 99.87%
2025-12-07 08:38:18,694 [INFO]   Epoch 180/200 | loss 0.0145 | acc 99.95%
2025-12-07 08:40:42,740 [INFO]   Epoch 190/200 | loss 0.0125 | acc 99.97%
2025-12-07 08:42:59,213 [INFO]   Epoch 200/200 | loss 0.0122 | acc 99.96%
2025-12-07 08:43:01,517 [INFO]   >> Test: loss 1.7580 | acc 59.71%
2025-12-07 08:45:48,627 [INFO] Cycle 8/10
2025-12-07 08:45:48,627 [INFO] Labeled set size: 16000, Unlabeled set size: 34000
2025-12-07 08:46:02,282 [INFO]   Epoch   1/200 | loss 1.1491 | acc 70.76%
2025-12-07 08:48:23,015 [INFO]   Epoch  10/200 | loss 0.6626 | acc 80.26%
2025-12-07 08:51:07,436 [INFO]   Epoch  20/200 | loss 0.5482 | acc 83.86%
2025-12-07 08:53:52,331 [INFO]   Epoch  30/200 | loss 0.5582 | acc 83.41%
2025-12-07 08:56:38,479 [INFO]   Epoch  40/200 | loss 0.5741 | acc 82.99%
2025-12-07 08:59:24,236 [INFO]   Epoch  50/200 | loss 0.5485 | acc 83.86%
2025-12-07 09:02:10,057 [INFO]   Epoch  60/200 | loss 0.5363 | acc 84.39%
2025-12-07 09:04:55,406 [INFO]   Epoch  70/200 | loss 0.5642 | acc 83.33%
2025-12-07 09:07:40,065 [INFO]   Epoch  80/200 | loss 0.5416 | acc 84.20%
2025-12-07 09:10:24,621 [INFO]   Epoch  90/200 | loss 0.5245 | acc 84.53%
2025-12-07 09:13:09,099 [INFO]   Epoch 100/200 | loss 0.5108 | acc 84.83%
2025-12-07 09:15:53,619 [INFO]   Epoch 110/200 | loss 0.5361 | acc 84.36%
2025-12-07 09:18:38,112 [INFO]   Epoch 120/200 | loss 0.5667 | acc 83.08%
2025-12-07 09:21:22,799 [INFO]   Epoch 130/200 | loss 0.5553 | acc 83.52%
2025-12-07 09:24:07,334 [INFO]   Epoch 140/200 | loss 0.4976 | acc 85.36%
2025-12-07 09:26:51,911 [INFO]   Epoch 150/200 | loss 0.4753 | acc 85.79%
2025-12-07 09:29:36,267 [INFO]   Epoch 160/200 | loss 0.5128 | acc 84.96%
2025-12-07 09:32:20,345 [INFO]   Epoch 170/200 | loss 0.0222 | acc 99.89%
2025-12-07 09:35:04,341 [INFO]   Epoch 180/200 | loss 0.0165 | acc 99.87%
2025-12-07 09:37:48,735 [INFO]   Epoch 190/200 | loss 0.0138 | acc 99.95%
2025-12-07 09:40:26,504 [INFO]   Epoch 200/200 | loss 0.0128 | acc 99.98%
2025-12-07 09:40:28,732 [INFO]   >> Test: loss 1.6248 | acc 62.61%
2025-12-07 09:43:08,200 [INFO] Cycle 9/10
2025-12-07 09:43:08,200 [INFO] Labeled set size: 18000, Unlabeled set size: 32000
2025-12-07 09:43:23,617 [INFO]   Epoch   1/200 | loss 1.2779 | acc 66.74%
2025-12-07 09:46:03,378 [INFO]   Epoch  10/200 | loss 0.7300 | acc 78.53%
2025-12-07 09:49:08,947 [INFO]   Epoch  20/200 | loss 0.6570 | acc 80.74%
2025-12-07 09:52:14,373 [INFO]   Epoch  30/200 | loss 0.6527 | acc 80.78%
2025-12-07 09:55:19,428 [INFO]   Epoch  40/200 | loss 0.6196 | acc 81.94%
2025-12-07 09:58:24,923 [INFO]   Epoch  50/200 | loss 0.6250 | acc 81.71%
2025-12-07 10:01:30,215 [INFO]   Epoch  60/200 | loss 0.5919 | acc 82.72%
2025-12-07 10:04:35,440 [INFO]   Epoch  70/200 | loss 0.5947 | acc 82.35%
2025-12-07 10:07:40,728 [INFO]   Epoch  80/200 | loss 0.5316 | acc 84.04%
2025-12-07 10:10:46,048 [INFO]   Epoch  90/200 | loss 0.5778 | acc 82.72%
2025-12-07 10:13:51,479 [INFO]   Epoch 100/200 | loss 0.6164 | acc 81.85%
2025-12-07 10:16:56,979 [INFO]   Epoch 110/200 | loss 0.6181 | acc 81.56%
2025-12-07 10:20:02,324 [INFO]   Epoch 120/200 | loss 0.5702 | acc 83.56%
2025-12-07 10:23:07,620 [INFO]   Epoch 130/200 | loss 0.5921 | acc 82.28%
2025-12-07 10:26:12,811 [INFO]   Epoch 140/200 | loss 0.6215 | acc 81.36%
2025-12-07 10:29:18,273 [INFO]   Epoch 150/200 | loss 0.5834 | acc 82.93%
2025-12-07 10:32:23,764 [INFO]   Epoch 160/200 | loss 0.5561 | acc 83.60%
2025-12-07 10:35:29,056 [INFO]   Epoch 170/200 | loss 0.0269 | acc 99.75%
2025-12-07 10:38:34,500 [INFO]   Epoch 180/200 | loss 0.0175 | acc 99.94%
2025-12-07 10:41:39,813 [INFO]   Epoch 190/200 | loss 0.0157 | acc 99.93%
2025-12-07 10:44:37,531 [INFO]   Epoch 200/200 | loss 0.0143 | acc 99.97%
2025-12-07 10:44:39,771 [INFO]   >> Test: loss 1.4788 | acc 65.33%
2025-12-07 10:47:12,046 [INFO] Cycle 10/10
2025-12-07 10:47:12,047 [INFO] Labeled set size: 20000, Unlabeled set size: 30000
2025-12-07 10:47:29,184 [INFO]   Epoch   1/200 | loss 1.4059 | acc 62.69%
2025-12-07 10:50:27,742 [INFO]   Epoch  10/200 | loss 0.7805 | acc 77.06%
2025-12-07 10:53:53,638 [INFO]   Epoch  20/200 | loss 0.7115 | acc 78.96%
2025-12-07 10:57:19,745 [INFO]   Epoch  30/200 | loss 0.7031 | acc 79.24%
2025-12-07 11:00:45,670 [INFO]   Epoch  40/200 | loss 0.6601 | acc 80.55%
2025-12-07 11:04:11,615 [INFO]   Epoch  50/200 | loss 0.6773 | acc 79.68%
2025-12-07 11:07:37,571 [INFO]   Epoch  60/200 | loss 0.6804 | acc 79.92%
2025-12-07 11:11:03,775 [INFO]   Epoch  70/200 | loss 0.7279 | acc 78.39%
2025-12-07 11:14:29,641 [INFO]   Epoch  80/200 | loss 0.6311 | acc 81.15%
2025-12-07 11:17:55,726 [INFO]   Epoch  90/200 | loss 0.6375 | acc 81.27%
2025-12-07 11:21:21,524 [INFO]   Epoch 100/200 | loss 0.6846 | acc 79.55%
2025-12-07 11:24:47,452 [INFO]   Epoch 110/200 | loss 0.7195 | acc 78.64%
2025-12-07 11:28:13,431 [INFO]   Epoch 120/200 | loss 0.6770 | acc 79.94%
2025-12-07 11:31:39,322 [INFO]   Epoch 130/200 | loss 0.6799 | acc 79.75%
2025-12-07 11:35:05,260 [INFO]   Epoch 140/200 | loss 0.7057 | acc 78.92%
2025-12-07 11:38:31,449 [INFO]   Epoch 150/200 | loss 0.6851 | acc 80.03%
2025-12-07 11:41:57,407 [INFO]   Epoch 160/200 | loss 0.6853 | acc 79.59%
2025-12-07 11:45:23,329 [INFO]   Epoch 170/200 | loss 0.0327 | acc 99.67%
2025-12-07 11:48:49,417 [INFO]   Epoch 180/200 | loss 0.0211 | acc 99.92%
2025-12-07 11:52:15,497 [INFO]   Epoch 190/200 | loss 0.0171 | acc 99.95%
2025-12-07 11:55:33,165 [INFO]   Epoch 200/200 | loss 0.0154 | acc 99.97%
2025-12-07 11:55:35,112 [INFO]   >> Test: loss 1.4027 | acc 66.24%
2025-12-07 11:57:50,277 [INFO] Saved checkpoint to: ./checkpoints/cifar100/resnet18_DQN_100.pth
