2025-12-04 23:19:43,609 [INFO] 로그 파일 경로: logs/cifar10/DQN_100step_20251204_231943.log
2025-12-04 23:19:43,692 [INFO] Using device: cuda:0
2025-12-04 23:19:49,242 [INFO] Cycle 1/10
2025-12-04 23:19:49,243 [INFO] Labeled set size: 1000, Unlabeled set size: 49000
2025-12-04 23:19:51,108 [INFO]   Epoch   1/200 | loss 3.6607 | acc 11.40%
2025-12-04 23:19:59,283 [INFO]   Epoch  10/200 | loss 1.9422 | acc 26.00%
2025-12-04 23:20:11,798 [INFO]   Epoch  20/200 | loss 1.6431 | acc 36.90%
2025-12-04 23:20:27,003 [INFO]   Epoch  30/200 | loss 1.4781 | acc 42.90%
2025-12-04 23:20:42,253 [INFO]   Epoch  40/200 | loss 1.2068 | acc 55.30%
2025-12-04 23:20:57,833 [INFO]   Epoch  50/200 | loss 1.0527 | acc 61.20%
2025-12-04 23:21:14,382 [INFO]   Epoch  60/200 | loss 0.8265 | acc 70.00%
2025-12-04 23:21:30,292 [INFO]   Epoch  70/200 | loss 0.5250 | acc 79.20%
2025-12-04 23:21:45,366 [INFO]   Epoch  80/200 | loss 0.3467 | acc 87.60%
2025-12-04 23:22:00,376 [INFO]   Epoch  90/200 | loss 0.2755 | acc 90.60%
2025-12-04 23:22:14,455 [INFO]   Epoch 100/200 | loss 0.1925 | acc 94.10%
2025-12-04 23:22:32,560 [INFO]   Epoch 110/200 | loss 0.1907 | acc 94.00%
2025-12-04 23:22:48,390 [INFO]   Epoch 120/200 | loss 0.1124 | acc 96.20%
2025-12-04 23:23:03,497 [INFO]   Epoch 130/200 | loss 0.1055 | acc 96.80%
2025-12-04 23:23:18,200 [INFO]   Epoch 140/200 | loss 0.0912 | acc 96.70%
2025-12-04 23:23:33,126 [INFO]   Epoch 150/200 | loss 0.0523 | acc 98.50%
2025-12-04 23:23:47,150 [INFO]   Epoch 160/200 | loss 0.0736 | acc 98.20%
2025-12-04 23:24:04,411 [INFO]   Epoch 170/200 | loss 0.0069 | acc 100.00%
2025-12-04 23:24:20,171 [INFO]   Epoch 180/200 | loss 0.0089 | acc 99.90%
2025-12-04 23:24:36,255 [INFO]   Epoch 190/200 | loss 0.0058 | acc 99.90%
2025-12-04 23:24:51,573 [INFO]   Epoch 200/200 | loss 0.0056 | acc 100.00%
2025-12-04 23:24:55,552 [INFO]   >> Test: loss 3.2378 | acc 46.15%
2025-12-04 23:32:19,324 [INFO] Cycle 2/10
2025-12-04 23:32:19,325 [INFO] Labeled set size: 2000, Unlabeled set size: 48000
2025-12-04 23:32:21,363 [INFO]   Epoch   1/200 | loss 1.5931 | acc 59.45%
2025-12-04 23:32:38,667 [INFO]   Epoch  10/200 | loss 0.5567 | acc 80.10%
2025-12-04 23:33:04,508 [INFO]   Epoch  20/200 | loss 0.3370 | acc 88.25%
2025-12-04 23:33:30,462 [INFO]   Epoch  30/200 | loss 0.2717 | acc 89.85%
2025-12-04 23:34:00,433 [INFO]   Epoch  40/200 | loss 0.2039 | acc 92.75%
2025-12-04 23:34:27,661 [INFO]   Epoch  50/200 | loss 0.1277 | acc 95.45%
2025-12-04 23:34:56,352 [INFO]   Epoch  60/200 | loss 0.1230 | acc 95.85%
2025-12-04 23:35:24,275 [INFO]   Epoch  70/200 | loss 0.1671 | acc 94.55%
2025-12-04 23:35:52,838 [INFO]   Epoch  80/200 | loss 0.1004 | acc 96.80%
2025-12-04 23:36:22,795 [INFO]   Epoch  90/200 | loss 0.0929 | acc 96.90%
2025-12-04 23:36:50,294 [INFO]   Epoch 100/200 | loss 0.0619 | acc 98.20%
2025-12-04 23:37:18,006 [INFO]   Epoch 110/200 | loss 0.1129 | acc 96.55%
2025-12-04 23:37:48,060 [INFO]   Epoch 120/200 | loss 0.1500 | acc 94.60%
2025-12-04 23:38:16,745 [INFO]   Epoch 130/200 | loss 0.0624 | acc 97.95%
2025-12-04 23:38:44,148 [INFO]   Epoch 140/200 | loss 0.0801 | acc 97.55%
2025-12-04 23:39:12,709 [INFO]   Epoch 150/200 | loss 0.0495 | acc 98.65%
2025-12-04 23:39:40,850 [INFO]   Epoch 160/200 | loss 0.1035 | acc 96.25%
2025-12-04 23:40:08,695 [INFO]   Epoch 170/200 | loss 0.0055 | acc 100.00%
2025-12-04 23:40:37,701 [INFO]   Epoch 180/200 | loss 0.0045 | acc 100.00%
2025-12-04 23:41:05,514 [INFO]   Epoch 190/200 | loss 0.0037 | acc 99.95%
2025-12-04 23:41:35,410 [INFO]   Epoch 200/200 | loss 0.0029 | acc 100.00%
2025-12-04 23:41:39,603 [INFO]   >> Test: loss 2.2288 | acc 54.83%
2025-12-04 23:49:22,737 [INFO] Cycle 3/10
2025-12-04 23:49:22,738 [INFO] Labeled set size: 3000, Unlabeled set size: 47000
2025-12-04 23:49:25,522 [INFO]   Epoch   1/200 | loss 0.2101 | acc 95.37%
2025-12-04 23:49:54,089 [INFO]   Epoch  10/200 | loss 0.1555 | acc 94.80%
2025-12-04 23:50:32,020 [INFO]   Epoch  20/200 | loss 0.0683 | acc 97.60%
2025-12-04 23:51:11,393 [INFO]   Epoch  30/200 | loss 0.0726 | acc 97.97%
2025-12-04 23:51:53,655 [INFO]   Epoch  40/200 | loss 0.0734 | acc 97.87%
2025-12-04 23:52:35,761 [INFO]   Epoch  50/200 | loss 0.1080 | acc 96.27%
2025-12-04 23:53:17,739 [INFO]   Epoch  60/200 | loss 0.0841 | acc 97.50%
2025-12-04 23:53:59,716 [INFO]   Epoch  70/200 | loss 0.1342 | acc 95.70%
2025-12-04 23:54:42,409 [INFO]   Epoch  80/200 | loss 0.0697 | acc 97.83%
2025-12-04 23:55:22,776 [INFO]   Epoch  90/200 | loss 0.0483 | acc 98.33%
2025-12-04 23:56:06,913 [INFO]   Epoch 100/200 | loss 0.0991 | acc 96.60%
2025-12-04 23:56:51,110 [INFO]   Epoch 110/200 | loss 0.0703 | acc 97.70%
2025-12-04 23:57:32,266 [INFO]   Epoch 120/200 | loss 0.0732 | acc 97.80%
2025-12-04 23:58:14,962 [INFO]   Epoch 130/200 | loss 0.1031 | acc 96.77%
2025-12-04 23:58:57,583 [INFO]   Epoch 140/200 | loss 0.0583 | acc 98.10%
2025-12-04 23:59:38,863 [INFO]   Epoch 150/200 | loss 0.0949 | acc 97.20%
2025-12-05 00:00:20,922 [INFO]   Epoch 160/200 | loss 0.0666 | acc 97.93%
2025-12-05 00:01:03,050 [INFO]   Epoch 170/200 | loss 0.0046 | acc 100.00%
2025-12-05 00:01:44,095 [INFO]   Epoch 180/200 | loss 0.0032 | acc 99.97%
2025-12-05 00:02:27,366 [INFO]   Epoch 190/200 | loss 0.0020 | acc 100.00%
2025-12-05 00:03:08,523 [INFO]   Epoch 200/200 | loss 0.0023 | acc 100.00%
2025-12-05 00:03:12,732 [INFO]   >> Test: loss 1.9064 | acc 57.78%
2025-12-05 00:11:01,244 [INFO] Cycle 4/10
2025-12-05 00:11:01,244 [INFO] Labeled set size: 4000, Unlabeled set size: 46000
2025-12-05 00:11:04,861 [INFO]   Epoch   1/200 | loss 0.8383 | acc 74.55%
2025-12-05 00:11:44,119 [INFO]   Epoch  10/200 | loss 0.3042 | acc 89.53%
2025-12-05 00:12:34,062 [INFO]   Epoch  20/200 | loss 0.1811 | acc 94.05%
2025-12-05 00:13:26,690 [INFO]   Epoch  30/200 | loss 0.1390 | acc 95.58%
2025-12-05 00:14:22,169 [INFO]   Epoch  40/200 | loss 0.1421 | acc 95.15%
2025-12-05 00:15:18,063 [INFO]   Epoch  50/200 | loss 0.1346 | acc 95.62%
2025-12-05 00:16:16,778 [INFO]   Epoch  60/200 | loss 0.1794 | acc 93.75%
2025-12-05 00:17:15,125 [INFO]   Epoch  70/200 | loss 0.1465 | acc 95.03%
2025-12-05 00:18:07,897 [INFO]   Epoch  80/200 | loss 0.1221 | acc 96.17%
2025-12-05 00:19:05,714 [INFO]   Epoch  90/200 | loss 0.0935 | acc 97.05%
2025-12-05 00:20:03,325 [INFO]   Epoch 100/200 | loss 0.0890 | acc 97.35%
2025-12-05 00:20:59,211 [INFO]   Epoch 110/200 | loss 0.1562 | acc 94.77%
2025-12-05 00:21:54,443 [INFO]   Epoch 120/200 | loss 0.1116 | acc 96.45%
2025-12-05 00:22:49,848 [INFO]   Epoch 130/200 | loss 0.1681 | acc 94.40%
2025-12-05 00:23:46,340 [INFO]   Epoch 140/200 | loss 0.0814 | acc 97.32%
2025-12-05 00:24:41,552 [INFO]   Epoch 150/200 | loss 0.1185 | acc 96.25%
2025-12-05 00:25:36,629 [INFO]   Epoch 160/200 | loss 0.1275 | acc 95.88%
2025-12-05 00:26:31,935 [INFO]   Epoch 170/200 | loss 0.0073 | acc 99.95%
2025-12-05 00:27:27,809 [INFO]   Epoch 180/200 | loss 0.0041 | acc 100.00%
2025-12-05 00:28:24,161 [INFO]   Epoch 190/200 | loss 0.0031 | acc 100.00%
2025-12-05 00:29:19,081 [INFO]   Epoch 200/200 | loss 0.0037 | acc 99.95%
2025-12-05 00:29:23,394 [INFO]   >> Test: loss 1.3555 | acc 68.05%
2025-12-05 00:37:12,653 [INFO] Cycle 5/10
2025-12-05 00:37:12,654 [INFO] Labeled set size: 5000, Unlabeled set size: 45000
2025-12-05 00:37:17,114 [INFO]   Epoch   1/200 | loss 0.6548 | acc 80.12%
2025-12-05 00:38:07,323 [INFO]   Epoch  10/200 | loss 0.5023 | acc 83.22%
2025-12-05 00:39:09,252 [INFO]   Epoch  20/200 | loss 0.4530 | acc 84.80%
2025-12-05 00:40:15,189 [INFO]   Epoch  30/200 | loss 0.3758 | acc 87.68%
2025-12-05 00:41:24,520 [INFO]   Epoch  40/200 | loss 0.3510 | acc 88.74%
2025-12-05 00:42:35,021 [INFO]   Epoch  50/200 | loss 0.4028 | acc 86.16%
2025-12-05 00:43:46,718 [INFO]   Epoch  60/200 | loss 0.2599 | acc 91.22%
2025-12-05 00:44:54,154 [INFO]   Epoch  70/200 | loss 0.1734 | acc 94.00%
2025-12-05 00:46:03,239 [INFO]   Epoch  80/200 | loss 0.2406 | acc 92.42%
2025-12-05 00:47:13,418 [INFO]   Epoch  90/200 | loss 0.2736 | acc 91.10%
2025-12-05 00:48:23,798 [INFO]   Epoch 100/200 | loss 0.1980 | acc 93.58%
2025-12-05 00:49:33,741 [INFO]   Epoch 110/200 | loss 0.4425 | acc 85.08%
2025-12-05 00:50:43,221 [INFO]   Epoch 120/200 | loss 0.3599 | acc 88.46%
2025-12-05 00:51:51,783 [INFO]   Epoch 130/200 | loss 0.2475 | acc 92.18%
2025-12-05 00:53:00,903 [INFO]   Epoch 140/200 | loss 0.2239 | acc 92.56%
2025-12-05 00:54:10,462 [INFO]   Epoch 150/200 | loss 0.2101 | acc 92.88%
2025-12-05 00:55:21,116 [INFO]   Epoch 160/200 | loss 0.2293 | acc 92.84%
2025-12-05 00:56:30,765 [INFO]   Epoch 170/200 | loss 0.0213 | acc 99.68%
2025-12-05 00:57:39,985 [INFO]   Epoch 180/200 | loss 0.0131 | acc 99.88%
2025-12-05 00:58:49,180 [INFO]   Epoch 190/200 | loss 0.0125 | acc 99.80%
2025-12-05 00:59:57,932 [INFO]   Epoch 200/200 | loss 0.0127 | acc 99.88%
2025-12-05 01:00:02,314 [INFO]   >> Test: loss 1.0493 | acc 75.73%
2025-12-05 01:07:49,692 [INFO] Cycle 6/10
2025-12-05 01:07:49,692 [INFO] Labeled set size: 6000, Unlabeled set size: 44000
2025-12-05 01:07:55,085 [INFO]   Epoch   1/200 | loss 0.4962 | acc 85.27%
2025-12-05 01:08:55,869 [INFO]   Epoch  10/200 | loss 0.2059 | acc 93.27%
2025-12-05 01:10:10,811 [INFO]   Epoch  20/200 | loss 0.1945 | acc 93.43%
2025-12-05 01:11:32,105 [INFO]   Epoch  30/200 | loss 0.1775 | acc 94.12%
2025-12-05 01:12:56,713 [INFO]   Epoch  40/200 | loss 0.1600 | acc 94.90%
2025-12-05 01:14:20,850 [INFO]   Epoch  50/200 | loss 0.1381 | acc 95.72%
2025-12-05 01:15:43,864 [INFO]   Epoch  60/200 | loss 0.1645 | acc 94.50%
2025-12-05 01:17:07,476 [INFO]   Epoch  70/200 | loss 0.1610 | acc 94.35%
2025-12-05 01:18:31,478 [INFO]   Epoch  80/200 | loss 0.1822 | acc 93.70%
2025-12-05 01:19:52,205 [INFO]   Epoch  90/200 | loss 0.1493 | acc 94.95%
2025-12-05 01:21:14,302 [INFO]   Epoch 100/200 | loss 0.1629 | acc 94.78%
2025-12-05 01:22:37,470 [INFO]   Epoch 110/200 | loss 0.1528 | acc 95.00%
2025-12-05 01:24:01,157 [INFO]   Epoch 120/200 | loss 0.1382 | acc 95.55%
2025-12-05 01:25:23,746 [INFO]   Epoch 130/200 | loss 0.1438 | acc 95.03%
2025-12-05 01:26:46,415 [INFO]   Epoch 140/200 | loss 0.1629 | acc 94.57%
2025-12-05 01:28:09,514 [INFO]   Epoch 150/200 | loss 0.1060 | acc 96.52%
2025-12-05 01:29:32,341 [INFO]   Epoch 160/200 | loss 0.1540 | acc 94.72%
2025-12-05 01:30:55,506 [INFO]   Epoch 170/200 | loss 0.0067 | acc 99.93%
2025-12-05 01:32:18,766 [INFO]   Epoch 180/200 | loss 0.0055 | acc 99.95%
2025-12-05 01:33:41,707 [INFO]   Epoch 190/200 | loss 0.0034 | acc 99.98%
2025-12-05 01:35:03,296 [INFO]   Epoch 200/200 | loss 0.0030 | acc 100.00%
2025-12-05 01:35:07,755 [INFO]   >> Test: loss 0.7520 | acc 81.25%
2025-12-05 01:42:49,107 [INFO] Cycle 7/10
2025-12-05 01:42:49,108 [INFO] Labeled set size: 7000, Unlabeled set size: 43000
2025-12-05 01:42:55,461 [INFO]   Epoch   1/200 | loss 0.5470 | acc 83.00%
2025-12-05 01:44:05,284 [INFO]   Epoch  10/200 | loss 0.2565 | acc 91.16%
2025-12-05 01:45:31,575 [INFO]   Epoch  20/200 | loss 0.2040 | acc 93.17%
2025-12-05 01:47:08,661 [INFO]   Epoch  30/200 | loss 0.2321 | acc 92.26%
2025-12-05 01:48:45,818 [INFO]   Epoch  40/200 | loss 0.1901 | acc 93.80%
2025-12-05 01:50:23,040 [INFO]   Epoch  50/200 | loss 0.1982 | acc 93.36%
2025-12-05 01:52:00,482 [INFO]   Epoch  60/200 | loss 0.1539 | acc 94.87%
2025-12-05 01:53:37,369 [INFO]   Epoch  70/200 | loss 0.1857 | acc 93.87%
2025-12-05 01:55:13,866 [INFO]   Epoch  80/200 | loss 0.1290 | acc 95.44%
2025-12-05 01:56:50,624 [INFO]   Epoch  90/200 | loss 0.1826 | acc 93.70%
2025-12-05 01:58:27,558 [INFO]   Epoch 100/200 | loss 0.1694 | acc 94.14%
2025-12-05 02:00:04,363 [INFO]   Epoch 110/200 | loss 0.1426 | acc 95.17%
2025-12-05 02:01:42,081 [INFO]   Epoch 120/200 | loss 0.1788 | acc 94.19%
2025-12-05 02:03:20,586 [INFO]   Epoch 130/200 | loss 0.1738 | acc 94.23%
2025-12-05 02:04:55,714 [INFO]   Epoch 140/200 | loss 0.1354 | acc 95.69%
2025-12-05 02:06:32,139 [INFO]   Epoch 150/200 | loss 0.1553 | acc 94.97%
2025-12-05 02:08:08,622 [INFO]   Epoch 160/200 | loss 0.1527 | acc 94.90%
2025-12-05 02:09:44,886 [INFO]   Epoch 170/200 | loss 0.0074 | acc 99.94%
2025-12-05 02:11:21,629 [INFO]   Epoch 180/200 | loss 0.0053 | acc 99.97%
2025-12-05 02:12:59,501 [INFO]   Epoch 190/200 | loss 0.0040 | acc 100.00%
2025-12-05 02:14:35,529 [INFO]   Epoch 200/200 | loss 0.0032 | acc 100.00%
2025-12-05 02:14:39,985 [INFO]   >> Test: loss 0.6051 | acc 84.33%
2025-12-05 02:21:18,164 [INFO] Cycle 8/10
2025-12-05 02:21:18,164 [INFO] Labeled set size: 8000, Unlabeled set size: 42000
2025-12-05 02:21:23,205 [INFO]   Epoch   1/200 | loss 0.5164 | acc 83.50%
2025-12-05 02:22:25,393 [INFO]   Epoch  10/200 | loss 0.2557 | acc 91.35%
2025-12-05 02:23:45,152 [INFO]   Epoch  20/200 | loss 0.2380 | acc 91.80%
2025-12-05 02:25:18,668 [INFO]   Epoch  30/200 | loss 0.2163 | acc 92.42%
2025-12-05 02:26:52,926 [INFO]   Epoch  40/200 | loss 0.2072 | acc 92.91%
2025-12-05 02:28:26,485 [INFO]   Epoch  50/200 | loss 0.1903 | acc 93.65%
2025-12-05 02:29:59,494 [INFO]   Epoch  60/200 | loss 0.1915 | acc 93.38%
2025-12-05 02:31:32,695 [INFO]   Epoch  70/200 | loss 0.2094 | acc 92.74%
2025-12-05 02:33:05,372 [INFO]   Epoch  80/200 | loss 0.2040 | acc 92.84%
2025-12-05 02:34:36,586 [INFO]   Epoch  90/200 | loss 0.1908 | acc 93.66%
2025-12-05 02:36:08,568 [INFO]   Epoch 100/200 | loss 0.1944 | acc 93.08%
2025-12-05 02:37:40,704 [INFO]   Epoch 110/200 | loss 0.2041 | acc 93.04%
2025-12-05 02:39:12,736 [INFO]   Epoch 120/200 | loss 0.1664 | acc 94.30%
2025-12-05 02:40:44,765 [INFO]   Epoch 130/200 | loss 0.1975 | acc 93.53%
2025-12-05 02:42:16,949 [INFO]   Epoch 140/200 | loss 0.1902 | acc 93.65%
2025-12-05 02:43:49,137 [INFO]   Epoch 150/200 | loss 0.1930 | acc 93.34%
2025-12-05 02:45:21,515 [INFO]   Epoch 160/200 | loss 0.1852 | acc 93.74%
2025-12-05 02:46:53,713 [INFO]   Epoch 170/200 | loss 0.0088 | acc 99.91%
2025-12-05 02:48:25,609 [INFO]   Epoch 180/200 | loss 0.0053 | acc 99.96%
2025-12-05 02:49:57,616 [INFO]   Epoch 190/200 | loss 0.0040 | acc 99.99%
2025-12-05 02:51:28,648 [INFO]   Epoch 200/200 | loss 0.0038 | acc 99.98%
2025-12-05 02:51:32,549 [INFO]   >> Test: loss 0.5256 | acc 86.57%
2025-12-05 02:56:37,249 [INFO] Cycle 9/10
2025-12-05 02:56:37,249 [INFO] Labeled set size: 9000, Unlabeled set size: 41000
2025-12-05 02:56:43,131 [INFO]   Epoch   1/200 | loss 0.4835 | acc 84.53%
2025-12-05 02:57:56,604 [INFO]   Epoch  10/200 | loss 0.3316 | acc 88.61%
2025-12-05 02:59:32,687 [INFO]   Epoch  20/200 | loss 0.3009 | acc 89.68%
2025-12-05 03:01:17,757 [INFO]   Epoch  30/200 | loss 0.2414 | acc 92.00%
2025-12-05 03:03:02,872 [INFO]   Epoch  40/200 | loss 0.2332 | acc 91.81%
2025-12-05 03:04:46,636 [INFO]   Epoch  50/200 | loss 0.2043 | acc 93.30%
2025-12-05 03:06:28,636 [INFO]   Epoch  60/200 | loss 0.2384 | acc 92.24%
2025-12-05 03:08:12,045 [INFO]   Epoch  70/200 | loss 0.1887 | acc 93.69%
2025-12-05 03:09:55,598 [INFO]   Epoch  80/200 | loss 0.2366 | acc 91.84%
2025-12-05 03:11:39,331 [INFO]   Epoch  90/200 | loss 0.2174 | acc 92.49%
2025-12-05 03:13:23,038 [INFO]   Epoch 100/200 | loss 0.2061 | acc 92.91%
2025-12-05 03:15:07,282 [INFO]   Epoch 110/200 | loss 0.2271 | acc 92.44%
2025-12-05 03:16:51,033 [INFO]   Epoch 120/200 | loss 0.2307 | acc 92.42%
2025-12-05 03:18:34,708 [INFO]   Epoch 130/200 | loss 0.2108 | acc 92.73%
2025-12-05 03:20:18,324 [INFO]   Epoch 140/200 | loss 0.2175 | acc 92.79%
2025-12-05 03:22:02,997 [INFO]   Epoch 150/200 | loss 0.1962 | acc 93.22%
2025-12-05 03:23:46,721 [INFO]   Epoch 160/200 | loss 0.2478 | acc 91.64%
2025-12-05 03:25:29,563 [INFO]   Epoch 170/200 | loss 0.0110 | acc 99.90%
2025-12-05 03:27:11,869 [INFO]   Epoch 180/200 | loss 0.0061 | acc 99.96%
2025-12-05 03:28:53,284 [INFO]   Epoch 190/200 | loss 0.0045 | acc 100.00%
2025-12-05 03:30:32,796 [INFO]   Epoch 200/200 | loss 0.0043 | acc 99.97%
2025-12-05 03:30:35,129 [INFO]   >> Test: loss 0.4785 | acc 88.26%
2025-12-05 03:35:29,612 [INFO] Cycle 10/10
2025-12-05 03:35:29,612 [INFO] Labeled set size: 10000, Unlabeled set size: 40000
2025-12-05 03:35:35,691 [INFO]   Epoch   1/200 | loss 0.5276 | acc 83.36%
2025-12-05 03:36:54,298 [INFO]   Epoch  10/200 | loss 0.4317 | acc 85.47%
2025-12-05 03:38:39,574 [INFO]   Epoch  20/200 | loss 0.3969 | acc 86.54%
2025-12-05 03:40:34,837 [INFO]   Epoch  30/200 | loss 0.2502 | acc 91.53%
2025-12-05 03:42:30,247 [INFO]   Epoch  40/200 | loss 0.2217 | acc 92.44%
2025-12-05 03:44:25,519 [INFO]   Epoch  50/200 | loss 0.2287 | acc 92.39%
2025-12-05 03:46:21,810 [INFO]   Epoch  60/200 | loss 0.2105 | acc 93.09%
2025-12-05 03:48:17,883 [INFO]   Epoch  70/200 | loss 0.2791 | acc 90.47%
2025-12-05 03:50:13,344 [INFO]   Epoch  80/200 | loss 0.2908 | acc 90.04%
2025-12-05 03:52:09,378 [INFO]   Epoch  90/200 | loss 0.2467 | acc 91.45%
2025-12-05 03:54:02,805 [INFO]   Epoch 100/200 | loss 0.2754 | acc 90.77%
2025-12-05 03:55:57,344 [INFO]   Epoch 110/200 | loss 0.2752 | acc 90.85%
2025-12-05 03:57:52,100 [INFO]   Epoch 120/200 | loss 0.2682 | acc 90.87%
2025-12-05 03:59:46,546 [INFO]   Epoch 130/200 | loss 0.3889 | acc 87.19%
2025-12-05 04:01:41,000 [INFO]   Epoch 140/200 | loss 0.2546 | acc 91.24%
2025-12-05 04:03:34,739 [INFO]   Epoch 150/200 | loss 0.2657 | acc 91.35%
2025-12-05 04:05:29,228 [INFO]   Epoch 160/200 | loss 0.2750 | acc 90.71%
2025-12-05 04:07:23,812 [INFO]   Epoch 170/200 | loss 0.0148 | acc 99.76%
2025-12-05 04:09:18,385 [INFO]   Epoch 180/200 | loss 0.0082 | acc 99.91%
2025-12-05 04:11:13,057 [INFO]   Epoch 190/200 | loss 0.0062 | acc 99.92%
2025-12-05 04:12:52,204 [INFO]   Epoch 200/200 | loss 0.0043 | acc 99.98%
2025-12-05 04:12:55,536 [INFO]   >> Test: loss 0.4411 | acc 88.93%
2025-12-05 04:17:39,945 [INFO] Saved checkpoint to: ./checkpoints/cifar10/resnet18_DQN_100.pth
