2025-12-04 23:19:51,256 [INFO] 로그 파일 경로: logs/cifar10/DQN_300step_20251204_231951.log
2025-12-04 23:19:51,359 [INFO] Using device: cuda:0
2025-12-04 23:20:02,060 [INFO] Cycle 1/10
2025-12-04 23:20:02,061 [INFO] Labeled set size: 1000, Unlabeled set size: 49000
2025-12-04 23:20:05,042 [INFO]   Epoch   1/200 | loss 3.6607 | acc 11.40%
2025-12-04 23:20:17,842 [INFO]   Epoch  10/200 | loss 1.9422 | acc 26.00%
2025-12-04 23:20:33,480 [INFO]   Epoch  20/200 | loss 1.6431 | acc 36.90%
2025-12-04 23:20:48,954 [INFO]   Epoch  30/200 | loss 1.4781 | acc 42.90%
2025-12-04 23:21:02,629 [INFO]   Epoch  40/200 | loss 1.2068 | acc 55.30%
2025-12-04 23:21:17,929 [INFO]   Epoch  50/200 | loss 1.0527 | acc 61.20%
2025-12-04 23:21:33,769 [INFO]   Epoch  60/200 | loss 0.8265 | acc 70.00%
2025-12-04 23:21:48,990 [INFO]   Epoch  70/200 | loss 0.5250 | acc 79.20%
2025-12-04 23:22:04,149 [INFO]   Epoch  80/200 | loss 0.3467 | acc 87.60%
2025-12-04 23:22:19,665 [INFO]   Epoch  90/200 | loss 0.2755 | acc 90.60%
2025-12-04 23:22:34,484 [INFO]   Epoch 100/200 | loss 0.1925 | acc 94.10%
2025-12-04 23:22:50,916 [INFO]   Epoch 110/200 | loss 0.1907 | acc 94.00%
2025-12-04 23:23:05,287 [INFO]   Epoch 120/200 | loss 0.1124 | acc 96.20%
2025-12-04 23:23:19,896 [INFO]   Epoch 130/200 | loss 0.1055 | acc 96.80%
2025-12-04 23:23:34,715 [INFO]   Epoch 140/200 | loss 0.0912 | acc 96.70%
2025-12-04 23:23:49,947 [INFO]   Epoch 150/200 | loss 0.0523 | acc 98.50%
2025-12-04 23:24:05,959 [INFO]   Epoch 160/200 | loss 0.0736 | acc 98.20%
2025-12-04 23:24:21,906 [INFO]   Epoch 170/200 | loss 0.0069 | acc 100.00%
2025-12-04 23:24:37,698 [INFO]   Epoch 180/200 | loss 0.0089 | acc 99.90%
2025-12-04 23:24:51,570 [INFO]   Epoch 190/200 | loss 0.0058 | acc 99.90%
2025-12-04 23:25:04,600 [INFO]   Epoch 200/200 | loss 0.0056 | acc 100.00%
2025-12-04 23:25:07,627 [INFO]   >> Test: loss 3.2378 | acc 46.15%
2025-12-04 23:32:33,986 [INFO] Cycle 2/10
2025-12-04 23:32:33,986 [INFO] Labeled set size: 2000, Unlabeled set size: 48000
2025-12-04 23:32:36,157 [INFO]   Epoch   1/200 | loss 1.5931 | acc 59.45%
2025-12-04 23:32:58,342 [INFO]   Epoch  10/200 | loss 0.5567 | acc 80.10%
2025-12-04 23:33:24,146 [INFO]   Epoch  20/200 | loss 0.3370 | acc 88.25%
2025-12-04 23:33:51,880 [INFO]   Epoch  30/200 | loss 0.2717 | acc 89.85%
2025-12-04 23:34:21,146 [INFO]   Epoch  40/200 | loss 0.2039 | acc 92.75%
2025-12-04 23:34:48,863 [INFO]   Epoch  50/200 | loss 0.1277 | acc 95.45%
2025-12-04 23:35:17,291 [INFO]   Epoch  60/200 | loss 0.1230 | acc 95.85%
2025-12-04 23:35:44,883 [INFO]   Epoch  70/200 | loss 0.1671 | acc 94.55%
2025-12-04 23:36:13,505 [INFO]   Epoch  80/200 | loss 0.1004 | acc 96.80%
2025-12-04 23:36:41,411 [INFO]   Epoch  90/200 | loss 0.0929 | acc 96.90%
2025-12-04 23:37:09,021 [INFO]   Epoch 100/200 | loss 0.0619 | acc 98.20%
2025-12-04 23:37:38,803 [INFO]   Epoch 110/200 | loss 0.1129 | acc 96.55%
2025-12-04 23:38:06,719 [INFO]   Epoch 120/200 | loss 0.1500 | acc 94.60%
2025-12-04 23:38:35,310 [INFO]   Epoch 130/200 | loss 0.0624 | acc 97.95%
2025-12-04 23:39:03,542 [INFO]   Epoch 140/200 | loss 0.0801 | acc 97.55%
2025-12-04 23:39:30,467 [INFO]   Epoch 150/200 | loss 0.0495 | acc 98.65%
2025-12-04 23:39:58,904 [INFO]   Epoch 160/200 | loss 0.1035 | acc 96.25%
2025-12-04 23:40:26,663 [INFO]   Epoch 170/200 | loss 0.0055 | acc 100.00%
2025-12-04 23:40:54,875 [INFO]   Epoch 180/200 | loss 0.0045 | acc 100.00%
2025-12-04 23:41:23,160 [INFO]   Epoch 190/200 | loss 0.0037 | acc 99.95%
2025-12-04 23:41:48,078 [INFO]   Epoch 200/200 | loss 0.0029 | acc 100.00%
2025-12-04 23:41:51,186 [INFO]   >> Test: loss 2.2288 | acc 54.83%
2025-12-04 23:49:35,823 [INFO] Cycle 3/10
2025-12-04 23:49:35,824 [INFO] Labeled set size: 3000, Unlabeled set size: 47000
2025-12-04 23:49:38,813 [INFO]   Epoch   1/200 | loss 1.3419 | acc 61.93%
2025-12-04 23:50:11,544 [INFO]   Epoch  10/200 | loss 0.3856 | acc 87.70%
2025-12-04 23:50:48,228 [INFO]   Epoch  20/200 | loss 0.2340 | acc 91.83%
2025-12-04 23:51:30,560 [INFO]   Epoch  30/200 | loss 0.1883 | acc 94.00%
2025-12-04 23:52:12,753 [INFO]   Epoch  40/200 | loss 0.1563 | acc 94.67%
2025-12-04 23:52:54,859 [INFO]   Epoch  50/200 | loss 0.1640 | acc 94.57%
2025-12-04 23:53:37,162 [INFO]   Epoch  60/200 | loss 0.1118 | acc 96.10%
2025-12-04 23:54:19,232 [INFO]   Epoch  70/200 | loss 0.1089 | acc 96.77%
2025-12-04 23:55:00,999 [INFO]   Epoch  80/200 | loss 0.2556 | acc 91.67%
2025-12-04 23:55:44,744 [INFO]   Epoch  90/200 | loss 0.0898 | acc 97.27%
2025-12-04 23:56:24,949 [INFO]   Epoch 100/200 | loss 0.1355 | acc 95.27%
2025-12-04 23:57:08,900 [INFO]   Epoch 110/200 | loss 0.1015 | acc 96.70%
2025-12-04 23:57:50,887 [INFO]   Epoch 120/200 | loss 0.1086 | acc 96.80%
2025-12-04 23:58:32,695 [INFO]   Epoch 130/200 | loss 0.1033 | acc 96.70%
2025-12-04 23:59:15,496 [INFO]   Epoch 140/200 | loss 0.0992 | acc 96.70%
2025-12-04 23:59:57,286 [INFO]   Epoch 150/200 | loss 0.0541 | acc 98.23%
2025-12-05 00:00:38,646 [INFO]   Epoch 160/200 | loss 0.1462 | acc 95.03%
2025-12-05 00:01:21,850 [INFO]   Epoch 170/200 | loss 0.0063 | acc 99.97%
2025-12-05 00:02:03,162 [INFO]   Epoch 180/200 | loss 0.0046 | acc 99.97%
2025-12-05 00:02:44,848 [INFO]   Epoch 190/200 | loss 0.0033 | acc 100.00%
2025-12-05 00:03:22,170 [INFO]   Epoch 200/200 | loss 0.0026 | acc 100.00%
2025-12-05 00:03:25,715 [INFO]   >> Test: loss 1.6291 | acc 64.01%
2025-12-05 00:11:13,919 [INFO] Cycle 4/10
2025-12-05 00:11:13,919 [INFO] Labeled set size: 4000, Unlabeled set size: 46000
2025-12-05 00:11:18,187 [INFO]   Epoch   1/200 | loss 0.9500 | acc 72.02%
2025-12-05 00:12:01,281 [INFO]   Epoch  10/200 | loss 0.2986 | acc 89.92%
2025-12-05 00:12:50,814 [INFO]   Epoch  20/200 | loss 0.2464 | acc 91.92%
2025-12-05 00:13:46,576 [INFO]   Epoch  30/200 | loss 0.3372 | acc 89.30%
2025-12-05 00:14:43,055 [INFO]   Epoch  40/200 | loss 0.1759 | acc 94.12%
2025-12-05 00:15:36,418 [INFO]   Epoch  50/200 | loss 0.1632 | acc 94.47%
2025-12-05 00:16:34,169 [INFO]   Epoch  60/200 | loss 0.1085 | acc 96.65%
2025-12-05 00:17:27,148 [INFO]   Epoch  70/200 | loss 0.1768 | acc 94.38%
2025-12-05 00:18:25,005 [INFO]   Epoch  80/200 | loss 0.2086 | acc 92.92%
2025-12-05 00:19:21,315 [INFO]   Epoch  90/200 | loss 0.0777 | acc 97.52%
2025-12-05 00:20:15,098 [INFO]   Epoch 100/200 | loss 0.1303 | acc 95.85%
2025-12-05 00:21:12,307 [INFO]   Epoch 110/200 | loss 0.1666 | acc 94.47%
2025-12-05 00:22:08,585 [INFO]   Epoch 120/200 | loss 0.1054 | acc 96.45%
2025-12-05 00:23:03,949 [INFO]   Epoch 130/200 | loss 0.0850 | acc 97.45%
2025-12-05 00:23:58,502 [INFO]   Epoch 140/200 | loss 0.1598 | acc 94.77%
2025-12-05 00:24:54,908 [INFO]   Epoch 150/200 | loss 0.2438 | acc 92.07%
2025-12-05 00:25:51,159 [INFO]   Epoch 160/200 | loss 0.1695 | acc 94.08%
2025-12-05 00:26:46,527 [INFO]   Epoch 170/200 | loss 0.0075 | acc 99.88%
2025-12-05 00:27:42,287 [INFO]   Epoch 180/200 | loss 0.0039 | acc 100.00%
2025-12-05 00:28:37,507 [INFO]   Epoch 190/200 | loss 0.0029 | acc 100.00%
2025-12-05 00:29:29,605 [INFO]   Epoch 200/200 | loss 0.0030 | acc 100.00%
2025-12-05 00:29:33,433 [INFO]   >> Test: loss 1.2313 | acc 71.45%
2025-12-05 00:37:23,273 [INFO] Cycle 5/10
2025-12-05 00:37:23,273 [INFO] Labeled set size: 5000, Unlabeled set size: 45000
2025-12-05 00:37:28,786 [INFO]   Epoch   1/200 | loss 0.6284 | acc 81.60%
2025-12-05 00:38:22,852 [INFO]   Epoch  10/200 | loss 0.6803 | acc 77.58%
2025-12-05 00:39:25,115 [INFO]   Epoch  20/200 | loss 0.3620 | acc 88.02%
2025-12-05 00:40:33,486 [INFO]   Epoch  30/200 | loss 0.1950 | acc 93.56%
2025-12-05 00:41:42,866 [INFO]   Epoch  40/200 | loss 0.4193 | acc 86.16%
2025-12-05 00:42:50,961 [INFO]   Epoch  50/200 | loss 0.3481 | acc 88.16%
2025-12-05 00:44:01,211 [INFO]   Epoch  60/200 | loss 0.4447 | acc 84.84%
2025-12-05 00:45:12,673 [INFO]   Epoch  70/200 | loss 0.2059 | acc 93.40%
2025-12-05 00:46:22,781 [INFO]   Epoch  80/200 | loss 0.4707 | acc 84.76%
2025-12-05 00:47:32,024 [INFO]   Epoch  90/200 | loss 0.4249 | acc 86.42%
2025-12-05 00:48:41,270 [INFO]   Epoch 100/200 | loss 0.3462 | acc 88.76%
2025-12-05 00:49:50,419 [INFO]   Epoch 110/200 | loss 0.5841 | acc 80.96%
2025-12-05 00:50:59,599 [INFO]   Epoch 120/200 | loss 0.6719 | acc 78.94%
2025-12-05 00:52:10,199 [INFO]   Epoch 130/200 | loss 0.3183 | acc 89.62%
2025-12-05 00:53:19,640 [INFO]   Epoch 140/200 | loss 0.2053 | acc 93.10%
2025-12-05 00:54:28,747 [INFO]   Epoch 150/200 | loss 0.5041 | acc 83.78%
2025-12-05 00:55:37,122 [INFO]   Epoch 160/200 | loss 0.4475 | acc 85.80%
2025-12-05 00:56:46,494 [INFO]   Epoch 170/200 | loss 0.0369 | acc 99.50%
2025-12-05 00:57:56,652 [INFO]   Epoch 180/200 | loss 0.0199 | acc 99.70%
2025-12-05 00:59:05,881 [INFO]   Epoch 190/200 | loss 0.0152 | acc 99.84%
2025-12-05 01:00:11,195 [INFO]   Epoch 200/200 | loss 0.0158 | acc 99.78%
2025-12-05 01:00:15,170 [INFO]   >> Test: loss 0.8881 | acc 79.09%
2025-12-05 01:08:02,267 [INFO] Cycle 6/10
2025-12-05 01:08:02,267 [INFO] Labeled set size: 6000, Unlabeled set size: 44000
2025-12-05 01:08:08,503 [INFO]   Epoch   1/200 | loss 0.5393 | acc 83.77%
2025-12-05 01:09:11,193 [INFO]   Epoch  10/200 | loss 0.2104 | acc 92.60%
2025-12-05 01:10:25,365 [INFO]   Epoch  20/200 | loss 0.1871 | acc 94.05%
2025-12-05 01:11:49,066 [INFO]   Epoch  30/200 | loss 0.1923 | acc 93.60%
2025-12-05 01:13:13,617 [INFO]   Epoch  40/200 | loss 0.1809 | acc 93.75%
2025-12-05 01:14:37,616 [INFO]   Epoch  50/200 | loss 0.1754 | acc 94.10%
2025-12-05 01:16:00,740 [INFO]   Epoch  60/200 | loss 0.1840 | acc 94.23%
2025-12-05 01:17:24,382 [INFO]   Epoch  70/200 | loss 0.1753 | acc 94.45%
2025-12-05 01:18:48,889 [INFO]   Epoch  80/200 | loss 0.1615 | acc 94.45%
2025-12-05 01:20:11,083 [INFO]   Epoch  90/200 | loss 0.2005 | acc 93.18%
2025-12-05 01:21:32,943 [INFO]   Epoch 100/200 | loss 0.1677 | acc 94.43%
2025-12-05 01:22:55,405 [INFO]   Epoch 110/200 | loss 0.1757 | acc 94.10%
2025-12-05 01:24:18,503 [INFO]   Epoch 120/200 | loss 0.1830 | acc 93.68%
2025-12-05 01:25:42,258 [INFO]   Epoch 130/200 | loss 0.1114 | acc 96.35%
2025-12-05 01:27:05,727 [INFO]   Epoch 140/200 | loss 0.1759 | acc 94.35%
2025-12-05 01:28:28,834 [INFO]   Epoch 150/200 | loss 0.1473 | acc 94.97%
2025-12-05 01:29:51,624 [INFO]   Epoch 160/200 | loss 0.1676 | acc 94.50%
2025-12-05 01:31:14,854 [INFO]   Epoch 170/200 | loss 0.0092 | acc 99.93%
2025-12-05 01:32:38,260 [INFO]   Epoch 180/200 | loss 0.0047 | acc 99.98%
2025-12-05 01:34:00,968 [INFO]   Epoch 190/200 | loss 0.0039 | acc 99.98%
2025-12-05 01:35:18,321 [INFO]   Epoch 200/200 | loss 0.0033 | acc 100.00%
2025-12-05 01:35:22,196 [INFO]   >> Test: loss 0.6758 | acc 82.79%
2025-12-05 01:43:04,419 [INFO] Cycle 7/10
2025-12-05 01:43:04,419 [INFO] Labeled set size: 7000, Unlabeled set size: 43000
2025-12-05 01:43:11,919 [INFO]   Epoch   1/200 | loss 0.5820 | acc 81.53%
2025-12-05 01:44:26,794 [INFO]   Epoch  10/200 | loss 0.2579 | acc 91.41%
2025-12-05 01:45:54,308 [INFO]   Epoch  20/200 | loss 0.2105 | acc 92.47%
2025-12-05 01:47:31,794 [INFO]   Epoch  30/200 | loss 0.2090 | acc 93.19%
2025-12-05 01:49:09,045 [INFO]   Epoch  40/200 | loss 0.1871 | acc 93.43%
2025-12-05 01:50:46,143 [INFO]   Epoch  50/200 | loss 0.2090 | acc 92.81%
2025-12-05 01:52:23,197 [INFO]   Epoch  60/200 | loss 0.1723 | acc 94.27%
2025-12-05 01:54:00,294 [INFO]   Epoch  70/200 | loss 0.1923 | acc 93.17%
2025-12-05 01:55:36,709 [INFO]   Epoch  80/200 | loss 0.1566 | acc 94.97%
2025-12-05 01:57:13,150 [INFO]   Epoch  90/200 | loss 0.1688 | acc 94.56%
2025-12-05 01:58:50,152 [INFO]   Epoch 100/200 | loss 0.1849 | acc 93.67%
2025-12-05 02:00:26,999 [INFO]   Epoch 110/200 | loss 0.1755 | acc 94.39%
2025-12-05 02:02:02,806 [INFO]   Epoch 120/200 | loss 0.1787 | acc 93.83%
2025-12-05 02:03:40,762 [INFO]   Epoch 130/200 | loss 0.1687 | acc 94.36%
2025-12-05 02:05:18,679 [INFO]   Epoch 140/200 | loss 0.1981 | acc 93.19%
2025-12-05 02:06:54,982 [INFO]   Epoch 150/200 | loss 0.2153 | acc 92.60%
2025-12-05 02:08:31,497 [INFO]   Epoch 160/200 | loss 0.1822 | acc 94.00%
2025-12-05 02:10:08,099 [INFO]   Epoch 170/200 | loss 0.0097 | acc 99.89%
2025-12-05 02:11:44,195 [INFO]   Epoch 180/200 | loss 0.0055 | acc 100.00%
2025-12-05 02:13:20,546 [INFO]   Epoch 190/200 | loss 0.0043 | acc 100.00%
2025-12-05 02:14:52,696 [INFO]   Epoch 200/200 | loss 0.0035 | acc 99.99%
2025-12-05 02:14:56,647 [INFO]   >> Test: loss 0.5590 | acc 85.72%
2025-12-05 02:21:29,665 [INFO] Cycle 8/10
2025-12-05 02:21:29,666 [INFO] Labeled set size: 8000, Unlabeled set size: 42000
2025-12-05 02:21:36,060 [INFO]   Epoch   1/200 | loss 0.4973 | acc 84.74%
2025-12-05 02:22:43,215 [INFO]   Epoch  10/200 | loss 0.2801 | acc 90.31%
2025-12-05 02:24:05,217 [INFO]   Epoch  20/200 | loss 0.2108 | acc 92.92%
2025-12-05 02:25:37,670 [INFO]   Epoch  30/200 | loss 0.1932 | acc 93.35%
2025-12-05 02:27:11,718 [INFO]   Epoch  40/200 | loss 0.2043 | acc 93.10%
2025-12-05 02:28:45,038 [INFO]   Epoch  50/200 | loss 0.2129 | acc 92.65%
2025-12-05 02:30:17,984 [INFO]   Epoch  60/200 | loss 0.2453 | acc 91.66%
2025-12-05 02:31:51,294 [INFO]   Epoch  70/200 | loss 0.2090 | acc 93.25%
2025-12-05 02:33:22,701 [INFO]   Epoch  80/200 | loss 0.1965 | acc 93.15%
2025-12-05 02:34:53,840 [INFO]   Epoch  90/200 | loss 0.1884 | acc 93.96%
2025-12-05 02:36:25,915 [INFO]   Epoch 100/200 | loss 0.2209 | acc 92.74%
2025-12-05 02:37:58,145 [INFO]   Epoch 110/200 | loss 0.2207 | acc 92.47%
2025-12-05 02:39:30,325 [INFO]   Epoch 120/200 | loss 0.1892 | acc 93.60%
2025-12-05 02:41:02,191 [INFO]   Epoch 130/200 | loss 0.2104 | acc 93.08%
2025-12-05 02:42:34,307 [INFO]   Epoch 140/200 | loss 0.2048 | acc 93.01%
2025-12-05 02:44:06,465 [INFO]   Epoch 150/200 | loss 0.1795 | acc 93.90%
2025-12-05 02:45:38,780 [INFO]   Epoch 160/200 | loss 0.1968 | acc 93.17%
2025-12-05 02:47:10,956 [INFO]   Epoch 170/200 | loss 0.0099 | acc 99.91%
2025-12-05 02:48:42,917 [INFO]   Epoch 180/200 | loss 0.0059 | acc 99.98%
2025-12-05 02:50:15,336 [INFO]   Epoch 190/200 | loss 0.0044 | acc 99.98%
2025-12-05 02:51:41,644 [INFO]   Epoch 200/200 | loss 0.0040 | acc 100.00%
2025-12-05 02:51:43,995 [INFO]   >> Test: loss 0.5112 | acc 86.94%
2025-12-05 02:56:48,592 [INFO] Cycle 9/10
2025-12-05 02:56:48,593 [INFO] Labeled set size: 9000, Unlabeled set size: 41000
2025-12-05 02:56:55,866 [INFO]   Epoch   1/200 | loss 0.4696 | acc 85.19%
2025-12-05 02:58:11,211 [INFO]   Epoch  10/200 | loss 0.2931 | acc 89.91%
2025-12-05 02:59:46,943 [INFO]   Epoch  20/200 | loss 0.2752 | acc 90.38%
2025-12-05 03:01:30,852 [INFO]   Epoch  30/200 | loss 0.2328 | acc 92.14%
2025-12-05 03:03:14,175 [INFO]   Epoch  40/200 | loss 0.2250 | acc 92.40%
2025-12-05 03:04:58,527 [INFO]   Epoch  50/200 | loss 0.2600 | acc 91.22%
2025-12-05 03:06:43,387 [INFO]   Epoch  60/200 | loss 0.2426 | acc 92.01%
2025-12-05 03:08:26,543 [INFO]   Epoch  70/200 | loss 0.2200 | acc 92.56%
2025-12-05 03:10:10,086 [INFO]   Epoch  80/200 | loss 0.1950 | acc 93.27%
2025-12-05 03:11:54,036 [INFO]   Epoch  90/200 | loss 0.2396 | acc 92.10%
2025-12-05 03:13:37,712 [INFO]   Epoch 100/200 | loss 0.2344 | acc 92.07%
2025-12-05 03:15:21,111 [INFO]   Epoch 110/200 | loss 0.2410 | acc 91.96%
2025-12-05 03:17:04,931 [INFO]   Epoch 120/200 | loss 0.1997 | acc 93.07%
2025-12-05 03:18:48,193 [INFO]   Epoch 130/200 | loss 0.2608 | acc 91.30%
2025-12-05 03:20:31,152 [INFO]   Epoch 140/200 | loss 0.2009 | acc 93.18%
2025-12-05 03:22:14,423 [INFO]   Epoch 150/200 | loss 0.2639 | acc 90.98%
2025-12-05 03:23:58,196 [INFO]   Epoch 160/200 | loss 0.1742 | acc 94.06%
2025-12-05 03:25:43,098 [INFO]   Epoch 170/200 | loss 0.0105 | acc 99.83%
2025-12-05 03:27:26,668 [INFO]   Epoch 180/200 | loss 0.0068 | acc 99.93%
2025-12-05 03:29:07,089 [INFO]   Epoch 190/200 | loss 0.0041 | acc 100.00%
2025-12-05 03:30:41,622 [INFO]   Epoch 200/200 | loss 0.0038 | acc 100.00%
2025-12-05 03:30:44,785 [INFO]   >> Test: loss 0.4594 | acc 88.61%
2025-12-05 03:35:38,059 [INFO] Cycle 10/10
2025-12-05 03:35:38,059 [INFO] Labeled set size: 10000, Unlabeled set size: 40000
2025-12-05 03:35:45,997 [INFO]   Epoch   1/200 | loss 0.4940 | acc 83.71%
2025-12-05 03:37:06,178 [INFO]   Epoch  10/200 | loss 0.3702 | acc 87.02%
2025-12-05 03:38:51,054 [INFO]   Epoch  20/200 | loss 0.3937 | acc 86.80%
2025-12-05 03:40:43,441 [INFO]   Epoch  30/200 | loss 0.2550 | acc 91.24%
2025-12-05 03:42:34,997 [INFO]   Epoch  40/200 | loss 0.2573 | acc 91.22%
2025-12-05 03:44:27,292 [INFO]   Epoch  50/200 | loss 0.3280 | acc 88.76%
2025-12-05 03:46:20,753 [INFO]   Epoch  60/200 | loss 0.3035 | acc 89.83%
2025-12-05 03:48:11,477 [INFO]   Epoch  70/200 | loss 0.3744 | acc 87.64%
2025-12-05 03:50:03,762 [INFO]   Epoch  80/200 | loss 0.3004 | acc 89.92%
2025-12-05 03:51:57,724 [INFO]   Epoch  90/200 | loss 0.2274 | acc 92.09%
2025-12-05 03:53:48,913 [INFO]   Epoch 100/200 | loss 0.2715 | acc 90.79%
2025-12-05 03:55:41,973 [INFO]   Epoch 110/200 | loss 0.2670 | acc 90.88%
2025-12-05 03:57:34,440 [INFO]   Epoch 120/200 | loss 0.3035 | acc 89.78%
2025-12-05 03:59:27,773 [INFO]   Epoch 130/200 | loss 0.2108 | acc 92.90%
2025-12-05 04:01:20,499 [INFO]   Epoch 140/200 | loss 0.2826 | acc 90.46%
2025-12-05 04:03:14,031 [INFO]   Epoch 150/200 | loss 0.2457 | acc 91.73%
2025-12-05 04:05:06,687 [INFO]   Epoch 160/200 | loss 0.2153 | acc 92.99%
2025-12-05 04:07:00,163 [INFO]   Epoch 170/200 | loss 0.0133 | acc 99.84%
2025-12-05 04:08:53,828 [INFO]   Epoch 180/200 | loss 0.0073 | acc 99.92%
2025-12-05 04:10:45,966 [INFO]   Epoch 190/200 | loss 0.0061 | acc 99.91%
2025-12-05 04:12:32,769 [INFO]   Epoch 200/200 | loss 0.0044 | acc 99.99%
2025-12-05 04:12:36,825 [INFO]   >> Test: loss 0.4203 | acc 89.15%
2025-12-05 04:17:32,691 [INFO] Saved checkpoint to: ./checkpoints/cifar10/resnet18_DQN_300.pth
