2025-12-04 23:19:52,926 [INFO] 로그 파일 경로: logs/cifar10/DQN_500step_20251204_231952.log
2025-12-04 23:19:53,016 [INFO] Using device: cuda:0
2025-12-04 23:20:03,626 [INFO] Cycle 1/10
2025-12-04 23:20:03,627 [INFO] Labeled set size: 1000, Unlabeled set size: 49000
2025-12-04 23:20:07,881 [INFO]   Epoch   1/200 | loss 3.6607 | acc 11.40%
2025-12-04 23:20:21,957 [INFO]   Epoch  10/200 | loss 1.9422 | acc 26.00%
2025-12-04 23:20:38,725 [INFO]   Epoch  20/200 | loss 1.6431 | acc 36.90%
2025-12-04 23:20:55,847 [INFO]   Epoch  30/200 | loss 1.4781 | acc 42.90%
2025-12-04 23:21:12,842 [INFO]   Epoch  40/200 | loss 1.2068 | acc 55.30%
2025-12-04 23:21:30,410 [INFO]   Epoch  50/200 | loss 1.0527 | acc 61.20%
2025-12-04 23:21:47,434 [INFO]   Epoch  60/200 | loss 0.8265 | acc 70.00%
2025-12-04 23:22:04,259 [INFO]   Epoch  70/200 | loss 0.5250 | acc 79.20%
2025-12-04 23:22:21,599 [INFO]   Epoch  80/200 | loss 0.3467 | acc 87.60%
2025-12-04 23:22:39,631 [INFO]   Epoch  90/200 | loss 0.2755 | acc 90.60%
2025-12-04 23:22:56,827 [INFO]   Epoch 100/200 | loss 0.1925 | acc 94.10%
2025-12-04 23:23:14,249 [INFO]   Epoch 110/200 | loss 0.1907 | acc 94.00%
2025-12-04 23:23:31,521 [INFO]   Epoch 120/200 | loss 0.1124 | acc 96.20%
2025-12-04 23:23:48,496 [INFO]   Epoch 130/200 | loss 0.1055 | acc 96.80%
2025-12-04 23:24:06,109 [INFO]   Epoch 140/200 | loss 0.0912 | acc 96.70%
2025-12-04 23:24:23,885 [INFO]   Epoch 150/200 | loss 0.0523 | acc 98.50%
2025-12-04 23:24:41,386 [INFO]   Epoch 160/200 | loss 0.0736 | acc 98.20%
2025-12-04 23:24:57,650 [INFO]   Epoch 170/200 | loss 0.0069 | acc 100.00%
2025-12-04 23:25:10,803 [INFO]   Epoch 180/200 | loss 0.0089 | acc 99.90%
2025-12-04 23:25:21,652 [INFO]   Epoch 190/200 | loss 0.0058 | acc 99.90%
2025-12-04 23:25:32,580 [INFO]   Epoch 200/200 | loss 0.0056 | acc 100.00%
2025-12-04 23:25:34,899 [INFO]   >> Test: loss 3.2378 | acc 46.15%
2025-12-04 23:33:20,792 [INFO] Cycle 2/10
2025-12-04 23:33:20,792 [INFO] Labeled set size: 2000, Unlabeled set size: 48000
2025-12-04 23:33:24,143 [INFO]   Epoch   1/200 | loss 1.5931 | acc 59.45%
2025-12-04 23:33:51,665 [INFO]   Epoch  10/200 | loss 0.5567 | acc 80.10%
2025-12-04 23:34:21,672 [INFO]   Epoch  20/200 | loss 0.3370 | acc 88.25%
2025-12-04 23:34:50,664 [INFO]   Epoch  30/200 | loss 0.2717 | acc 89.85%
2025-12-04 23:35:19,162 [INFO]   Epoch  40/200 | loss 0.2039 | acc 92.75%
2025-12-04 23:35:47,082 [INFO]   Epoch  50/200 | loss 0.1277 | acc 95.45%
2025-12-04 23:36:16,842 [INFO]   Epoch  60/200 | loss 0.1230 | acc 95.85%
2025-12-04 23:36:47,504 [INFO]   Epoch  70/200 | loss 0.1671 | acc 94.55%
2025-12-04 23:37:16,915 [INFO]   Epoch  80/200 | loss 0.1004 | acc 96.80%
2025-12-04 23:37:45,259 [INFO]   Epoch  90/200 | loss 0.0929 | acc 96.90%
2025-12-04 23:38:14,215 [INFO]   Epoch 100/200 | loss 0.0619 | acc 98.20%
2025-12-04 23:38:42,442 [INFO]   Epoch 110/200 | loss 0.1129 | acc 96.55%
2025-12-04 23:39:10,675 [INFO]   Epoch 120/200 | loss 0.1500 | acc 94.60%
2025-12-04 23:39:39,200 [INFO]   Epoch 130/200 | loss 0.0624 | acc 97.95%
2025-12-04 23:40:07,739 [INFO]   Epoch 140/200 | loss 0.0801 | acc 97.55%
2025-12-04 23:40:35,775 [INFO]   Epoch 150/200 | loss 0.0495 | acc 98.65%
2025-12-04 23:41:05,072 [INFO]   Epoch 160/200 | loss 0.1035 | acc 96.25%
2025-12-04 23:41:35,578 [INFO]   Epoch 170/200 | loss 0.0055 | acc 100.00%
2025-12-04 23:41:58,176 [INFO]   Epoch 180/200 | loss 0.0045 | acc 100.00%
2025-12-04 23:42:15,361 [INFO]   Epoch 190/200 | loss 0.0037 | acc 99.95%
2025-12-04 23:42:32,861 [INFO]   Epoch 200/200 | loss 0.0029 | acc 100.00%
2025-12-04 23:42:35,639 [INFO]   >> Test: loss 2.2288 | acc 54.83%
2025-12-04 23:50:48,908 [INFO] Cycle 3/10
2025-12-04 23:50:48,908 [INFO] Labeled set size: 3000, Unlabeled set size: 47000
2025-12-04 23:50:53,227 [INFO]   Epoch   1/200 | loss 1.3820 | acc 61.23%
2025-12-04 23:51:31,154 [INFO]   Epoch  10/200 | loss 0.4289 | acc 85.60%
2025-12-04 23:52:13,621 [INFO]   Epoch  20/200 | loss 0.2066 | acc 92.93%
2025-12-04 23:52:56,143 [INFO]   Epoch  30/200 | loss 0.1790 | acc 93.73%
2025-12-04 23:53:38,144 [INFO]   Epoch  40/200 | loss 0.1324 | acc 96.23%
2025-12-04 23:54:21,293 [INFO]   Epoch  50/200 | loss 0.1832 | acc 94.17%
2025-12-04 23:55:04,546 [INFO]   Epoch  60/200 | loss 0.0925 | acc 97.30%
2025-12-04 23:55:49,361 [INFO]   Epoch  70/200 | loss 0.1716 | acc 94.57%
2025-12-04 23:56:33,459 [INFO]   Epoch  80/200 | loss 0.0645 | acc 97.67%
2025-12-04 23:57:17,881 [INFO]   Epoch  90/200 | loss 0.2442 | acc 91.50%
2025-12-04 23:58:01,977 [INFO]   Epoch 100/200 | loss 0.1367 | acc 95.57%
2025-12-04 23:58:45,794 [INFO]   Epoch 110/200 | loss 0.1781 | acc 93.80%
2025-12-04 23:59:28,910 [INFO]   Epoch 120/200 | loss 0.0633 | acc 97.90%
2025-12-05 00:00:12,054 [INFO]   Epoch 130/200 | loss 0.0926 | acc 96.97%
2025-12-05 00:00:55,351 [INFO]   Epoch 140/200 | loss 0.1366 | acc 95.50%
2025-12-05 00:01:39,801 [INFO]   Epoch 150/200 | loss 0.1197 | acc 96.03%
2025-12-05 00:02:23,068 [INFO]   Epoch 160/200 | loss 0.1118 | acc 96.33%
2025-12-05 00:03:05,698 [INFO]   Epoch 170/200 | loss 0.0047 | acc 100.00%
2025-12-05 00:03:36,871 [INFO]   Epoch 180/200 | loss 0.0028 | acc 100.00%
2025-12-05 00:04:00,382 [INFO]   Epoch 190/200 | loss 0.0038 | acc 99.97%
2025-12-05 00:04:24,263 [INFO]   Epoch 200/200 | loss 0.0027 | acc 100.00%
2025-12-05 00:04:26,684 [INFO]   >> Test: loss 1.6145 | acc 64.45%
2025-12-05 00:12:55,238 [INFO] Cycle 4/10
2025-12-05 00:12:55,239 [INFO] Labeled set size: 4000, Unlabeled set size: 46000
2025-12-05 00:13:00,810 [INFO]   Epoch   1/200 | loss 0.8538 | acc 75.30%
2025-12-05 00:13:52,436 [INFO]   Epoch  10/200 | loss 0.2499 | acc 91.65%
2025-12-05 00:14:49,324 [INFO]   Epoch  20/200 | loss 0.2292 | acc 92.12%
2025-12-05 00:15:47,446 [INFO]   Epoch  30/200 | loss 0.2234 | acc 92.65%
2025-12-05 00:16:46,348 [INFO]   Epoch  40/200 | loss 0.2067 | acc 93.10%
2025-12-05 00:17:44,618 [INFO]   Epoch  50/200 | loss 0.2139 | acc 92.85%
2025-12-05 00:18:42,571 [INFO]   Epoch  60/200 | loss 0.1456 | acc 94.95%
2025-12-05 00:19:40,405 [INFO]   Epoch  70/200 | loss 0.1693 | acc 94.20%
2025-12-05 00:20:38,129 [INFO]   Epoch  80/200 | loss 0.1797 | acc 94.12%
2025-12-05 00:21:35,023 [INFO]   Epoch  90/200 | loss 0.1071 | acc 96.47%
2025-12-05 00:22:31,784 [INFO]   Epoch 100/200 | loss 0.1443 | acc 95.47%
2025-12-05 00:23:29,211 [INFO]   Epoch 110/200 | loss 0.0694 | acc 97.88%
2025-12-05 00:24:26,581 [INFO]   Epoch 120/200 | loss 0.1244 | acc 96.10%
2025-12-05 00:25:23,342 [INFO]   Epoch 130/200 | loss 0.1778 | acc 94.05%
2025-12-05 00:26:20,132 [INFO]   Epoch 140/200 | loss 0.0857 | acc 97.28%
2025-12-05 00:27:16,197 [INFO]   Epoch 150/200 | loss 0.0851 | acc 97.28%
2025-12-05 00:28:12,970 [INFO]   Epoch 160/200 | loss 0.1886 | acc 93.67%
2025-12-05 00:29:09,940 [INFO]   Epoch 170/200 | loss 0.0082 | acc 99.92%
2025-12-05 00:29:50,451 [INFO]   Epoch 180/200 | loss 0.0053 | acc 100.00%
2025-12-05 00:30:21,194 [INFO]   Epoch 190/200 | loss 0.0046 | acc 99.98%
2025-12-05 00:30:51,496 [INFO]   Epoch 200/200 | loss 0.0038 | acc 99.98%
2025-12-05 00:30:54,367 [INFO]   >> Test: loss 1.1753 | acc 71.73%
2025-12-05 00:39:34,934 [INFO] Cycle 5/10
2025-12-05 00:39:34,935 [INFO] Labeled set size: 5000, Unlabeled set size: 45000
2025-12-05 00:39:41,975 [INFO]   Epoch   1/200 | loss 0.7092 | acc 78.86%
2025-12-05 00:40:44,677 [INFO]   Epoch  10/200 | loss 0.3417 | acc 88.64%
2025-12-05 00:41:54,684 [INFO]   Epoch  20/200 | loss 0.2708 | acc 91.00%
2025-12-05 00:43:03,768 [INFO]   Epoch  30/200 | loss 0.2525 | acc 91.56%
2025-12-05 00:44:15,511 [INFO]   Epoch  40/200 | loss 0.1327 | acc 95.60%
2025-12-05 00:45:27,532 [INFO]   Epoch  50/200 | loss 0.3233 | acc 88.92%
2025-12-05 00:46:38,254 [INFO]   Epoch  60/200 | loss 0.3393 | acc 88.94%
2025-12-05 00:47:48,588 [INFO]   Epoch  70/200 | loss 0.3104 | acc 89.64%
2025-12-05 00:48:59,482 [INFO]   Epoch  80/200 | loss 0.5177 | acc 83.70%
2025-12-05 00:50:10,052 [INFO]   Epoch  90/200 | loss 0.5672 | acc 80.78%
2025-12-05 00:51:20,763 [INFO]   Epoch 100/200 | loss 0.2355 | acc 92.10%
2025-12-05 00:52:31,775 [INFO]   Epoch 110/200 | loss 0.2129 | acc 93.08%
2025-12-05 00:53:42,151 [INFO]   Epoch 120/200 | loss 0.2733 | acc 90.72%
2025-12-05 00:54:52,781 [INFO]   Epoch 130/200 | loss 0.2270 | acc 92.52%
2025-12-05 00:56:03,983 [INFO]   Epoch 140/200 | loss 0.4571 | acc 85.68%
2025-12-05 00:57:14,215 [INFO]   Epoch 150/200 | loss 0.1963 | acc 93.32%
2025-12-05 00:58:25,089 [INFO]   Epoch 160/200 | loss 0.1419 | acc 95.54%
2025-12-05 00:59:35,832 [INFO]   Epoch 170/200 | loss 0.0346 | acc 99.16%
2025-12-05 01:00:30,994 [INFO]   Epoch 180/200 | loss 0.0149 | acc 99.72%
2025-12-05 01:01:08,416 [INFO]   Epoch 190/200 | loss 0.0172 | acc 99.70%
2025-12-05 01:01:45,925 [INFO]   Epoch 200/200 | loss 0.0128 | acc 99.80%
2025-12-05 01:01:48,411 [INFO]   >> Test: loss 0.9479 | acc 78.40%
2025-12-05 01:10:27,734 [INFO] Cycle 6/10
2025-12-05 01:10:27,734 [INFO] Labeled set size: 6000, Unlabeled set size: 44000
2025-12-05 01:10:36,133 [INFO]   Epoch   1/200 | loss 0.4932 | acc 85.95%
2025-12-05 01:11:51,034 [INFO]   Epoch  10/200 | loss 0.2325 | acc 91.98%
2025-12-05 01:13:14,247 [INFO]   Epoch  20/200 | loss 0.1777 | acc 94.18%
2025-12-05 01:14:38,352 [INFO]   Epoch  30/200 | loss 0.1898 | acc 93.57%
2025-12-05 01:16:02,130 [INFO]   Epoch  40/200 | loss 0.2098 | acc 92.97%
2025-12-05 01:17:25,671 [INFO]   Epoch  50/200 | loss 0.1519 | acc 95.22%
2025-12-05 01:18:49,172 [INFO]   Epoch  60/200 | loss 0.2173 | acc 93.10%
2025-12-05 01:20:13,884 [INFO]   Epoch  70/200 | loss 0.1735 | acc 94.32%
2025-12-05 01:21:38,375 [INFO]   Epoch  80/200 | loss 0.1616 | acc 94.78%
2025-12-05 01:23:02,664 [INFO]   Epoch  90/200 | loss 0.1604 | acc 94.83%
2025-12-05 01:24:26,737 [INFO]   Epoch 100/200 | loss 0.1165 | acc 96.38%
2025-12-05 01:25:50,846 [INFO]   Epoch 110/200 | loss 0.1497 | acc 94.98%
2025-12-05 01:27:14,265 [INFO]   Epoch 120/200 | loss 0.1665 | acc 94.05%
2025-12-05 01:28:37,710 [INFO]   Epoch 130/200 | loss 0.1437 | acc 95.53%
2025-12-05 01:30:01,310 [INFO]   Epoch 140/200 | loss 0.1427 | acc 95.00%
2025-12-05 01:31:24,606 [INFO]   Epoch 150/200 | loss 0.1632 | acc 94.42%
2025-12-05 01:32:48,341 [INFO]   Epoch 160/200 | loss 0.1334 | acc 95.47%
2025-12-05 01:34:12,632 [INFO]   Epoch 170/200 | loss 0.0065 | acc 99.93%
2025-12-05 01:35:27,452 [INFO]   Epoch 180/200 | loss 0.0043 | acc 99.97%
2025-12-05 01:36:13,590 [INFO]   Epoch 190/200 | loss 0.0029 | acc 100.00%
2025-12-05 01:36:57,181 [INFO]   Epoch 200/200 | loss 0.0032 | acc 99.98%
2025-12-05 01:36:59,684 [INFO]   >> Test: loss 0.6774 | acc 83.14%
2025-12-05 01:45:35,577 [INFO] Cycle 7/10
2025-12-05 01:45:35,578 [INFO] Labeled set size: 7000, Unlabeled set size: 43000
2025-12-05 01:45:45,322 [INFO]   Epoch   1/200 | loss 0.4929 | acc 84.93%
2025-12-05 01:47:13,127 [INFO]   Epoch  10/200 | loss 0.2687 | acc 90.86%
2025-12-05 01:48:51,033 [INFO]   Epoch  20/200 | loss 0.1845 | acc 93.80%
2025-12-05 01:50:28,691 [INFO]   Epoch  30/200 | loss 0.1490 | acc 95.07%
2025-12-05 01:52:05,838 [INFO]   Epoch  40/200 | loss 0.1959 | acc 93.69%
2025-12-05 01:53:43,152 [INFO]   Epoch  50/200 | loss 0.2126 | acc 92.90%
2025-12-05 01:55:21,479 [INFO]   Epoch  60/200 | loss 0.2160 | acc 92.90%
2025-12-05 01:56:59,372 [INFO]   Epoch  70/200 | loss 0.1963 | acc 93.29%
2025-12-05 01:58:36,533 [INFO]   Epoch  80/200 | loss 0.1708 | acc 94.16%
2025-12-05 02:00:13,573 [INFO]   Epoch  90/200 | loss 0.2238 | acc 92.73%
2025-12-05 02:01:51,853 [INFO]   Epoch 100/200 | loss 0.1578 | acc 94.77%
2025-12-05 02:03:30,943 [INFO]   Epoch 110/200 | loss 0.1810 | acc 93.84%
2025-12-05 02:05:09,664 [INFO]   Epoch 120/200 | loss 0.1897 | acc 93.47%
2025-12-05 02:06:47,458 [INFO]   Epoch 130/200 | loss 0.1384 | acc 95.36%
2025-12-05 02:08:25,091 [INFO]   Epoch 140/200 | loss 0.1778 | acc 94.10%
2025-12-05 02:10:03,012 [INFO]   Epoch 150/200 | loss 0.1676 | acc 94.36%
2025-12-05 02:11:41,205 [INFO]   Epoch 160/200 | loss 0.1641 | acc 94.61%
2025-12-05 02:13:19,313 [INFO]   Epoch 170/200 | loss 0.0089 | acc 99.93%
2025-12-05 02:14:52,709 [INFO]   Epoch 180/200 | loss 0.0048 | acc 99.97%
2025-12-05 02:15:47,459 [INFO]   Epoch 190/200 | loss 0.0040 | acc 99.99%
2025-12-05 02:16:38,217 [INFO]   Epoch 200/200 | loss 0.0034 | acc 100.00%
2025-12-05 02:16:40,731 [INFO]   >> Test: loss 0.5972 | acc 84.89%
2025-12-05 02:23:43,425 [INFO] Cycle 8/10
2025-12-05 02:23:43,425 [INFO] Labeled set size: 8000, Unlabeled set size: 42000
2025-12-05 02:23:52,740 [INFO]   Epoch   1/200 | loss 0.5024 | acc 84.05%
2025-12-05 02:25:16,591 [INFO]   Epoch  10/200 | loss 0.2519 | acc 91.65%
2025-12-05 02:26:47,702 [INFO]   Epoch  20/200 | loss 0.2241 | acc 92.38%
2025-12-05 02:28:19,138 [INFO]   Epoch  30/200 | loss 0.2313 | acc 92.16%
2025-12-05 02:29:51,942 [INFO]   Epoch  40/200 | loss 0.2209 | acc 92.81%
2025-12-05 02:31:24,167 [INFO]   Epoch  50/200 | loss 0.2095 | acc 92.88%
2025-12-05 02:32:57,120 [INFO]   Epoch  60/200 | loss 0.1993 | acc 92.91%
2025-12-05 02:34:30,761 [INFO]   Epoch  70/200 | loss 0.2295 | acc 92.67%
2025-12-05 02:36:03,564 [INFO]   Epoch  80/200 | loss 0.1582 | acc 94.81%
2025-12-05 02:37:35,851 [INFO]   Epoch  90/200 | loss 0.2060 | acc 93.06%
2025-12-05 02:39:08,317 [INFO]   Epoch 100/200 | loss 0.2168 | acc 92.70%
2025-12-05 02:40:41,070 [INFO]   Epoch 110/200 | loss 0.1707 | acc 94.03%
2025-12-05 02:42:13,583 [INFO]   Epoch 120/200 | loss 0.2163 | acc 92.47%
2025-12-05 02:43:46,103 [INFO]   Epoch 130/200 | loss 0.1911 | acc 93.64%
2025-12-05 02:45:18,699 [INFO]   Epoch 140/200 | loss 0.1805 | acc 93.97%
2025-12-05 02:46:50,949 [INFO]   Epoch 150/200 | loss 0.2015 | acc 93.35%
2025-12-05 02:48:23,624 [INFO]   Epoch 160/200 | loss 0.1393 | acc 95.41%
2025-12-05 02:49:56,508 [INFO]   Epoch 170/200 | loss 0.0087 | acc 99.92%
2025-12-05 02:51:28,720 [INFO]   Epoch 180/200 | loss 0.0053 | acc 99.98%
2025-12-05 02:52:18,672 [INFO]   Epoch 190/200 | loss 0.0040 | acc 100.00%
2025-12-05 02:52:56,513 [INFO]   Epoch 200/200 | loss 0.0038 | acc 99.99%
2025-12-05 02:52:58,232 [INFO]   >> Test: loss 0.4969 | acc 87.24%
2025-12-05 02:58:52,820 [INFO] Cycle 9/10
2025-12-05 02:58:52,821 [INFO] Labeled set size: 9000, Unlabeled set size: 41000
2025-12-05 02:59:03,231 [INFO]   Epoch   1/200 | loss 0.5003 | acc 84.21%
2025-12-05 03:00:36,966 [INFO]   Epoch  10/200 | loss 0.2958 | acc 89.67%
2025-12-05 03:02:20,979 [INFO]   Epoch  20/200 | loss 0.2857 | acc 90.21%
2025-12-05 03:04:06,019 [INFO]   Epoch  30/200 | loss 0.2382 | acc 91.86%
2025-12-05 03:05:51,289 [INFO]   Epoch  40/200 | loss 0.2088 | acc 92.97%
2025-12-05 03:07:36,702 [INFO]   Epoch  50/200 | loss 0.2007 | acc 93.21%
2025-12-05 03:09:21,173 [INFO]   Epoch  60/200 | loss 0.2370 | acc 92.39%
2025-12-05 03:11:05,260 [INFO]   Epoch  70/200 | loss 0.1987 | acc 93.28%
2025-12-05 03:12:49,323 [INFO]   Epoch  80/200 | loss 0.2231 | acc 92.53%
2025-12-05 03:14:33,528 [INFO]   Epoch  90/200 | loss 0.2135 | acc 92.94%
2025-12-05 03:16:17,516 [INFO]   Epoch 100/200 | loss 0.2565 | acc 91.46%
2025-12-05 03:18:01,674 [INFO]   Epoch 110/200 | loss 0.2317 | acc 92.37%
2025-12-05 03:19:46,690 [INFO]   Epoch 120/200 | loss 0.2468 | acc 91.98%
2025-12-05 03:21:31,833 [INFO]   Epoch 130/200 | loss 0.2290 | acc 92.14%
2025-12-05 03:23:16,310 [INFO]   Epoch 140/200 | loss 0.2151 | acc 92.69%
2025-12-05 03:25:00,985 [INFO]   Epoch 150/200 | loss 0.2001 | acc 93.48%
2025-12-05 03:26:46,228 [INFO]   Epoch 160/200 | loss 0.2369 | acc 92.07%
2025-12-05 03:28:30,977 [INFO]   Epoch 170/200 | loss 0.0109 | acc 99.88%
2025-12-05 03:30:15,778 [INFO]   Epoch 180/200 | loss 0.0069 | acc 99.94%
2025-12-05 03:31:19,105 [INFO]   Epoch 190/200 | loss 0.0044 | acc 99.96%
2025-12-05 03:32:00,880 [INFO]   Epoch 200/200 | loss 0.0047 | acc 99.98%
2025-12-05 03:32:02,663 [INFO]   >> Test: loss 0.4376 | acc 88.52%
2025-12-05 03:37:54,941 [INFO] Cycle 10/10
2025-12-05 03:37:54,941 [INFO] Labeled set size: 10000, Unlabeled set size: 40000
2025-12-05 03:38:06,216 [INFO]   Epoch   1/200 | loss 0.4917 | acc 84.28%
2025-12-05 03:39:48,931 [INFO]   Epoch  10/200 | loss 0.3207 | acc 89.23%
2025-12-05 03:41:44,096 [INFO]   Epoch  20/200 | loss 0.2657 | acc 90.93%
2025-12-05 03:43:39,557 [INFO]   Epoch  30/200 | loss 0.3613 | acc 87.76%
2025-12-05 03:45:35,322 [INFO]   Epoch  40/200 | loss 0.3340 | acc 88.69%
2025-12-05 03:47:31,791 [INFO]   Epoch  50/200 | loss 0.3096 | acc 89.67%
2025-12-05 03:49:27,154 [INFO]   Epoch  60/200 | loss 0.3380 | acc 88.64%
2025-12-05 03:51:22,914 [INFO]   Epoch  70/200 | loss 0.2802 | acc 90.57%
2025-12-05 03:53:19,694 [INFO]   Epoch  80/200 | loss 0.2420 | acc 91.97%
2025-12-05 03:55:14,577 [INFO]   Epoch  90/200 | loss 0.3340 | acc 88.56%
2025-12-05 03:57:08,493 [INFO]   Epoch 100/200 | loss 0.3426 | acc 88.13%
2025-12-05 03:59:02,519 [INFO]   Epoch 110/200 | loss 0.2311 | acc 92.38%
2025-12-05 04:00:57,047 [INFO]   Epoch 120/200 | loss 0.3191 | acc 88.99%
2025-12-05 04:02:52,344 [INFO]   Epoch 130/200 | loss 0.3866 | acc 86.86%
2025-12-05 04:04:46,406 [INFO]   Epoch 140/200 | loss 0.2172 | acc 92.77%
2025-12-05 04:06:40,537 [INFO]   Epoch 150/200 | loss 0.3419 | acc 88.38%
2025-12-05 04:08:34,617 [INFO]   Epoch 160/200 | loss 0.2409 | acc 91.60%
2025-12-05 04:10:28,765 [INFO]   Epoch 170/200 | loss 0.0139 | acc 99.82%
2025-12-05 04:12:20,746 [INFO]   Epoch 180/200 | loss 0.0071 | acc 99.95%
2025-12-05 04:13:35,856 [INFO]   Epoch 190/200 | loss 0.0077 | acc 99.94%
2025-12-05 04:14:22,379 [INFO]   Epoch 200/200 | loss 0.0057 | acc 99.91%
2025-12-05 04:14:24,270 [INFO]   >> Test: loss 0.4015 | acc 89.82%
2025-12-05 04:18:18,323 [INFO] Saved checkpoint to: ./checkpoints/cifar10/resnet18_DQN_500.pth
