2025-12-04 23:19:52,066 [INFO] 로그 파일 경로: logs/cifar10/DQN_400step_20251204_231952.log
2025-12-04 23:19:52,153 [INFO] Using device: cuda:0
2025-12-04 23:20:03,139 [INFO] Cycle 1/10
2025-12-04 23:20:03,139 [INFO] Labeled set size: 1000, Unlabeled set size: 49000
2025-12-04 23:20:07,148 [INFO]   Epoch   1/200 | loss 3.6607 | acc 11.40%
2025-12-04 23:20:20,198 [INFO]   Epoch  10/200 | loss 1.9422 | acc 26.00%
2025-12-04 23:20:35,357 [INFO]   Epoch  20/200 | loss 1.6431 | acc 36.90%
2025-12-04 23:20:50,595 [INFO]   Epoch  30/200 | loss 1.4781 | acc 42.90%
2025-12-04 23:21:04,429 [INFO]   Epoch  40/200 | loss 1.2068 | acc 55.30%
2025-12-04 23:21:21,366 [INFO]   Epoch  50/200 | loss 1.0527 | acc 61.20%
2025-12-04 23:21:36,929 [INFO]   Epoch  60/200 | loss 0.8265 | acc 70.00%
2025-12-04 23:21:50,909 [INFO]   Epoch  70/200 | loss 0.5250 | acc 79.20%
2025-12-04 23:22:06,028 [INFO]   Epoch  80/200 | loss 0.3467 | acc 87.60%
2025-12-04 23:22:21,519 [INFO]   Epoch  90/200 | loss 0.2755 | acc 90.60%
2025-12-04 23:22:37,825 [INFO]   Epoch 100/200 | loss 0.1925 | acc 94.10%
2025-12-04 23:22:53,366 [INFO]   Epoch 110/200 | loss 0.1907 | acc 94.00%
2025-12-04 23:23:07,210 [INFO]   Epoch 120/200 | loss 0.1124 | acc 96.20%
2025-12-04 23:23:22,214 [INFO]   Epoch 130/200 | loss 0.1055 | acc 96.80%
2025-12-04 23:23:36,595 [INFO]   Epoch 140/200 | loss 0.0912 | acc 96.70%
2025-12-04 23:23:51,373 [INFO]   Epoch 150/200 | loss 0.0523 | acc 98.50%
2025-12-04 23:24:07,148 [INFO]   Epoch 160/200 | loss 0.0736 | acc 98.20%
2025-12-04 23:24:21,987 [INFO]   Epoch 170/200 | loss 0.0069 | acc 100.00%
2025-12-04 23:24:37,911 [INFO]   Epoch 180/200 | loss 0.0089 | acc 99.90%
2025-12-04 23:24:52,838 [INFO]   Epoch 190/200 | loss 0.0058 | acc 99.90%
2025-12-04 23:25:05,850 [INFO]   Epoch 200/200 | loss 0.0056 | acc 100.00%
2025-12-04 23:25:08,799 [INFO]   >> Test: loss 3.2378 | acc 46.15%
2025-12-04 23:32:37,193 [INFO] Cycle 2/10
2025-12-04 23:32:37,193 [INFO] Labeled set size: 2000, Unlabeled set size: 48000
2025-12-04 23:32:39,368 [INFO]   Epoch   1/200 | loss 1.5931 | acc 59.45%
2025-12-04 23:33:02,530 [INFO]   Epoch  10/200 | loss 0.5567 | acc 80.10%
2025-12-04 23:33:30,170 [INFO]   Epoch  20/200 | loss 0.3370 | acc 88.25%
2025-12-04 23:33:57,750 [INFO]   Epoch  30/200 | loss 0.2717 | acc 89.85%
2025-12-04 23:34:26,548 [INFO]   Epoch  40/200 | loss 0.2039 | acc 92.75%
2025-12-04 23:34:54,570 [INFO]   Epoch  50/200 | loss 0.1277 | acc 95.45%
2025-12-04 23:35:23,221 [INFO]   Epoch  60/200 | loss 0.1230 | acc 95.85%
2025-12-04 23:35:52,592 [INFO]   Epoch  70/200 | loss 0.1671 | acc 94.55%
2025-12-04 23:36:19,876 [INFO]   Epoch  80/200 | loss 0.1004 | acc 96.80%
2025-12-04 23:36:49,328 [INFO]   Epoch  90/200 | loss 0.0929 | acc 96.90%
2025-12-04 23:37:17,026 [INFO]   Epoch 100/200 | loss 0.0619 | acc 98.20%
2025-12-04 23:37:46,691 [INFO]   Epoch 110/200 | loss 0.1129 | acc 96.55%
2025-12-04 23:38:14,548 [INFO]   Epoch 120/200 | loss 0.1500 | acc 94.60%
2025-12-04 23:38:42,815 [INFO]   Epoch 130/200 | loss 0.0624 | acc 97.95%
2025-12-04 23:39:10,539 [INFO]   Epoch 140/200 | loss 0.0801 | acc 97.55%
2025-12-04 23:39:38,827 [INFO]   Epoch 150/200 | loss 0.0495 | acc 98.65%
2025-12-04 23:40:06,157 [INFO]   Epoch 160/200 | loss 0.1035 | acc 96.25%
2025-12-04 23:40:34,526 [INFO]   Epoch 170/200 | loss 0.0055 | acc 100.00%
2025-12-04 23:41:02,279 [INFO]   Epoch 180/200 | loss 0.0045 | acc 100.00%
2025-12-04 23:41:29,988 [INFO]   Epoch 190/200 | loss 0.0037 | acc 99.95%
2025-12-04 23:41:54,209 [INFO]   Epoch 200/200 | loss 0.0029 | acc 100.00%
2025-12-04 23:41:57,033 [INFO]   >> Test: loss 2.2288 | acc 54.83%
2025-12-04 23:49:44,012 [INFO] Cycle 3/10
2025-12-04 23:49:44,012 [INFO] Labeled set size: 3000, Unlabeled set size: 47000
2025-12-04 23:49:47,824 [INFO]   Epoch   1/200 | loss 1.3472 | acc 62.77%
2025-12-04 23:50:21,584 [INFO]   Epoch  10/200 | loss 0.4639 | acc 84.80%
2025-12-04 23:51:00,238 [INFO]   Epoch  20/200 | loss 0.2770 | acc 90.73%
2025-12-04 23:51:42,614 [INFO]   Epoch  30/200 | loss 0.1882 | acc 93.67%
2025-12-04 23:52:24,966 [INFO]   Epoch  40/200 | loss 0.1462 | acc 95.47%
2025-12-04 23:53:07,025 [INFO]   Epoch  50/200 | loss 0.1390 | acc 95.60%
2025-12-04 23:53:49,690 [INFO]   Epoch  60/200 | loss 0.1440 | acc 95.03%
2025-12-04 23:54:31,285 [INFO]   Epoch  70/200 | loss 0.1441 | acc 95.57%
2025-12-04 23:55:13,453 [INFO]   Epoch  80/200 | loss 0.1383 | acc 95.37%
2025-12-04 23:55:54,130 [INFO]   Epoch  90/200 | loss 0.1494 | acc 94.83%
2025-12-04 23:56:37,747 [INFO]   Epoch 100/200 | loss 0.1386 | acc 95.30%
2025-12-04 23:57:17,940 [INFO]   Epoch 110/200 | loss 0.1561 | acc 94.80%
2025-12-04 23:58:01,863 [INFO]   Epoch 120/200 | loss 0.0556 | acc 98.20%
2025-12-04 23:58:43,976 [INFO]   Epoch 130/200 | loss 0.1419 | acc 95.60%
2025-12-04 23:59:25,123 [INFO]   Epoch 140/200 | loss 0.1569 | acc 94.63%
2025-12-05 00:00:07,722 [INFO]   Epoch 150/200 | loss 0.0820 | acc 97.17%
2025-12-05 00:00:49,572 [INFO]   Epoch 160/200 | loss 0.1273 | acc 96.27%
2025-12-05 00:01:30,952 [INFO]   Epoch 170/200 | loss 0.0071 | acc 99.93%
2025-12-05 00:02:13,435 [INFO]   Epoch 180/200 | loss 0.0041 | acc 100.00%
2025-12-05 00:02:53,917 [INFO]   Epoch 190/200 | loss 0.0030 | acc 100.00%
2025-12-05 00:03:29,495 [INFO]   Epoch 200/200 | loss 0.0026 | acc 100.00%
2025-12-05 00:03:32,810 [INFO]   >> Test: loss 1.6227 | acc 63.92%
2025-12-05 00:11:25,163 [INFO] Cycle 4/10
2025-12-05 00:11:25,163 [INFO] Labeled set size: 4000, Unlabeled set size: 46000
2025-12-05 00:11:30,241 [INFO]   Epoch   1/200 | loss 0.9077 | acc 74.38%
2025-12-05 00:12:15,326 [INFO]   Epoch  10/200 | loss 0.3241 | acc 89.38%
2025-12-05 00:13:05,726 [INFO]   Epoch  20/200 | loss 0.2549 | acc 91.33%
2025-12-05 00:14:01,373 [INFO]   Epoch  30/200 | loss 0.1493 | acc 95.08%
2025-12-05 00:14:57,104 [INFO]   Epoch  40/200 | loss 0.1588 | acc 94.75%
2025-12-05 00:15:53,313 [INFO]   Epoch  50/200 | loss 0.1624 | acc 94.60%
2025-12-05 00:16:52,144 [INFO]   Epoch  60/200 | loss 0.1295 | acc 95.95%
2025-12-05 00:17:49,126 [INFO]   Epoch  70/200 | loss 0.1602 | acc 95.08%
2025-12-05 00:18:42,553 [INFO]   Epoch  80/200 | loss 0.0831 | acc 97.28%
2025-12-05 00:19:40,296 [INFO]   Epoch  90/200 | loss 0.0893 | acc 97.20%
2025-12-05 00:20:35,422 [INFO]   Epoch 100/200 | loss 0.0633 | acc 98.15%
2025-12-05 00:21:30,689 [INFO]   Epoch 110/200 | loss 0.1200 | acc 96.08%
2025-12-05 00:22:26,378 [INFO]   Epoch 120/200 | loss 0.1139 | acc 96.20%
2025-12-05 00:23:22,966 [INFO]   Epoch 130/200 | loss 0.1885 | acc 93.73%
2025-12-05 00:24:17,434 [INFO]   Epoch 140/200 | loss 0.1649 | acc 94.65%
2025-12-05 00:25:12,537 [INFO]   Epoch 150/200 | loss 0.0995 | acc 96.85%
2025-12-05 00:26:08,507 [INFO]   Epoch 160/200 | loss 0.1533 | acc 95.10%
2025-12-05 00:27:04,556 [INFO]   Epoch 170/200 | loss 0.0078 | acc 99.95%
2025-12-05 00:28:00,455 [INFO]   Epoch 180/200 | loss 0.0056 | acc 99.98%
2025-12-05 00:28:55,668 [INFO]   Epoch 190/200 | loss 0.0031 | acc 100.00%
2025-12-05 00:29:42,085 [INFO]   Epoch 200/200 | loss 0.0028 | acc 100.00%
2025-12-05 00:29:44,850 [INFO]   >> Test: loss 1.1998 | acc 72.07%
2025-12-05 00:37:39,572 [INFO] Cycle 5/10
2025-12-05 00:37:39,573 [INFO] Labeled set size: 5000, Unlabeled set size: 45000
2025-12-05 00:37:45,746 [INFO]   Epoch   1/200 | loss 0.6753 | acc 80.06%
2025-12-05 00:38:42,159 [INFO]   Epoch  10/200 | loss 0.4085 | acc 86.38%
2025-12-05 00:39:44,785 [INFO]   Epoch  20/200 | loss 0.4208 | acc 86.26%
2025-12-05 00:40:55,555 [INFO]   Epoch  30/200 | loss 0.4065 | acc 86.02%
2025-12-05 00:42:06,320 [INFO]   Epoch  40/200 | loss 0.3163 | acc 89.44%
2025-12-05 00:43:18,171 [INFO]   Epoch  50/200 | loss 0.3077 | acc 90.04%
2025-12-05 00:44:29,854 [INFO]   Epoch  60/200 | loss 0.4083 | acc 86.66%
2025-12-05 00:45:40,688 [INFO]   Epoch  70/200 | loss 0.3354 | acc 89.04%
2025-12-05 00:46:48,392 [INFO]   Epoch  80/200 | loss 0.2961 | acc 90.76%
2025-12-05 00:47:57,859 [INFO]   Epoch  90/200 | loss 0.2954 | acc 90.74%
2025-12-05 00:49:06,862 [INFO]   Epoch 100/200 | loss 0.1150 | acc 96.22%
2025-12-05 00:50:17,122 [INFO]   Epoch 110/200 | loss 0.1340 | acc 95.64%
2025-12-05 00:51:26,546 [INFO]   Epoch 120/200 | loss 0.3933 | acc 86.52%
2025-12-05 00:52:35,178 [INFO]   Epoch 130/200 | loss 0.0922 | acc 97.00%
2025-12-05 00:53:44,467 [INFO]   Epoch 140/200 | loss 0.2661 | acc 91.72%
2025-12-05 00:54:53,530 [INFO]   Epoch 150/200 | loss 0.7445 | acc 77.02%
2025-12-05 00:56:03,833 [INFO]   Epoch 160/200 | loss 0.3286 | acc 89.16%
2025-12-05 00:57:13,924 [INFO]   Epoch 170/200 | loss 0.0326 | acc 99.34%
2025-12-05 00:58:23,370 [INFO]   Epoch 180/200 | loss 0.0358 | acc 99.40%
2025-12-05 00:59:32,374 [INFO]   Epoch 190/200 | loss 0.0269 | acc 99.46%
2025-12-05 01:00:28,728 [INFO]   Epoch 200/200 | loss 0.0103 | acc 99.86%
2025-12-05 01:00:31,783 [INFO]   >> Test: loss 0.8683 | acc 79.73%
2025-12-05 01:08:25,219 [INFO] Cycle 6/10
2025-12-05 01:08:25,219 [INFO] Labeled set size: 6000, Unlabeled set size: 44000
2025-12-05 01:08:32,567 [INFO]   Epoch   1/200 | loss 0.4557 | acc 86.43%
2025-12-05 01:09:38,701 [INFO]   Epoch  10/200 | loss 0.2640 | acc 90.98%
2025-12-05 01:10:53,665 [INFO]   Epoch  20/200 | loss 0.1708 | acc 94.40%
2025-12-05 01:12:16,784 [INFO]   Epoch  30/200 | loss 0.1789 | acc 94.25%
2025-12-05 01:13:39,636 [INFO]   Epoch  40/200 | loss 0.1606 | acc 94.57%
2025-12-05 01:15:03,492 [INFO]   Epoch  50/200 | loss 0.1825 | acc 93.85%
2025-12-05 01:16:26,503 [INFO]   Epoch  60/200 | loss 0.1981 | acc 93.42%
2025-12-05 01:17:49,623 [INFO]   Epoch  70/200 | loss 0.1472 | acc 95.40%
2025-12-05 01:19:14,393 [INFO]   Epoch  80/200 | loss 0.1646 | acc 94.72%
2025-12-05 01:20:38,958 [INFO]   Epoch  90/200 | loss 0.1761 | acc 94.30%
2025-12-05 01:22:02,456 [INFO]   Epoch 100/200 | loss 0.1830 | acc 93.73%
2025-12-05 01:23:24,943 [INFO]   Epoch 110/200 | loss 0.2082 | acc 92.40%
2025-12-05 01:24:47,647 [INFO]   Epoch 120/200 | loss 0.1366 | acc 95.82%
2025-12-05 01:26:10,157 [INFO]   Epoch 130/200 | loss 0.1536 | acc 94.88%
2025-12-05 01:27:33,019 [INFO]   Epoch 140/200 | loss 0.2049 | acc 92.93%
2025-12-05 01:28:56,169 [INFO]   Epoch 150/200 | loss 0.1817 | acc 93.95%
2025-12-05 01:30:19,208 [INFO]   Epoch 160/200 | loss 0.1586 | acc 94.80%
2025-12-05 01:31:42,225 [INFO]   Epoch 170/200 | loss 0.0083 | acc 99.95%
2025-12-05 01:33:05,401 [INFO]   Epoch 180/200 | loss 0.0051 | acc 99.97%
2025-12-05 01:34:29,501 [INFO]   Epoch 190/200 | loss 0.0042 | acc 99.97%
2025-12-05 01:35:37,788 [INFO]   Epoch 200/200 | loss 0.0033 | acc 100.00%
2025-12-05 01:35:40,784 [INFO]   >> Test: loss 0.6277 | acc 83.76%
2025-12-05 01:43:28,038 [INFO] Cycle 7/10
2025-12-05 01:43:28,038 [INFO] Labeled set size: 7000, Unlabeled set size: 43000
2025-12-05 01:43:36,782 [INFO]   Epoch   1/200 | loss 0.1377 | acc 95.87%
2025-12-05 01:44:54,474 [INFO]   Epoch  10/200 | loss 0.2041 | acc 93.14%
2025-12-05 01:46:25,826 [INFO]   Epoch  20/200 | loss 0.1636 | acc 94.57%
2025-12-05 01:48:03,301 [INFO]   Epoch  30/200 | loss 0.1746 | acc 94.23%
2025-12-05 01:49:40,789 [INFO]   Epoch  40/200 | loss 0.1972 | acc 93.30%
2025-12-05 01:51:18,198 [INFO]   Epoch  50/200 | loss 0.1582 | acc 94.70%
2025-12-05 01:52:55,084 [INFO]   Epoch  60/200 | loss 0.1872 | acc 93.63%
2025-12-05 01:54:32,515 [INFO]   Epoch  70/200 | loss 0.1993 | acc 93.56%
2025-12-05 01:56:10,259 [INFO]   Epoch  80/200 | loss 0.1516 | acc 95.16%
2025-12-05 01:57:47,695 [INFO]   Epoch  90/200 | loss 0.1687 | acc 94.49%
2025-12-05 01:59:24,596 [INFO]   Epoch 100/200 | loss 0.1564 | acc 95.10%
2025-12-05 02:01:01,490 [INFO]   Epoch 110/200 | loss 0.1777 | acc 94.16%
2025-12-05 02:02:36,558 [INFO]   Epoch 120/200 | loss 0.1564 | acc 94.71%
2025-12-05 02:04:10,789 [INFO]   Epoch 130/200 | loss 0.1385 | acc 95.56%
2025-12-05 02:05:48,745 [INFO]   Epoch 140/200 | loss 0.1543 | acc 94.60%
2025-12-05 02:07:26,438 [INFO]   Epoch 150/200 | loss 0.1826 | acc 93.87%
2025-12-05 02:09:04,241 [INFO]   Epoch 160/200 | loss 0.1699 | acc 94.20%
2025-12-05 02:10:42,070 [INFO]   Epoch 170/200 | loss 0.0085 | acc 99.91%
2025-12-05 02:12:19,309 [INFO]   Epoch 180/200 | loss 0.0049 | acc 100.00%
2025-12-05 02:13:55,526 [INFO]   Epoch 190/200 | loss 0.0042 | acc 99.99%
2025-12-05 02:15:14,543 [INFO]   Epoch 200/200 | loss 0.0030 | acc 100.00%
2025-12-05 02:15:17,986 [INFO]   >> Test: loss 0.5907 | acc 84.72%
2025-12-05 02:21:53,098 [INFO] Cycle 8/10
2025-12-05 02:21:53,098 [INFO] Labeled set size: 8000, Unlabeled set size: 42000
2025-12-05 02:22:00,996 [INFO]   Epoch   1/200 | loss 0.4937 | acc 84.89%
2025-12-05 02:23:12,690 [INFO]   Epoch  10/200 | loss 0.2761 | acc 90.56%
2025-12-05 02:24:39,534 [INFO]   Epoch  20/200 | loss 0.1902 | acc 93.40%
2025-12-05 02:26:11,135 [INFO]   Epoch  30/200 | loss 0.2207 | acc 92.47%
2025-12-05 02:27:42,059 [INFO]   Epoch  40/200 | loss 0.1890 | acc 93.54%
2025-12-05 02:29:14,812 [INFO]   Epoch  50/200 | loss 0.1678 | acc 94.70%
2025-12-05 02:30:47,138 [INFO]   Epoch  60/200 | loss 0.1632 | acc 94.44%
2025-12-05 02:32:19,675 [INFO]   Epoch  70/200 | loss 0.2241 | acc 92.47%
2025-12-05 02:33:52,821 [INFO]   Epoch  80/200 | loss 0.1922 | acc 93.36%
2025-12-05 02:35:25,074 [INFO]   Epoch  90/200 | loss 0.2221 | acc 92.44%
2025-12-05 02:36:57,332 [INFO]   Epoch 100/200 | loss 0.1616 | acc 94.74%
2025-12-05 02:38:29,706 [INFO]   Epoch 110/200 | loss 0.2145 | acc 92.91%
2025-12-05 02:40:01,684 [INFO]   Epoch 120/200 | loss 0.1914 | acc 93.42%
2025-12-05 02:41:33,829 [INFO]   Epoch 130/200 | loss 0.1783 | acc 94.09%
2025-12-05 02:43:06,119 [INFO]   Epoch 140/200 | loss 0.1721 | acc 94.41%
2025-12-05 02:44:38,259 [INFO]   Epoch 150/200 | loss 0.1836 | acc 93.69%
2025-12-05 02:46:10,378 [INFO]   Epoch 160/200 | loss 0.1886 | acc 93.89%
2025-12-05 02:47:42,441 [INFO]   Epoch 170/200 | loss 0.0091 | acc 99.90%
2025-12-05 02:49:14,605 [INFO]   Epoch 180/200 | loss 0.0055 | acc 99.98%
2025-12-05 02:50:46,122 [INFO]   Epoch 190/200 | loss 0.0044 | acc 99.98%
2025-12-05 02:51:59,039 [INFO]   Epoch 200/200 | loss 0.0037 | acc 99.99%
2025-12-05 02:52:01,619 [INFO]   >> Test: loss 0.5166 | acc 86.75%
2025-12-05 02:57:10,511 [INFO] Cycle 9/10
2025-12-05 02:57:10,511 [INFO] Labeled set size: 9000, Unlabeled set size: 41000
2025-12-05 02:57:19,402 [INFO]   Epoch   1/200 | loss 0.5442 | acc 82.42%
2025-12-05 02:58:39,053 [INFO]   Epoch  10/200 | loss 0.2997 | acc 90.06%
2025-12-05 03:00:20,077 [INFO]   Epoch  20/200 | loss 0.2327 | acc 92.36%
2025-12-05 03:02:04,115 [INFO]   Epoch  30/200 | loss 0.2593 | acc 91.32%
2025-12-05 03:03:47,148 [INFO]   Epoch  40/200 | loss 0.2366 | acc 91.94%
2025-12-05 03:05:30,496 [INFO]   Epoch  50/200 | loss 0.2097 | acc 93.23%
2025-12-05 03:07:15,643 [INFO]   Epoch  60/200 | loss 0.1958 | acc 93.13%
2025-12-05 03:08:59,893 [INFO]   Epoch  70/200 | loss 0.2123 | acc 92.51%
2025-12-05 03:10:43,945 [INFO]   Epoch  80/200 | loss 0.1713 | acc 94.27%
2025-12-05 03:12:27,651 [INFO]   Epoch  90/200 | loss 0.1838 | acc 93.91%
2025-12-05 03:14:11,537 [INFO]   Epoch 100/200 | loss 0.1849 | acc 93.89%
2025-12-05 03:15:55,092 [INFO]   Epoch 110/200 | loss 0.2164 | acc 92.71%
2025-12-05 03:17:38,787 [INFO]   Epoch 120/200 | loss 0.1998 | acc 93.37%
2025-12-05 03:19:22,088 [INFO]   Epoch 130/200 | loss 0.2431 | acc 92.02%
2025-12-05 03:21:05,002 [INFO]   Epoch 140/200 | loss 0.1942 | acc 93.43%
2025-12-05 03:22:47,890 [INFO]   Epoch 150/200 | loss 0.1891 | acc 93.61%
2025-12-05 03:24:31,231 [INFO]   Epoch 160/200 | loss 0.2272 | acc 92.41%
2025-12-05 03:26:14,796 [INFO]   Epoch 170/200 | loss 0.0114 | acc 99.80%
2025-12-05 03:27:59,334 [INFO]   Epoch 180/200 | loss 0.0059 | acc 99.96%
2025-12-05 03:29:44,503 [INFO]   Epoch 190/200 | loss 0.0047 | acc 99.97%
2025-12-05 03:31:06,057 [INFO]   Epoch 200/200 | loss 0.0040 | acc 99.99%
2025-12-05 03:31:08,637 [INFO]   >> Test: loss 0.4528 | acc 88.14%
2025-12-05 03:36:14,579 [INFO] Cycle 10/10
2025-12-05 03:36:14,579 [INFO] Labeled set size: 10000, Unlabeled set size: 40000
2025-12-05 03:36:24,350 [INFO]   Epoch   1/200 | loss 0.4892 | acc 84.07%
2025-12-05 03:37:53,424 [INFO]   Epoch  10/200 | loss 0.2671 | acc 90.82%
2025-12-05 03:39:47,899 [INFO]   Epoch  20/200 | loss 0.2464 | acc 91.24%
2025-12-05 03:41:43,028 [INFO]   Epoch  30/200 | loss 0.3670 | acc 87.54%
2025-12-05 03:43:37,728 [INFO]   Epoch  40/200 | loss 0.3235 | acc 88.96%
2025-12-05 03:45:31,881 [INFO]   Epoch  50/200 | loss 0.3527 | acc 88.30%
2025-12-05 03:47:24,804 [INFO]   Epoch  60/200 | loss 0.3131 | acc 89.41%
2025-12-05 03:49:19,130 [INFO]   Epoch  70/200 | loss 0.2166 | acc 92.65%
2025-12-05 03:51:13,677 [INFO]   Epoch  80/200 | loss 0.3158 | acc 89.22%
2025-12-05 03:53:08,100 [INFO]   Epoch  90/200 | loss 0.4598 | acc 84.95%
2025-12-05 03:55:04,143 [INFO]   Epoch 100/200 | loss 0.2538 | acc 91.37%
2025-12-05 03:56:59,412 [INFO]   Epoch 110/200 | loss 0.3637 | acc 87.53%
2025-12-05 03:58:55,146 [INFO]   Epoch 120/200 | loss 0.2355 | acc 91.97%
2025-12-05 04:00:50,482 [INFO]   Epoch 130/200 | loss 0.1985 | acc 93.28%
2025-12-05 04:02:45,367 [INFO]   Epoch 140/200 | loss 0.2998 | acc 89.92%
2025-12-05 04:04:41,098 [INFO]   Epoch 150/200 | loss 0.3328 | acc 89.03%
2025-12-05 04:06:35,983 [INFO]   Epoch 160/200 | loss 0.2678 | acc 90.87%
2025-12-05 04:08:31,939 [INFO]   Epoch 170/200 | loss 0.0152 | acc 99.84%
2025-12-05 04:10:27,846 [INFO]   Epoch 180/200 | loss 0.0078 | acc 99.95%
2025-12-05 04:12:20,787 [INFO]   Epoch 190/200 | loss 0.0073 | acc 99.92%
2025-12-05 04:13:35,655 [INFO]   Epoch 200/200 | loss 0.0056 | acc 99.95%
2025-12-05 04:13:38,096 [INFO]   >> Test: loss 0.4215 | acc 89.34%
2025-12-05 04:17:55,777 [INFO] Saved checkpoint to: ./checkpoints/cifar10/resnet18_DQN_400.pth
