2025-12-04 23:19:47,762 [INFO] 로그 파일 경로: logs/cifar10/DQN_200step_20251204_231947.log
2025-12-04 23:19:47,848 [INFO] Using device: cuda:0
2025-12-04 23:19:55,457 [INFO] Cycle 1/10
2025-12-04 23:19:55,457 [INFO] Labeled set size: 1000, Unlabeled set size: 49000
2025-12-04 23:19:58,142 [INFO]   Epoch   1/200 | loss 3.6607 | acc 11.40%
2025-12-04 23:20:06,920 [INFO]   Epoch  10/200 | loss 1.9422 | acc 26.00%
2025-12-04 23:20:21,520 [INFO]   Epoch  20/200 | loss 1.6431 | acc 36.90%
2025-12-04 23:20:35,674 [INFO]   Epoch  30/200 | loss 1.4781 | acc 42.90%
2025-12-04 23:20:50,798 [INFO]   Epoch  40/200 | loss 1.2068 | acc 55.30%
2025-12-04 23:21:05,489 [INFO]   Epoch  50/200 | loss 1.0527 | acc 61.20%
2025-12-04 23:21:21,629 [INFO]   Epoch  60/200 | loss 0.8265 | acc 70.00%
2025-12-04 23:21:37,145 [INFO]   Epoch  70/200 | loss 0.5250 | acc 79.20%
2025-12-04 23:21:52,271 [INFO]   Epoch  80/200 | loss 0.3467 | acc 87.60%
2025-12-04 23:22:07,122 [INFO]   Epoch  90/200 | loss 0.2755 | acc 90.60%
2025-12-04 23:22:21,779 [INFO]   Epoch 100/200 | loss 0.1925 | acc 94.10%
2025-12-04 23:22:37,589 [INFO]   Epoch 110/200 | loss 0.1907 | acc 94.00%
2025-12-04 23:22:52,083 [INFO]   Epoch 120/200 | loss 0.1124 | acc 96.20%
2025-12-04 23:23:07,107 [INFO]   Epoch 130/200 | loss 0.1055 | acc 96.80%
2025-12-04 23:23:22,360 [INFO]   Epoch 140/200 | loss 0.0912 | acc 96.70%
2025-12-04 23:23:36,614 [INFO]   Epoch 150/200 | loss 0.0523 | acc 98.50%
2025-12-04 23:23:51,826 [INFO]   Epoch 160/200 | loss 0.0736 | acc 98.20%
2025-12-04 23:24:07,604 [INFO]   Epoch 170/200 | loss 0.0069 | acc 100.00%
2025-12-04 23:24:22,440 [INFO]   Epoch 180/200 | loss 0.0089 | acc 99.90%
2025-12-04 23:24:37,975 [INFO]   Epoch 190/200 | loss 0.0058 | acc 99.90%
2025-12-04 23:24:53,121 [INFO]   Epoch 200/200 | loss 0.0056 | acc 100.00%
2025-12-04 23:24:56,761 [INFO]   >> Test: loss 3.2378 | acc 46.15%
2025-12-04 23:32:19,866 [INFO] Cycle 2/10
2025-12-04 23:32:19,866 [INFO] Labeled set size: 2000, Unlabeled set size: 48000
2025-12-04 23:32:21,828 [INFO]   Epoch   1/200 | loss 1.5931 | acc 59.45%
2025-12-04 23:32:38,925 [INFO]   Epoch  10/200 | loss 0.5567 | acc 80.10%
2025-12-04 23:33:05,121 [INFO]   Epoch  20/200 | loss 0.3370 | acc 88.25%
2025-12-04 23:33:33,434 [INFO]   Epoch  30/200 | loss 0.2717 | acc 89.85%
2025-12-04 23:34:01,549 [INFO]   Epoch  40/200 | loss 0.2039 | acc 92.75%
2025-12-04 23:34:30,390 [INFO]   Epoch  50/200 | loss 0.1277 | acc 95.45%
2025-12-04 23:34:58,407 [INFO]   Epoch  60/200 | loss 0.1230 | acc 95.85%
2025-12-04 23:35:26,236 [INFO]   Epoch  70/200 | loss 0.1671 | acc 94.55%
2025-12-04 23:35:55,358 [INFO]   Epoch  80/200 | loss 0.1004 | acc 96.80%
2025-12-04 23:36:23,141 [INFO]   Epoch  90/200 | loss 0.0929 | acc 96.90%
2025-12-04 23:36:50,560 [INFO]   Epoch 100/200 | loss 0.0619 | acc 98.20%
2025-12-04 23:37:19,257 [INFO]   Epoch 110/200 | loss 0.1129 | acc 96.55%
2025-12-04 23:37:47,878 [INFO]   Epoch 120/200 | loss 0.1500 | acc 94.60%
2025-12-04 23:38:15,573 [INFO]   Epoch 130/200 | loss 0.0624 | acc 97.95%
2025-12-04 23:38:44,039 [INFO]   Epoch 140/200 | loss 0.0801 | acc 97.55%
2025-12-04 23:39:12,792 [INFO]   Epoch 150/200 | loss 0.0495 | acc 98.65%
2025-12-04 23:39:40,627 [INFO]   Epoch 160/200 | loss 0.1035 | acc 96.25%
2025-12-04 23:40:08,383 [INFO]   Epoch 170/200 | loss 0.0055 | acc 100.00%
2025-12-04 23:40:36,229 [INFO]   Epoch 180/200 | loss 0.0045 | acc 100.00%
2025-12-04 23:41:04,901 [INFO]   Epoch 190/200 | loss 0.0037 | acc 99.95%
2025-12-04 23:41:32,489 [INFO]   Epoch 200/200 | loss 0.0029 | acc 100.00%
2025-12-04 23:41:37,199 [INFO]   >> Test: loss 2.2288 | acc 54.83%
2025-12-04 23:49:20,825 [INFO] Cycle 3/10
2025-12-04 23:49:20,825 [INFO] Labeled set size: 3000, Unlabeled set size: 47000
2025-12-04 23:49:23,158 [INFO]   Epoch   1/200 | loss 1.2418 | acc 64.33%
2025-12-04 23:49:50,761 [INFO]   Epoch  10/200 | loss 0.4933 | acc 82.70%
2025-12-04 23:50:28,806 [INFO]   Epoch  20/200 | loss 0.3048 | acc 89.63%
2025-12-04 23:51:08,312 [INFO]   Epoch  30/200 | loss 0.1680 | acc 94.20%
2025-12-04 23:51:50,834 [INFO]   Epoch  40/200 | loss 0.1395 | acc 95.07%
2025-12-04 23:52:32,776 [INFO]   Epoch  50/200 | loss 0.0970 | acc 97.00%
2025-12-04 23:53:14,865 [INFO]   Epoch  60/200 | loss 0.2075 | acc 93.27%
2025-12-04 23:53:56,502 [INFO]   Epoch  70/200 | loss 0.0762 | acc 97.50%
2025-12-04 23:54:38,679 [INFO]   Epoch  80/200 | loss 0.1377 | acc 95.33%
2025-12-04 23:55:20,732 [INFO]   Epoch  90/200 | loss 0.1655 | acc 94.90%
2025-12-04 23:56:02,492 [INFO]   Epoch 100/200 | loss 0.1183 | acc 96.33%
2025-12-04 23:56:44,678 [INFO]   Epoch 110/200 | loss 0.1696 | acc 93.90%
2025-12-04 23:57:26,738 [INFO]   Epoch 120/200 | loss 0.0839 | acc 97.33%
2025-12-04 23:58:09,263 [INFO]   Epoch 130/200 | loss 0.1217 | acc 95.70%
2025-12-04 23:58:50,122 [INFO]   Epoch 140/200 | loss 0.1118 | acc 96.37%
2025-12-04 23:59:32,966 [INFO]   Epoch 150/200 | loss 0.1624 | acc 94.60%
2025-12-05 00:00:14,393 [INFO]   Epoch 160/200 | loss 0.0928 | acc 96.93%
2025-12-05 00:00:55,603 [INFO]   Epoch 170/200 | loss 0.0068 | acc 99.97%
2025-12-05 00:01:36,862 [INFO]   Epoch 180/200 | loss 0.0047 | acc 100.00%
2025-12-05 00:02:18,619 [INFO]   Epoch 190/200 | loss 0.0033 | acc 100.00%
2025-12-05 00:03:00,098 [INFO]   Epoch 200/200 | loss 0.0024 | acc 100.00%
2025-12-05 00:03:05,009 [INFO]   >> Test: loss 1.5910 | acc 64.23%
2025-12-05 00:10:57,802 [INFO] Cycle 4/10
2025-12-05 00:10:57,802 [INFO] Labeled set size: 4000, Unlabeled set size: 46000
2025-12-05 00:11:00,920 [INFO]   Epoch   1/200 | loss 0.8935 | acc 73.90%
2025-12-05 00:11:38,628 [INFO]   Epoch  10/200 | loss 0.3493 | acc 88.35%
2025-12-05 00:12:28,392 [INFO]   Epoch  20/200 | loss 0.2407 | acc 91.70%
2025-12-05 00:13:20,387 [INFO]   Epoch  30/200 | loss 0.2180 | acc 92.55%
2025-12-05 00:14:15,811 [INFO]   Epoch  40/200 | loss 0.1633 | acc 94.95%
2025-12-05 00:15:12,168 [INFO]   Epoch  50/200 | loss 0.1138 | acc 96.23%
2025-12-05 00:16:07,948 [INFO]   Epoch  60/200 | loss 0.1213 | acc 96.20%
2025-12-05 00:17:03,702 [INFO]   Epoch  70/200 | loss 0.1381 | acc 95.23%
2025-12-05 00:18:01,771 [INFO]   Epoch  80/200 | loss 0.1298 | acc 96.08%
2025-12-05 00:18:57,855 [INFO]   Epoch  90/200 | loss 0.1350 | acc 95.88%
2025-12-05 00:19:52,038 [INFO]   Epoch 100/200 | loss 0.1255 | acc 95.78%
2025-12-05 00:20:48,913 [INFO]   Epoch 110/200 | loss 0.1304 | acc 95.78%
2025-12-05 00:21:44,531 [INFO]   Epoch 120/200 | loss 0.1832 | acc 93.97%
2025-12-05 00:22:39,866 [INFO]   Epoch 130/200 | loss 0.1979 | acc 93.58%
2025-12-05 00:23:35,157 [INFO]   Epoch 140/200 | loss 0.0682 | acc 98.02%
2025-12-05 00:24:31,905 [INFO]   Epoch 150/200 | loss 0.2668 | acc 90.97%
2025-12-05 00:25:27,106 [INFO]   Epoch 160/200 | loss 0.0972 | acc 97.08%
2025-12-05 00:26:22,075 [INFO]   Epoch 170/200 | loss 0.0068 | acc 99.95%
2025-12-05 00:27:18,084 [INFO]   Epoch 180/200 | loss 0.0040 | acc 99.98%
2025-12-05 00:28:13,545 [INFO]   Epoch 190/200 | loss 0.0026 | acc 100.00%
2025-12-05 00:29:09,937 [INFO]   Epoch 200/200 | loss 0.0029 | acc 99.98%
2025-12-05 00:29:15,030 [INFO]   >> Test: loss 1.1711 | acc 72.51%
2025-12-05 00:37:08,413 [INFO] Cycle 5/10
2025-12-05 00:37:08,414 [INFO] Labeled set size: 5000, Unlabeled set size: 45000
2025-12-05 00:37:11,930 [INFO]   Epoch   1/200 | loss 0.7285 | acc 79.06%
2025-12-05 00:37:59,553 [INFO]   Epoch  10/200 | loss 0.2864 | acc 90.72%
2025-12-05 00:39:01,413 [INFO]   Epoch  20/200 | loss 0.5349 | acc 82.24%
2025-12-05 00:40:06,162 [INFO]   Epoch  30/200 | loss 0.2777 | acc 90.94%
2025-12-05 00:41:16,722 [INFO]   Epoch  40/200 | loss 0.6083 | acc 80.90%
2025-12-05 00:42:27,822 [INFO]   Epoch  50/200 | loss 0.2857 | acc 90.86%
2025-12-05 00:43:36,039 [INFO]   Epoch  60/200 | loss 0.2186 | acc 92.62%
2025-12-05 00:44:44,327 [INFO]   Epoch  70/200 | loss 0.3253 | acc 89.04%
2025-12-05 00:45:55,995 [INFO]   Epoch  80/200 | loss 0.2664 | acc 91.60%
2025-12-05 00:47:05,292 [INFO]   Epoch  90/200 | loss 0.0806 | acc 97.40%
2025-12-05 00:48:14,619 [INFO]   Epoch 100/200 | loss 0.3288 | acc 89.38%
2025-12-05 00:49:23,872 [INFO]   Epoch 110/200 | loss 0.4309 | acc 85.44%
2025-12-05 00:50:33,158 [INFO]   Epoch 120/200 | loss 0.1498 | acc 95.08%
2025-12-05 00:51:42,373 [INFO]   Epoch 130/200 | loss 0.6241 | acc 79.18%
2025-12-05 00:52:52,759 [INFO]   Epoch 140/200 | loss 0.2185 | acc 92.98%
2025-12-05 00:54:02,805 [INFO]   Epoch 150/200 | loss 0.4475 | acc 85.56%
2025-12-05 00:55:11,851 [INFO]   Epoch 160/200 | loss 0.4379 | acc 85.76%
2025-12-05 00:56:20,694 [INFO]   Epoch 170/200 | loss 0.0297 | acc 99.58%
2025-12-05 00:57:29,627 [INFO]   Epoch 180/200 | loss 0.0154 | acc 99.82%
2025-12-05 00:58:39,252 [INFO]   Epoch 190/200 | loss 0.0121 | acc 99.88%
2025-12-05 00:59:49,815 [INFO]   Epoch 200/200 | loss 0.0255 | acc 99.32%
2025-12-05 00:59:54,738 [INFO]   >> Test: loss 0.9562 | acc 78.06%
2025-12-05 01:07:45,439 [INFO] Cycle 6/10
2025-12-05 01:07:45,439 [INFO] Labeled set size: 6000, Unlabeled set size: 44000
2025-12-05 01:07:49,784 [INFO]   Epoch   1/200 | loss 0.5157 | acc 84.03%
2025-12-05 01:08:48,300 [INFO]   Epoch  10/200 | loss 0.1979 | acc 93.28%
2025-12-05 01:10:02,987 [INFO]   Epoch  20/200 | loss 0.1634 | acc 94.57%
2025-12-05 01:11:21,324 [INFO]   Epoch  30/200 | loss 0.1611 | acc 94.68%
2025-12-05 01:12:44,494 [INFO]   Epoch  40/200 | loss 0.1580 | acc 94.70%
2025-12-05 01:14:07,173 [INFO]   Epoch  50/200 | loss 0.1599 | acc 94.62%
2025-12-05 01:15:29,390 [INFO]   Epoch  60/200 | loss 0.1675 | acc 94.75%
2025-12-05 01:16:52,507 [INFO]   Epoch  70/200 | loss 0.1503 | acc 94.88%
2025-12-05 01:18:15,177 [INFO]   Epoch  80/200 | loss 0.1394 | acc 95.55%
2025-12-05 01:19:40,003 [INFO]   Epoch  90/200 | loss 0.1997 | acc 93.35%
2025-12-05 01:21:04,463 [INFO]   Epoch 100/200 | loss 0.1453 | acc 95.22%
2025-12-05 01:22:28,327 [INFO]   Epoch 110/200 | loss 0.1715 | acc 94.13%
2025-12-05 01:23:50,792 [INFO]   Epoch 120/200 | loss 0.1899 | acc 93.80%
2025-12-05 01:25:13,312 [INFO]   Epoch 130/200 | loss 0.1624 | acc 94.85%
2025-12-05 01:26:36,256 [INFO]   Epoch 140/200 | loss 0.1868 | acc 93.63%
2025-12-05 01:27:59,030 [INFO]   Epoch 150/200 | loss 0.1748 | acc 94.10%
2025-12-05 01:29:21,979 [INFO]   Epoch 160/200 | loss 0.1253 | acc 96.05%
2025-12-05 01:30:45,093 [INFO]   Epoch 170/200 | loss 0.0070 | acc 99.93%
2025-12-05 01:32:08,210 [INFO]   Epoch 180/200 | loss 0.0040 | acc 100.00%
2025-12-05 01:33:30,960 [INFO]   Epoch 190/200 | loss 0.0034 | acc 100.00%
2025-12-05 01:34:54,947 [INFO]   Epoch 200/200 | loss 0.0032 | acc 99.98%
2025-12-05 01:35:00,133 [INFO]   >> Test: loss 0.6640 | acc 83.68%
2025-12-05 01:42:45,527 [INFO] Cycle 7/10
2025-12-05 01:42:45,528 [INFO] Labeled set size: 7000, Unlabeled set size: 43000
2025-12-05 01:42:50,483 [INFO]   Epoch   1/200 | loss 0.5080 | acc 84.40%
2025-12-05 01:43:58,549 [INFO]   Epoch  10/200 | loss 0.3073 | acc 89.69%
2025-12-05 01:45:24,608 [INFO]   Epoch  20/200 | loss 0.1829 | acc 93.73%
2025-12-05 01:47:00,168 [INFO]   Epoch  30/200 | loss 0.2089 | acc 92.90%
2025-12-05 01:48:37,538 [INFO]   Epoch  40/200 | loss 0.1795 | acc 94.17%
2025-12-05 01:50:14,552 [INFO]   Epoch  50/200 | loss 0.1803 | acc 94.04%
2025-12-05 01:51:51,669 [INFO]   Epoch  60/200 | loss 0.1693 | acc 94.37%
2025-12-05 01:53:28,992 [INFO]   Epoch  70/200 | loss 0.1831 | acc 93.79%
2025-12-05 01:55:05,525 [INFO]   Epoch  80/200 | loss 0.2008 | acc 93.00%
2025-12-05 01:56:42,339 [INFO]   Epoch  90/200 | loss 0.1615 | acc 94.53%
2025-12-05 01:58:19,180 [INFO]   Epoch 100/200 | loss 0.1749 | acc 94.27%
2025-12-05 01:59:56,002 [INFO]   Epoch 110/200 | loss 0.1917 | acc 93.59%
2025-12-05 02:01:32,424 [INFO]   Epoch 120/200 | loss 0.1974 | acc 93.29%
2025-12-05 02:03:11,103 [INFO]   Epoch 130/200 | loss 0.1790 | acc 94.00%
2025-12-05 02:04:49,075 [INFO]   Epoch 140/200 | loss 0.1890 | acc 93.90%
2025-12-05 02:06:25,259 [INFO]   Epoch 150/200 | loss 0.1872 | acc 93.83%
2025-12-05 02:08:01,618 [INFO]   Epoch 160/200 | loss 0.1592 | acc 94.74%
2025-12-05 02:09:37,985 [INFO]   Epoch 170/200 | loss 0.0075 | acc 99.99%
2025-12-05 02:11:14,235 [INFO]   Epoch 180/200 | loss 0.0053 | acc 99.99%
2025-12-05 02:12:50,601 [INFO]   Epoch 190/200 | loss 0.0039 | acc 99.99%
2025-12-05 02:14:28,248 [INFO]   Epoch 200/200 | loss 0.0034 | acc 100.00%
2025-12-05 02:14:33,389 [INFO]   >> Test: loss 0.5564 | acc 85.48%
2025-12-05 02:21:14,838 [INFO] Cycle 8/10
2025-12-05 02:21:14,838 [INFO] Labeled set size: 8000, Unlabeled set size: 42000
2025-12-05 02:21:18,428 [INFO]   Epoch   1/200 | loss 0.4647 | acc 85.55%
2025-12-05 02:22:17,975 [INFO]   Epoch  10/200 | loss 0.3012 | acc 89.69%
2025-12-05 02:23:37,378 [INFO]   Epoch  20/200 | loss 0.1866 | acc 93.65%
2025-12-05 02:25:09,397 [INFO]   Epoch  30/200 | loss 0.2315 | acc 92.14%
2025-12-05 02:26:43,358 [INFO]   Epoch  40/200 | loss 0.2288 | acc 92.20%
2025-12-05 02:28:16,727 [INFO]   Epoch  50/200 | loss 0.2011 | acc 93.01%
2025-12-05 02:29:47,413 [INFO]   Epoch  60/200 | loss 0.2139 | acc 92.71%
2025-12-05 02:31:18,583 [INFO]   Epoch  70/200 | loss 0.1768 | acc 93.92%
2025-12-05 02:32:48,981 [INFO]   Epoch  80/200 | loss 0.2035 | acc 93.16%
2025-12-05 02:34:21,160 [INFO]   Epoch  90/200 | loss 0.2209 | acc 92.70%
2025-12-05 02:35:53,900 [INFO]   Epoch 100/200 | loss 0.1950 | acc 93.19%
2025-12-05 02:37:26,119 [INFO]   Epoch 110/200 | loss 0.2161 | acc 92.50%
2025-12-05 02:38:58,239 [INFO]   Epoch 120/200 | loss 0.2088 | acc 92.91%
2025-12-05 02:40:30,436 [INFO]   Epoch 130/200 | loss 0.1787 | acc 93.77%
2025-12-05 02:42:02,417 [INFO]   Epoch 140/200 | loss 0.2116 | acc 93.03%
2025-12-05 02:43:34,545 [INFO]   Epoch 150/200 | loss 0.1812 | acc 93.95%
2025-12-05 02:45:06,837 [INFO]   Epoch 160/200 | loss 0.1739 | acc 94.06%
2025-12-05 02:46:39,116 [INFO]   Epoch 170/200 | loss 0.0102 | acc 99.89%
2025-12-05 02:48:11,120 [INFO]   Epoch 180/200 | loss 0.0068 | acc 99.94%
2025-12-05 02:49:43,161 [INFO]   Epoch 190/200 | loss 0.0044 | acc 99.99%
2025-12-05 02:51:14,044 [INFO]   Epoch 200/200 | loss 0.0038 | acc 100.00%
2025-12-05 02:51:18,574 [INFO]   >> Test: loss 0.4763 | acc 87.65%
2025-12-05 02:56:29,200 [INFO] Cycle 9/10
2025-12-05 02:56:29,200 [INFO] Labeled set size: 9000, Unlabeled set size: 41000
2025-12-05 02:56:33,294 [INFO]   Epoch   1/200 | loss 0.5240 | acc 83.21%
2025-12-05 02:57:38,293 [INFO]   Epoch  10/200 | loss 0.2857 | acc 90.11%
2025-12-05 02:59:11,313 [INFO]   Epoch  20/200 | loss 0.2575 | acc 91.27%
2025-12-05 03:00:56,552 [INFO]   Epoch  30/200 | loss 0.2657 | acc 90.91%
2025-12-05 03:02:41,588 [INFO]   Epoch  40/200 | loss 0.2397 | acc 91.72%
2025-12-05 03:04:25,293 [INFO]   Epoch  50/200 | loss 0.2635 | acc 91.08%
2025-12-05 03:06:07,648 [INFO]   Epoch  60/200 | loss 0.2136 | acc 93.12%
2025-12-05 03:07:50,396 [INFO]   Epoch  70/200 | loss 0.2432 | acc 91.80%
2025-12-05 03:09:34,069 [INFO]   Epoch  80/200 | loss 0.2509 | acc 91.53%
2025-12-05 03:11:17,708 [INFO]   Epoch  90/200 | loss 0.2265 | acc 92.44%
2025-12-05 03:13:01,266 [INFO]   Epoch 100/200 | loss 0.2151 | acc 92.87%
2025-12-05 03:14:44,913 [INFO]   Epoch 110/200 | loss 0.2652 | acc 90.88%
2025-12-05 03:16:28,645 [INFO]   Epoch 120/200 | loss 0.2322 | acc 91.89%
2025-12-05 03:18:12,458 [INFO]   Epoch 130/200 | loss 0.1948 | acc 93.40%
2025-12-05 03:19:57,061 [INFO]   Epoch 140/200 | loss 0.2251 | acc 92.56%
2025-12-05 03:21:40,022 [INFO]   Epoch 150/200 | loss 0.2304 | acc 92.39%
2025-12-05 03:23:23,467 [INFO]   Epoch 160/200 | loss 0.2337 | acc 91.93%
2025-12-05 03:25:06,359 [INFO]   Epoch 170/200 | loss 0.0111 | acc 99.89%
2025-12-05 03:26:48,307 [INFO]   Epoch 180/200 | loss 0.0066 | acc 99.94%
2025-12-05 03:28:31,041 [INFO]   Epoch 190/200 | loss 0.0043 | acc 99.98%
2025-12-05 03:30:11,915 [INFO]   Epoch 200/200 | loss 0.0039 | acc 100.00%
2025-12-05 03:30:16,096 [INFO]   >> Test: loss 0.4410 | acc 88.58%
2025-12-05 03:35:18,952 [INFO] Cycle 10/10
2025-12-05 03:35:18,953 [INFO] Labeled set size: 10000, Unlabeled set size: 40000
2025-12-05 03:35:23,299 [INFO]   Epoch   1/200 | loss 0.4818 | acc 84.21%
2025-12-05 03:36:29,910 [INFO]   Epoch  10/200 | loss 0.3186 | acc 89.05%
2025-12-05 03:38:07,019 [INFO]   Epoch  20/200 | loss 0.2875 | acc 90.20%
2025-12-05 03:39:59,932 [INFO]   Epoch  30/200 | loss 0.2443 | acc 91.48%
2025-12-05 03:41:53,812 [INFO]   Epoch  40/200 | loss 0.3073 | acc 89.44%
2025-12-05 03:43:46,261 [INFO]   Epoch  50/200 | loss 0.3622 | acc 87.91%
2025-12-05 03:45:37,983 [INFO]   Epoch  60/200 | loss 0.2764 | acc 90.46%
2025-12-05 03:47:31,679 [INFO]   Epoch  70/200 | loss 0.3325 | acc 89.21%
2025-12-05 03:49:24,537 [INFO]   Epoch  80/200 | loss 0.2634 | acc 90.82%
2025-12-05 03:51:16,911 [INFO]   Epoch  90/200 | loss 0.4044 | acc 86.50%
2025-12-05 03:53:07,996 [INFO]   Epoch 100/200 | loss 0.2743 | acc 90.92%
2025-12-05 03:55:01,492 [INFO]   Epoch 110/200 | loss 0.2308 | acc 92.14%
2025-12-05 03:56:54,852 [INFO]   Epoch 120/200 | loss 0.2402 | acc 91.72%
2025-12-05 03:58:47,995 [INFO]   Epoch 130/200 | loss 0.3239 | acc 89.16%
2025-12-05 04:00:41,195 [INFO]   Epoch 140/200 | loss 0.3146 | acc 89.07%
2025-12-05 04:02:34,440 [INFO]   Epoch 150/200 | loss 0.2891 | acc 90.11%
2025-12-05 04:04:28,003 [INFO]   Epoch 160/200 | loss 0.2346 | acc 92.00%
2025-12-05 04:06:20,660 [INFO]   Epoch 170/200 | loss 0.0137 | acc 99.80%
2025-12-05 04:08:13,756 [INFO]   Epoch 180/200 | loss 0.0074 | acc 99.92%
2025-12-05 04:10:06,206 [INFO]   Epoch 190/200 | loss 0.0056 | acc 99.98%
2025-12-05 04:12:00,050 [INFO]   Epoch 200/200 | loss 0.0060 | acc 99.96%
2025-12-05 04:12:04,420 [INFO]   >> Test: loss 0.4226 | acc 89.47%
2025-12-05 04:17:19,476 [INFO] Saved checkpoint to: ./checkpoints/cifar10/resnet18_DQN_200.pth
