2025-12-04 23:19:40,716 [INFO] 로그 파일 경로: logs/cifar10/random_20251204_231940.log
2025-12-04 23:19:40,821 [INFO] Using device: cuda:0
2025-12-04 23:19:45,524 [INFO] Cycle 1/10
2025-12-04 23:19:45,524 [INFO] Labeled set size: 1000, Unlabeled set size: 49000
2025-12-04 23:19:46,999 [INFO]   Epoch   1/200 | loss 3.6607 | acc 11.40%
2025-12-04 23:19:53,754 [INFO]   Epoch  10/200 | loss 1.9422 | acc 26.00%
2025-12-04 23:20:03,333 [INFO]   Epoch  20/200 | loss 1.6431 | acc 36.90%
2025-12-04 23:20:18,440 [INFO]   Epoch  30/200 | loss 1.4781 | acc 42.90%
2025-12-04 23:20:35,416 [INFO]   Epoch  40/200 | loss 1.2068 | acc 55.30%
2025-12-04 23:20:52,472 [INFO]   Epoch  50/200 | loss 1.0527 | acc 61.20%
2025-12-04 23:21:09,312 [INFO]   Epoch  60/200 | loss 0.8265 | acc 70.00%
2025-12-04 23:21:26,805 [INFO]   Epoch  70/200 | loss 0.5250 | acc 79.20%
2025-12-04 23:21:42,325 [INFO]   Epoch  80/200 | loss 0.3467 | acc 87.60%
2025-12-04 23:21:59,122 [INFO]   Epoch  90/200 | loss 0.2755 | acc 90.60%
2025-12-04 23:22:16,067 [INFO]   Epoch 100/200 | loss 0.1925 | acc 94.10%
2025-12-04 23:22:32,556 [INFO]   Epoch 110/200 | loss 0.1907 | acc 94.00%
2025-12-04 23:22:50,184 [INFO]   Epoch 120/200 | loss 0.1124 | acc 96.20%
2025-12-04 23:23:05,315 [INFO]   Epoch 130/200 | loss 0.1055 | acc 96.80%
2025-12-04 23:23:20,816 [INFO]   Epoch 140/200 | loss 0.0912 | acc 96.70%
2025-12-04 23:23:36,594 [INFO]   Epoch 150/200 | loss 0.0523 | acc 98.50%
2025-12-04 23:23:51,925 [INFO]   Epoch 160/200 | loss 0.0736 | acc 98.20%
2025-12-04 23:24:09,416 [INFO]   Epoch 170/200 | loss 0.0069 | acc 100.00%
2025-12-04 23:24:27,093 [INFO]   Epoch 180/200 | loss 0.0089 | acc 99.90%
2025-12-04 23:24:43,129 [INFO]   Epoch 190/200 | loss 0.0058 | acc 99.90%
2025-12-04 23:24:57,551 [INFO]   Epoch 200/200 | loss 0.0056 | acc 100.00%
2025-12-04 23:25:00,589 [INFO]   >> Test: loss 3.2378 | acc 46.15%
2025-12-04 23:25:01,002 [INFO] Cycle 2/10
2025-12-04 23:25:01,003 [INFO] Labeled set size: 2000, Unlabeled set size: 48000
2025-12-04 23:25:02,641 [INFO]   Epoch   1/200 | loss 1.5867 | acc 62.85%
2025-12-04 23:25:17,268 [INFO]   Epoch  10/200 | loss 0.4480 | acc 84.30%
2025-12-04 23:25:33,089 [INFO]   Epoch  20/200 | loss 0.2949 | acc 89.85%
2025-12-04 23:25:47,369 [INFO]   Epoch  30/200 | loss 0.2241 | acc 92.25%
2025-12-04 23:26:01,248 [INFO]   Epoch  40/200 | loss 0.1486 | acc 94.95%
2025-12-04 23:26:15,079 [INFO]   Epoch  50/200 | loss 0.1426 | acc 95.25%
2025-12-04 23:26:29,564 [INFO]   Epoch  60/200 | loss 0.0869 | acc 97.00%
2025-12-04 23:26:43,401 [INFO]   Epoch  70/200 | loss 0.0595 | acc 98.45%
2025-12-04 23:26:57,328 [INFO]   Epoch  80/200 | loss 0.1145 | acc 95.90%
2025-12-04 23:27:11,253 [INFO]   Epoch  90/200 | loss 0.0910 | acc 96.75%
2025-12-04 23:27:25,562 [INFO]   Epoch 100/200 | loss 0.0411 | acc 99.00%
2025-12-04 23:27:39,367 [INFO]   Epoch 110/200 | loss 0.1007 | acc 96.75%
2025-12-04 23:27:53,228 [INFO]   Epoch 120/200 | loss 0.0645 | acc 98.05%
2025-12-04 23:28:06,998 [INFO]   Epoch 130/200 | loss 0.0972 | acc 96.85%
2025-12-04 23:28:21,005 [INFO]   Epoch 140/200 | loss 0.0563 | acc 98.15%
2025-12-04 23:28:35,212 [INFO]   Epoch 150/200 | loss 0.1276 | acc 96.00%
2025-12-04 23:28:49,178 [INFO]   Epoch 160/200 | loss 0.0892 | acc 97.55%
2025-12-04 23:29:02,991 [INFO]   Epoch 170/200 | loss 0.0061 | acc 100.00%
2025-12-04 23:29:16,949 [INFO]   Epoch 180/200 | loss 0.0037 | acc 100.00%
2025-12-04 23:29:31,227 [INFO]   Epoch 190/200 | loss 0.0027 | acc 100.00%
2025-12-04 23:29:45,067 [INFO]   Epoch 200/200 | loss 0.0031 | acc 100.00%
2025-12-04 23:29:46,957 [INFO]   >> Test: loss 1.9954 | acc 57.94%
2025-12-04 23:29:47,371 [INFO] Cycle 3/10
2025-12-04 23:29:47,371 [INFO] Labeled set size: 3000, Unlabeled set size: 47000
2025-12-04 23:29:49,248 [INFO]   Epoch   1/200 | loss 0.9025 | acc 75.43%
2025-12-04 23:30:06,085 [INFO]   Epoch  10/200 | loss 0.3164 | acc 88.77%
2025-12-04 23:30:25,306 [INFO]   Epoch  20/200 | loss 0.1795 | acc 93.93%
2025-12-04 23:30:43,991 [INFO]   Epoch  30/200 | loss 0.1819 | acc 93.53%
2025-12-04 23:31:02,637 [INFO]   Epoch  40/200 | loss 0.1348 | acc 95.63%
2025-12-04 23:31:21,317 [INFO]   Epoch  50/200 | loss 0.0602 | acc 98.50%
2025-12-04 23:31:40,080 [INFO]   Epoch  60/200 | loss 0.1692 | acc 94.43%
2025-12-04 23:31:58,915 [INFO]   Epoch  70/200 | loss 0.1596 | acc 94.53%
2025-12-04 23:32:17,497 [INFO]   Epoch  80/200 | loss 0.1368 | acc 95.37%
2025-12-04 23:32:45,438 [INFO]   Epoch  90/200 | loss 0.1163 | acc 96.00%
2025-12-04 23:33:19,664 [INFO]   Epoch 100/200 | loss 0.1320 | acc 95.27%
2025-12-04 23:33:54,081 [INFO]   Epoch 110/200 | loss 0.1181 | acc 95.97%
2025-12-04 23:34:33,009 [INFO]   Epoch 120/200 | loss 0.1559 | acc 95.03%
2025-12-04 23:35:13,077 [INFO]   Epoch 130/200 | loss 0.1237 | acc 96.20%
2025-12-04 23:35:51,846 [INFO]   Epoch 140/200 | loss 0.1030 | acc 96.83%
2025-12-04 23:36:30,332 [INFO]   Epoch 150/200 | loss 0.0882 | acc 97.03%
2025-12-04 23:37:09,752 [INFO]   Epoch 160/200 | loss 0.1251 | acc 95.90%
2025-12-04 23:37:47,613 [INFO]   Epoch 170/200 | loss 0.0053 | acc 100.00%
2025-12-04 23:38:28,049 [INFO]   Epoch 180/200 | loss 0.0042 | acc 100.00%
2025-12-04 23:39:07,998 [INFO]   Epoch 190/200 | loss 0.0028 | acc 99.97%
2025-12-04 23:39:48,347 [INFO]   Epoch 200/200 | loss 0.0027 | acc 100.00%
2025-12-04 23:39:52,971 [INFO]   >> Test: loss 1.4333 | acc 66.82%
2025-12-04 23:39:53,383 [INFO] Cycle 4/10
2025-12-04 23:39:53,383 [INFO] Labeled set size: 4000, Unlabeled set size: 46000
2025-12-04 23:39:58,585 [INFO]   Epoch   1/200 | loss 0.5254 | acc 85.35%
2025-12-04 23:40:45,693 [INFO]   Epoch  10/200 | loss 0.2213 | acc 92.67%
2025-12-04 23:41:34,345 [INFO]   Epoch  20/200 | loss 0.1225 | acc 95.93%
2025-12-04 23:42:08,050 [INFO]   Epoch  30/200 | loss 0.1358 | acc 95.20%
2025-12-04 23:42:35,878 [INFO]   Epoch  40/200 | loss 0.1194 | acc 96.05%
2025-12-04 23:42:59,035 [INFO]   Epoch  50/200 | loss 0.0844 | acc 97.35%
2025-12-04 23:43:22,193 [INFO]   Epoch  60/200 | loss 0.1020 | acc 96.65%
2025-12-04 23:43:45,326 [INFO]   Epoch  70/200 | loss 0.1257 | acc 95.85%
2025-12-04 23:44:08,498 [INFO]   Epoch  80/200 | loss 0.0641 | acc 98.02%
2025-12-04 23:44:31,994 [INFO]   Epoch  90/200 | loss 0.1519 | acc 95.17%
2025-12-04 23:44:55,308 [INFO]   Epoch 100/200 | loss 0.1530 | acc 95.03%
2025-12-04 23:45:18,828 [INFO]   Epoch 110/200 | loss 0.2506 | acc 91.88%
2025-12-04 23:45:42,192 [INFO]   Epoch 120/200 | loss 0.1135 | acc 96.23%
2025-12-04 23:46:05,616 [INFO]   Epoch 130/200 | loss 0.1647 | acc 94.62%
2025-12-04 23:46:29,144 [INFO]   Epoch 140/200 | loss 0.1114 | acc 96.62%
2025-12-04 23:46:52,611 [INFO]   Epoch 150/200 | loss 0.1413 | acc 95.28%
2025-12-04 23:47:16,091 [INFO]   Epoch 160/200 | loss 0.1365 | acc 95.60%
2025-12-04 23:47:39,872 [INFO]   Epoch 170/200 | loss 0.0073 | acc 99.92%
2025-12-04 23:48:03,355 [INFO]   Epoch 180/200 | loss 0.0044 | acc 99.98%
2025-12-04 23:48:26,956 [INFO]   Epoch 190/200 | loss 0.0034 | acc 100.00%
2025-12-04 23:48:50,356 [INFO]   Epoch 200/200 | loss 0.0033 | acc 100.00%
2025-12-04 23:48:52,248 [INFO]   >> Test: loss 1.1409 | acc 72.50%
2025-12-04 23:48:52,677 [INFO] Cycle 5/10
2025-12-04 23:48:52,677 [INFO] Labeled set size: 5000, Unlabeled set size: 45000
2025-12-04 23:48:55,470 [INFO]   Epoch   1/200 | loss 0.3662 | acc 89.52%
2025-12-04 23:49:20,819 [INFO]   Epoch  10/200 | loss 0.4243 | acc 85.82%
2025-12-04 23:50:12,299 [INFO]   Epoch  20/200 | loss 0.4885 | acc 84.16%
2025-12-04 23:51:14,848 [INFO]   Epoch  30/200 | loss 0.1839 | acc 94.06%
2025-12-04 23:52:22,932 [INFO]   Epoch  40/200 | loss 0.5762 | acc 81.62%
2025-12-04 23:53:30,866 [INFO]   Epoch  50/200 | loss 0.2812 | acc 90.58%
2025-12-04 23:54:37,615 [INFO]   Epoch  60/200 | loss 0.5109 | acc 83.40%
2025-12-04 23:55:42,836 [INFO]   Epoch  70/200 | loss 0.2232 | acc 92.60%
2025-12-04 23:56:46,705 [INFO]   Epoch  80/200 | loss 0.1701 | acc 94.64%
2025-12-04 23:57:50,274 [INFO]   Epoch  90/200 | loss 0.1768 | acc 94.34%
2025-12-04 23:58:55,208 [INFO]   Epoch 100/200 | loss 0.2191 | acc 92.56%
2025-12-05 00:00:02,230 [INFO]   Epoch 110/200 | loss 0.2057 | acc 93.04%
2025-12-05 00:01:08,813 [INFO]   Epoch 120/200 | loss 0.3043 | acc 90.16%
2025-12-05 00:02:13,398 [INFO]   Epoch 130/200 | loss 0.1135 | acc 96.32%
2025-12-05 00:03:15,834 [INFO]   Epoch 140/200 | loss 0.0835 | acc 97.72%
2025-12-05 00:03:53,709 [INFO]   Epoch 150/200 | loss 0.2549 | acc 91.58%
2025-12-05 00:04:27,942 [INFO]   Epoch 160/200 | loss 0.2063 | acc 93.20%
2025-12-05 00:04:55,798 [INFO]   Epoch 170/200 | loss 0.0295 | acc 99.32%
2025-12-05 00:05:23,861 [INFO]   Epoch 180/200 | loss 0.0139 | acc 99.84%
2025-12-05 00:05:51,913 [INFO]   Epoch 190/200 | loss 0.0165 | acc 99.82%
2025-12-05 00:06:20,031 [INFO]   Epoch 200/200 | loss 0.0098 | acc 99.86%
2025-12-05 00:06:22,144 [INFO]   >> Test: loss 0.8609 | acc 78.97%
2025-12-05 00:06:22,640 [INFO] Cycle 6/10
2025-12-05 00:06:22,640 [INFO] Labeled set size: 6000, Unlabeled set size: 44000
2025-12-05 00:06:25,953 [INFO]   Epoch   1/200 | loss 0.2507 | acc 92.50%
2025-12-05 00:06:55,273 [INFO]   Epoch  10/200 | loss 0.1746 | acc 93.92%
2025-12-05 00:07:27,744 [INFO]   Epoch  20/200 | loss 0.1166 | acc 96.20%
2025-12-05 00:08:00,514 [INFO]   Epoch  30/200 | loss 0.1489 | acc 94.87%
2025-12-05 00:08:33,402 [INFO]   Epoch  40/200 | loss 0.1046 | acc 96.38%
2025-12-05 00:09:06,123 [INFO]   Epoch  50/200 | loss 0.1242 | acc 95.83%
2025-12-05 00:09:39,160 [INFO]   Epoch  60/200 | loss 0.1268 | acc 95.85%
2025-12-05 00:10:12,007 [INFO]   Epoch  70/200 | loss 0.1210 | acc 95.97%
2025-12-05 00:10:44,695 [INFO]   Epoch  80/200 | loss 0.1439 | acc 95.32%
2025-12-05 00:11:30,841 [INFO]   Epoch  90/200 | loss 0.0956 | acc 96.73%
2025-12-05 00:12:43,501 [INFO]   Epoch 100/200 | loss 0.1086 | acc 96.45%
2025-12-05 00:14:02,992 [INFO]   Epoch 110/200 | loss 0.1067 | acc 96.37%
2025-12-05 00:15:23,934 [INFO]   Epoch 120/200 | loss 0.1189 | acc 96.20%
2025-12-05 00:16:39,175 [INFO]   Epoch 130/200 | loss 0.1177 | acc 96.20%
2025-12-05 00:17:57,004 [INFO]   Epoch 140/200 | loss 0.1103 | acc 96.48%
2025-12-05 00:19:15,416 [INFO]   Epoch 150/200 | loss 0.0975 | acc 96.90%
2025-12-05 00:20:33,547 [INFO]   Epoch 160/200 | loss 0.1141 | acc 96.52%
2025-12-05 00:21:54,656 [INFO]   Epoch 170/200 | loss 0.0072 | acc 99.93%
2025-12-05 00:23:15,539 [INFO]   Epoch 180/200 | loss 0.0038 | acc 99.98%
2025-12-05 00:24:36,359 [INFO]   Epoch 190/200 | loss 0.0034 | acc 100.00%
2025-12-05 00:25:56,922 [INFO]   Epoch 200/200 | loss 0.0026 | acc 100.00%
2025-12-05 00:26:01,927 [INFO]   >> Test: loss 0.6642 | acc 82.83%
2025-12-05 00:26:02,309 [INFO] Cycle 7/10
2025-12-05 00:26:02,310 [INFO] Labeled set size: 7000, Unlabeled set size: 43000
2025-12-05 00:26:11,617 [INFO]   Epoch   1/200 | loss 0.2622 | acc 92.39%
2025-12-05 00:27:36,117 [INFO]   Epoch  10/200 | loss 0.1459 | acc 95.23%
2025-12-05 00:29:09,836 [INFO]   Epoch  20/200 | loss 0.1805 | acc 93.76%
2025-12-05 00:30:08,454 [INFO]   Epoch  30/200 | loss 0.1168 | acc 96.16%
2025-12-05 00:30:55,783 [INFO]   Epoch  40/200 | loss 0.1465 | acc 94.96%
2025-12-05 00:31:32,841 [INFO]   Epoch  50/200 | loss 0.1260 | acc 95.80%
2025-12-05 00:32:10,088 [INFO]   Epoch  60/200 | loss 0.1569 | acc 94.54%
2025-12-05 00:32:47,405 [INFO]   Epoch  70/200 | loss 0.1245 | acc 96.00%
2025-12-05 00:33:24,769 [INFO]   Epoch  80/200 | loss 0.1341 | acc 95.19%
2025-12-05 00:34:02,289 [INFO]   Epoch  90/200 | loss 0.1148 | acc 96.17%
2025-12-05 00:34:39,959 [INFO]   Epoch 100/200 | loss 0.1159 | acc 96.16%
2025-12-05 00:35:17,531 [INFO]   Epoch 110/200 | loss 0.1159 | acc 96.03%
2025-12-05 00:35:55,116 [INFO]   Epoch 120/200 | loss 0.1424 | acc 95.23%
2025-12-05 00:36:32,645 [INFO]   Epoch 130/200 | loss 0.1064 | acc 96.34%
2025-12-05 00:37:10,342 [INFO]   Epoch 140/200 | loss 0.1268 | acc 95.73%
2025-12-05 00:38:25,656 [INFO]   Epoch 150/200 | loss 0.1530 | acc 94.94%
2025-12-05 00:39:51,601 [INFO]   Epoch 160/200 | loss 0.1545 | acc 94.94%
2025-12-05 00:41:27,046 [INFO]   Epoch 170/200 | loss 0.0079 | acc 99.94%
2025-12-05 00:43:01,369 [INFO]   Epoch 180/200 | loss 0.0044 | acc 99.99%
2025-12-05 00:44:33,799 [INFO]   Epoch 190/200 | loss 0.0037 | acc 100.00%
2025-12-05 00:46:05,819 [INFO]   Epoch 200/200 | loss 0.0030 | acc 100.00%
2025-12-05 00:46:10,599 [INFO]   >> Test: loss 0.5727 | acc 84.93%
2025-12-05 00:46:10,965 [INFO] Cycle 8/10
2025-12-05 00:46:10,965 [INFO] Labeled set size: 8000, Unlabeled set size: 42000
2025-12-05 00:46:21,877 [INFO]   Epoch   1/200 | loss 0.2093 | acc 93.58%
2025-12-05 00:47:58,881 [INFO]   Epoch  10/200 | loss 0.1759 | acc 93.95%
2025-12-05 00:49:46,982 [INFO]   Epoch  20/200 | loss 0.1198 | acc 95.89%
2025-12-05 00:51:35,037 [INFO]   Epoch  30/200 | loss 0.1549 | acc 94.66%
2025-12-05 00:53:22,844 [INFO]   Epoch  40/200 | loss 0.1399 | acc 95.24%
2025-12-05 00:55:10,833 [INFO]   Epoch  50/200 | loss 0.1076 | acc 96.54%
2025-12-05 00:56:58,792 [INFO]   Epoch  60/200 | loss 0.1717 | acc 94.39%
2025-12-05 00:58:46,427 [INFO]   Epoch  70/200 | loss 0.1394 | acc 95.24%
2025-12-05 01:00:23,304 [INFO]   Epoch  80/200 | loss 0.1418 | acc 95.67%
2025-12-05 01:01:19,687 [INFO]   Epoch  90/200 | loss 0.1466 | acc 95.26%
2025-12-05 01:02:08,100 [INFO]   Epoch 100/200 | loss 0.1237 | acc 95.93%
2025-12-05 01:02:49,780 [INFO]   Epoch 110/200 | loss 0.1324 | acc 95.61%
2025-12-05 01:03:32,026 [INFO]   Epoch 120/200 | loss 0.0907 | acc 96.99%
2025-12-05 01:04:14,282 [INFO]   Epoch 130/200 | loss 0.1803 | acc 93.92%
2025-12-05 01:04:56,473 [INFO]   Epoch 140/200 | loss 0.1474 | acc 95.21%
2025-12-05 01:05:38,856 [INFO]   Epoch 150/200 | loss 0.1210 | acc 96.05%
2025-12-05 01:06:21,178 [INFO]   Epoch 160/200 | loss 0.1274 | acc 95.86%
2025-12-05 01:07:03,463 [INFO]   Epoch 170/200 | loss 0.0067 | acc 99.92%
2025-12-05 01:07:45,558 [INFO]   Epoch 180/200 | loss 0.0041 | acc 99.99%
2025-12-05 01:09:09,109 [INFO]   Epoch 190/200 | loss 0.0028 | acc 100.00%
2025-12-05 01:10:47,242 [INFO]   Epoch 200/200 | loss 0.0027 | acc 100.00%
2025-12-05 01:10:52,358 [INFO]   >> Test: loss 0.5456 | acc 85.55%
2025-12-05 01:10:52,717 [INFO] Cycle 9/10
2025-12-05 01:10:52,718 [INFO] Labeled set size: 9000, Unlabeled set size: 41000
2025-12-05 01:11:05,043 [INFO]   Epoch   1/200 | loss 0.2185 | acc 93.20%
2025-12-05 01:12:55,674 [INFO]   Epoch  10/200 | loss 0.1754 | acc 94.08%
2025-12-05 01:14:58,213 [INFO]   Epoch  20/200 | loss 0.1601 | acc 94.63%
2025-12-05 01:17:00,867 [INFO]   Epoch  30/200 | loss 0.1448 | acc 95.21%
2025-12-05 01:19:00,854 [INFO]   Epoch  40/200 | loss 0.1411 | acc 95.37%
2025-12-05 01:21:01,792 [INFO]   Epoch  50/200 | loss 0.1240 | acc 96.00%
2025-12-05 01:23:03,739 [INFO]   Epoch  60/200 | loss 0.1330 | acc 95.42%
2025-12-05 01:25:05,743 [INFO]   Epoch  70/200 | loss 0.1331 | acc 95.52%
2025-12-05 01:27:08,356 [INFO]   Epoch  80/200 | loss 0.1166 | acc 96.20%
2025-12-05 01:29:11,292 [INFO]   Epoch  90/200 | loss 0.1402 | acc 95.39%
2025-12-05 01:31:14,182 [INFO]   Epoch 100/200 | loss 0.1383 | acc 95.37%
2025-12-05 01:33:16,873 [INFO]   Epoch 110/200 | loss 0.1300 | acc 95.72%
2025-12-05 01:35:15,038 [INFO]   Epoch 120/200 | loss 0.1350 | acc 95.23%
2025-12-05 01:36:22,369 [INFO]   Epoch 130/200 | loss 0.1308 | acc 95.56%
2025-12-05 01:37:18,063 [INFO]   Epoch 140/200 | loss 0.1421 | acc 95.27%
2025-12-05 01:38:04,575 [INFO]   Epoch 150/200 | loss 0.1310 | acc 95.70%
2025-12-05 01:38:51,125 [INFO]   Epoch 160/200 | loss 0.1526 | acc 94.74%
2025-12-05 01:39:38,067 [INFO]   Epoch 170/200 | loss 0.0083 | acc 99.91%
2025-12-05 01:40:24,729 [INFO]   Epoch 180/200 | loss 0.0047 | acc 99.97%
2025-12-05 01:41:11,693 [INFO]   Epoch 190/200 | loss 0.0037 | acc 99.99%
2025-12-05 01:41:58,802 [INFO]   Epoch 200/200 | loss 0.0031 | acc 100.00%
2025-12-05 01:42:00,729 [INFO]   >> Test: loss 0.4861 | acc 86.86%
2025-12-05 01:42:01,109 [INFO] Cycle 10/10
2025-12-05 01:42:01,109 [INFO] Labeled set size: 10000, Unlabeled set size: 40000
2025-12-05 01:42:06,293 [INFO]   Epoch   1/200 | loss 0.2297 | acc 92.46%
2025-12-05 01:42:56,325 [INFO]   Epoch  10/200 | loss 0.2097 | acc 92.68%
2025-12-05 01:44:50,060 [INFO]   Epoch  20/200 | loss 0.1590 | acc 94.61%
2025-12-05 01:47:01,186 [INFO]   Epoch  30/200 | loss 0.1439 | acc 95.09%
2025-12-05 01:49:18,782 [INFO]   Epoch  40/200 | loss 0.1168 | acc 96.04%
2025-12-05 01:51:35,951 [INFO]   Epoch  50/200 | loss 0.1859 | acc 93.83%
2025-12-05 01:53:52,960 [INFO]   Epoch  60/200 | loss 0.1499 | acc 95.03%
2025-12-05 01:56:09,585 [INFO]   Epoch  70/200 | loss 0.1452 | acc 95.16%
2025-12-05 01:58:26,095 [INFO]   Epoch  80/200 | loss 0.2960 | acc 90.12%
2025-12-05 02:00:42,900 [INFO]   Epoch  90/200 | loss 0.1859 | acc 94.05%
2025-12-05 02:02:56,854 [INFO]   Epoch 100/200 | loss 0.1347 | acc 95.56%
2025-12-05 02:05:11,643 [INFO]   Epoch 110/200 | loss 0.2124 | acc 92.85%
2025-12-05 02:07:28,293 [INFO]   Epoch 120/200 | loss 0.1428 | acc 95.16%
2025-12-05 02:09:44,801 [INFO]   Epoch 130/200 | loss 0.2091 | acc 92.98%
2025-12-05 02:12:01,140 [INFO]   Epoch 140/200 | loss 0.1840 | acc 93.94%
2025-12-05 02:14:17,597 [INFO]   Epoch 150/200 | loss 0.1401 | acc 95.33%
2025-12-05 02:15:45,715 [INFO]   Epoch 160/200 | loss 0.1341 | acc 95.63%
2025-12-05 02:16:50,650 [INFO]   Epoch 170/200 | loss 0.0091 | acc 99.87%
2025-12-05 02:17:41,988 [INFO]   Epoch 180/200 | loss 0.0055 | acc 99.97%
2025-12-05 02:18:33,389 [INFO]   Epoch 190/200 | loss 0.0064 | acc 99.91%
2025-12-05 02:19:25,111 [INFO]   Epoch 200/200 | loss 0.0039 | acc 100.00%
2025-12-05 02:19:27,032 [INFO]   >> Test: loss 0.4871 | acc 87.12%
2025-12-05 02:19:27,914 [INFO] Saved checkpoint to: ./checkpoints/cifar10/resnet18_random.pth
